0,2.11,0,20,0,0,0,0,0|0|0|0|0|0|0|0|0|0|0|0|0|0|0|0|0|0|0|0,0.00|0.00|0.00|0.00|0.00|0.00|0.00|0.00|0.00|0.00|0.00|0.00|0.00|0.00|0.00|0.00|0.00|0.00|0.00|0.00
2,2.11,0,20,0,0,0,0,0|0|0|0|0|0|0|0|0|0|0|0|0|0|0|0|0|0|0|0,0.00|0.00|0.00|0.00|0.00|0.00|0.00|0.00|0.00|0.00|0.00|0.00|0.00|0.00|0.00|0.00|0.00|0.00|0.00|0.00
3,2.11,0,20,0,0,0,0,0|0|0|0|0|0|0|0|0|0|0|0|0|0|0|0|0|0|0|0,0.00|0.00|0.00|0.00|0.00|0.00|0.00|0.00|0.00|0.00|0.00|0.00|0.00|0.00|0.00|0.00|0.00|0.00|0.00|0.00
5,2.11,0,20,0,0,0,0,0|0|0|0|0|0|0|0|0|0|0|0|0|0|0|0|0|0|0|0,0.00|0.00|0.00|0.00|0.00|0.00|0.00|0.00|0.00|0.00|0.00|0.00|0.00|0.00|0.00|0.00|0.00|0.00|0.00|0.00
6,2.11,0,20,0,0,0,0,0|0|0|0|0|0|0|0|0|0|0|0|0|0|0|0|0|0|0|0,0.00|0.00|0.00|0.00|0.00|0.00|0.00|0.00|0.00|0.00|0.00|0.00|0.00|0.00|0.00|0.00|0.00|0.00|0.00|0.00
8,2.11,0,20,0,0,0,0,0|0|0|0|0|0|0|0|0|0|0|0|0|0|0|0|0|0|0|0,0.00|0.00|0.00|0.00|0.00|0.00|0.00|0.00|0.00|0.00|0.00|0.00|0.00|0.00|0.00|0.00|0.00|0.00|0.00|0.00
9,2.11,0,20,0,0,0,0,0|0|0|0|0|0|0|0|0|0|0|0|0|0|0|0|0|0|0|0,0.00|0.00|0.00|0.00|0.00|0.00|0.00|0.00|0.00|0.00|0.00|0.00|0.00|0.00|0.00|0.00|0.00|0.00|0.00|0.00
11,2.11,0,20,0,0,0,0,0|0|0|0|0|0|0|0|0|0|0|0|0|0|0|0|0|0|0|0,0.00|0.00|0.00|0.00|0.00|0.00|0.00|0.00|0.00|0.00|0.00|0.00|0.00|0.00|0.00|0.00|0.00|0.00|0.00|0.00
12,2.11,0,20,0,0,0,0,0|0|0|0|0|0|0|0|0|0|0|0|0|0|0|0|0|0|0|0,0.00|0.00|0.00|0.00|0.00|0.00|0.00|0.00|0.00|0.00|0.00|0.00|0.00|0.00|0.00|0.00|0.00|0.00|0.00|0.00
13,2.11,0,20,0,0,0,0,0|0|0|0|0|0|0|0|0|0|0|0|0|0|0|0|0|0|0|0,0.00|0.00|0.00|0.00|0.00|0.00|0.00|0.00|0.00|0.00|0.00|0.00|0.00|0.00|0.00|0.00|0.00|0.00|0.00|0.00
15,2.11,0,20,0,0,0,0,0|0|0|0|0|0|0|0|0|0|0|0|0|0|0|0|0|0|0|0,0.00|0.00|0.00|0.00|0.00|0.00|0.00|0.00|0.00|0.00|0.00|0.00|0.00|0.00|0.00|0.00|0.00|0.00|0.00|0.00
16,2.11,0,20,0,0,0,0,0|0|0|0|0|0|0|0|0|0|0|0|0|0|0|0|0|0|0|0,0.00|0.00|0.00|0.00|0.00|0.00|0.00|0.00|0.00|0.00|0.00|0.00|0.00|0.00|0.00|0.00|0.00|0.00|0.00|0.00
18,2.62,0,19,1,0,0,0,0|0|0|0|0|0|0|0|0|0|0|0|0|0|0|0|0|0|0|0,0.51|0.00|0.00|0.00|0.00|0.00|0.00|0.00|0.00|0.00|0.00|0.00|0.00|0.00|0.00|0.00|0.00|0.00|0.00|0.00
19,8.80,25,19,0,1,0,0,25|0|0|0|0|0|0|0|0|0|0|0|0|0|0|0|0|0|0|0,6.69|0.00|0.00|0.00|0.00|0.00|0.00|0.00|0.00|0.00|0.00|0.00|0.00|0.00|0.00|0.00|0.00|0.00|0.00|0.00
21,14.25,49,19,0,1,0,0,49|0|0|0|0|0|0|0|0|0|0|0|0|0|0|0|0|0|0|0,12.14|0.00|0.00|0.00|0.00|0.00|0.00|0.00|0.00|0.00|0.00|0.00|0.00|0.00|0.00|0.00|0.00|0.00|0.00|0.00
23,16.42,59,19,0,1,0,0,59|0|0|0|0|0|0|0|0|0|0|0|0|0|0|0|0|0|0|0,14.31|0.00|0.00|0.00|0.00|0.00|0.00|0.00|0.00|0.00|0.00|0.00|0.00|0.00|0.00|0.00|0.00|0.00|0.00|0.00
25,16.42,59,19,0,1,0,0,59|0|0|0|0|0|0|0|0|0|0|0|0|0|0|0|0|0|0|0,14.31|0.00|0.00|0.00|0.00|0.00|0.00|0.00|0.00|0.00|0.00|0.00|0.00|0.00|0.00|0.00|0.00|0.00|0.00|0.00
26,16.63,60,19,0,1,0,0,60|0|0|0|0|0|0|0|0|0|0|0|0|0|0|0|0|0|0|0,14.52|0.00|0.00|0.00|0.00|0.00|0.00|0.00|0.00|0.00|0.00|0.00|0.00|0.00|0.00|0.00|0.00|0.00|0.00|0.00
28,16.63,60,19,0,1,0,0,60|0|0|0|0|0|0|0|0|0|0|0|0|0|0|0|0|0|0|0,14.52|0.00|0.00|0.00|0.00|0.00|0.00|0.00|0.00|0.00|0.00|0.00|0.00|0.00|0.00|0.00|0.00|0.00|0.00|0.00
30,16.63,60,19,0,1,0,0,60|0|0|0|0|0|0|0|0|0|0|0|0|0|0|0|0|0|0|0,14.52|0.00|0.00|0.00|0.00|0.00|0.00|0.00|0.00|0.00|0.00|0.00|0.00|0.00|0.00|0.00|0.00|0.00|0.00|0.00
31,16.63,60,19,0,1,0,0,60|0|0|0|0|0|0|0|0|0|0|0|0|0|0|0|0|0|0|0,14.52|0.00|0.00|0.00|0.00|0.00|0.00|0.00|0.00|0.00|0.00|0.00|0.00|0.00|0.00|0.00|0.00|0.00|0.00|0.00
33,16.63,60,19,0,1,0,0,60|0|0|0|0|0|0|0|0|0|0|0|0|0|0|0|0|0|0|0,14.52|0.00|0.00|0.00|0.00|0.00|0.00|0.00|0.00|0.00|0.00|0.00|0.00|0.00|0.00|0.00|0.00|0.00|0.00|0.00
35,16.63,60,19,0,1,0,0,60|0|0|0|0|0|0|0|0|0|0|0|0|0|0|0|0|0|0|0,14.52|0.00|0.00|0.00|0.00|0.00|0.00|0.00|0.00|0.00|0.00|0.00|0.00|0.00|0.00|0.00|0.00|0.00|0.00|0.00
36,16.63,60,19,0,1,0,0,60|0|0|0|0|0|0|0|0|0|0|0|0|0|0|0|0|0|0|0,14.52|0.00|0.00|0.00|0.00|0.00|0.00|0.00|0.00|0.00|0.00|0.00|0.00|0.00|0.00|0.00|0.00|0.00|0.00|0.00
38,16.63,60,19,0,1,0,0,60|0|0|0|0|0|0|0|0|0|0|0|0|0|0|0|0|0|0|0,14.52|0.00|0.00|0.00|0.00|0.00|0.00|0.00|0.00|0.00|0.00|0.00|0.00|0.00|0.00|0.00|0.00|0.00|0.00|0.00
40,16.63,60,19,0,1,0,0,60|0|0|0|0|0|0|0|0|0|0|0|0|0|0|0|0|0|0|0,14.52|0.00|0.00|0.00|0.00|0.00|0.00|0.00|0.00|0.00|0.00|0.00|0.00|0.00|0.00|0.00|0.00|0.00|0.00|0.00
42,16.63,60,19,0,1,0,0,60|0|0|0|0|0|0|0|0|0|0|0|0|0|0|0|0|0|0|0,14.52|0.00|0.00|0.00|0.00|0.00|0.00|0.00|0.00|0.00|0.00|0.00|0.00|0.00|0.00|0.00|0.00|0.00|0.00|0.00
43,16.63,60,19,0,1,0,0,60|0|0|0|0|0|0|0|0|0|0|0|0|0|0|0|0|0|0|0,14.52|0.00|0.00|0.00|0.00|0.00|0.00|0.00|0.00|0.00|0.00|0.00|0.00|0.00|0.00|0.00|0.00|0.00|0.00|0.00
45,16.63,60,19,0,1,0,0,60|0|0|0|0|0|0|0|0|0|0|0|0|0|0|0|0|0|0|0,14.52|0.00|0.00|0.00|0.00|0.00|0.00|0.00|0.00|0.00|0.00|0.00|0.00|0.00|0.00|0.00|0.00|0.00|0.00|0.00
47,16.63,60,19,0,1,0,0,60|0|0|0|0|0|0|0|0|0|0|0|0|0|0|0|0|0|0|0,14.52|0.00|0.00|0.00|0.00|0.00|0.00|0.00|0.00|0.00|0.00|0.00|0.00|0.00|0.00|0.00|0.00|0.00|0.00|0.00
48,16.63,60,19,0,1,0,0,60|0|0|0|0|0|0|0|0|0|0|0|0|0|0|0|0|0|0|0,14.52|0.00|0.00|0.00|0.00|0.00|0.00|0.00|0.00|0.00|0.00|0.00|0.00|0.00|0.00|0.00|0.00|0.00|0.00|0.00
50,16.63,60,19,0,1,0,0,60|0|0|0|0|0|0|0|0|0|0|0|0|0|0|0|0|0|0|0,14.52|0.00|0.00|0.00|0.00|0.00|0.00|0.00|0.00|0.00|0.00|0.00|0.00|0.00|0.00|0.00|0.00|0.00|0.00|0.00
52,16.63,60,19,0,1,0,0,60|0|0|0|0|0|0|0|0|0|0|0|0|0|0|0|0|0|0|0,14.52|0.00|0.00|0.00|0.00|0.00|0.00|0.00|0.00|0.00|0.00|0.00|0.00|0.00|0.00|0.00|0.00|0.00|0.00|0.00
54,16.63,60,19,0,1,0,0,60|0|0|0|0|0|0|0|0|0|0|0|0|0|0|0|0|0|0|0,14.52|0.00|0.00|0.00|0.00|0.00|0.00|0.00|0.00|0.00|0.00|0.00|0.00|0.00|0.00|0.00|0.00|0.00|0.00|0.00
55,16.63,60,19,0,1,0,0,60|0|0|0|0|0|0|0|0|0|0|0|0|0|0|0|0|0|0|0,14.52|0.00|0.00|0.00|0.00|0.00|0.00|0.00|0.00|0.00|0.00|0.00|0.00|0.00|0.00|0.00|0.00|0.00|0.00|0.00
57,16.63,60,19,0,1,0,0,60|0|0|0|0|0|0|0|0|0|0|0|0|0|0|0|0|0|0|0,14.52|0.00|0.00|0.00|0.00|0.00|0.00|0.00|0.00|0.00|0.00|0.00|0.00|0.00|0.00|0.00|0.00|0.00|0.00|0.00
58,16.63,60,19,0,1,0,0,60|0|0|0|0|0|0|0|0|0|0|0|0|0|0|0|0|0|0|0,14.52|0.00|0.00|0.00|0.00|0.00|0.00|0.00|0.00|0.00|0.00|0.00|0.00|0.00|0.00|0.00|0.00|0.00|0.00|0.00
60,16.63,60,19,0,1,0,0,60|0|0|0|0|0|0|0|0|0|0|0|0|0|0|0|0|0|0|0,14.52|0.00|0.00|0.00|0.00|0.00|0.00|0.00|0.00|0.00|0.00|0.00|0.00|0.00|0.00|0.00|0.00|0.00|0.00|0.00
62,16.63,60,19,0,1,0,0,60|0|0|0|0|0|0|0|0|0|0|0|0|0|0|0|0|0|0|0,14.52|0.00|0.00|0.00|0.00|0.00|0.00|0.00|0.00|0.00|0.00|0.00|0.00|0.00|0.00|0.00|0.00|0.00|0.00|0.00
63,16.63,60,19,0,1,0,0,60|0|0|0|0|0|0|0|0|0|0|0|0|0|0|0|0|0|0|0,14.52|0.00|0.00|0.00|0.00|0.00|0.00|0.00|0.00|0.00|0.00|0.00|0.00|0.00|0.00|0.00|0.00|0.00|0.00|0.00
65,16.63,60,19,0,1,0,0,60|0|0|0|0|0|0|0|0|0|0|0|0|0|0|0|0|0|0|0,14.52|0.00|0.00|0.00|0.00|0.00|0.00|0.00|0.00|0.00|0.00|0.00|0.00|0.00|0.00|0.00|0.00|0.00|0.00|0.00
67,16.63,60,19,0,1,0,0,60|0|0|0|0|0|0|0|0|0|0|0|0|0|0|0|0|0|0|0,14.52|0.00|0.00|0.00|0.00|0.00|0.00|0.00|0.00|0.00|0.00|0.00|0.00|0.00|0.00|0.00|0.00|0.00|0.00|0.00
69,16.63,60,19,0,1,0,0,60|0|0|0|0|0|0|0|0|0|0|0|0|0|0|0|0|0|0|0,14.52|0.00|0.00|0.00|0.00|0.00|0.00|0.00|0.00|0.00|0.00|0.00|0.00|0.00|0.00|0.00|0.00|0.00|0.00|0.00
70,16.63,60,19,0,1,0,0,60|0|0|0|0|0|0|0|0|0|0|0|0|0|0|0|0|0|0|0,14.52|0.00|0.00|0.00|0.00|0.00|0.00|0.00|0.00|0.00|0.00|0.00|0.00|0.00|0.00|0.00|0.00|0.00|0.00|0.00
72,16.63,60,19,0,1,0,0,60|0|0|0|0|0|0|0|0|0|0|0|0|0|0|0|0|0|0|0,14.52|0.00|0.00|0.00|0.00|0.00|0.00|0.00|0.00|0.00|0.00|0.00|0.00|0.00|0.00|0.00|0.00|0.00|0.00|0.00
74,16.63,60,19,0,1,0,0,60|0|0|0|0|0|0|0|0|0|0|0|0|0|0|0|0|0|0|0,14.52|0.00|0.00|0.00|0.00|0.00|0.00|0.00|0.00|0.00|0.00|0.00|0.00|0.00|0.00|0.00|0.00|0.00|0.00|0.00
76,16.63,60,19,0,1,0,0,60|0|0|0|0|0|0|0|0|0|0|0|0|0|0|0|0|0|0|0,14.52|0.00|0.00|0.00|0.00|0.00|0.00|0.00|0.00|0.00|0.00|0.00|0.00|0.00|0.00|0.00|0.00|0.00|0.00|0.00
78,16.63,60,19,0,1,0,0,60|0|0|0|0|0|0|0|0|0|0|0|0|0|0|0|0|0|0|0,14.52|0.00|0.00|0.00|0.00|0.00|0.00|0.00|0.00|0.00|0.00|0.00|0.00|0.00|0.00|0.00|0.00|0.00|0.00|0.00
79,16.63,60,19,0,1,0,0,60|0|0|0|0|0|0|0|0|0|0|0|0|0|0|0|0|0|0|0,14.52|0.00|0.00|0.00|0.00|0.00|0.00|0.00|0.00|0.00|0.00|0.00|0.00|0.00|0.00|0.00|0.00|0.00|0.00|0.00
81,16.63,60,19,0,1,0,0,60|0|0|0|0|0|0|0|0|0|0|0|0|0|0|0|0|0|0|0,14.52|0.00|0.00|0.00|0.00|0.00|0.00|0.00|0.00|0.00|0.00|0.00|0.00|0.00|0.00|0.00|0.00|0.00|0.00|0.00
83,16.63,60,19,0,1,0,0,60|0|0|0|0|0|0|0|0|0|0|0|0|0|0|0|0|0|0|0,14.52|0.00|0.00|0.00|0.00|0.00|0.00|0.00|0.00|0.00|0.00|0.00|0.00|0.00|0.00|0.00|0.00|0.00|0.00|0.00
85,16.63,60,19,0,1,0,0,60|0|0|0|0|0|0|0|0|0|0|0|0|0|0|0|0|0|0|0,14.52|0.00|0.00|0.00|0.00|0.00|0.00|0.00|0.00|0.00|0.00|0.00|0.00|0.00|0.00|0.00|0.00|0.00|0.00|0.00
87,16.63,60,19,0,1,0,0,60|0|0|0|0|0|0|0|0|0|0|0|0|0|0|0|0|0|0|0,14.52|0.00|0.00|0.00|0.00|0.00|0.00|0.00|0.00|0.00|0.00|0.00|0.00|0.00|0.00|0.00|0.00|0.00|0.00|0.00
89,17.65,60,18,1,1,0,0,60|0|0|0|0|0|0|0|0|0|0|0|0|0|0|0|0|0|0|0,14.52|1.02|0.00|0.00|0.00|0.00|0.00|0.00|0.00|0.00|0.00|0.00|0.00|0.00|0.00|0.00|0.00|0.00|0.00|0.00
91,24.60,90,18,0,2,0,0,60|30|0|0|0|0|0|0|0|0|0|0|0|0|0|0|0|0|0|0,14.52|7.96|0.00|0.00|0.00|0.00|0.00|0.00|0.00|0.00|0.00|0.00|0.00|0.00|0.00|0.00|0.00|0.00|0.00|0.00
93,30.30,116,18,0,2,0,0,60|56|0|0|0|0|0|0|0|0|0|0|0|0|0|0|0|0|0|0,14.52|13.67|0.00|0.00|0.00|0.00|0.00|0.00|0.00|0.00|0.00|0.00|0.00|0.00|0.00|0.00|0.00|0.00|0.00|0.00
94,30.94,119,18,0,2,0,0,60|59|0|0|0|0|0|0|0|0|0|0|0|0|0|0|0|0|0|0,14.52|14.31|0.00|0.00|0.00|0.00|0.00|0.00|0.00|0.00|0.00|0.00|0.00|0.00|0.00|0.00|0.00|0.00|0.00|0.00
97,31.15,120,18,0,2,0,0,60|60|0|0|0|0|0|0|0|0|0|0|0|0|0|0|0|0|0|0,14.52|14.52|0.00|0.00|0.00|0.00|0.00|0.00|0.00|0.00|0.00|0.00|0.00|0.00|0.00|0.00|0.00|0.00|0.00|0.00
99,31.15,120,18,0,2,0,0,60|60|0|0|0|0|0|0|0|0|0|0|0|0|0|0|0|0|0|0,14.52|14.52|0.00|0.00|0.00|0.00|0.00|0.00|0.00|0.00|0.00|0.00|0.00|0.00|0.00|0.00|0.00|0.00|0.00|0.00
101,31.15,120,18,0,2,0,0,60|60|0|0|0|0|0|0|0|0|0|0|0|0|0|0|0|0|0|0,14.52|14.52|0.00|0.00|0.00|0.00|0.00|0.00|0.00|0.00|0.00|0.00|0.00|0.00|0.00|0.00|0.00|0.00|0.00|0.00
103,31.15,120,18,0,2,0,0,60|60|0|0|0|0|0|0|0|0|0|0|0|0|0|0|0|0|0|0,14.52|14.52|0.00|0.00|0.00|0.00|0.00|0.00|0.00|0.00|0.00|0.00|0.00|0.00|0.00|0.00|0.00|0.00|0.00|0.00
105,32.56,121,17,0,3,0,0,60|60|1|0|0|0|0|0|0|0|0|0|0|0|0|0|0|0|0|0,14.52|14.52|1.41|0.00|0.00|0.00|0.00|0.00|0.00|0.00|0.00|0.00|0.00|0.00|0.00|0.00|0.00|0.00|0.00|0.00
107,40.74,157,17,0,3,0,0,60|60|37|0|0|0|0|0|0|0|0|0|0|0|0|0|0|0|0|0,14.52|14.52|9.58|0.00|0.00|0.00|0.00|0.00|0.00|0.00|0.00|0.00|0.00|0.00|0.00|0.00|0.00|0.00|0.00|0.00
110,43.97,172,17,0,3,0,0,60|60|52|0|0|0|0|0|0|0|0|0|0|0|0|0|0|0|0|0,14.52|14.52|12.82|0.00|0.00|0.00|0.00|0.00|0.00|0.00|0.00|0.00|0.00|0.00|0.00|0.00|0.00|0.00|0.00|0.00
112,45.04,177,17,0,3,0,0,60|60|57|0|0|0|0|0|0|0|0|0|0|0|0|0|0|0|0|0,14.52|14.52|13.88|0.00|0.00|0.00|0.00|0.00|0.00|0.00|0.00|0.00|0.00|0.00|0.00|0.00|0.00|0.00|0.00|0.00
115,45.68,180,17,0,3,0,0,60|60|60|0|0|0|0|0|0|0|0|0|0|0|0|0|0|0|0|0,14.52|14.52|14.52|0.00|0.00|0.00|0.00|0.00|0.00|0.00|0.00|0.00|0.00|0.00|0.00|0.00|0.00|0.00|0.00|0.00
118,45.68,180,17,0,3,0,0,60|60|60|0|0|0|0|0|0|0|0|0|0|0|0|0|0|0|0|0,14.52|14.52|14.52|0.00|0.00|0.00|0.00|0.00|0.00|0.00|0.00|0.00|0.00|0.00|0.00|0.00|0.00|0.00|0.00|0.00
120,45.68,180,17,0,3,0,0,60|60|60|0|0|0|0|0|0|0|0|0|0|0|0|0|0|0|0|0,14.52|14.52|14.52|0.00|0.00|0.00|0.00|0.00|0.00|0.00|0.00|0.00|0.00|0.00|0.00|0.00|0.00|0.00|0.00|0.00
123,45.68,180,17,0,3,0,0,60|60|60|0|0|0|0|0|0|0|0|0|0|0|0|0|0|0|0|0,14.52|14.52|14.52|0.00|0.00|0.00|0.00|0.00|0.00|0.00|0.00|0.00|0.00|0.00|0.00|0.00|0.00|0.00|0.00|0.00
126,45.85,180,16,1,3,0,0,60|60|60|0|0|0|0|0|0|0|0|0|0|0|0|0|0|0|0|0,14.52|14.52|14.52|0.17|0.00|0.00|0.00|0.00|0.00|0.00|0.00|0.00|0.00|0.00|0.00|0.00|0.00|0.00|0.00|0.00
129,52.70,205,16,0,4,0,0,60|60|60|25|0|0|0|0|0|0|0|0|0|0|0|0|0|0|0|0,14.52|14.52|14.52|7.03|0.00|0.00|0.00|0.00|0.00|0.00|0.00|0.00|0.00|0.00|0.00|0.00|0.00|0.00|0.00|0.00
131,58.92,234,16,0,4,0,0,60|60|60|54|0|0|0|0|0|0|0|0|0|0|0|0|0|0|0|0,14.52|14.52|14.52|13.25|0.00|0.00|0.00|0.00|0.00|0.00|0.00|0.00|0.00|0.00|0.00|0.00|0.00|0.00|0.00|0.00
134,59.99,239,16,0,4,0,0,60|60|60|59|0|0|0|0|0|0|0|0|0|0|0|0|0|0|0|0,14.52|14.52|14.52|14.31|0.00|0.00|0.00|0.00|0.00|0.00|0.00|0.00|0.00|0.00|0.00|0.00|0.00|0.00|0.00|0.00
137,59.99,239,16,0,4,0,0,60|60|60|59|0|0|0|0|0|0|0|0|0|0|0|0|0|0|0|0,14.52|14.52|14.52|14.31|0.00|0.00|0.00|0.00|0.00|0.00|0.00|0.00|0.00|0.00|0.00|0.00|0.00|0.00|0.00|0.00
141,59.99,239,16,0,4,0,0,60|60|60|59|0|0|0|0|0|0|0|0|0|0|0|0|0|0|0|0,14.52|14.52|14.52|14.31|0.00|0.00|0.00|0.00|0.00|0.00|0.00|0.00|0.00|0.00|0.00|0.00|0.00|0.00|0.00|0.00
144,60.20,240,16,0,4,0,0,60|60|60|60|0|0|0|0|0|0|0|0|0|0|0|0|0|0|0|0,14.52|14.52|14.52|14.52|0.00|0.00|0.00|0.00|0.00|0.00|0.00|0.00|0.00|0.00|0.00|0.00|0.00|0.00|0.00|0.00
147,62.29,245,15,0,5,0,0,60|60|60|60|5|0|0|0|0|0|0|0|0|0|0|0|0|0|0|0,14.52|14.52|14.52|14.52|2.09|0.00|0.00|0.00|0.00|0.00|0.00|0.00|0.00|0.00|0.00|0.00|0.00|0.00|0.00|0.00
151,72.21,289,15,0,5,0,0,60|60|60|60|49|0|0|0|0|0|0|0|0|0|0|0|0|0|0|0,14.52|14.52|14.52|14.52|12.01|0.00|0.00|0.00|0.00|0.00|0.00|0.00|0.00|0.00|0.00|0.00|0.00|0.00|0.00|0.00
154,74.08,297,15,0,5,0,0,60|60|60|60|57|0|0|0|0|0|0|0|0|0|0|0|0|0|0|0,14.52|14.52|14.52|14.52|13.88|0.00|0.00|0.00|0.00|0.00|0.00|0.00|0.00|0.00|0.00|0.00|0.00|0.00|0.00|0.00
158,74.72,300,15,0,5,0,0,60|60|60|60|60|0|0|0|0|0|0|0|0|0|0|0|0|0|0|0,14.52|14.52|14.52|14.52|14.52|0.00|0.00|0.00|0.00|0.00|0.00|0.00|0.00|0.00|0.00|0.00|0.00|0.00|0.00|0.00
161,74.72,300,15,0,5,0,0,60|60|60|60|60|0|0|0|0|0|0|0|0|0|0|0|0|0|0|0,14.52|14.52|14.52|14.52|14.52|0.00|0.00|0.00|0.00|0.00|0.00|0.00|0.00|0.00|0.00|0.00|0.00|0.00|0.00|0.00
165,74.72,300,15,0,5,0,0,60|60|60|60|60|0|0|0|0|0|0|0|0|0|0|0|0|0|0|0,14.52|14.52|14.52|14.52|14.52|0.00|0.00|0.00|0.00|0.00|0.00|0.00|0.00|0.00|0.00|0.00|0.00|0.00|0.00|0.00
169,74.72,300,15,0,5,0,0,60|60|60|60|60|0|0|0|0|0|0|0|0|0|0|0|0|0|0|0,14.52|14.52|14.52|14.52|14.52|0.00|0.00|0.00|0.00|0.00|0.00|0.00|0.00|0.00|0.00|0.00|0.00|0.00|0.00|0.00
172,74.72,300,14,1,5,0,0,60|60|60|60|60|0|0|0|0|0|0|0|0|0|0|0|0|0|0|0,14.52|14.52|14.52|14.52|14.52|0.00|0.00|0.00|0.00|0.00|0.00|0.00|0.00|0.00|0.00|0.00|0.00|0.00|0.00|0.00
175,82.05,328,14,0,6,0,0,60|60|60|60|60|28|0|0|0|0|0|0|0|0|0|0|0|0|0|0,14.52|14.52|14.52|14.52|14.52|7.33|0.00|0.00|0.00|0.00|0.00|0.00|0.00|0.00|0.00|0.00|0.00|0.00|0.00|0.00
179,86.05,346,14,0,6,0,0,60|60|60|60|60|46|0|0|0|0|0|0|0|0|0|0|0|0|0|0,14.52|14.52|14.52|14.52|14.52|11.33|0.00|0.00|0.00|0.00|0.00|0.00|0.00|0.00|0.00|0.00|0.00|0.00|0.00|0.00
182,86.52,348,14,0,6,0,0,60|60|60|60|60|48|0|0|0|0|0|0|0|0|0|0|0|0|0|0,14.52|14.52|14.52|14.52|14.52|11.80|0.00|0.00|0.00|0.00|0.00|0.00|0.00|0.00|0.00|0.00|0.00|0.00|0.00|0.00
186,86.69,348,14,0,6,0,0,60|60|60|60|60|48|0|0|0|0|0|0|0|0|0|0|0|0|0|0,14.52|14.52|14.52|14.52|14.52|11.97|0.00|0.00|0.00|0.00|0.00|0.00|0.00|0.00|0.00|0.00|0.00|0.00|0.00|0.00
189,86.69,348,14,0,6,0,0,60|60|60|60|60|48|0|0|0|0|0|0|0|0|0|0|0|0|0|0,14.52|14.52|14.52|14.52|14.52|11.97|0.00|0.00|0.00|0.00|0.00|0.00|0.00|0.00|0.00|0.00|0.00|0.00|0.00|0.00
192,87.71,348,13,1,6,0,0,60|60|60|60|60|48|0|0|0|0|0|0|0|0|0|0|0|0|0|0,14.52|14.52|14.52|14.52|14.52|11.97|1.02|0.00|0.00|0.00|0.00|0.00|0.00|0.00|0.00|0.00|0.00|0.00|0.00|0.00
195,87.93,348,13,1,6,0,0,60|60|60|60|60|48|0|0|0|0|0|0|0|0|0|0|0|0|0|0,14.52|14.52|14.52|14.52|14.52|11.97|1.24|0.00|0.00|0.00|0.00|0.00|0.00|0.00|0.00|0.00|0.00|0.00|0.00|0.00
199,88.10,348,13,1,6,0,0,60|60|60|60|60|48|0|0|0|0|0|0|0|0|0|0|0|0|0|0,14.52|14.52|14.52|14.52|14.52|11.97|1.41|0.00|0.00|0.00|0.00|0.00|0.00|0.00|0.00|0.00|0.00|0.00|0.00|0.00
203,88.10,348,13,1,6,0,0,60|60|60|60|60|48|0|0|0|0|0|0|0|0|0|0|0|0|0|0,14.52|14.52|14.52|14.52|14.52|11.97|1.41|0.00|0.00|0.00|0.00|0.00|0.00|0.00|0.00|0.00|0.00|0.00|0.00|0.00
206,88.10,348,13,1,6,0,0,60|60|60|60|60|48|0|0|0|0|0|0|0|0|0|0|0|0|0|0,14.52|14.52|14.52|14.52|14.52|11.97|1.41|0.00|0.00|0.00|0.00|0.00|0.00|0.00|0.00|0.00|0.00|0.00|0.00|0.00
210,88.10,348,13,1,6,0,0,60|60|60|60|60|48|0|0|0|0|0|0|0|0|0|0|0|0|0|0,14.52|14.52|14.52|14.52|14.52|11.97|1.41|0.00|0.00|0.00|0.00|0.00|0.00|0.00|0.00|0.00|0.00|0.00|0.00|0.00
213,88.10,348,12,2,6,0,0,60|60|60|60|60|48|0|0|0|0|0|0|0|0|0|0|0|0|0|0,14.52|14.52|14.52|14.52|14.52|11.97|1.41|0.00|0.00|0.00|0.00|0.00|0.00|0.00|0.00|0.00|0.00|0.00|0.00|0.00
217,88.14,348,12,2,6,0,0,60|60|60|60|60|48|0|0|0|0|0|0|0|0|0|0|0|0|0|0,14.52|14.52|14.52|14.52|14.52|11.97|1.41|0.04|0.00|0.00|0.00|0.00|0.00|0.00|0.00|0.00|0.00|0.00|0.00|0.00
221,88.14,348,12,2,6,0,0,60|60|60|60|60|48|0|0|0|0|0|0|0|0|0|0|0|0|0|0,14.52|14.52|14.52|14.52|14.52|11.97|1.41|0.04|0.00|0.00|0.00|0.00|0.00|0.00|0.00|0.00|0.00|0.00|0.00|0.00
225,88.14,348,12,2,6,0,0,60|60|60|60|60|48|0|0|0|0|0|0|0|0|0|0|0|0|0|0,14.52|14.52|14.52|14.52|14.52|11.97|1.41|0.04|0.00|0.00|0.00|0.00|0.00|0.00|0.00|0.00|0.00|0.00|0.00|0.00
228,88.14,348,12,2,6,0,0,60|60|60|60|60|48|0|0|0|0|0|0|0|0|0|0|0|0|0|0,14.52|14.52|14.52|14.52|14.52|11.97|1.41|0.04|0.00|0.00|0.00|0.00|0.00|0.00|0.00|0.00|0.00|0.00|0.00|0.00
232,88.14,348,11,3,6,0,0,60|60|60|60|60|48|0|0|0|0|0|0|0|0|0|0|0|0|0|0,14.52|14.52|14.52|14.52|14.52|11.97|1.41|0.04|0.00|0.00|0.00|0.00|0.00|0.00|0.00|0.00|0.00|0.00|0.00|0.00
236,88.18,348,11,3,6,0,0,60|60|60|60|60|48|0|0|0|0|0|0|0|0|0|0|0|0|0|0,14.52|14.52|14.52|14.52|14.52|11.97|1.41|0.04|0.04|0.00|0.00|0.00|0.00|0.00|0.00|0.00|0.00|0.00|0.00|0.00
240,88.18,348,11,3,6,0,0,60|60|60|60|60|48|0|0|0|0|0|0|0|0|0|0|0|0|0|0,14.52|14.52|14.52|14.52|14.52|11.97|1.41|0.04|0.04|0.00|0.00|0.00|0.00|0.00|0.00|0.00|0.00|0.00|0.00|0.00
244,88.18,348,11,3,6,0,0,60|60|60|60|60|48|0|0|0|0|0|0|0|0|0|0|0|0|0|0,14.52|14.52|14.52|14.52|14.52|11.97|1.41|0.04|0.04|0.00|0.00|0.00|0.00|0.00|0.00|0.00|0.00|0.00|0.00|0.00
248,88.18,348,11,3,6,0,0,60|60|60|60|60|48|0|0|0|0|0|0|0|0|0|0|0|0|0|0,14.52|14.52|14.52|14.52|14.52|11.97|1.41|0.04|0.04|0.00|0.00|0.00|0.00|0.00|0.00|0.00|0.00|0.00|0.00|0.00
252,88.18,348,10,4,6,0,0,60|60|60|60|60|48|0|0|0|0|0|0|0|0|0|0|0|0|0|0,14.52|14.52|14.52|14.52|14.52|11.97|1.41|0.04|0.04|0.00|0.00|0.00|0.00|0.00|0.00|0.00|0.00|0.00|0.00|0.00
256,88.22,348,10,4,6,0,0,60|60|60|60|60|48|0|0|0|0|0|0|0|0|0|0|0|0|0|0,14.52|14.52|14.52|14.52|14.52|11.97|1.41|0.04|0.04|0.04|0.00|0.00|0.00|0.00|0.00|0.00|0.00|0.00|0.00|0.00
260,88.22,348,10,4,6,0,0,60|60|60|60|60|48|0|0|0|0|0|0|0|0|0|0|0|0|0|0,14.52|14.52|14.52|14.52|14.52|11.97|1.41|0.04|0.04|0.04|0.00|0.00|0.00|0.00|0.00|0.00|0.00|0.00|0.00|0.00
265,88.22,348,10,4,6,0,0,60|60|60|60|60|48|0|0|0|0|0|0|0|0|0|0|0|0|0|0,14.52|14.52|14.52|14.52|14.52|11.97|1.41|0.04|0.04|0.04|0.00|0.00|0.00|0.00|0.00|0.00|0.00|0.00|0.00|0.00
269,88.22,348,9,5,6,0,0,60|60|60|60|60|48|0|0|0|0|0|0|0|0|0|0|0|0|0|0,14.52|14.52|14.52|14.52|14.52|11.97|1.41|0.04|0.04|0.04|0.00|0.00|0.00|0.00|0.00|0.00|0.00|0.00|0.00|0.00
273,88.27,348,9,5,6,0,0,60|60|60|60|60|48|0|0|0|0|0|0|0|0|0|0|0|0|0|0,14.52|14.52|14.52|14.52|14.52|11.97|1.41|0.04|0.04|0.04|0.04|0.00|0.00|0.00|0.00|0.00|0.00|0.00|0.00|0.00
278,88.27,348,9,5,6,0,0,60|60|60|60|60|48|0|0|0|0|0|0|0|0|0|0|0|0|0|0,14.52|14.52|14.52|14.52|14.52|11.97|1.41|0.04|0.04|0.04|0.04|0.00|0.00|0.00|0.00|0.00|0.00|0.00|0.00|0.00
282,88.27,348,9,5,6,0,0,60|60|60|60|60|48|0|0|0|0|0|0|0|0|0|0|0|0|0|0,14.52|14.52|14.52|14.52|14.52|11.97|1.41|0.04|0.04|0.04|0.04|0.00|0.00|0.00|0.00|0.00|0.00|0.00|0.00|0.00
286,88.27,348,8,6,6,0,0,60|60|60|60|60|48|0|0|0|0|0|0|0|0|0|0|0|0|0|0,14.52|14.52|14.52|14.52|14.52|11.97|1.41|0.04|0.04|0.04|0.04|0.00|0.00|0.00|0.00|0.00|0.00|0.00|0.00|0.00
291,88.31,348,8,6,6,0,0,60|60|60|60|60|48|0|0|0|0|0|0|0|0|0|0|0|0|0|0,14.52|14.52|14.52|14.52|14.52|11.97|1.41|0.04|0.04|0.04|0.04|0.04|0.00|0.00|0.00|0.00|0.00|0.00|0.00|0.00
296,88.31,348,8,6,6,0,0,60|60|60|60|60|48|0|0|0|0|0|0|0|0|0|0|0|0|0|0,14.52|14.52|14.52|14.52|14.52|11.97|1.41|0.04|0.04|0.04|0.04|0.04|0.00|0.00|0.00|0.00|0.00|0.00|0.00|0.00
300,88.31,348,8,6,6,0,0,60|60|60|60|60|48|0|0|0|0|0|0|0|0|0|0|0|0|0|0,14.52|14.52|14.52|14.52|14.52|11.97|1.41|0.04|0.04|0.04|0.04|0.04|0.00|0.00|0.00|0.00|0.00|0.00|0.00|0.00
305,88.31,348,8,6,6,0,0,60|60|60|60|60|48|0|0|0|0|0|0|0|0|0|0|0|0|0|0,14.52|14.52|14.52|14.52|14.52|11.97|1.41|0.04|0.04|0.04|0.04|0.04|0.00|0.00|0.00|0.00|0.00|0.00|0.00|0.00
310,88.31,348,8,6,6,0,0,60|60|60|60|60|48|0|0|0|0|0|0|0|0|0|0|0|0|0|0,14.52|14.52|14.52|14.52|14.52|11.97|1.41|0.04|0.04|0.04|0.04|0.04|0.00|0.00|0.00|0.00|0.00|0.00|0.00|0.00
315,88.31,348,7,7,6,0,0,60|60|60|60|60|48|0|0|0|0|0|0|0|0|0|0|0|0|0|0,14.52|14.52|14.52|14.52|14.52|11.97|1.41|0.04|0.04|0.04|0.04|0.04|0.00|0.00|0.00|0.00|0.00|0.00|0.00|0.00
320,88.31,348,7,7,6,0,0,60|60|60|60|60|48|0|0|0|0|0|0|0|0|0|0|0|0|0|0,14.52|14.52|14.52|14.52|14.52|11.97|1.41|0.04|0.04|0.04|0.04|0.04|0.00|0.00|0.00|0.00|0.00|0.00|0.00|0.00
325,88.35,348,7,7,6,0,0,60|60|60|60|60|48|0|0|0|0|0|0|0|0|0|0|0|0|0|0,14.52|14.52|14.52|14.52|14.52|11.97|1.41|0.04|0.04|0.04|0.04|0.04|0.04|0.00|0.00|0.00|0.00|0.00|0.00|0.00
330,88.35,348,7,7,6,0,0,60|60|60|60|60|48|0|0|0|0|0|0|0|0|0|0|0|0|0|0,14.52|14.52|14.52|14.52|14.52|11.97|1.41|0.04|0.04|0.04|0.04|0.04|0.04|0.00|0.00|0.00|0.00|0.00|0.00|0.00
335,88.35,348,6,8,6,0,0,60|60|60|60|60|48|0|0|0|0|0|0|0|0|0|0|0|0|0|0,14.52|14.52|14.52|14.52|14.52|11.97|1.41|0.04|0.04|0.04|0.04|0.04|0.04|0.00|0.00|0.00|0.00|0.00|0.00|0.00
341,88.39,348,6,8,6,0,0,60|60|60|60|60|48|0|0|0|0|0|0|0|0|0|0|0|0|0|0,14.52|14.52|14.52|14.52|14.52|11.97|1.41|0.04|0.04|0.04|0.04|0.04|0.04|0.04|0.00|0.00|0.00|0.00|0.00|0.00
346,88.39,348,6,8,6,0,0,60|60|60|60|60|48|0|0|0|0|0|0|0|0|0|0|0|0|0|0,14.52|14.52|14.52|14.52|14.52|11.97|1.41|0.04|0.04|0.04|0.04|0.04|0.04|0.04|0.00|0.00|0.00|0.00|0.00|0.00
351,88.39,348,6,8,6,0,0,60|60|60|60|60|48|0|0|0|0|0|0|0|0|0|0|0|0|0|0,14.52|14.52|14.52|14.52|14.52|11.97|1.41|0.04|0.04|0.04|0.04|0.04|0.04|0.04|0.00|0.00|0.00|0.00|0.00|0.00
357,88.39,348,5,9,6,0,0,60|60|60|60|60|48|0|0|0|0|0|0|0|0|0|0|0|0|0|0,14.52|14.52|14.52|14.52|14.52|11.97|1.41|0.04|0.04|0.04|0.04|0.04|0.04|0.04|0.00|0.00|0.00|0.00|0.00|0.00
362,88.44,348,5,9,6,0,0,60|60|60|60|60|48|0|0|0|0|0|0|0|0|0|0|0|0|0|0,14.52|14.52|14.52|14.52|14.52|11.97|1.41|0.04|0.04|0.04|0.04|0.04|0.04|0.04|0.04|0.00|0.00|0.00|0.00|0.00
367,88.44,348,5,9,6,0,0,60|60|60|60|60|48|0|0|0|0|0|0|0|0|0|0|0|0|0|0,14.52|14.52|14.52|14.52|14.52|11.97|1.41|0.04|0.04|0.04|0.04|0.04|0.04|0.04|0.04|0.00|0.00|0.00|0.00|0.00
373,88.48,348,4,10,6,0,0,60|60|60|60|60|48|0|0|0|0|0|0|0|0|0|0|0|0|0|0,14.52|14.52|14.52|14.52|14.52|11.97|1.41|0.04|0.04|0.04|0.04|0.04|0.04|0.04|0.04|0.04|0.00|0.00|0.00|0.00
379,88.48,348,4,10,6,0,0,60|60|60|60|60|48|0|0|0|0|0|0|0|0|0|0|0|0|0|0,14.52|14.52|14.52|14.52|14.52|11.97|1.41|0.04|0.04|0.04|0.04|0.04|0.04|0.04|0.04|0.04|0.00|0.00|0.00|0.00
384,88.48,348,4,10,6,0,0,60|60|60|60|60|48|0|0|0|0|0|0|0|0|0|0|0|0|0|0,14.52|14.52|14.52|14.52|14.52|11.97|1.41|0.04|0.04|0.04|0.04|0.04|0.04|0.04|0.04|0.04|0.00|0.00|0.00|0.00
390,88.48,348,3,11,6,0,0,60|60|60|60|60|48|0|0|0|0|0|0|0|0|0|0|0|0|0|0,14.52|14.52|14.52|14.52|14.52|11.97|1.41|0.04|0.04|0.04|0.04|0.04|0.04|0.04|0.04|0.04|0.00|0.00|0.00|0.00
396,88.52,348,3,11,6,0,0,60|60|60|60|60|48|0|0|0|0|0|0|0|0|0|0|0|0|0|0,14.52|14.52|14.52|14.52|14.52|11.97|1.41|0.04|0.04|0.04|0.04|0.04|0.04|0.04|0.04|0.04|0.04|0.00|0.00|0.00
402,88.52,348,3,11,6,0,0,60|60|60|60|60|48|0|0|0|0|0|0|0|0|0|0|0|0|0|0,14.52|14.52|14.52|14.52|14.52|11.97|1.41|0.04|0.04|0.04|0.04|0.04|0.04|0.04|0.04|0.04|0.04|0.00|0.00|0.00
408,88.52,348,2,12,6,0,0,60|60|60|60|60|48|0|0|0|0|0|0|0|0|0|0|0|0|0|0,14.52|14.52|14.52|14.52|14.52|11.97|1.41|0.04|0.04|0.04|0.04|0.04|0.04|0.04|0.04|0.04|0.04|0.00|0.00|0.00
414,88.52,348,2,12,6,0,0,60|60|60|60|60|48|0|0|0|0|0|0|0|0|0|0|0|0|0|0,14.52|14.52|14.52|14.52|14.52|11.97|1.41|0.04|0.04|0.04|0.04|0.04|0.04|0.04|0.04|0.04|0.04|0.00|0.00|0.00
420,88.57,348,2,12,6,0,0,60|60|60|60|60|48|0|0|0|0|0|0|0|0|0|0|0|0|0|0,14.52|14.52|14.52|14.52|14.52|11.97|1.41|0.04|0.04|0.04|0.04|0.04|0.04|0.04|0.04|0.04|0.04|0.04|0.00|0.00
427,88.57,348,1,13,6,0,0,60|60|60|60|60|48|0|0|0|0|0|0|0|0|0|0|0|0|0|0,14.52|14.52|14.52|14.52|14.52|11.97|1.41|0.04|0.04|0.04|0.04|0.04|0.04|0.04|0.04|0.04|0.04|0.04|0.00|0.00
433,88.61,348,1,13,6,0,0,60|60|60|60|60|48|0|0|0|0|0|0|0|0|0|0|0|0|0|0,14.52|14.52|14.52|14.52|14.52|11.97|1.41|0.04|0.04|0.04|0.04|0.04|0.04|0.04|0.04|0.04|0.04|0.04|0.04|0.00
439,88.61,348,1,13,6,0,0,60|60|60|60|60|48|0|0|0|0|0|0|0|0|0|0|0|0|0|0,14.52|14.52|14.52|14.52|14.52|11.97|1.41|0.04|0.04|0.04|0.04|0.04|0.04|0.04|0.04|0.04|0.04|0.04|0.04|0.00
446,88.61,348,1,13,6,0,0,60|60|60|60|60|48|0|0|0|0|0|0|0|0|0|0|0|0|0|0,14.52|14.52|14.52|14.52|14.52|11.97|1.41|0.04|0.04|0.04|0.04|0.04|0.04|0.04|0.04|0.04|0.04|0.04|0.04|0.00
452,88.61,348,1,13,6,0,0,60|60|60|60|60|48|0|0|0|0|0|0|0|0|0|0|0|0|0|0,14.52|14.52|14.52|14.52|14.52|11.97|1.41|0.04|0.04|0.04|0.04|0.04|0.04|0.04|0.04|0.04|0.04|0.04|0.04|0.00
458,88.61,348,1,13,6,0,0,60|60|60|60|60|48|0|0|0|0|0|0|0|0|0|0|0|0|0|0,14.52|14.52|14.52|14.52|14.52|11.97|1.41|0.04|0.04|0.04|0.04|0.04|0.04|0.04|0.04|0.04|0.04|0.04|0.04|0.00
464,88.61,348,0,14,6,0,0,60|60|60|60|60|48|0|0|0|0|0|0|0|0|0|0|0|0|0|0,14.52|14.52|14.52|14.52|14.52|11.97|1.41|0.04|0.04|0.04|0.04|0.04|0.04|0.04|0.04|0.04|0.04|0.04|0.04|0.00
471,88.65,348,0,14,6,0,0,60|60|60|60|60|48|0|0|0|0|0|0|0|0|0|0|0|0|0|0,14.52|14.52|14.52|14.52|14.52|11.97|1.41|0.04|0.04|0.04|0.04|0.04|0.04|0.04|0.04|0.04|0.04|0.04|0.04|0.04
478,88.65,348,0,14,6,0,0,60|60|60|60|60|48|0|0|0|0|0|0|0|0|0|0|0|0|0|0,14.52|14.52|14.52|14.52|14.52|11.97|1.41|0.04|0.04|0.04|0.04|0.04|0.04|0.04|0.04|0.04|0.04|0.04|0.04|0.04
484,88.65,348,0,14,6,0,0,60|60|60|60|60|48|0|0|0|0|0|0|0|0|0|0|0|0|0|0,14.52|14.52|14.52|14.52|14.52|11.97|1.41|0.04|0.04|0.04|0.04|0.04|0.04|0.04|0.04|0.04|0.04|0.04|0.04|0.04
491,88.65,348,0,14,6,0,0,60|60|60|60|60|48|0|0|0|0|0|0|0|0|0|0|0|0|0|0,14.52|14.52|14.52|14.52|14.52|11.97|1.41|0.04|0.04|0.04|0.04|0.04|0.04|0.04|0.04|0.04|0.04|0.04|0.04|0.04
497,88.65,348,0,14,6,0,0,60|60|60|60|60|48|0|0|0|0|0|0|0|0|0|0|0|0|0|0,14.52|14.52|14.52|14.52|14.52|11.97|1.41|0.04|0.04|0.04|0.04|0.04|0.04|0.04|0.04|0.04|0.04|0.04|0.04|0.04
504,88.65,348,0,14,6,0,0,60|60|60|60|60|48|0|0|0|0|0|0|0|0|0|0|0|0|0|0,14.52|14.52|14.52|14.52|14.52|11.97|1.41|0.04|0.04|0.04|0.04|0.04|0.04|0.04|0.04|0.04|0.04|0.04|0.04|0.04
510,88.65,348,0,14,6,0,0,60|60|60|60|60|48|0|0|0|0|0|0|0|0|0|0|0|0|0|0,14.52|14.52|14.52|14.52|14.52|11.97|1.41|0.04|0.04|0.04|0.04|0.04|0.04|0.04|0.04|0.04|0.04|0.04|0.04|0.04
517,88.65,348,0,14,6,0,0,60|60|60|60|60|48|0|0|0|0|0|0|0|0|0|0|0|0|0|0,14.52|14.52|14.52|14.52|14.52|11.97|1.41|0.04|0.04|0.04|0.04|0.04|0.04|0.04|0.04|0.04|0.04|0.04|0.04|0.04
524,88.65,348,0,14,6,0,0,60|60|60|60|60|48|0|0|0|0|0|0|0|0|0|0|0|0|0|0,14.52|14.52|14.52|14.52|14.52|11.97|1.41|0.04|0.04|0.04|0.04|0.04|0.04|0.04|0.04|0.04|0.04|0.04|0.04|0.04
531,88.65,348,0,14,6,0,0,60|60|60|60|60|48|0|0|0|0|0|0|0|0|0|0|0|0|0|0,14.52|14.52|14.52|14.52|14.52|11.97|1.41|0.04|0.04|0.04|0.04|0.04|0.04|0.04|0.04|0.04|0.04|0.04|0.04|0.04
538,88.65,348,0,14,6,0,0,60|60|60|60|60|48|0|0|0|0|0|0|0|0|0|0|0|0|0|0,14.52|14.52|14.52|14.52|14.52|11.97|1.41|0.04|0.04|0.04|0.04|0.04|0.04|0.04|0.04|0.04|0.04|0.04|0.04|0.04
544,88.65,348,0,14,6,0,0,60|60|60|60|60|48|0|0|0|0|0|0|0|0|0|0|0|0|0|0,14.52|14.52|14.52|14.52|14.52|11.97|1.41|0.04|0.04|0.04|0.04|0.04|0.04|0.04|0.04|0.04|0.04|0.04|0.04|0.04
551,88.65,348,0,14,6,0,0,60|60|60|60|60|48|0|0|0|0|0|0|0|0|0|0|0|0|0|0,14.52|14.52|14.52|14.52|14.52|11.97|1.41|0.04|0.04|0.04|0.04|0.04|0.04|0.04|0.04|0.04|0.04|0.04|0.04|0.04
557,88.65,348,0,14,6,0,0,60|60|60|60|60|48|0|0|0|0|0|0|0|0|0|0|0|0|0|0,14.52|14.52|14.52|14.52|14.52|11.97|1.41|0.04|0.04|0.04|0.04|0.04|0.04|0.04|0.04|0.04|0.04|0.04|0.04|0.04
564,88.65,348,0,14,6,0,0,60|60|60|60|60|48|0|0|0|0|0|0|0|0|0|0|0|0|0|0,14.52|14.52|14.52|14.52|14.52|11.97|1.41|0.04|0.04|0.04|0.04|0.04|0.04|0.04|0.04|0.04|0.04|0.04|0.04|0.04
570,88.65,348,0,14,6,0,0,60|60|60|60|60|48|0|0|0|0|0|0|0|0|0|0|0|0|0|0,14.52|14.52|14.52|14.52|14.52|11.97|1.41|0.04|0.04|0.04|0.04|0.04|0.04|0.04|0.04|0.04|0.04|0.04|0.04|0.04
577,88.65,348,0,14,6,0,0,60|60|60|60|60|48|0|0|0|0|0|0|0|0|0|0|0|0|0|0,14.52|14.52|14.52|14.52|14.52|11.97|1.41|0.04|0.04|0.04|0.04|0.04|0.04|0.04|0.04|0.04|0.04|0.04|0.04|0.04
583,88.65,348,0,14,6,0,0,60|60|60|60|60|48|0|0|0|0|0|0|0|0|0|0|0|0|0|0,14.52|14.52|14.52|14.52|14.52|11.97|1.41|0.04|0.04|0.04|0.04|0.04|0.04|0.04|0.04|0.04|0.04|0.04|0.04|0.04
590,88.65,348,0,14,6,0,0,60|60|60|60|60|48|0|0|0|0|0|0|0|0|0|0|0|0|0|0,14.52|14.52|14.52|14.52|14.52|11.97|1.41|0.04|0.04|0.04|0.04|0.04|0.04|0.04|0.04|0.04|0.04|0.04|0.04|0.04
597,88.65,348,0,14,6,0,0,60|60|60|60|60|48|0|0|0|0|0|0|0|0|0|0|0|0|0|0,14.52|14.52|14.52|14.52|14.52|11.97|1.41|0.04|0.04|0.04|0.04|0.04|0.04|0.04|0.04|0.04|0.04|0.04|0.04|0.04
604,88.65,348,0,14,6,0,0,60|60|60|60|60|48|0|0|0|0|0|0|0|0|0|0|0|0|0|0,14.52|14.52|14.52|14.52|14.52|11.97|1.41|0.04|0.04|0.04|0.04|0.04|0.04|0.04|0.04|0.04|0.04|0.04|0.04|0.04
610,88.65,348,0,14,6,0,0,60|60|60|60|60|48|0|0|0|0|0|0|0|0|0|0|0|0|0|0,14.52|14.52|14.52|14.52|14.52|11.97|1.41|0.04|0.04|0.04|0.04|0.04|0.04|0.04|0.04|0.04|0.04|0.04|0.04|0.04
617,88.65,348,0,14,6,0,0,60|60|60|60|60|48|0|0|0|0|0|0|0|0|0|0|0|0|0|0,14.52|14.52|14.52|14.52|14.52|11.97|1.41|0.04|0.04|0.04|0.04|0.04|0.04|0.04|0.04|0.04|0.04|0.04|0.04|0.04
624,88.65,348,0,14,6,0,0,60|60|60|60|60|48|0|0|0|0|0|0|0|0|0|0|0|0|0|0,14.52|14.52|14.52|14.52|14.52|11.97|1.41|0.04|0.04|0.04|0.04|0.04|0.04|0.04|0.04|0.04|0.04|0.04|0.04|0.04
630,88.65,348,0,14,6,0,0,60|60|60|60|60|48|0|0|0|0|0|0|0|0|0|0|0|0|0|0,14.52|14.52|14.52|14.52|14.52|11.97|1.41|0.04|0.04|0.04|0.04|0.04|0.04|0.04|0.04|0.04|0.04|0.04|0.04|0.04
637,88.65,348,0,14,6,0,0,60|60|60|60|60|48|0|0|0|0|0|0|0|0|0|0|0|0|0|0,14.52|14.52|14.52|14.52|14.52|11.97|1.41|0.04|0.04|0.04|0.04|0.04|0.04|0.04|0.04|0.04|0.04|0.04|0.04|0.04
644,88.65,348,0,14,6,0,0,60|60|60|60|60|48|0|0|0|0|0|0|0|0|0|0|0|0|0|0,14.52|14.52|14.52|14.52|14.52|11.97|1.41|0.04|0.04|0.04|0.04|0.04|0.04|0.04|0.04|0.04|0.04|0.04|0.04|0.04
651,88.65,348,0,14,6,0,0,60|60|60|60|60|48|0|0|0|0|0|0|0|0|0|0|0|0|0|0,14.52|14.52|14.52|14.52|14.52|11.97|1.41|0.04|0.04|0.04|0.04|0.04|0.04|0.04|0.04|0.04|0.04|0.04|0.04|0.04
658,88.65,348,0,14,6,0,0,60|60|60|60|60|48|0|0|0|0|0|0|0|0|0|0|0|0|0|0,14.52|14.52|14.52|14.52|14.52|11.97|1.41|0.04|0.04|0.04|0.04|0.04|0.04|0.04|0.04|0.04|0.04|0.04|0.04|0.04
664,88.65,348,0,14,6,0,0,60|60|60|60|60|48|0|0|0|0|0|0|0|0|0|0|0|0|0|0,14.52|14.52|14.52|14.52|14.52|11.97|1.41|0.04|0.04|0.04|0.04|0.04|0.04|0.04|0.04|0.04|0.04|0.04|0.04|0.04
671,88.65,348,0,14,6,0,0,60|60|60|60|60|48|0|0|0|0|0|0|0|0|0|0|0|0|0|0,14.52|14.52|14.52|14.52|14.52|11.97|1.41|0.04|0.04|0.04|0.04|0.04|0.04|0.04|0.04|0.04|0.04|0.04|0.04|0.04
677,88.65,348,0,14,6,0,0,60|60|60|60|60|48|0|0|0|0|0|0|0|0|0|0|0|0|0|0,14.52|14.52|14.52|14.52|14.52|11.97|1.41|0.04|0.04|0.04|0.04|0.04|0.04|0.04|0.04|0.04|0.04|0.04|0.04|0.04
684,88.65,348,0,14,6,0,0,60|60|60|60|60|48|0|0|0|0|0|0|0|0|0|0|0|0|0|0,14.52|14.52|14.52|14.52|14.52|11.97|1.41|0.04|0.04|0.04|0.04|0.04|0.04|0.04|0.04|0.04|0.04|0.04|0.04|0.04
690,88.65,348,0,14,6,0,0,60|60|60|60|60|48|0|0|0|0|0|0|0|0|0|0|0|0|0|0,14.52|14.52|14.52|14.52|14.52|11.97|1.41|0.04|0.04|0.04|0.04|0.04|0.04|0.04|0.04|0.04|0.04|0.04|0.04|0.04
698,88.65,348,0,14,6,0,0,60|60|60|60|60|48|0|0|0|0|0|0|0|0|0|0|0|0|0|0,14.52|14.52|14.52|14.52|14.52|11.97|1.41|0.04|0.04|0.04|0.04|0.04|0.04|0.04|0.04|0.04|0.04|0.04|0.04|0.04
704,88.65,348,0,14,6,0,0,60|60|60|60|60|48|0|0|0|0|0|0|0|0|0|0|0|0|0|0,14.52|14.52|14.52|14.52|14.52|11.97|1.41|0.04|0.04|0.04|0.04|0.04|0.04|0.04|0.04|0.04|0.04|0.04|0.04|0.04
711,88.65,348,0,14,6,0,0,60|60|60|60|60|48|0|0|0|0|0|0|0|0|0|0|0|0|0|0,14.52|14.52|14.52|14.52|14.52|11.97|1.41|0.04|0.04|0.04|0.04|0.04|0.04|0.04|0.04|0.04|0.04|0.04|0.04|0.04
718,88.65,348,0,14,6,0,0,60|60|60|60|60|48|0|0|0|0|0|0|0|0|0|0|0|0|0|0,14.52|14.52|14.52|14.52|14.52|11.97|1.41|0.04|0.04|0.04|0.04|0.04|0.04|0.04|0.04|0.04|0.04|0.04|0.04|0.04
724,88.65,348,0,14,6,0,0,60|60|60|60|60|48|0|0|0|0|0|0|0|0|0|0|0|0|0|0,14.52|14.52|14.52|14.52|14.52|11.97|1.41|0.04|0.04|0.04|0.04|0.04|0.04|0.04|0.04|0.04|0.04|0.04|0.04|0.04
731,88.65,348,0,14,6,0,0,60|60|60|60|60|48|0|0|0|0|0|0|0|0|0|0|0|0|0|0,14.52|14.52|14.52|14.52|14.52|11.97|1.41|0.04|0.04|0.04|0.04|0.04|0.04|0.04|0.04|0.04|0.04|0.04|0.04|0.04
737,88.65,348,0,14,6,0,0,60|60|60|60|60|48|0|0|0|0|0|0|0|0|0|0|0|0|0|0,14.52|14.52|14.52|14.52|14.52|11.97|1.41|0.04|0.04|0.04|0.04|0.04|0.04|0.04|0.04|0.04|0.04|0.04|0.04|0.04
744,88.65,348,0,14,6,0,0,60|60|60|60|60|48|0|0|0|0|0|0|0|0|0|0|0|0|0|0,14.52|14.52|14.52|14.52|14.52|11.97|1.41|0.04|0.04|0.04|0.04|0.04|0.04|0.04|0.04|0.04|0.04|0.04|0.04|0.04
751,88.65,348,0,14,6,0,0,60|60|60|60|60|48|0|0|0|0|0|0|0|0|0|0|0|0|0|0,14.52|14.52|14.52|14.52|14.52|11.97|1.41|0.04|0.04|0.04|0.04|0.04|0.04|0.04|0.04|0.04|0.04|0.04|0.04|0.04
758,88.65,348,0,14,6,0,0,60|60|60|60|60|48|0|0|0|0|0|0|0|0|0|0|0|0|0|0,14.52|14.52|14.52|14.52|14.52|11.97|1.41|0.04|0.04|0.04|0.04|0.04|0.04|0.04|0.04|0.04|0.04|0.04|0.04|0.04
764,88.65,348,0,14,6,0,0,60|60|60|60|60|48|0|0|0|0|0|0|0|0|0|0|0|0|0|0,14.52|14.52|14.52|14.52|14.52|11.97|1.41|0.04|0.04|0.04|0.04|0.04|0.04|0.04|0.04|0.04|0.04|0.04|0.04|0.04
771,88.65,348,0,14,6,0,0,60|60|60|60|60|48|0|0|0|0|0|0|0|0|0|0|0|0|0|0,14.52|14.52|14.52|14.52|14.52|11.97|1.41|0.04|0.04|0.04|0.04|0.04|0.04|0.04|0.04|0.04|0.04|0.04|0.04|0.04
778,88.65,348,0,12,6,0,0,60|60|60|60|60|48|0|0|0|0|0|0|0|0|0|0|0|0|0|0,14.52|14.52|14.52|14.52|14.52|11.97|1.41|0.04|0.04|0.04|0.04|0.04|0.04|0.04|0.04|0.04|0.04|0.04|0.04|0.04
784,88.65,348,0,5,6,0,0,60|60|60|60|60|48|0|0|0|0|0|0|0|0|0|0|0|0|0|0,14.52|14.52|14.52|14.52|14.52|11.97|1.41|0.04|0.04|0.04|0.04|0.04|0.04|0.04|0.04|0.04|0.04|0.04|0.04|0.04
789,88.65,348,0,0,6,0,0,60|60|60|60|60|48|0|0|0|0|0|0|0|0|0|0|0|0|0|0,14.52|14.52|14.52|14.52|14.52|11.97|1.41|0.04|0.04|0.04|0.04|0.04|0.04|0.04|0.04|0.04|0.04|0.04|0.04|0.04
792,88.65,348,0,0,6,0,0,60|60|60|60|60|48|0|0|0|0|0|0|0|0|0|0|0|0|0|0,14.52|14.52|14.52|14.52|14.52|11.97|1.41|0.04|0.04|0.04|0.04|0.04|0.04|0.04|0.04|0.04|0.04|0.04|0.04|0.04
796,88.65,348,0,0,6,0,0,60|60|60|60|60|48|0|0|0|0|0|0|0|0|0|0|0|0|0|0,14.52|14.52|14.52|14.52|14.52|11.97|1.41|0.04|0.04|0.04|0.04|0.04|0.04|0.04|0.04|0.04|0.04|0.04|0.04|0.04
799,88.65,348,0,0,6,0,0,60|60|60|60|60|48|0|0|0|0|0|0|0|0|0|0|0|0|0|0,14.52|14.52|14.52|14.52|14.52|11.97|1.41|0.04|0.04|0.04|0.04|0.04|0.04|0.04|0.04|0.04|0.04|0.04|0.04|0.04
803,63.91,235,0,0,6,0,0,1|7|59|60|60|48|0|0|0|0|0|0|0|0|0|0|0|0|0|0,1.28|3.24|14.31|14.52|14.52|11.97|1.41|0.04|0.04|0.04|0.04|0.04|0.04|0.04|0.04|0.04|0.04|0.04|0.04|0.04
806,15.91,31,0,0,3,3,0,0|0|0|1|4|26|0|0|0|0|0|0|0|0|0|0|0|0|0|0,0.51|0.51|0.00|1.11|2.43|7.28|1.41|0.04|0.04|0.04|0.04|0.04|0.04|0.04|0.04|0.04|0.04|0.04|0.04|0.04
809,6.50,0,0,0,0,6,0,0|0|0|0|0|0|0|0|0|0|0|0|0|0|0|0|0|0|0|0,0.51|0.51|0.00|0.72|0.68|0.38|1.02|0.04|0.04|0.04|0.04|0.04|0.04|0.04|0.04|0.04|0.04|0.04|0.04|0.04
810,4.71,0,0,0,0,6,0,0|0|0|0|0|0|0|0|0|0|0|0|0|0|0|0|0|0|0|0,0.34|0.17|0.00|0.72|0.51|0.21|0.17|0.00|0.00|0.04|0.04|0.04|0.04|0.04|0.04|0.04|0.04|0.04|0.04|0.04
812,3.60,0,0,0,0,6,0,0|0|0|0|0|0|0|0|0|0|0|0|0|0|0|0|0|0|0|0,0.00|0.00|0.00|0.55|0.17|0.17|0.17|0.00|0.00|0.00|0.04|0.04|0.04|0.04|0.04|0.04|0.04|0.04|0.04|0.04
814,3.05,0,0,0,0,5,0,0|0|0|0|0|0|0|0|0|0|0|0|0|0|0|0|0|0|0|0,0.00|0.00|0.00|0.21|0.17|0.00|0.17|0.00|0.00|0.00|0.00|0.04|0.04|0.04|0.04|0.04|0.04|0.04|0.04|0.04
815,2.70,0,0,0,0,3,0,0|0|0|0|0|0|0|0|0|0|0|0|0|0|0|0|0|0|0|0,0.00|0.00|0.00|0.17|0.17|0.00|0.00|0.00|0.00|0.00|0.00|0.00|0.00|0.00|0.04|0.04|0.04|0.04|0.04|0.04
817,2.32,0,0,0,0,1,0,0|0|0|0|0|0|0|0|0|0|0|0|0|0|0|0|0|0|0|0,0.00|0.00|0.00|0.00|0.00|0.00|0.00|0.00|0.00|0.00|0.00|0.00|0.00|0.00|0.00|0.04|0.04|0.04|0.04|0.04
818,2.24,0,0,0,0,0,0,0|0|0|0|0|0|0|0|0|0|0|0|0|0|0|0|0|0|0|0,0.00|0.00|0.00|0.00|0.00|0.00|0.00|0.00|0.00|0.00|0.00|0.00|0.00|0.00|0.00|0.00|0.00|0.04|0.04|0.04
