3,53.60,0,5,1,0,0,400,0|0|0|0|0|0,0.34|0.00|0.00|0.00|0.00|0.00
6,58.20,15,5,0,1,0,400,15|0|0|0|0|0,4.94|0.00|0.00|0.00|0.00|0.00
10,61.86,25,4,0,2,0,400,17|8|0|0|0|0,5.37|3.24|0.00|0.00|0.00|0.00
14,72.25,73,4,0,2,0,400,58|15|0|0|0|0,14.10|4.90|0.00|0.00|0.00|0.00
18,84.26,121,3,0,3,0,400,60|59|2|0|0|0,14.52|14.31|2.17|0.00|0.00|0.00
22,86.61,124,2,1,3,0,400,60|60|4|0|0|0,14.52|14.52|2.60|1.70|0.00|0.00
26,88.18,124,1,2,3,0,400,60|60|4|0|0|0,14.52|14.52|2.60|1.75|1.53|0.00
30,88.39,124,0,3,3,0,400,60|60|4|0|0|0,14.52|14.52|2.60|1.75|1.75|0.00
35,88.44,124,0,3,3,0,400,60|60|4|0|0|0,14.52|14.52|2.60|1.75|1.75|0.04
39,88.44,124,0,3,3,0,400,60|60|4|0|0|0,14.52|14.52|2.60|1.75|1.75|0.04
44,88.44,124,0,3,3,0,400,60|60|4|0|0|0,14.52|14.52|2.60|1.75|1.75|0.04
48,88.44,124,0,3,3,0,400,60|60|4|0|0|0,14.52|14.52|2.60|1.75|1.75|0.04
52,85.24,109,0,3,3,0,400,53|52|4|0|0|0,13.03|12.82|2.60|1.75|1.75|0.04
56,87.59,120,0,2,4,0,400,52|52|4|12|0|0,12.82|12.82|2.60|4.30|1.75|0.04
60,88.44,124,0,1,5,0,400,52|52|4|12|4|0,12.82|12.82|2.60|4.30|2.60|0.04
64,88.44,124,0,1,5,0,400,52|52|4|12|4|0,12.82|12.82|2.60|4.30|2.60|0.04
69,88.44,124,0,1,5,0,400,52|52|4|12|4|0,12.82|12.82|2.60|4.30|2.60|0.04
74,88.44,124,0,1,5,0,400,52|52|4|12|4|0,12.82|12.82|2.60|4.30|2.60|0.04
78,88.44,124,0,1,5,0,400,52|52|4|12|4|0,12.82|12.82|2.60|4.30|2.60|0.04
82,88.44,124,0,1,5,0,400,52|52|4|12|4|0,12.82|12.82|2.60|4.30|2.60|0.04
86,78.22,76,0,1,5,0,400,52|4|4|12|4|0,12.82|2.60|2.60|4.30|2.60|0.04
90,74.38,58,0,1,5,0,400,36|2|4|12|4|0,9.41|2.17|2.60|4.30|2.60|0.04
94,69.49,35,0,1,5,0,400,2|2|4|12|15|0,2.17|2.17|2.60|4.30|4.94|0.04
97,81.92,86,0,0,6,0,399,2|2|4|12|53|13,2.17|2.17|2.60|4.30|13.03|4.51
102,74.34,99,0,0,6,0,318,2|6|4|12|60|15,2.17|3.02|2.60|4.30|14.52|4.94
106,75.19,109,0,0,6,0,308,9|9|4|12|60|15,3.66|3.66|2.60|4.30|14.52|4.94
110,85.46,162,0,0,6,0,300,23|28|4|12|60|35,6.64|7.71|2.60|4.30|14.52|9.20
114,85.46,162,0,0,6,0,300,23|28|4|12|60|35,6.64|7.71|2.60|4.30|14.52|9.20
118,85.46,162,0,0,6,0,300,23|28|4|12|60|35,6.64|7.71|2.60|4.30|14.52|9.20
122,85.46,162,0,0,6,0,300,23|28|4|12|60|35,6.64|7.71|2.60|4.30|14.52|9.20
126,85.46,162,0,0,6,0,300,23|28|4|12|60|35,6.64|7.71|2.60|4.30|14.52|9.20
130,85.46,162,0,0,6,0,300,23|28|4|12|60|35,6.64|7.71|2.60|4.30|14.52|9.20
134,85.46,162,0,0,6,0,300,23|28|4|12|60|35,6.64|7.71|2.60|4.30|14.52|9.20
139,85.46,162,0,0,6,0,300,23|28|4|12|60|35,6.64|7.71|2.60|4.30|14.52|9.20
143,86.31,166,0,0,6,0,300,21|25|16|12|57|35,6.22|7.07|5.15|4.30|13.88|9.20
147,86.31,166,0,0,6,0,300,21|25|22|13|57|28,6.22|7.07|6.43|4.51|13.88|7.71
151,87.16,170,0,0,6,0,300,21|25|25|14|57|28,6.22|7.07|7.07|4.73|13.88|7.71
155,87.16,170,0,0,6,0,300,21|25|25|14|57|28,6.22|7.07|7.07|4.73|13.88|7.71
159,87.16,170,0,0,6,0,300,21|25|25|14|57|28,6.22|7.07|7.07|4.73|13.88|7.71
163,87.16,170,0,0,6,0,300,21|25|25|14|57|28,6.22|7.07|7.07|4.73|13.88|7.71
167,87.16,170,0,0,6,0,300,21|25|25|14|57|28,6.22|7.07|7.07|4.73|13.88|7.71
170,87.16,170,0,0,6,0,300,21|25|25|14|57|28,6.22|7.07|7.07|4.73|13.88|7.71
174,87.16,170,0,0,6,0,300,21|25|25|14|57|28,6.22|7.07|7.07|4.73|13.88|7.71
178,87.16,170,0,0,6,0,300,21|25|25|14|57|28,6.22|7.07|7.07|4.73|13.88|7.71
182,87.16,170,0,0,6,0,300,21|25|25|14|57|28,6.22|7.07|7.07|4.73|13.88|7.71
186,87.16,170,0,0,6,0,300,21|25|25|14|57|28,6.22|7.07|7.07|4.73|13.88|7.71
190,85.75,170,0,0,6,0,289,21|25|25|14|57|28,6.22|7.07|7.07|4.73|13.88|7.71
193,75.41,170,0,0,6,0,208,21|25|25|14|57|28,6.22|7.07|7.07|4.73|13.88|7.71
196,74.64,170,0,0,6,0,202,21|25|25|14|57|28,6.22|7.07|7.07|4.73|13.88|7.71
200,74.51,170,0,0,6,0,201,21|25|25|14|57|28,6.22|7.07|7.07|4.73|13.88|7.71
203,74.38,170,0,0,6,0,200,21|25|25|14|57|28,6.22|7.07|7.07|4.73|13.88|7.71
208,77.58,185,0,0,6,0,200,21|25|40|14|57|28,6.22|7.07|10.26|4.73|13.88|7.71
211,80.13,197,0,0,6,0,200,21|25|52|14|57|28,6.22|7.07|12.82|4.73|13.88|7.71
215,80.13,197,0,0,6,0,200,21|25|52|14|57|28,6.22|7.07|12.82|4.73|13.88|7.71
218,80.13,197,0,0,6,0,200,21|25|52|14|57|28,6.22|7.07|12.82|4.73|13.88|7.71
222,80.13,197,0,0,6,0,200,21|25|52|14|57|28,6.22|7.07|12.82|4.73|13.88|7.71
225,80.13,197,0,0,6,0,200,21|25|52|14|57|28,6.22|7.07|12.82|4.73|13.88|7.71
229,80.13,197,0,0,6,0,200,21|25|52|14|57|28,6.22|7.07|12.82|4.73|13.88|7.71
232,80.13,197,0,0,6,0,200,21|25|52|14|57|28,6.22|7.07|12.82|4.73|13.88|7.71
236,80.13,197,0,0,6,0,200,21|25|52|14|57|28,6.22|7.07|12.82|4.73|13.88|7.71
239,80.13,197,0,0,6,0,200,21|25|52|14|57|28,6.22|7.07|12.82|4.73|13.88|7.71
243,80.13,197,0,0,6,0,200,21|25|52|14|57|28,6.22|7.07|12.82|4.73|13.88|7.71
246,80.13,197,0,0,6,0,200,21|25|52|14|57|28,6.22|7.07|12.82|4.73|13.88|7.71
249,80.13,197,0,0,6,0,200,21|25|52|14|57|28,6.22|7.07|12.82|4.73|13.88|7.71
253,80.13,197,0,0,6,0,200,21|25|52|14|57|28,6.22|7.07|12.82|4.73|13.88|7.71
256,80.13,197,0,0,6,0,200,21|25|52|14|57|28,6.22|7.07|12.82|4.73|13.88|7.71
260,80.13,197,0,0,6,0,200,21|25|52|14|57|28,6.22|7.07|12.82|4.73|13.88|7.71
264,80.13,197,0,0,6,0,200,21|25|52|14|57|28,6.22|7.07|12.82|4.73|13.88|7.71
268,80.13,197,0,0,6,0,200,21|25|52|14|57|28,6.22|7.07|12.82|4.73|13.88|7.71
271,80.13,197,0,0,6,0,200,21|25|52|14|57|28,6.22|7.07|12.82|4.73|13.88|7.71
275,80.13,197,0,0,6,0,200,21|25|52|14|57|28,6.22|7.07|12.82|4.73|13.88|7.71
278,80.13,197,0,0,6,0,200,21|25|52|14|57|28,6.22|7.07|12.82|4.73|13.88|7.71
282,74.00,197,0,0,6,0,152,21|25|52|14|57|28,6.22|7.07|12.82|4.73|13.88|7.71
285,69.91,203,0,0,6,0,110,22|26|54|15|58|28,6.43|7.28|13.25|4.94|14.10|7.71
288,70.46,208,0,0,6,0,106,22|26|54|15|58|33,6.43|7.28|13.25|4.94|14.10|8.77
292,77.28,243,0,0,6,0,101,51|29|54|15|58|36,12.61|7.92|13.25|4.94|14.10|9.41
295,81.62,264,0,0,6,0,100,60|40|54|16|58|36,14.52|10.26|13.25|5.15|14.10|9.41
299,81.62,264,0,0,6,0,100,60|40|54|16|58|36,14.52|10.26|13.25|5.15|14.10|9.41
304,81.62,264,0,0,6,0,100,60|40|54|16|58|36,14.52|10.26|13.25|5.15|14.10|9.41
307,81.62,264,0,0,6,0,100,60|40|54|16|58|36,14.52|10.26|13.25|5.15|14.10|9.41
312,81.62,264,0,0,6,0,100,60|40|54|16|58|36,14.52|10.26|13.25|5.15|14.10|9.41
315,81.62,264,0,0,6,0,100,60|40|54|16|58|36,14.52|10.26|13.25|5.15|14.10|9.41
319,81.62,264,0,0,6,0,100,60|40|54|16|58|36,14.52|10.26|13.25|5.15|14.10|9.41
323,81.62,264,0,0,6,0,100,60|40|54|16|58|36,14.52|10.26|13.25|5.15|14.10|9.41
327,81.62,264,0,0,6,0,100,60|40|54|16|58|36,14.52|10.26|13.25|5.15|14.10|9.41
330,80.98,261,0,0,6,0,100,57|40|54|16|58|36,13.88|10.26|13.25|5.15|14.10|9.41
334,80.35,258,0,0,6,0,100,54|40|54|16|58|36,13.25|10.26|13.25|5.15|14.10|9.41
337,80.56,259,0,0,6,0,100,55|40|54|16|58|36,13.46|10.26|13.25|5.15|14.10|9.41
341,80.56,259,0,0,6,0,100,55|40|54|16|58|36,13.46|10.26|13.25|5.15|14.10|9.41
345,80.56,259,0,0,6,0,100,55|40|54|16|58|36,13.46|10.26|13.25|5.15|14.10|9.41
349,80.56,259,0,0,6,0,100,55|40|54|16|58|36,13.46|10.26|13.25|5.15|14.10|9.41
353,80.56,259,0,0,6,0,100,55|40|54|16|58|36,13.46|10.26|13.25|5.15|14.10|9.41
357,81.62,264,0,0,6,0,100,55|45|54|16|58|36,13.46|11.33|13.25|5.15|14.10|9.41
360,81.62,264,0,0,6,0,100,55|45|54|16|58|36,13.46|11.33|13.25|5.15|14.10|9.41
364,81.62,264,0,0,6,0,100,55|45|54|16|58|36,13.46|11.33|13.25|5.15|14.10|9.41
368,81.62,264,0,0,6,0,100,55|45|54|16|58|36,13.46|11.33|13.25|5.15|14.10|9.41
371,84.05,264,0,0,6,0,119,55|45|54|16|58|36,13.46|11.33|13.25|5.15|14.10|9.41
376,90.31,264,0,0,6,0,168,55|45|54|16|58|36,13.46|11.33|13.25|5.15|14.10|9.41
380,90.31,264,0,0,6,0,168,55|45|54|16|58|36,13.46|11.33|13.25|5.15|14.10|9.41
384,90.31,264,0,0,6,0,168,55|45|54|16|58|36,13.46|11.33|13.25|5.15|14.10|9.41
388,90.31,264,0,0,6,0,168,55|45|54|16|58|36,13.46|11.33|13.25|5.15|14.10|9.41
392,90.31,264,0,0,6,0,168,55|45|54|16|58|36,13.46|11.33|13.25|5.15|14.10|9.41
396,90.31,264,0,0,6,0,168,55|45|54|16|58|36,13.46|11.33|13.25|5.15|14.10|9.41
401,90.31,264,0,0,6,0,168,55|45|54|16|58|36,13.46|11.33|13.25|5.15|14.10|9.41
405,90.31,264,0,0,6,0,168,55|45|54|16|58|36,13.46|11.33|13.25|5.15|14.10|9.41
409,79.03,211,0,0,6,0,168,2|45|54|16|58|36,2.17|11.33|13.25|5.15|14.10|9.41
412,79.03,211,0,0,6,0,168,2|45|54|16|58|36,2.17|11.33|13.25|5.15|14.10|9.41
417,80.94,220,0,0,6,0,168,2|54|54|16|58|36,2.17|13.25|13.25|5.15|14.10|9.41
421,90.31,264,0,0,6,0,168,2|60|54|52|60|36,2.17|14.52|13.25|12.82|14.52|9.41
425,90.31,264,0,0,6,0,168,2|60|54|52|60|36,2.17|14.52|13.25|12.82|14.52|9.41
430,90.31,264,0,0,6,0,168,2|60|54|52|60|36,2.17|14.52|13.25|12.82|14.52|9.41
433,90.31,264,0,0,6,0,168,2|60|54|52|60|36,2.17|14.52|13.25|12.82|14.52|9.41
437,90.31,264,0,0,6,0,168,2|60|54|52|60|36,2.17|14.52|13.25|12.82|14.52|9.41
441,90.31,264,0,0,6,0,168,2|60|54|52|60|36,2.17|14.52|13.25|12.82|14.52|9.41
445,90.31,264,0,0,6,0,168,2|60|54|52|60|36,2.17|14.52|13.25|12.82|14.52|9.41
449,90.31,264,0,0,6,0,168,2|60|54|52|60|36,2.17|14.52|13.25|12.82|14.52|9.41
452,88.39,255,0,0,6,0,168,2|55|54|52|56|36,2.17|13.46|13.25|12.82|13.67|9.41
456,89.67,261,0,0,6,0,168,2|55|60|52|56|36,2.17|13.46|14.52|12.82|13.67|9.41
460,89.89,262,0,0,6,0,168,2|56|60|52|56|36,2.17|13.67|14.52|12.82|13.67|9.41
464,90.31,264,0,0,6,0,168,3|56|60|52|57|36,2.39|13.67|14.52|12.82|13.88|9.41
468,90.31,264,0,0,6,0,168,3|56|60|52|57|36,2.39|13.67|14.52|12.82|13.88|9.41
472,90.31,264,0,0,6,0,168,3|56|60|52|57|36,2.39|13.67|14.52|12.82|13.88|9.41
476,90.31,264,0,0,6,0,168,3|56|60|52|57|36,2.39|13.67|14.52|12.82|13.88|9.41
481,90.31,264,0,0,6,0,168,3|56|60|52|57|36,2.39|13.67|14.52|12.82|13.88|9.41
486,90.31,264,0,0,6,0,168,3|56|60|52|57|36,2.39|13.67|14.52|12.82|13.88|9.41
490,90.10,263,0,0,6,0,168,3|56|59|52|57|36,2.39|13.67|14.31|12.82|13.88|9.41
494,90.10,263,0,0,6,0,168,3|56|59|52|57|36,2.39|13.67|14.31|12.82|13.88|9.41
499,82.05,212,0,0,6,0,190,2|31|59|52|32|36,2.17|8.35|14.31|12.82|8.56|9.41
503,90.86,212,0,0,6,0,259,2|31|59|52|32|36,2.17|8.35|14.31|12.82|8.56|9.41
507,90.86,212,0,0,6,0,259,2|31|59|52|32|36,2.17|8.35|14.31|12.82|8.56|9.41
510,90.86,212,0,0,6,0,259,2|31|59|52|32|36,2.17|8.35|14.31|12.82|8.56|9.41
514,90.86,212,0,0,6,0,259,2|31|59|52|32|36,2.17|8.35|14.31|12.82|8.56|9.41
518,90.86,212,0,0,6,0,259,2|31|59|52|32|36,2.17|8.35|14.31|12.82|8.56|9.41
523,88.52,201,0,0,6,0,259,2|31|48|52|32|36,2.17|8.35|11.97|12.82|8.56|9.41
527,78.73,155,0,0,6,0,259,2|31|2|52|32|36,2.17|8.35|2.17|12.82|8.56|9.41
531,83.07,155,0,0,6,0,293,2|31|2|52|32|36,2.17|8.35|2.17|12.82|8.56|9.41
535,84.18,156,0,0,6,0,300,3|31|2|52|32|36,2.39|8.35|2.17|12.82|8.56|9.41
539,88.44,176,0,0,6,0,300,23|31|2|52|32|36,6.64|8.35|2.17|12.82|8.56|9.41
543,88.44,176,0,0,6,0,300,23|31|2|52|32|36,6.64|8.35|2.17|12.82|8.56|9.41
547,87.16,170,0,0,6,0,300,23|27|2|52|30|36,6.64|7.50|2.17|12.82|8.13|9.41
551,88.44,176,0,0,6,0,300,25|26|2|58|26|39,7.07|7.28|2.17|14.10|7.28|10.05
555,90.35,176,0,0,6,0,315,25|26|2|58|26|39,7.07|7.28|2.17|14.10|7.28|10.05
559,90.48,176,0,0,6,0,316,25|26|2|58|26|39,7.07|7.28|2.17|14.10|7.28|10.05
563,90.48,176,0,0,6,0,316,25|26|2|58|26|39,7.07|7.28|2.17|14.10|7.28|10.05
567,90.48,176,0,0,6,0,316,25|26|2|58|26|39,7.07|7.28|2.17|14.10|7.28|10.05
571,90.48,176,0,0,6,0,316,25|26|2|58|26|39,7.07|7.28|2.17|14.10|7.28|10.05
576,90.48,176,0,0,6,0,316,25|26|2|58|26|39,7.07|7.28|2.17|14.10|7.28|10.05
580,90.48,176,0,0,6,0,316,25|26|2|58|26|39,7.07|7.28|2.17|14.10|7.28|10.05
584,89.63,172,0,0,6,0,316,25|26|2|58|22|39,7.07|7.28|2.17|14.10|6.43|10.05
588,88.99,148,0,0,6,0,351,25|2|2|58|22|39,7.07|2.17|2.17|14.10|6.43|10.05
592,88.99,148,0,0,6,0,351,25|2|2|58|22|39,7.07|2.17|2.17|14.10|6.43|10.05
596,88.99,148,0,0,6,0,351,25|2|2|58|22|39,7.07|2.17|2.17|14.10|6.43|10.05
600,88.99,148,0,0,6,0,351,25|2|2|58|22|39,7.07|2.17|2.17|14.10|6.43|10.05
604,88.99,148,0,0,6,0,351,25|2|2|58|22|39,7.07|2.17|2.17|14.10|6.43|10.05
608,88.99,148,0,0,6,0,351,25|2|2|58|22|39,7.07|2.17|2.17|14.10|6.43|10.05
612,88.99,148,0,0,6,0,351,25|2|2|58|22|39,7.07|2.17|2.17|14.10|6.43|10.05
616,88.99,148,0,0,6,0,351,25|2|2|58|22|39,7.07|2.17|2.17|14.10|6.43|10.05
620,88.99,148,0,0,6,0,351,25|2|2|58|22|39,7.07|2.17|2.17|14.10|6.43|10.05
624,84.95,129,0,0,6,0,351,25|2|2|58|3|39,7.07|2.17|2.17|14.10|2.39|10.05
627,84.73,128,0,0,6,0,351,25|2|2|58|2|39,7.07|2.17|2.17|14.10|2.17|10.05
631,84.73,128,0,0,6,0,351,25|2|2|58|2|39,7.07|2.17|2.17|14.10|2.17|10.05
635,84.73,128,0,0,6,0,351,25|2|2|58|2|39,7.07|2.17|2.17|14.10|2.17|10.05
639,84.73,128,0,0,6,0,351,25|2|2|58|2|39,7.07|2.17|2.17|14.10|2.17|10.05
642,84.73,128,0,0,6,0,351,25|2|2|58|2|39,7.07|2.17|2.17|14.10|2.17|10.05
646,84.73,128,0,0,6,0,351,25|2|2|58|2|39,7.07|2.17|2.17|14.10|2.17|10.05
650,84.73,128,0,0,6,0,351,25|2|2|58|2|39,7.07|2.17|2.17|14.10|2.17|10.05
654,84.73,128,0,0,6,0,351,25|2|2|58|2|39,7.07|2.17|2.17|14.10|2.17|10.05
658,85.37,131,0,0,6,0,351,28|2|2|58|2|39,7.71|2.17|2.17|14.10|2.17|10.05
662,88.78,147,0,0,6,0,351,43|2|3|58|2|39,10.90|2.17|2.39|14.10|2.17|10.05
666,88.99,148,0,0,6,0,351,43|2|4|58|2|39,10.90|2.17|2.60|14.10|2.17|10.05
670,88.99,148,0,0,6,0,351,43|2|4|58|2|39,10.90|2.17|2.60|14.10|2.17|10.05
673,88.99,148,0,0,6,0,351,43|2|4|58|2|39,10.90|2.17|2.60|14.10|2.17|10.05
677,88.99,148,0,0,6,0,351,43|2|4|58|2|39,10.90|2.17|2.60|14.10|2.17|10.05
681,88.99,148,0,0,6,0,351,43|2|4|58|2|39,10.90|2.17|2.60|14.10|2.17|10.05
685,88.99,148,0,0,6,0,351,43|2|4|58|2|39,10.90|2.17|2.60|14.10|2.17|10.05
688,88.99,148,0,0,6,0,351,43|2|4|58|2|39,10.90|2.17|2.60|14.10|2.17|10.05
692,88.99,148,0,0,6,0,351,43|2|4|58|2|39,10.90|2.17|2.60|14.10|2.17|10.05
696,80.22,129,0,0,6,0,314,24|2|4|58|2|39,6.86|2.17|2.60|14.10|2.17|10.05
699,75.49,129,0,0,6,0,277,24|2|4|58|2|39,6.86|2.17|2.60|14.10|2.17|10.05
702,67.31,129,0,0,6,0,213,24|2|4|58|2|39,6.86|2.17|2.60|14.10|2.17|10.05
705,59.52,129,0,0,6,0,152,24|2|4|58|2|39,6.86|2.17|2.60|14.10|2.17|10.05
707,46.78,106,0,0,6,0,92,1|2|4|58|2|39,1.79|2.17|2.60|14.10|2.17|10.05
710,39.29,103,0,0,4,2,51,0|0|4|58|2|39,0.17|1.53|2.60|14.10|2.17|10.05
712,32.90,99,0,0,3,3,21,0|0|0|58|2|39,0.00|0.17|1.58|14.10|2.17|10.05
714,30.35,99,0,0,3,2,12,0|0|0|58|2|39,0.00|0.17|0.17|14.10|2.17|10.05
715,18.68,48,0,0,3,0,7,0|0|0|7|2|39,0.00|0.17|0.00|3.24|2.17|10.05
717,15.27,41,0,0,2,1,3,0|0|0|0|2|39,0.00|0.17|0.00|0.34|2.17|10.05
719,13.22,39,0,0,1,2,1,0|0|0|0|0|39,0.00|0.00|0.00|0.00|0.89|10.05
720,10.84,32,0,0,1,1,1,0|0|0|0|0|32,0.00|0.00|0.00|0.00|0.00|8.56
722,3.68,0,0,0,0,2,1,0|0|0|0|0|0,0.00|0.00|0.00|0.00|0.00|1.41
723,2.62,0,0,0,0,2,1,0|0|0|0|0|0,0.00|0.00|0.00|0.00|0.00|0.34
724,2.62,0,0,0,0,2,1,0|0|0|0|0|0,0.00|0.00|0.00|0.00|0.00|0.34
725,2.62,0,0,0,0,0,1,0|0|0|0|0|0,0.00|0.00|0.00|0.00|0.00|0.34
