0,2.15,0,20,0,0,0,0,0|0|0|0|0|0|0|0|0|0|0|0|0|0|0|0|0|0|0|0,0.00|0.00|0.00|0.00|0.00|0.00|0.00|0.00|0.00|0.00|0.00|0.00|0.00|0.00|0.00|0.00|0.00|0.00|0.00|0.00
3,3.34,0,19,1,0,0,0,0|0|0|0|0|0|0|0|0|0|0|0|0|0|0|0|0|0|0|0,1.19|0.00|0.00|0.00|0.00|0.00|0.00|0.00|0.00|0.00|0.00|0.00|0.00|0.00|0.00|0.00|0.00|0.00|0.00|0.00
6,15.40,54,19,0,1,0,0,54|0|0|0|0|0|0|0|0|0|0|0|0|0|0|0|0|0|0|0,13.25|0.00|0.00|0.00|0.00|0.00|0.00|0.00|0.00|0.00|0.00|0.00|0.00|0.00|0.00|0.00|0.00|0.00|0.00|0.00
9,16.67,60,19,0,1,0,0,60|0|0|0|0|0|0|0|0|0|0|0|0|0|0|0|0|0|0|0,14.52|0.00|0.00|0.00|0.00|0.00|0.00|0.00|0.00|0.00|0.00|0.00|0.00|0.00|0.00|0.00|0.00|0.00|0.00|0.00
12,16.67,60,19,0,1,0,0,60|0|0|0|0|0|0|0|0|0|0|0|0|0|0|0|0|0|0|0,14.52|0.00|0.00|0.00|0.00|0.00|0.00|0.00|0.00|0.00|0.00|0.00|0.00|0.00|0.00|0.00|0.00|0.00|0.00|0.00
15,17.36,60,18,1,1,0,0,60|0|0|0|0|0|0|0|0|0|0|0|0|0|0|0|0|0|0|0,14.52|0.68|0.00|0.00|0.00|0.00|0.00|0.00|0.00|0.00|0.00|0.00|0.00|0.00|0.00|0.00|0.00|0.00|0.00|0.00
19,30.09,115,18,0,2,0,0,60|55|0|0|0|0|0|0|0|0|0|0|0|0|0|0|0|0|0|0,14.52|13.42|0.00|0.00|0.00|0.00|0.00|0.00|0.00|0.00|0.00|0.00|0.00|0.00|0.00|0.00|0.00|0.00|0.00|0.00
22,31.20,120,18,0,2,0,0,60|60|0|0|0|0|0|0|0|0|0|0|0|0|0|0|0|0|0|0,14.52|14.52|0.00|0.00|0.00|0.00|0.00|0.00|0.00|0.00|0.00|0.00|0.00|0.00|0.00|0.00|0.00|0.00|0.00|0.00
26,31.20,120,17,1,2,0,0,60|60|0|0|0|0|0|0|0|0|0|0|0|0|0|0|0|0|0|0,14.52|14.52|0.00|0.00|0.00|0.00|0.00|0.00|0.00|0.00|0.00|0.00|0.00|0.00|0.00|0.00|0.00|0.00|0.00|0.00
30,42.95,167,17,0,3,0,0,60|60|47|0|0|0|0|0|0|0|0|0|0|0|0|0|0|0|0|0,14.52|14.52|11.75|0.00|0.00|0.00|0.00|0.00|0.00|0.00|0.00|0.00|0.00|0.00|0.00|0.00|0.00|0.00|0.00|0.00
36,45.72,180,17,0,3,0,0,60|60|60|0|0|0|0|0|0|0|0|0|0|0|0|0|0|0|0|0,14.52|14.52|14.52|0.00|0.00|0.00|0.00|0.00|0.00|0.00|0.00|0.00|0.00|0.00|0.00|0.00|0.00|0.00|0.00|0.00
42,55.09,216,16,0,4,0,0,60|60|60|36|0|0|0|0|0|0|0|0|0|0|0|0|0|0|0|0,14.52|14.52|14.52|9.37|0.00|0.00|0.00|0.00|0.00|0.00|0.00|0.00|0.00|0.00|0.00|0.00|0.00|0.00|0.00|0.00
47,60.24,240,16,0,4,0,0,60|60|60|60|0|0|0|0|0|0|0|0|0|0|0|0|0|0|0|0,14.52|14.52|14.52|14.52|0.00|0.00|0.00|0.00|0.00|0.00|0.00|0.00|0.00|0.00|0.00|0.00|0.00|0.00|0.00|0.00
52,60.24,240,15,1,4,0,0,60|60|60|60|0|0|0|0|0|0|0|0|0|0|0|0|0|0|0|0,14.52|14.52|14.52|14.52|0.00|0.00|0.00|0.00|0.00|0.00|0.00|0.00|0.00|0.00|0.00|0.00|0.00|0.00|0.00|0.00
57,74.77,300,15,0,5,0,0,60|60|60|60|60|0|0|0|0|0|0|0|0|0|0|0|0|0|0|0,14.52|14.52|14.52|14.52|14.52|0.00|0.00|0.00|0.00|0.00|0.00|0.00|0.00|0.00|0.00|0.00|0.00|0.00|0.00|0.00
63,74.77,300,15,0,5,0,0,60|60|60|60|60|0|0|0|0|0|0|0|0|0|0|0|0|0|0|0,14.52|14.52|14.52|14.52|14.52|0.00|0.00|0.00|0.00|0.00|0.00|0.00|0.00|0.00|0.00|0.00|0.00|0.00|0.00|0.00
68,83.75,334,14,0,6,0,0,60|60|60|60|60|34|0|0|0|0|0|0|0|0|0|0|0|0|0|0,14.52|14.52|14.52|14.52|14.52|8.99|0.00|0.00|0.00|0.00|0.00|0.00|0.00|0.00|0.00|0.00|0.00|0.00|0.00|0.00
74,86.09,345,14,0,6,0,0,60|60|60|60|60|45|0|0|0|0|0|0|0|0|0|0|0|0|0|0,14.52|14.52|14.52|14.52|14.52|11.33|0.00|0.00|0.00|0.00|0.00|0.00|0.00|0.00|0.00|0.00|0.00|0.00|0.00|0.00
80,87.80,345,13,1,6,0,0,60|60|60|60|60|45|0|0|0|0|0|0|0|0|0|0|0|0|0|0,14.52|14.52|14.52|14.52|14.52|11.33|1.70|0.00|0.00|0.00|0.00|0.00|0.00|0.00|0.00|0.00|0.00|0.00|0.00|0.00
88,87.84,345,13,1,6,0,0,60|60|60|60|60|45|0|0|0|0|0|0|0|0|0|0|0|0|0|0,14.52|14.52|14.52|14.52|14.52|11.33|1.75|0.00|0.00|0.00|0.00|0.00|0.00|0.00|0.00|0.00|0.00|0.00|0.00|0.00
94,87.84,345,13,1,6,0,0,60|60|60|60|60|45|0|0|0|0|0|0|0|0|0|0|0|0|0|0,14.52|14.52|14.52|14.52|14.52|11.33|1.75|0.00|0.00|0.00|0.00|0.00|0.00|0.00|0.00|0.00|0.00|0.00|0.00|0.00
100,87.88,345,12,2,6,0,0,60|60|60|60|60|45|0|0|0|0|0|0|0|0|0|0|0|0|0|0,14.52|14.52|14.52|14.52|14.52|11.33|1.75|0.04|0.00|0.00|0.00|0.00|0.00|0.00|0.00|0.00|0.00|0.00|0.00|0.00
107,87.88,345,12,2,6,0,0,60|60|60|60|60|45|0|0|0|0|0|0|0|0|0|0|0|0|0|0,14.52|14.52|14.52|14.52|14.52|11.33|1.75|0.04|0.00|0.00|0.00|0.00|0.00|0.00|0.00|0.00|0.00|0.00|0.00|0.00
115,87.93,345,11,3,6,0,0,60|60|60|60|60|45|0|0|0|0|0|0|0|0|0|0|0|0|0|0,14.52|14.52|14.52|14.52|14.52|11.33|1.75|0.04|0.04|0.00|0.00|0.00|0.00|0.00|0.00|0.00|0.00|0.00|0.00|0.00
124,87.93,345,11,3,6,0,0,60|60|60|60|60|45|0|0|0|0|0|0|0|0|0|0|0|0|0|0,14.52|14.52|14.52|14.52|14.52|11.33|1.75|0.04|0.04|0.00|0.00|0.00|0.00|0.00|0.00|0.00|0.00|0.00|0.00|0.00
131,87.97,345,10,4,6,0,0,60|60|60|60|60|45|0|0|0|0|0|0|0|0|0|0|0|0|0|0,14.52|14.52|14.52|14.52|14.52|11.33|1.75|0.04|0.04|0.04|0.00|0.00|0.00|0.00|0.00|0.00|0.00|0.00|0.00|0.00
138,87.97,345,10,4,6,0,0,60|60|60|60|60|45|0|0|0|0|0|0|0|0|0|0|0|0|0|0,14.52|14.52|14.52|14.52|14.52|11.33|1.75|0.04|0.04|0.04|0.00|0.00|0.00|0.00|0.00|0.00|0.00|0.00|0.00|0.00
145,88.01,345,9,5,6,0,0,60|60|60|60|60|45|0|0|0|0|0|0|0|0|0|0|0|0|0|0,14.52|14.52|14.52|14.52|14.52|11.33|1.75|0.04|0.04|0.04|0.04|0.00|0.00|0.00|0.00|0.00|0.00|0.00|0.00|0.00
153,88.01,345,8,6,6,0,0,60|60|60|60|60|45|0|0|0|0|0|0|0|0|0|0|0|0|0|0,14.52|14.52|14.52|14.52|14.52|11.33|1.75|0.04|0.04|0.04|0.04|0.00|0.00|0.00|0.00|0.00|0.00|0.00|0.00|0.00
161,88.05,345,8,6,6,0,0,60|60|60|60|60|45|0|0|0|0|0|0|0|0|0|0|0|0|0|0,14.52|14.52|14.52|14.52|14.52|11.33|1.75|0.04|0.04|0.04|0.04|0.04|0.00|0.00|0.00|0.00|0.00|0.00|0.00|0.00
170,88.05,345,7,7,6,0,0,60|60|60|60|60|45|0|0|0|0|0|0|0|0|0|0|0|0|0|0,14.52|14.52|14.52|14.52|14.52|11.33|1.75|0.04|0.04|0.04|0.04|0.04|0.00|0.00|0.00|0.00|0.00|0.00|0.00|0.00
178,88.10,345,7,7,6,0,0,60|60|60|60|60|45|0|0|0|0|0|0|0|0|0|0|0|0|0|0,14.52|14.52|14.52|14.52|14.52|11.33|1.75|0.04|0.04|0.04|0.04|0.04|0.04|0.00|0.00|0.00|0.00|0.00|0.00|0.00
188,88.14,345,6,8,6,0,0,60|60|60|60|60|45|0|0|0|0|0|0|0|0|0|0|0|0|0|0,14.52|14.52|14.52|14.52|14.52|11.33|1.75|0.04|0.04|0.04|0.04|0.04|0.04|0.04|0.00|0.00|0.00|0.00|0.00|0.00
196,88.14,345,5,9,6,0,0,60|60|60|60|60|45|0|0|0|0|0|0|0|0|0|0|0|0|0|0,14.52|14.52|14.52|14.52|14.52|11.33|1.75|0.04|0.04|0.04|0.04|0.04|0.04|0.04|0.00|0.00|0.00|0.00|0.00|0.00
206,88.18,345,5,9,6,0,0,60|60|60|60|60|45|0|0|0|0|0|0|0|0|0|0|0|0|0|0,14.52|14.52|14.52|14.52|14.52|11.33|1.75|0.04|0.04|0.04|0.04|0.04|0.04|0.04|0.04|0.00|0.00|0.00|0.00|0.00
214,88.18,345,4,10,6,0,0,60|60|60|60|60|45|0|0|0|0|0|0|0|0|0|0|0|0|0|0,14.52|14.52|14.52|14.52|14.52|11.33|1.75|0.04|0.04|0.04|0.04|0.04|0.04|0.04|0.04|0.00|0.00|0.00|0.00|0.00
223,88.22,345,4,10,6,0,0,60|60|60|60|60|45|0|0|0|0|0|0|0|0|0|0|0|0|0|0,14.52|14.52|14.52|14.52|14.52|11.33|1.75|0.04|0.04|0.04|0.04|0.04|0.04|0.04|0.04|0.04|0.00|0.00|0.00|0.00
233,88.27,345,3,11,6,0,0,60|60|60|60|60|45|0|0|0|0|0|0|0|0|0|0|0|0|0|0,14.52|14.52|14.52|14.52|14.52|11.33|1.75|0.04|0.04|0.04|0.04|0.04|0.04|0.04|0.04|0.04|0.04|0.00|0.00|0.00
250,88.31,345,2,12,6,0,0,60|60|60|60|60|45|0|0|0|0|0|0|0|0|0|0|0|0|0|0,14.52|14.52|14.52|14.52|14.52|11.33|1.75|0.04|0.04|0.04|0.04|0.04|0.04|0.04|0.04|0.04|0.04|0.04|0.00|0.00
262,88.35,345,1,13,6,0,0,60|60|60|60|60|45|0|0|0|0|0|0|0|0|0|0|0|0|0|0,14.52|14.52|14.52|14.52|14.52|11.33|1.75|0.04|0.04|0.04|0.04|0.04|0.04|0.04|0.04|0.04|0.04|0.04|0.04|0.00
270,88.35,345,0,14,6,0,0,60|60|60|60|60|45|0|0|0|0|0|0|0|0|0|0|0|0|0|0,14.52|14.52|14.52|14.52|14.52|11.33|1.75|0.04|0.04|0.04|0.04|0.04|0.04|0.04|0.04|0.04|0.04|0.04|0.04|0.00
280,88.39,345,0,14,6,0,0,60|60|60|60|60|45|0|0|0|0|0|0|0|0|0|0|0|0|0|0,14.52|14.52|14.52|14.52|14.52|11.33|1.75|0.04|0.04|0.04|0.04|0.04|0.04|0.04|0.04|0.04|0.04|0.04|0.04|0.04
295,88.39,345,0,14,6,0,0,60|60|60|60|60|45|0|0|0|0|0|0|0|0|0|0|0|0|0|0,14.52|14.52|14.52|14.52|14.52|11.33|1.75|0.04|0.04|0.04|0.04|0.04|0.04|0.04|0.04|0.04|0.04|0.04|0.04|0.04
305,88.39,345,0,14,6,0,0,60|60|60|60|60|45|0|0|0|0|0|0|0|0|0|0|0|0|0|0,14.52|14.52|14.52|14.52|14.52|11.33|1.75|0.04|0.04|0.04|0.04|0.04|0.04|0.04|0.04|0.04|0.04|0.04|0.04|0.04
315,88.39,345,0,14,6,0,0,60|60|60|60|60|45|0|0|0|0|0|0|0|0|0|0|0|0|0|0,14.52|14.52|14.52|14.52|14.52|11.33|1.75|0.04|0.04|0.04|0.04|0.04|0.04|0.04|0.04|0.04|0.04|0.04|0.04|0.04
337,88.39,345,0,14,6,0,0,60|60|60|60|60|45|0|0|0|0|0|0|0|0|0|0|0|0|0|0,14.52|14.52|14.52|14.52|14.52|11.33|1.75|0.04|0.04|0.04|0.04|0.04|0.04|0.04|0.04|0.04|0.04|0.04|0.04|0.04
346,88.39,345,0,14,6,0,0,60|60|60|60|60|45|0|0|0|0|0|0|0|0|0|0|0|0|0|0,14.52|14.52|14.52|14.52|14.52|11.33|1.75|0.04|0.04|0.04|0.04|0.04|0.04|0.04|0.04|0.04|0.04|0.04|0.04|0.04
358,88.39,345,0,14,6,0,0,60|60|60|60|60|45|0|0|0|0|0|0|0|0|0|0|0|0|0|0,14.52|14.52|14.52|14.52|14.52|11.33|1.75|0.04|0.04|0.04|0.04|0.04|0.04|0.04|0.04|0.04|0.04|0.04|0.04|0.04
370,88.39,345,0,14,6,0,0,60|60|60|60|60|45|0|0|0|0|0|0|0|0|0|0|0|0|0|0,14.52|14.52|14.52|14.52|14.52|11.33|1.75|0.04|0.04|0.04|0.04|0.04|0.04|0.04|0.04|0.04|0.04|0.04|0.04|0.04
386,88.39,345,0,14,6,0,0,60|60|60|60|60|45|0|0|0|0|0|0|0|0|0|0|0|0|0|0,14.52|14.52|14.52|14.52|14.52|11.33|1.75|0.04|0.04|0.04|0.04|0.04|0.04|0.04|0.04|0.04|0.04|0.04|0.04|0.04
399,88.39,345,0,14,6,0,0,60|60|60|60|60|45|0|0|0|0|0|0|0|0|0|0|0|0|0|0,14.52|14.52|14.52|14.52|14.52|11.33|1.75|0.04|0.04|0.04|0.04|0.04|0.04|0.04|0.04|0.04|0.04|0.04|0.04|0.04
409,88.39,345,0,14,6,0,0,60|60|60|60|60|45|0|0|0|0|0|0|0|0|0|0|0|0|0|0,14.52|14.52|14.52|14.52|14.52|11.33|1.75|0.04|0.04|0.04|0.04|0.04|0.04|0.04|0.04|0.04|0.04|0.04|0.04|0.04
422,88.39,345,0,14,6,0,0,60|60|60|60|60|45|0|0|0|0|0|0|0|0|0|0|0|0|0|0,14.52|14.52|14.52|14.52|14.52|11.33|1.75|0.04|0.04|0.04|0.04|0.04|0.04|0.04|0.04|0.04|0.04|0.04|0.04|0.04
432,88.39,345,0,14,6,0,0,60|60|60|60|60|45|0|0|0|0|0|0|0|0|0|0|0|0|0|0,14.52|14.52|14.52|14.52|14.52|11.33|1.75|0.04|0.04|0.04|0.04|0.04|0.04|0.04|0.04|0.04|0.04|0.04|0.04|0.04
442,88.39,345,0,14,6,0,0,60|60|60|60|60|45|0|0|0|0|0|0|0|0|0|0|0|0|0|0,14.52|14.52|14.52|14.52|14.52|11.33|1.75|0.04|0.04|0.04|0.04|0.04|0.04|0.04|0.04|0.04|0.04|0.04|0.04|0.04
452,88.39,345,0,14,6,0,0,60|60|60|60|60|45|0|0|0|0|0|0|0|0|0|0|0|0|0|0,14.52|14.52|14.52|14.52|14.52|11.33|1.75|0.04|0.04|0.04|0.04|0.04|0.04|0.04|0.04|0.04|0.04|0.04|0.04|0.04
466,88.39,345,0,14,6,0,0,60|60|60|60|60|45|0|0|0|0|0|0|0|0|0|0|0|0|0|0,14.52|14.52|14.52|14.52|14.52|11.33|1.75|0.04|0.04|0.04|0.04|0.04|0.04|0.04|0.04|0.04|0.04|0.04|0.04|0.04
475,88.39,345,0,14,6,0,0,60|60|60|60|60|45|0|0|0|0|0|0|0|0|0|0|0|0|0|0,14.52|14.52|14.52|14.52|14.52|11.33|1.75|0.04|0.04|0.04|0.04|0.04|0.04|0.04|0.04|0.04|0.04|0.04|0.04|0.04
485,88.39,345,0,14,6,0,0,60|60|60|60|60|45|0|0|0|0|0|0|0|0|0|0|0|0|0|0,14.52|14.52|14.52|14.52|14.52|11.33|1.75|0.04|0.04|0.04|0.04|0.04|0.04|0.04|0.04|0.04|0.04|0.04|0.04|0.04
498,88.39,345,0,14,6,0,0,60|60|60|60|60|45|0|0|0|0|0|0|0|0|0|0|0|0|0|0,14.52|14.52|14.52|14.52|14.52|11.33|1.75|0.04|0.04|0.04|0.04|0.04|0.04|0.04|0.04|0.04|0.04|0.04|0.04|0.04
511,88.39,345,0,14,6,0,0,60|60|60|60|60|45|0|0|0|0|0|0|0|0|0|0|0|0|0|0,14.52|14.52|14.52|14.52|14.52|11.33|1.75|0.04|0.04|0.04|0.04|0.04|0.04|0.04|0.04|0.04|0.04|0.04|0.04|0.04
525,88.39,345,0,14,6,0,0,60|60|60|60|60|45|0|0|0|0|0|0|0|0|0|0|0|0|0|0,14.52|14.52|14.52|14.52|14.52|11.33|1.75|0.04|0.04|0.04|0.04|0.04|0.04|0.04|0.04|0.04|0.04|0.04|0.04|0.04
537,88.39,345,0,14,6,0,0,60|60|60|60|60|45|0|0|0|0|0|0|0|0|0|0|0|0|0|0,14.52|14.52|14.52|14.52|14.52|11.33|1.75|0.04|0.04|0.04|0.04|0.04|0.04|0.04|0.04|0.04|0.04|0.04|0.04|0.04
546,88.39,345,0,14,6,0,0,60|60|60|60|60|45|0|0|0|0|0|0|0|0|0|0|0|0|0|0,14.52|14.52|14.52|14.52|14.52|11.33|1.75|0.04|0.04|0.04|0.04|0.04|0.04|0.04|0.04|0.04|0.04|0.04|0.04|0.04
557,88.39,345,0,14,6,0,0,60|60|60|60|60|45|0|0|0|0|0|0|0|0|0|0|0|0|0|0,14.52|14.52|14.52|14.52|14.52|11.33|1.75|0.04|0.04|0.04|0.04|0.04|0.04|0.04|0.04|0.04|0.04|0.04|0.04|0.04
567,88.39,345,0,14,6,0,0,60|60|60|60|60|45|0|0|0|0|0|0|0|0|0|0|0|0|0|0,14.52|14.52|14.52|14.52|14.52|11.33|1.75|0.04|0.04|0.04|0.04|0.04|0.04|0.04|0.04|0.04|0.04|0.04|0.04|0.04
578,88.39,345,0,14,6,0,0,60|60|60|60|60|45|0|0|0|0|0|0|0|0|0|0|0|0|0|0,14.52|14.52|14.52|14.52|14.52|11.33|1.75|0.04|0.04|0.04|0.04|0.04|0.04|0.04|0.04|0.04|0.04|0.04|0.04|0.04
588,88.39,345,0,14,6,0,0,60|60|60|60|60|45|0|0|0|0|0|0|0|0|0|0|0|0|0|0,14.52|14.52|14.52|14.52|14.52|11.33|1.75|0.04|0.04|0.04|0.04|0.04|0.04|0.04|0.04|0.04|0.04|0.04|0.04|0.04
598,88.39,345,0,14,6,0,0,60|60|60|60|60|45|0|0|0|0|0|0|0|0|0|0|0|0|0|0,14.52|14.52|14.52|14.52|14.52|11.33|1.75|0.04|0.04|0.04|0.04|0.04|0.04|0.04|0.04|0.04|0.04|0.04|0.04|0.04
609,88.39,345,0,10,6,0,0,60|60|60|60|60|45|0|0|0|0|0|0|0|0|0|0|0|0|0|0,14.52|14.52|14.52|14.52|14.52|11.33|1.75|0.04|0.04|0.04|0.04|0.04|0.04|0.04|0.04|0.04|0.04|0.04|0.04|0.04
619,60.54,225,0,7,4,2,0,0|0|60|60|60|45|0|0|0|0|0|0|0|0|0|0|0|0|0|0,0.17|1.02|14.52|14.52|14.52|11.33|1.75|0.04|0.04|0.04|0.04|0.04|0.04|0.04|0.04|0.04|0.04|0.04|0.04|0.04
626,37.93,120,0,1,7,3,0,0|0|0|0|44|45|0|0|0|0|0|0|0|0|0|5|6|6|9|5,0.00|0.00|0.51|0.34|10.95|11.33|1.75|0.04|0.04|0.04|0.04|0.04|0.04|0.04|0.04|1.45|2.00|2.51|2.64|1.96
634,41.84,147,0,0,5,3,0,0|0|0|0|0|0|0|0|0|0|0|0|0|0|0|14|23|29|43|38,0.00|0.00|0.00|0.00|0.00|0.51|0.17|0.04|0.04|0.04|0.04|0.04|0.04|0.04|0.04|3.88|6.30|7.75|10.90|9.84
639,47.38,175,0,0,5,1,0,0|0|0|0|0|0|0|0|0|0|0|0|0|0|0|14|23|29|51|58,0.00|0.00|0.00|0.00|0.00|0.17|0.17|0.00|0.00|0.04|0.04|0.04|0.04|0.04|0.04|3.88|6.30|7.75|12.61|14.10
643,46.96,175,0,0,5,0,0,0|0|0|0|0|0|0|0|0|0|0|0|0|0|0|14|23|29|51|58,0.00|0.00|0.00|0.00|0.00|0.00|0.00|0.00|0.00|0.00|0.00|0.04|0.04|0.04|0.04|3.88|6.30|7.75|12.61|14.10
649,46.91,175,0,0,5,0,0,0|0|0|0|0|0|0|0|0|0|0|0|0|0|0|14|23|29|51|58,0.00|0.00|0.00|0.00|0.00|0.00|0.00|0.00|0.00|0.00|0.00|0.00|0.04|0.04|0.04|3.88|6.30|7.75|12.61|14.10
655,46.78,175,0,0,5,0,0,0|0|0|0|0|0|0|0|0|0|0|0|0|0|0|14|23|29|51|58,0.00|0.00|0.00|0.00|0.00|0.00|0.00|0.00|0.00|0.00|0.00|0.00|0.00|0.00|0.00|3.88|6.30|7.75|12.61|14.10
659,44.70,166,0,0,5,0,0,0|0|0|0|0|0|0|0|0|0|0|0|0|0|0|5|23|29|51|58,0.00|0.00|0.00|0.00|0.00|0.00|0.00|0.00|0.00|0.00|0.00|0.00|0.00|0.00|0.00|1.79|6.30|7.75|12.61|14.10
664,32.69,118,0,0,5,0,0,0|0|0|0|0|0|0|0|0|0|0|0|0|0|0|4|3|2|51|58,0.00|0.00|0.00|0.00|0.00|0.00|0.00|0.00|0.00|0.00|0.00|0.00|0.00|0.00|0.00|1.02|0.81|2.00|12.61|14.10
668,7.82,19,0,0,5,0,0,0|0|0|0|0|0|0|0|0|0|0|0|0|0|0|4|3|1|7|4,0.00|0.00|0.00|0.00|0.00|0.00|0.00|0.00|0.00|0.00|0.00|0.00|0.00|0.00|0.00|1.02|0.64|0.21|1.53|2.26
673,6.11,17,0,0,5,0,0,0|0|0|0|0|0|0|0|0|0|0|0|0|0|0|4|3|1|7|2,0.00|0.00|0.00|0.00|0.00|0.00|0.00|0.00|0.00|0.00|0.00|0.00|0.00|0.00|0.00|1.02|0.64|0.21|1.49|0.60
677,5.94,17,0,0,5,0,0,0|0|0|0|0|0|0|0|0|0|0|0|0|0|0|4|3|1|7|2,0.00|0.00|0.00|0.00|0.00|0.00|0.00|0.00|0.00|0.00|0.00|0.00|0.00|0.00|0.00|1.02|0.64|0.21|1.49|0.43
680,5.94,17,0,0,5,0,0,0|0|0|0|0|0|0|0|0|0|0|0|0|0|0|4|3|1|7|2,0.00|0.00|0.00|0.00|0.00|0.00|0.00|0.00|0.00|0.00|0.00|0.00|0.00|0.00|0.00|1.02|0.64|0.21|1.49|0.43
683,5.94,17,0,0,5,0,0,0|0|0|0|0|0|0|0|0|0|0|0|0|0|0|4|3|1|7|2,0.00|0.00|0.00|0.00|0.00|0.00|0.00|0.00|0.00|0.00|0.00|0.00|0.00|0.00|0.00|1.02|0.64|0.21|1.49|0.43
686,5.94,17,0,0,5,0,0,0|0|0|0|0|0|0|0|0|0|0|0|0|0|0|4|3|1|7|2,0.00|0.00|0.00|0.00|0.00|0.00|0.00|0.00|0.00|0.00|0.00|0.00|0.00|0.00|0.00|1.02|0.64|0.21|1.49|0.43
689,5.94,17,0,0,5,0,0,0|0|0|0|0|0|0|0|0|0|0|0|0|0|0|4|3|1|7|2,0.00|0.00|0.00|0.00|0.00|0.00|0.00|0.00|0.00|0.00|0.00|0.00|0.00|0.00|0.00|1.02|0.64|0.21|1.49|0.43
692,5.94,17,0,0,5,0,0,0|0|0|0|0|0|0|0|0|0|0|0|0|0|0|4|3|1|7|2,0.00|0.00|0.00|0.00|0.00|0.00|0.00|0.00|0.00|0.00|0.00|0.00|0.00|0.00|0.00|1.02|0.64|0.21|1.49|0.43
695,5.94,17,0,0,5,0,0,0|0|0|0|0|0|0|0|0|0|0|0|0|0|0|4|3|1|7|2,0.00|0.00|0.00|0.00|0.00|0.00|0.00|0.00|0.00|0.00|0.00|0.00|0.00|0.00|0.00|1.02|0.64|0.21|1.49|0.43
698,5.94,17,0,0,5,0,0,0|0|0|0|0|0|0|0|0|0|0|0|0|0|0|4|3|1|7|2,0.00|0.00|0.00|0.00|0.00|0.00|0.00|0.00|0.00|0.00|0.00|0.00|0.00|0.00|0.00|1.02|0.64|0.21|1.49|0.43
701,5.94,17,0,0,5,0,0,0|0|0|0|0|0|0|0|0|0|0|0|0|0|0|4|3|1|7|2,0.00|0.00|0.00|0.00|0.00|0.00|0.00|0.00|0.00|0.00|0.00|0.00|0.00|0.00|0.00|1.02|0.64|0.21|1.49|0.43
706,5.94,17,0,0,5,0,0,0|0|0|0|0|0|0|0|0|0|0|0|0|0|0|4|3|1|7|2,0.00|0.00|0.00|0.00|0.00|0.00|0.00|0.00|0.00|0.00|0.00|0.00|0.00|0.00|0.00|1.02|0.64|0.21|1.49|0.43
709,5.94,17,0,0,5,0,0,0|0|0|0|0|0|0|0|0|0|0|0|0|0|0|4|3|1|7|2,0.00|0.00|0.00|0.00|0.00|0.00|0.00|0.00|0.00|0.00|0.00|0.00|0.00|0.00|0.00|1.02|0.64|0.21|1.49|0.43
715,5.94,17,0,0,5,0,0,0|0|0|0|0|0|0|0|0|0|0|0|0|0|0|4|3|1|7|2,0.00|0.00|0.00|0.00|0.00|0.00|0.00|0.00|0.00|0.00|0.00|0.00|0.00|0.00|0.00|1.02|0.64|0.21|1.49|0.43
718,5.94,17,0,0,5,0,0,0|0|0|0|0|0|0|0|0|0|0|0|0|0|0|4|3|1|7|2,0.00|0.00|0.00|0.00|0.00|0.00|0.00|0.00|0.00|0.00|0.00|0.00|0.00|0.00|0.00|1.02|0.64|0.21|1.49|0.43
721,5.94,17,0,0,5,0,0,0|0|0|0|0|0|0|0|0|0|0|0|0|0|0|4|3|1|7|2,0.00|0.00|0.00|0.00|0.00|0.00|0.00|0.00|0.00|0.00|0.00|0.00|0.00|0.00|0.00|1.02|0.64|0.21|1.49|0.43
723,5.94,17,0,0,5,0,0,0|0|0|0|0|0|0|0|0|0|0|0|0|0|0|4|3|1|7|2,0.00|0.00|0.00|0.00|0.00|0.00|0.00|0.00|0.00|0.00|0.00|0.00|0.00|0.00|0.00|1.02|0.64|0.21|1.49|0.43
726,5.30,14,0,0,5,0,0,0|0|0|0|0|0|0|0|0|0|0|0|0|0|0|3|1|1|7|2,0.00|0.00|0.00|0.00|0.00|0.00|0.00|0.00|0.00|0.00|0.00|0.00|0.00|0.00|0.00|0.81|0.21|0.21|1.49|0.43
729,4.88,12,0,0,4,0,0,0|0|0|0|0|0|0|0|0|0|0|0|0|0|0|3|0|1|6|2,0.00|0.00|0.00|0.00|0.00|0.00|0.00|0.00|0.00|0.00|0.00|0.00|0.00|0.00|0.00|0.81|0.00|0.21|1.28|0.43
731,4.88,12,0,0,4,0,0,0|0|0|0|0|0|0|0|0|0|0|0|0|0|0|3|0|1|6|2,0.00|0.00|0.00|0.00|0.00|0.00|0.00|0.00|0.00|0.00|0.00|0.00|0.00|0.00|0.00|0.81|0.00|0.21|1.28|0.43
734,4.45,10,0,0,4,0,0,0|0|0|0|0|0|0|0|0|0|0|0|0|0|0|2|0|1|5|2,0.00|0.00|0.00|0.00|0.00|0.00|0.00|0.00|0.00|0.00|0.00|0.00|0.00|0.00|0.00|0.60|0.00|0.21|1.06|0.43
737,4.24,9,0,0,4,0,0,0|0|0|0|0|0|0|0|0|0|0|0|0|0|0|2|0|1|5|1,0.00|0.00|0.00|0.00|0.00|0.00|0.00|0.00|0.00|0.00|0.00|0.00|0.00|0.00|0.00|0.60|0.00|0.21|1.06|0.21
740,3.81,7,0,0,3,0,0,0|0|0|0|0|0|0|0|0|0|0|0|0|0|0|1|0|1|5|0,0.00|0.00|0.00|0.00|0.00|0.00|0.00|0.00|0.00|0.00|0.00|0.00|0.00|0.00|0.00|0.38|0.00|0.21|1.06|0.00
748,3.22,5,0,0,2,0,0,0|0|0|0|0|0|0|0|0|0|0|0|0|0|0|0|0|1|4|0,0.00|0.00|0.00|0.00|0.00|0.00|0.00|0.00|0.00|0.00|0.00|0.00|0.00|0.00|0.00|0.00|0.00|0.21|0.85|0.00
751,2.15,0,0,0,0,2,0,0|0|0|0|0|0|0|0|0|0|0|0|0|0|0|0|0|0|0|0,0.00|0.00|0.00|0.00|0.00|0.00|0.00|0.00|0.00|0.00|0.00|0.00|0.00|0.00|0.00|0.00|0.00|0.00|0.00|0.00
753,2.15,0,0,0,0,0,0,0|0|0|0|0|0|0|0|0|0|0|0|0|0|0|0|0|0|0|0,0.00|0.00|0.00|0.00|0.00|0.00|0.00|0.00|0.00|0.00|0.00|0.00|0.00|0.00|0.00|0.00|0.00|0.00|0.00|0.00
