0,2.15,0,20,0,0,0,0,0|0|0|0|0|0|0|0|0|0|0|0|0|0|0|0|0|0|0|0,0.00|0.00|0.00|0.00|0.00|0.00|0.00|0.00|0.00|0.00|0.00|0.00|0.00|0.00|0.00|0.00|0.00|0.00|0.00|0.00
1,2.15,0,20,0,0,0,0,0|0|0|0|0|0|0|0|0|0|0|0|0|0|0|0|0|0|0|0,0.00|0.00|0.00|0.00|0.00|0.00|0.00|0.00|0.00|0.00|0.00|0.00|0.00|0.00|0.00|0.00|0.00|0.00|0.00|0.00
2,2.15,0,20,0,0,0,0,0|0|0|0|0|0|0|0|0|0|0|0|0|0|0|0|0|0|0|0,0.00|0.00|0.00|0.00|0.00|0.00|0.00|0.00|0.00|0.00|0.00|0.00|0.00|0.00|0.00|0.00|0.00|0.00|0.00|0.00
3,2.15,0,20,0,0,0,0,0|0|0|0|0|0|0|0|0|0|0|0|0|0|0|0|0|0|0|0,0.00|0.00|0.00|0.00|0.00|0.00|0.00|0.00|0.00|0.00|0.00|0.00|0.00|0.00|0.00|0.00|0.00|0.00|0.00|0.00
5,2.15,0,20,0,0,0,0,0|0|0|0|0|0|0|0|0|0|0|0|0|0|0|0|0|0|0|0,0.00|0.00|0.00|0.00|0.00|0.00|0.00|0.00|0.00|0.00|0.00|0.00|0.00|0.00|0.00|0.00|0.00|0.00|0.00|0.00
6,2.15,0,20,0,0,0,0,0|0|0|0|0|0|0|0|0|0|0|0|0|0|0|0|0|0|0|0,0.00|0.00|0.00|0.00|0.00|0.00|0.00|0.00|0.00|0.00|0.00|0.00|0.00|0.00|0.00|0.00|0.00|0.00|0.00|0.00
7,2.15,0,20,0,0,0,0,0|0|0|0|0|0|0|0|0|0|0|0|0|0|0|0|0|0|0|0,0.00|0.00|0.00|0.00|0.00|0.00|0.00|0.00|0.00|0.00|0.00|0.00|0.00|0.00|0.00|0.00|0.00|0.00|0.00|0.00
8,2.15,0,20,0,0,0,0,0|0|0|0|0|0|0|0|0|0|0|0|0|0|0|0|0|0|0|0,0.00|0.00|0.00|0.00|0.00|0.00|0.00|0.00|0.00|0.00|0.00|0.00|0.00|0.00|0.00|0.00|0.00|0.00|0.00|0.00
10,2.15,0,20,0,0,0,0,0|0|0|0|0|0|0|0|0|0|0|0|0|0|0|0|0|0|0|0,0.00|0.00|0.00|0.00|0.00|0.00|0.00|0.00|0.00|0.00|0.00|0.00|0.00|0.00|0.00|0.00|0.00|0.00|0.00|0.00
11,2.15,0,20,0,0,0,0,0|0|0|0|0|0|0|0|0|0|0|0|0|0|0|0|0|0|0|0,0.00|0.00|0.00|0.00|0.00|0.00|0.00|0.00|0.00|0.00|0.00|0.00|0.00|0.00|0.00|0.00|0.00|0.00|0.00|0.00
12,2.15,0,20,0,0,0,0,0|0|0|0|0|0|0|0|0|0|0|0|0|0|0|0|0|0|0|0,0.00|0.00|0.00|0.00|0.00|0.00|0.00|0.00|0.00|0.00|0.00|0.00|0.00|0.00|0.00|0.00|0.00|0.00|0.00|0.00
13,2.15,0,20,0,0,0,0,0|0|0|0|0|0|0|0|0|0|0|0|0|0|0|0|0|0|0|0,0.00|0.00|0.00|0.00|0.00|0.00|0.00|0.00|0.00|0.00|0.00|0.00|0.00|0.00|0.00|0.00|0.00|0.00|0.00|0.00
15,2.15,0,19,1,0,0,0,0|0|0|0|0|0|0|0|0|0|0|0|0|0|0|0|0|0|0|0,0.00|0.00|0.00|0.00|0.00|0.00|0.00|0.00|0.00|0.00|0.00|0.00|0.00|0.00|0.00|0.00|0.00|0.00|0.00|0.00
16,2.83,0,19,1,0,0,0,0|0|0|0|0|0|0|0|0|0|0|0|0|0|0|0|0|0|0|0,0.68|0.00|0.00|0.00|0.00|0.00|0.00|0.00|0.00|0.00|0.00|0.00|0.00|0.00|0.00|0.00|0.00|0.00|0.00|0.00
17,3.94,2,19,0,1,0,0,2|0|0|0|0|0|0|0|0|0|0|0|0|0|0|0|0|0|0|0,1.79|0.00|0.00|0.00|0.00|0.00|0.00|0.00|0.00|0.00|0.00|0.00|0.00|0.00|0.00|0.00|0.00|0.00|0.00|0.00
19,4.11,2,19,0,1,0,0,2|0|0|0|0|0|0|0|0|0|0|0|0|0|0|0|0|0|0|0,1.96|0.00|0.00|0.00|0.00|0.00|0.00|0.00|0.00|0.00|0.00|0.00|0.00|0.00|0.00|0.00|0.00|0.00|0.00|0.00
20,4.28,2,19,0,1,0,0,2|0|0|0|0|0|0|0|0|0|0|0|0|0|0|0|0|0|0|0,2.13|0.00|0.00|0.00|0.00|0.00|0.00|0.00|0.00|0.00|0.00|0.00|0.00|0.00|0.00|0.00|0.00|0.00|0.00|0.00
21,4.28,2,19,0,1,0,0,2|0|0|0|0|0|0|0|0|0|0|0|0|0|0|0|0|0|0|0,2.13|0.00|0.00|0.00|0.00|0.00|0.00|0.00|0.00|0.00|0.00|0.00|0.00|0.00|0.00|0.00|0.00|0.00|0.00|0.00
23,4.32,2,19,0,1,0,0,2|0|0|0|0|0|0|0|0|0|0|0|0|0|0|0|0|0|0|0,2.17|0.00|0.00|0.00|0.00|0.00|0.00|0.00|0.00|0.00|0.00|0.00|0.00|0.00|0.00|0.00|0.00|0.00|0.00|0.00
24,4.32,2,19,0,1,0,0,2|0|0|0|0|0|0|0|0|0|0|0|0|0|0|0|0|0|0|0,2.17|0.00|0.00|0.00|0.00|0.00|0.00|0.00|0.00|0.00|0.00|0.00|0.00|0.00|0.00|0.00|0.00|0.00|0.00|0.00
25,4.32,2,19,0,1,0,0,2|0|0|0|0|0|0|0|0|0|0|0|0|0|0|0|0|0|0|0,2.17|0.00|0.00|0.00|0.00|0.00|0.00|0.00|0.00|0.00|0.00|0.00|0.00|0.00|0.00|0.00|0.00|0.00|0.00|0.00
27,4.32,2,19,0,1,0,0,2|0|0|0|0|0|0|0|0|0|0|0|0|0|0|0|0|0|0|0,2.17|0.00|0.00|0.00|0.00|0.00|0.00|0.00|0.00|0.00|0.00|0.00|0.00|0.00|0.00|0.00|0.00|0.00|0.00|0.00
28,4.32,2,19,0,1,0,0,2|0|0|0|0|0|0|0|0|0|0|0|0|0|0|0|0|0|0|0,2.17|0.00|0.00|0.00|0.00|0.00|0.00|0.00|0.00|0.00|0.00|0.00|0.00|0.00|0.00|0.00|0.00|0.00|0.00|0.00
29,4.32,2,19,0,1,0,0,2|0|0|0|0|0|0|0|0|0|0|0|0|0|0|0|0|0|0|0,2.17|0.00|0.00|0.00|0.00|0.00|0.00|0.00|0.00|0.00|0.00|0.00|0.00|0.00|0.00|0.00|0.00|0.00|0.00|0.00
31,4.32,2,19,0,1,0,0,2|0|0|0|0|0|0|0|0|0|0|0|0|0|0|0|0|0|0|0,2.17|0.00|0.00|0.00|0.00|0.00|0.00|0.00|0.00|0.00|0.00|0.00|0.00|0.00|0.00|0.00|0.00|0.00|0.00|0.00
32,4.32,2,19,0,1,0,0,2|0|0|0|0|0|0|0|0|0|0|0|0|0|0|0|0|0|0|0,2.17|0.00|0.00|0.00|0.00|0.00|0.00|0.00|0.00|0.00|0.00|0.00|0.00|0.00|0.00|0.00|0.00|0.00|0.00|0.00
33,4.32,2,18,1,1,0,0,2|0|0|0|0|0|0|0|0|0|0|0|0|0|0|0|0|0|0|0,2.17|0.00|0.00|0.00|0.00|0.00|0.00|0.00|0.00|0.00|0.00|0.00|0.00|0.00|0.00|0.00|0.00|0.00|0.00|0.00
35,5.35,2,18,1,1,0,0,2|0|0|0|0|0|0|0|0|0|0|0|0|0|0|0|0|0|0|0,2.17|1.02|0.00|0.00|0.00|0.00|0.00|0.00|0.00|0.00|0.00|0.00|0.00|0.00|0.00|0.00|0.00|0.00|0.00|0.00
36,6.28,4,18,0,2,0,0,2|2|0|0|0|0|0|0|0|0|0|0|0|0|0|0|0|0|0|0,2.17|1.96|0.00|0.00|0.00|0.00|0.00|0.00|0.00|0.00|0.00|0.00|0.00|0.00|0.00|0.00|0.00|0.00|0.00|0.00
38,6.50,4,18,0,2,0,0,2|2|0|0|0|0|0|0|0|0|0|0|0|0|0|0|0|0|0|0,2.17|2.17|0.00|0.00|0.00|0.00|0.00|0.00|0.00|0.00|0.00|0.00|0.00|0.00|0.00|0.00|0.00|0.00|0.00|0.00
39,6.50,4,18,0,2,0,0,2|2|0|0|0|0|0|0|0|0|0|0|0|0|0|0|0|0|0|0,2.17|2.17|0.00|0.00|0.00|0.00|0.00|0.00|0.00|0.00|0.00|0.00|0.00|0.00|0.00|0.00|0.00|0.00|0.00|0.00
40,6.50,4,18,0,2,0,0,2|2|0|0|0|0|0|0|0|0|0|0|0|0|0|0|0|0|0|0,2.17|2.17|0.00|0.00|0.00|0.00|0.00|0.00|0.00|0.00|0.00|0.00|0.00|0.00|0.00|0.00|0.00|0.00|0.00|0.00
42,6.50,4,18,0,2,0,0,2|2|0|0|0|0|0|0|0|0|0|0|0|0|0|0|0|0|0|0,2.17|2.17|0.00|0.00|0.00|0.00|0.00|0.00|0.00|0.00|0.00|0.00|0.00|0.00|0.00|0.00|0.00|0.00|0.00|0.00
43,6.50,4,18,0,2,0,0,2|2|0|0|0|0|0|0|0|0|0|0|0|0|0|0|0|0|0|0,2.17|2.17|0.00|0.00|0.00|0.00|0.00|0.00|0.00|0.00|0.00|0.00|0.00|0.00|0.00|0.00|0.00|0.00|0.00|0.00
45,6.50,4,18,0,2,0,0,2|2|0|0|0|0|0|0|0|0|0|0|0|0|0|0|0|0|0|0,2.17|2.17|0.00|0.00|0.00|0.00|0.00|0.00|0.00|0.00|0.00|0.00|0.00|0.00|0.00|0.00|0.00|0.00|0.00|0.00
46,6.50,4,18,0,2,0,0,2|2|0|0|0|0|0|0|0|0|0|0|0|0|0|0|0|0|0|0,2.17|2.17|0.00|0.00|0.00|0.00|0.00|0.00|0.00|0.00|0.00|0.00|0.00|0.00|0.00|0.00|0.00|0.00|0.00|0.00
47,6.50,4,18,0,2,0,0,2|2|0|0|0|0|0|0|0|0|0|0|0|0|0|0|0|0|0|0,2.17|2.17|0.00|0.00|0.00|0.00|0.00|0.00|0.00|0.00|0.00|0.00|0.00|0.00|0.00|0.00|0.00|0.00|0.00|0.00
49,6.50,4,18,0,2,0,0,2|2|0|0|0|0|0|0|0|0|0|0|0|0|0|0|0|0|0|0,2.17|2.17|0.00|0.00|0.00|0.00|0.00|0.00|0.00|0.00|0.00|0.00|0.00|0.00|0.00|0.00|0.00|0.00|0.00|0.00
50,6.50,4,18,0,2,0,0,2|2|0|0|0|0|0|0|0|0|0|0|0|0|0|0|0|0|0|0,2.17|2.17|0.00|0.00|0.00|0.00|0.00|0.00|0.00|0.00|0.00|0.00|0.00|0.00|0.00|0.00|0.00|0.00|0.00|0.00
52,6.50,4,18,0,2,0,0,2|2|0|0|0|0|0|0|0|0|0|0|0|0|0|0|0|0|0|0,2.17|2.17|0.00|0.00|0.00|0.00|0.00|0.00|0.00|0.00|0.00|0.00|0.00|0.00|0.00|0.00|0.00|0.00|0.00|0.00
53,6.50,4,17,1,2,0,0,2|2|0|0|0|0|0|0|0|0|0|0|0|0|0|0|0|0|0|0,2.17|2.17|0.00|0.00|0.00|0.00|0.00|0.00|0.00|0.00|0.00|0.00|0.00|0.00|0.00|0.00|0.00|0.00|0.00|0.00
54,8.20,4,17,1,2,0,0,2|2|0|0|0|0|0|0|0|0|0|0|0|0|0|0|0|0|0|0,2.17|2.17|1.70|0.00|0.00|0.00|0.00|0.00|0.00|0.00|0.00|0.00|0.00|0.00|0.00|0.00|0.00|0.00|0.00|0.00
56,8.41,5,17,0,3,0,0,2|2|1|0|0|0|0|0|0|0|0|0|0|0|0|0|0|0|0|0,2.17|2.17|1.92|0.00|0.00|0.00|0.00|0.00|0.00|0.00|0.00|0.00|0.00|0.00|0.00|0.00|0.00|0.00|0.00|0.00
57,8.67,6,17,0,3,0,0,2|2|2|0|0|0|0|0|0|0|0|0|0|0|0|0|0|0|0|0,2.17|2.17|2.17|0.00|0.00|0.00|0.00|0.00|0.00|0.00|0.00|0.00|0.00|0.00|0.00|0.00|0.00|0.00|0.00|0.00
59,8.67,6,17,0,3,0,0,2|2|2|0|0|0|0|0|0|0|0|0|0|0|0|0|0|0|0|0,2.17|2.17|2.17|0.00|0.00|0.00|0.00|0.00|0.00|0.00|0.00|0.00|0.00|0.00|0.00|0.00|0.00|0.00|0.00|0.00
60,8.67,6,17,0,3,0,0,2|2|2|0|0|0|0|0|0|0|0|0|0|0|0|0|0|0|0|0,2.17|2.17|2.17|0.00|0.00|0.00|0.00|0.00|0.00|0.00|0.00|0.00|0.00|0.00|0.00|0.00|0.00|0.00|0.00|0.00
62,8.67,6,17,0,3,0,0,2|2|2|0|0|0|0|0|0|0|0|0|0|0|0|0|0|0|0|0,2.17|2.17|2.17|0.00|0.00|0.00|0.00|0.00|0.00|0.00|0.00|0.00|0.00|0.00|0.00|0.00|0.00|0.00|0.00|0.00
63,8.67,6,17,0,3,0,0,2|2|2|0|0|0|0|0|0|0|0|0|0|0|0|0|0|0|0|0,2.17|2.17|2.17|0.00|0.00|0.00|0.00|0.00|0.00|0.00|0.00|0.00|0.00|0.00|0.00|0.00|0.00|0.00|0.00|0.00
65,8.67,6,17,0,3,0,0,2|2|2|0|0|0|0|0|0|0|0|0|0|0|0|0|0|0|0|0,2.17|2.17|2.17|0.00|0.00|0.00|0.00|0.00|0.00|0.00|0.00|0.00|0.00|0.00|0.00|0.00|0.00|0.00|0.00|0.00
66,8.67,6,17,0,3,0,0,2|2|2|0|0|0|0|0|0|0|0|0|0|0|0|0|0|0|0|0,2.17|2.17|2.17|0.00|0.00|0.00|0.00|0.00|0.00|0.00|0.00|0.00|0.00|0.00|0.00|0.00|0.00|0.00|0.00|0.00
68,8.67,6,17,0,3,0,0,2|2|2|0|0|0|0|0|0|0|0|0|0|0|0|0|0|0|0|0,2.17|2.17|2.17|0.00|0.00|0.00|0.00|0.00|0.00|0.00|0.00|0.00|0.00|0.00|0.00|0.00|0.00|0.00|0.00|0.00
69,8.67,6,17,0,3,0,0,2|2|2|0|0|0|0|0|0|0|0|0|0|0|0|0|0|0|0|0,2.17|2.17|2.17|0.00|0.00|0.00|0.00|0.00|0.00|0.00|0.00|0.00|0.00|0.00|0.00|0.00|0.00|0.00|0.00|0.00
71,8.67,6,17,0,3,0,0,2|2|2|0|0|0|0|0|0|0|0|0|0|0|0|0|0|0|0|0,2.17|2.17|2.17|0.00|0.00|0.00|0.00|0.00|0.00|0.00|0.00|0.00|0.00|0.00|0.00|0.00|0.00|0.00|0.00|0.00
72,8.67,6,17,0,3,0,0,2|2|2|0|0|0|0|0|0|0|0|0|0|0|0|0|0|0|0|0,2.17|2.17|2.17|0.00|0.00|0.00|0.00|0.00|0.00|0.00|0.00|0.00|0.00|0.00|0.00|0.00|0.00|0.00|0.00|0.00
74,8.67,6,16,1,3,0,0,2|2|2|0|0|0|0|0|0|0|0|0|0|0|0|0|0|0|0|0,2.17|2.17|2.17|0.00|0.00|0.00|0.00|0.00|0.00|0.00|0.00|0.00|0.00|0.00|0.00|0.00|0.00|0.00|0.00|0.00
75,10.24,7,16,0,4,0,0,2|2|2|1|0|0|0|0|0|0|0|0|0|0|0|0|0|0|0|0,2.17|2.17|2.17|1.58|0.00|0.00|0.00|0.00|0.00|0.00|0.00|0.00|0.00|0.00|0.00|0.00|0.00|0.00|0.00|0.00
77,10.63,8,16,0,4,0,0,2|2|2|2|0|0|0|0|0|0|0|0|0|0|0|0|0|0|0|0,2.17|2.17|2.17|1.96|0.00|0.00|0.00|0.00|0.00|0.00|0.00|0.00|0.00|0.00|0.00|0.00|0.00|0.00|0.00|0.00
79,10.67,8,16,0,4,0,0,2|2|2|2|0|0|0|0|0|0|0|0|0|0|0|0|0|0|0|0,2.17|2.17|2.17|2.00|0.00|0.00|0.00|0.00|0.00|0.00|0.00|0.00|0.00|0.00|0.00|0.00|0.00|0.00|0.00|0.00
81,10.84,8,16,0,4,0,0,2|2|2|2|0|0|0|0|0|0|0|0|0|0|0|0|0|0|0|0,2.17|2.17|2.17|2.17|0.00|0.00|0.00|0.00|0.00|0.00|0.00|0.00|0.00|0.00|0.00|0.00|0.00|0.00|0.00|0.00
82,10.84,8,16,0,4,0,0,2|2|2|2|0|0|0|0|0|0|0|0|0|0|0|0|0|0|0|0,2.17|2.17|2.17|2.17|0.00|0.00|0.00|0.00|0.00|0.00|0.00|0.00|0.00|0.00|0.00|0.00|0.00|0.00|0.00|0.00
84,10.84,8,16,0,4,0,0,2|2|2|2|0|0|0|0|0|0|0|0|0|0|0|0|0|0|0|0,2.17|2.17|2.17|2.17|0.00|0.00|0.00|0.00|0.00|0.00|0.00|0.00|0.00|0.00|0.00|0.00|0.00|0.00|0.00|0.00
85,10.84,8,16,0,4,0,0,2|2|2|2|0|0|0|0|0|0|0|0|0|0|0|0|0|0|0|0,2.17|2.17|2.17|2.17|0.00|0.00|0.00|0.00|0.00|0.00|0.00|0.00|0.00|0.00|0.00|0.00|0.00|0.00|0.00|0.00
87,10.84,8,16,0,4,0,0,2|2|2|2|0|0|0|0|0|0|0|0|0|0|0|0|0|0|0|0,2.17|2.17|2.17|2.17|0.00|0.00|0.00|0.00|0.00|0.00|0.00|0.00|0.00|0.00|0.00|0.00|0.00|0.00|0.00|0.00
88,10.84,8,16,0,4,0,0,2|2|2|2|0|0|0|0|0|0|0|0|0|0|0|0|0|0|0|0,2.17|2.17|2.17|2.17|0.00|0.00|0.00|0.00|0.00|0.00|0.00|0.00|0.00|0.00|0.00|0.00|0.00|0.00|0.00|0.00
90,10.84,8,16,0,4,0,0,2|2|2|2|0|0|0|0|0|0|0|0|0|0|0|0|0|0|0|0,2.17|2.17|2.17|2.17|0.00|0.00|0.00|0.00|0.00|0.00|0.00|0.00|0.00|0.00|0.00|0.00|0.00|0.00|0.00|0.00
91,10.84,8,16,0,4,0,0,2|2|2|2|0|0|0|0|0|0|0|0|0|0|0|0|0|0|0|0,2.17|2.17|2.17|2.17|0.00|0.00|0.00|0.00|0.00|0.00|0.00|0.00|0.00|0.00|0.00|0.00|0.00|0.00|0.00|0.00
93,10.84,8,16,0,4,0,0,2|2|2|2|0|0|0|0|0|0|0|0|0|0|0|0|0|0|0|0,2.17|2.17|2.17|2.17|0.00|0.00|0.00|0.00|0.00|0.00|0.00|0.00|0.00|0.00|0.00|0.00|0.00|0.00|0.00|0.00
95,10.84,8,16,0,4,0,0,2|2|2|2|0|0|0|0|0|0|0|0|0|0|0|0|0|0|0|0,2.17|2.17|2.17|2.17|0.00|0.00|0.00|0.00|0.00|0.00|0.00|0.00|0.00|0.00|0.00|0.00|0.00|0.00|0.00|0.00
96,10.84,8,16,0,4,0,0,2|2|2|2|0|0|0|0|0|0|0|0|0|0|0|0|0|0|0|0,2.17|2.17|2.17|2.17|0.00|0.00|0.00|0.00|0.00|0.00|0.00|0.00|0.00|0.00|0.00|0.00|0.00|0.00|0.00|0.00
98,10.84,8,16,0,4,0,0,2|2|2|2|0|0|0|0|0|0|0|0|0|0|0|0|0|0|0|0,2.17|2.17|2.17|2.17|0.00|0.00|0.00|0.00|0.00|0.00|0.00|0.00|0.00|0.00|0.00|0.00|0.00|0.00|0.00|0.00
99,10.84,8,15,1,4,0,0,2|2|2|2|0|0|0|0|0|0|0|0|0|0|0|0|0|0|0|0,2.17|2.17|2.17|2.17|0.00|0.00|0.00|0.00|0.00|0.00|0.00|0.00|0.00|0.00|0.00|0.00|0.00|0.00|0.00|0.00
101,12.20,8,15,1,4,0,0,2|2|2|2|0|0|0|0|0|0|0|0|0|0|0|0|0|0|0|0,2.17|2.17|2.17|2.17|1.36|0.00|0.00|0.00|0.00|0.00|0.00|0.00|0.00|0.00|0.00|0.00|0.00|0.00|0.00|0.00
102,12.97,10,15,0,5,0,0,2|2|2|2|2|0|0|0|0|0|0|0|0|0|0|0|0|0|0|0,2.17|2.17|2.17|2.17|2.13|0.00|0.00|0.00|0.00|0.00|0.00|0.00|0.00|0.00|0.00|0.00|0.00|0.00|0.00|0.00
104,13.01,10,15,0,5,0,0,2|2|2|2|2|0|0|0|0|0|0|0|0|0|0|0|0|0|0|0,2.17|2.17|2.17|2.17|2.17|0.00|0.00|0.00|0.00|0.00|0.00|0.00|0.00|0.00|0.00|0.00|0.00|0.00|0.00|0.00
106,13.01,10,15,0,5,0,0,2|2|2|2|2|0|0|0|0|0|0|0|0|0|0|0|0|0|0|0,2.17|2.17|2.17|2.17|2.17|0.00|0.00|0.00|0.00|0.00|0.00|0.00|0.00|0.00|0.00|0.00|0.00|0.00|0.00|0.00
107,14.72,18,15,0,5,0,0,10|2|2|2|2|0|0|0|0|0|0|0|0|0|0|0|0|0|0|0,3.88|2.17|2.17|2.17|2.17|0.00|0.00|0.00|0.00|0.00|0.00|0.00|0.00|0.00|0.00|0.00|0.00|0.00|0.00|0.00
109,22.38,54,15,0,5,0,0,43|5|2|2|2|0|0|0|0|0|0|0|0|0|0|0|0|0|0|0,10.90|2.81|2.17|2.17|2.17|0.00|0.00|0.00|0.00|0.00|0.00|0.00|0.00|0.00|0.00|0.00|0.00|0.00|0.00|0.00
111,32.82,103,15,0,5,0,0,55|42|2|2|2|0|0|0|0|0|0|0|0|0|0|0|0|0|0|0,13.46|10.69|2.17|2.17|2.17|0.00|0.00|0.00|0.00|0.00|0.00|0.00|0.00|0.00|0.00|0.00|0.00|0.00|0.00|0.00
114,39.84,136,15,0,5,0,0,59|52|21|2|2|0|0|0|0|0|0|0|0|0|0|0|0|0|0|0,14.31|12.82|6.22|2.17|2.17|0.00|0.00|0.00|0.00|0.00|0.00|0.00|0.00|0.00|0.00|0.00|0.00|0.00|0.00|0.00
117,53.43,195,15,0,5,0,0,60|58|54|21|2|0|0|0|0|0|0|0|0|0|0|0|0|0|0|0,14.52|14.10|13.25|6.22|2.17|1.02|0.00|0.00|0.00|0.00|0.00|0.00|0.00|0.00|0.00|0.00|0.00|0.00|0.00|0.00
120,65.82,250,14,1,5,0,0,60|59|59|50|22|0|0|0|0|0|0|0|0|0|0|0|0|0|0|0,14.52|14.31|14.31|12.39|6.43|1.70|0.00|0.00|0.00|0.00|0.00|0.00|0.00|0.00|0.00|0.00|0.00|0.00|0.00|0.00
123,76.51,300,14,0,6,0,0,60|60|60|57|44|19|0|0|0|0|0|0|0|0|0|0|0|0|0|0,14.52|14.52|14.52|13.88|11.12|5.79|0.00|0.00|0.00|0.00|0.00|0.00|0.00|0.00|0.00|0.00|0.00|0.00|0.00|0.00
127,81.62,324,14,0,6,0,0,60|60|60|57|52|35|0|0|0|0|0|0|0|0|0|0|0|0|0|0,14.52|14.52|14.52|13.88|12.82|9.20|0.00|0.00|0.00|0.00|0.00|0.00|0.00|0.00|0.00|0.00|0.00|0.00|0.00|0.00
130,84.18,336,14,0,6,0,0,60|60|60|57|57|42|0|0|0|0|0|0|0|0|0|0|0|0|0|0,14.52|14.52|14.52|13.88|13.88|10.69|0.00|0.00|0.00|0.00|0.00|0.00|0.00|0.00|0.00|0.00|0.00|0.00|0.00|0.00
134,85.67,343,14,0,6,0,0,60|60|60|60|59|44|0|0|0|0|0|0|0|0|0|0|0|0|0|0,14.52|14.52|14.52|14.52|14.31|11.12|0.00|0.00|0.00|0.00|0.00|0.00|0.00|0.00|0.00|0.00|0.00|0.00|0.00|0.00
138,85.67,343,14,0,6,0,0,60|60|60|60|59|44|0|0|0|0|0|0|0|0|0|0|0|0|0|0,14.52|14.52|14.52|14.52|14.31|11.12|0.00|0.00|0.00|0.00|0.00|0.00|0.00|0.00|0.00|0.00|0.00|0.00|0.00|0.00
141,85.88,344,14,0,6,0,0,60|60|60|60|60|44|0|0|0|0|0|0|0|0|0|0|0|0|0|0,14.52|14.52|14.52|14.52|14.52|11.12|0.00|0.00|0.00|0.00|0.00|0.00|0.00|0.00|0.00|0.00|0.00|0.00|0.00|0.00
145,87.07,344,13,1,6,0,0,60|60|60|60|60|44|0|0|0|0|0|0|0|0|0|0|0|0|0|0,14.52|14.52|14.52|14.52|14.52|11.12|1.19|0.00|0.00|0.00|0.00|0.00|0.00|0.00|0.00|0.00|0.00|0.00|0.00|0.00
148,87.46,344,13,1,6,0,0,60|60|60|60|60|44|0|0|0|0|0|0|0|0|0|0|0|0|0|0,14.52|14.52|14.52|14.52|14.52|11.12|1.58|0.00|0.00|0.00|0.00|0.00|0.00|0.00|0.00|0.00|0.00|0.00|0.00|0.00
152,87.46,344,13,1,6,0,0,60|60|60|60|60|44|0|0|0|0|0|0|0|0|0|0|0|0|0|0,14.52|14.52|14.52|14.52|14.52|11.12|1.58|0.00|0.00|0.00|0.00|0.00|0.00|0.00|0.00|0.00|0.00|0.00|0.00|0.00
155,87.46,344,13,1,6,0,0,60|60|60|60|60|44|0|0|0|0|0|0|0|0|0|0|0|0|0|0,14.52|14.52|14.52|14.52|14.52|11.12|1.58|0.00|0.00|0.00|0.00|0.00|0.00|0.00|0.00|0.00|0.00|0.00|0.00|0.00
159,87.63,344,13,1,6,0,0,60|60|60|60|60|44|0|0|0|0|0|0|0|0|0|0|0|0|0|0,14.52|14.52|14.52|14.52|14.52|11.12|1.75|0.00|0.00|0.00|0.00|0.00|0.00|0.00|0.00|0.00|0.00|0.00|0.00|0.00
162,87.63,344,13,1,6,0,0,60|60|60|60|60|44|0|0|0|0|0|0|0|0|0|0|0|0|0|0,14.52|14.52|14.52|14.52|14.52|11.12|1.75|0.00|0.00|0.00|0.00|0.00|0.00|0.00|0.00|0.00|0.00|0.00|0.00|0.00
166,87.63,344,13,1,6,0,0,60|60|60|60|60|44|0|0|0|0|0|0|0|0|0|0|0|0|0|0,14.52|14.52|14.52|14.52|14.52|11.12|1.75|0.00|0.00|0.00|0.00|0.00|0.00|0.00|0.00|0.00|0.00|0.00|0.00|0.00
169,87.63,344,13,1,6,0,0,60|60|60|60|60|44|0|0|0|0|0|0|0|0|0|0|0|0|0|0,14.52|14.52|14.52|14.52|14.52|11.12|1.75|0.00|0.00|0.00|0.00|0.00|0.00|0.00|0.00|0.00|0.00|0.00|0.00|0.00
172,87.63,344,13,1,6,0,0,60|60|60|60|60|44|0|0|0|0|0|0|0|0|0|0|0|0|0|0,14.52|14.52|14.52|14.52|14.52|11.12|1.75|0.00|0.00|0.00|0.00|0.00|0.00|0.00|0.00|0.00|0.00|0.00|0.00|0.00
176,87.80,344,12,2,6,0,0,60|60|60|60|60|44|0|0|0|0|0|0|0|0|0|0|0|0|0|0,14.52|14.52|14.52|14.52|14.52|11.12|1.75|0.17|0.00|0.00|0.00|0.00|0.00|0.00|0.00|0.00|0.00|0.00|0.00|0.00
180,87.84,344,12,2,6,0,0,60|60|60|60|60|44|0|0|0|0|0|0|0|0|0|0|0|0|0|0,14.52|14.52|14.52|14.52|14.52|11.12|1.75|0.21|0.00|0.00|0.00|0.00|0.00|0.00|0.00|0.00|0.00|0.00|0.00|0.00
184,87.84,344,12,2,6,0,0,60|60|60|60|60|44|0|0|0|0|0|0|0|0|0|0|0|0|0|0,14.52|14.52|14.52|14.52|14.52|11.12|1.75|0.21|0.00|0.00|0.00|0.00|0.00|0.00|0.00|0.00|0.00|0.00|0.00|0.00
188,87.84,344,12,2,6,0,0,60|60|60|60|60|44|0|0|0|0|0|0|0|0|0|0|0|0|0|0,14.52|14.52|14.52|14.52|14.52|11.12|1.75|0.21|0.00|0.00|0.00|0.00|0.00|0.00|0.00|0.00|0.00|0.00|0.00|0.00
192,87.84,344,12,2,6,0,0,60|60|60|60|60|44|0|0|0|0|0|0|0|0|0|0|0|0|0|0,14.52|14.52|14.52|14.52|14.52|11.12|1.75|0.21|0.00|0.00|0.00|0.00|0.00|0.00|0.00|0.00|0.00|0.00|0.00|0.00
196,87.84,344,12,2,6,0,0,60|60|60|60|60|44|0|0|0|0|0|0|0|0|0|0|0|0|0|0,14.52|14.52|14.52|14.52|14.52|11.12|1.75|0.21|0.00|0.00|0.00|0.00|0.00|0.00|0.00|0.00|0.00|0.00|0.00|0.00
200,87.84,344,11,3,6,0,0,60|60|60|60|60|44|0|0|0|0|0|0|0|0|0|0|0|0|0|0,14.52|14.52|14.52|14.52|14.52|11.12|1.75|0.21|0.00|0.00|0.00|0.00|0.00|0.00|0.00|0.00|0.00|0.00|0.00|0.00
204,87.88,344,11,3,6,0,0,60|60|60|60|60|44|0|0|0|0|0|0|0|0|0|0|0|0|0|0,14.52|14.52|14.52|14.52|14.52|11.12|1.75|0.21|0.04|0.00|0.00|0.00|0.00|0.00|0.00|0.00|0.00|0.00|0.00|0.00
208,87.88,344,11,3,6,0,0,60|60|60|60|60|44|0|0|0|0|0|0|0|0|0|0|0|0|0|0,14.52|14.52|14.52|14.52|14.52|11.12|1.75|0.21|0.04|0.00|0.00|0.00|0.00|0.00|0.00|0.00|0.00|0.00|0.00|0.00
213,87.88,344,11,3,6,0,0,60|60|60|60|60|44|0|0|0|0|0|0|0|0|0|0|0|0|0|0,14.52|14.52|14.52|14.52|14.52|11.12|1.75|0.21|0.04|0.00|0.00|0.00|0.00|0.00|0.00|0.00|0.00|0.00|0.00|0.00
217,87.88,344,11,3,6,0,0,60|60|60|60|60|44|0|0|0|0|0|0|0|0|0|0|0|0|0|0,14.52|14.52|14.52|14.52|14.52|11.12|1.75|0.21|0.04|0.00|0.00|0.00|0.00|0.00|0.00|0.00|0.00|0.00|0.00|0.00
222,87.88,344,11,3,6,0,0,60|60|60|60|60|44|0|0|0|0|0|0|0|0|0|0|0|0|0|0,14.52|14.52|14.52|14.52|14.52|11.12|1.75|0.21|0.04|0.00|0.00|0.00|0.00|0.00|0.00|0.00|0.00|0.00|0.00|0.00
226,87.88,344,11,3,6,0,0,60|60|60|60|60|44|0|0|0|0|0|0|0|0|0|0|0|0|0|0,14.52|14.52|14.52|14.52|14.52|11.12|1.75|0.21|0.04|0.00|0.00|0.00|0.00|0.00|0.00|0.00|0.00|0.00|0.00|0.00
230,87.88,344,11,3,6,0,0,60|60|60|60|60|44|0|0|0|0|0|0|0|0|0|0|0|0|0|0,14.52|14.52|14.52|14.52|14.52|11.12|1.75|0.21|0.04|0.00|0.00|0.00|0.00|0.00|0.00|0.00|0.00|0.00|0.00|0.00
234,87.88,344,10,4,6,0,0,60|60|60|60|60|44|0|0|0|0|0|0|0|0|0|0|0|0|0|0,14.52|14.52|14.52|14.52|14.52|11.12|1.75|0.21|0.04|0.00|0.00|0.00|0.00|0.00|0.00|0.00|0.00|0.00|0.00|0.00
238,87.88,344,10,4,6,0,0,60|60|60|60|60|44|0|0|0|0|0|0|0|0|0|0|0|0|0|0,14.52|14.52|14.52|14.52|14.52|11.12|1.75|0.21|0.04|0.00|0.00|0.00|0.00|0.00|0.00|0.00|0.00|0.00|0.00|0.00
242,87.93,344,10,4,6,0,0,60|60|60|60|60|44|0|0|0|0|0|0|0|0|0|0|0|0|0|0,14.52|14.52|14.52|14.52|14.52|11.12|1.75|0.21|0.04|0.04|0.00|0.00|0.00|0.00|0.00|0.00|0.00|0.00|0.00|0.00
246,87.93,344,10,4,6,0,0,60|60|60|60|60|44|0|0|0|0|0|0|0|0|0|0|0|0|0|0,14.52|14.52|14.52|14.52|14.52|11.12|1.75|0.21|0.04|0.04|0.00|0.00|0.00|0.00|0.00|0.00|0.00|0.00|0.00|0.00
251,87.93,344,10,4,6,0,0,60|60|60|60|60|44|0|0|0|0|0|0|0|0|0|0|0|0|0|0,14.52|14.52|14.52|14.52|14.52|11.12|1.75|0.21|0.04|0.04|0.00|0.00|0.00|0.00|0.00|0.00|0.00|0.00|0.00|0.00
254,87.93,344,10,4,6,0,0,60|60|60|60|60|44|0|0|0|0|0|0|0|0|0|0|0|0|0|0,14.52|14.52|14.52|14.52|14.52|11.12|1.75|0.21|0.04|0.04|0.00|0.00|0.00|0.00|0.00|0.00|0.00|0.00|0.00|0.00
258,87.93,344,10,4,6,0,0,60|60|60|60|60|44|0|0|0|0|0|0|0|0|0|0|0|0|0|0,14.52|14.52|14.52|14.52|14.52|11.12|1.75|0.21|0.04|0.04|0.00|0.00|0.00|0.00|0.00|0.00|0.00|0.00|0.00|0.00
262,87.71,343,10,4,6,0,0,59|60|60|60|60|44|0|0|0|0|0|0|0|0|0|0|0|0|0|0,14.31|14.52|14.52|14.52|14.52|11.12|1.75|0.21|0.04|0.04|0.00|0.00|0.00|0.00|0.00|0.00|0.00|0.00|0.00|0.00
267,86.82,338,9,5,6,0,0,59|58|58|59|60|44|0|0|0|0|0|0|0|0|0|0|0|0|0|0,14.31|14.10|14.10|14.31|14.52|11.12|1.75|0.21|0.21|0.04|0.00|0.00|0.00|0.00|0.00|0.00|0.00|0.00|0.00|0.00
271,87.67,338,9,5,6,0,0,59|58|58|59|60|44|0|0|0|0|0|0|0|0|0|0|0|0|0|0,14.31|14.10|14.10|14.31|14.52|11.12|1.75|0.21|0.55|0.04|0.51|0.00|0.00|0.00|0.00|0.00|0.00|0.00|0.00|0.00
276,87.88,338,9,5,6,0,0,59|58|58|59|60|44|0|0|0|0|0|0|0|0|0|0|0|0|0|0,14.31|14.10|14.10|14.31|14.52|11.12|1.75|0.21|0.55|0.04|0.72|0.00|0.00|0.00|0.00|0.00|0.00|0.00|0.00|0.00
281,87.88,338,9,5,6,0,0,59|58|58|59|60|44|0|0|0|0|0|0|0|0|0|0|0|0|0|0,14.31|14.10|14.10|14.31|14.52|11.12|1.75|0.21|0.55|0.04|0.72|0.00|0.00|0.00|0.00|0.00|0.00|0.00|0.00|0.00
285,87.88,338,9,5,6,0,0,59|58|58|59|60|44|0|0|0|0|0|0|0|0|0|0|0|0|0|0,14.31|14.10|14.10|14.31|14.52|11.12|1.75|0.21|0.55|0.04|0.72|0.00|0.00|0.00|0.00|0.00|0.00|0.00|0.00|0.00
291,87.88,338,8,6,6,0,0,59|58|58|59|60|44|0|0|0|0|0|0|0|0|0|0|0|0|0|0,14.31|14.10|14.10|14.31|14.52|11.12|1.75|0.21|0.55|0.04|0.72|0.00|0.00|0.00|0.00|0.00|0.00|0.00|0.00|0.00
296,87.71,337,8,6,6,0,0,58|58|58|59|60|44|0|0|0|0|0|0|0|0|0|0|0|0|0|0,14.10|14.10|14.10|14.31|14.52|11.12|1.75|0.21|0.55|0.04|0.72|0.04|0.00|0.00|0.00|0.00|0.00|0.00|0.00|0.00
300,87.03,333,8,6,6,0,0,58|58|58|55|60|44|0|0|0|0|0|0|0|0|0|0|0|0|0|0,14.10|14.10|14.10|13.46|14.52|11.12|1.75|0.21|0.55|0.04|0.72|0.21|0.00|0.00|0.00|0.00|0.00|0.00|0.00|0.00
304,85.88,326,8,6,6,0,0,58|58|58|48|60|44|0|0|0|0|0|0|0|0|0|0|0|0|0|0,14.10|14.10|14.10|11.97|14.52|11.12|1.75|0.55|0.55|0.04|0.72|0.21|0.00|0.00|0.00|0.00|0.00|0.00|0.00|0.00
308,84.73,315,8,5,7,0,0,58|53|52|47|59|44|0|2|0|0|0|0|0|0|0|0|0|0|0|0,14.10|13.03|12.82|11.75|14.31|11.12|1.75|2.00|0.55|0.04|0.72|0.38|0.00|0.00|0.00|0.00|0.00|0.00|0.00|0.00
313,87.03,325,7,6,7,0,0,58|53|52|47|59|54|0|2|0|0|0|0|0|0|0|0|0|0|0|0,14.10|13.03|12.82|11.75|14.31|13.25|1.75|2.17|0.55|0.04|0.72|0.38|0.00|0.00|0.00|0.00|0.00|0.00|0.00|0.00
317,87.42,325,7,6,7,0,0,58|53|52|47|59|54|0|2|0|0|0|0|0|0|0|0|0|0|0|0,14.10|13.03|12.82|11.75|14.31|13.25|1.75|2.17|0.55|0.04|0.72|0.38|0.38|0.00|0.00|0.00|0.00|0.00|0.00|0.00
321,87.54,324,7,6,7,0,0,58|52|52|47|59|54|0|2|0|0|0|0|0|0|0|0|0|0|0|0,14.10|12.82|12.82|11.75|14.31|13.25|1.75|2.17|0.55|0.04|0.72|0.38|0.72|0.00|0.00|0.00|0.00|0.00|0.00|0.00
325,87.54,324,7,6,7,0,0,58|52|52|47|59|54|0|2|0|0|0|0|0|0|0|0|0|0|0|0,14.10|12.82|12.82|11.75|14.31|13.25|1.75|2.17|0.55|0.04|0.72|0.38|0.72|0.00|0.00|0.00|0.00|0.00|0.00|0.00
330,87.54,324,7,6,7,0,0,58|52|52|47|59|54|0|2|0|0|0|0|0|0|0|0|0|0|0|0,14.10|12.82|12.82|11.75|14.31|13.25|1.75|2.17|0.55|0.04|0.72|0.38|0.72|0.00|0.00|0.00|0.00|0.00|0.00|0.00
334,84.22,302,6,6,8,0,0,34|52|52|47|59|54|0|2|0|0|0|0|0|2|0|0|0|0|0|0,8.99|12.82|12.82|11.75|14.31|13.25|1.75|2.17|0.55|0.04|0.72|0.38|0.72|1.79|0.00|0.00|0.00|0.00|0.00|0.00
338,84.95,302,6,6,8,0,0,34|52|52|47|59|54|0|2|0|0|0|0|0|2|0|0|0|0|0|0,8.99|12.82|12.82|11.75|14.31|13.25|1.75|2.17|0.89|0.04|0.72|0.38|0.72|2.17|0.00|0.00|0.00|0.00|0.00|0.00
343,86.22,304,6,5,9,0,0,34|52|52|47|59|54|0|2|2|0|0|0|0|2|0|0|0|0|0|0,8.99|12.82|12.82|11.75|14.31|13.25|1.75|2.17|2.17|0.04|0.72|0.38|0.72|2.17|0.00|0.00|0.00|0.00|0.00|0.00
347,85.84,299,6,5,9,0,0,34|52|47|47|59|54|0|2|2|0|0|0|0|2|0|0|0|0|0|0,8.99|12.82|11.75|11.75|14.31|13.25|1.75|2.17|2.17|0.04|0.72|0.38|1.41|2.17|0.00|0.00|0.00|0.00|0.00|0.00
350,84.56,293,6,5,9,0,0,35|52|42|40|59|54|0|5|4|0|0|0|0|2|0|0|0|0|0|0,9.20|12.82|10.69|10.26|14.31|13.25|1.75|2.81|2.60|0.04|0.72|0.38|1.41|2.17|0.00|0.00|0.00|0.00|0.00|0.00
354,86.09,292,5,6,9,0,0,37|45|42|40|59|54|0|5|5|0|0|0|0|5|0|0|0|0|0|0,9.63|11.33|10.69|10.26|14.31|13.25|1.75|2.81|2.81|0.04|0.72|0.55|1.41|2.81|1.58|0.00|0.00|0.00|0.00|0.00
358,85.97,289,5,5,10,0,0,37|45|42|40|54|54|0|5|5|0|0|0|0|5|2|0|0|0|0|0,9.63|11.33|10.69|10.26|13.25|13.25|1.75|2.81|2.81|0.21|0.72|0.72|1.41|2.81|2.17|0.00|0.00|0.00|0.00|0.00
362,86.65,289,5,5,10,0,0,37|45|42|40|54|54|0|5|5|0|0|0|0|5|2|0|0|0|0|0,9.63|11.33|10.69|10.26|13.25|13.25|1.75|2.81|2.81|0.89|0.72|0.72|1.41|2.81|2.17|0.00|0.00|0.00|0.00|0.00
366,86.65,289,5,5,10,0,0,37|45|42|40|54|54|0|5|5|0|0|0|0|5|2|0|0|0|0|0,9.63|11.33|10.69|10.26|13.25|13.25|1.75|2.81|2.81|0.89|0.72|0.72|1.41|2.81|2.17|0.00|0.00|0.00|0.00|0.00
370,86.65,289,5,5,10,0,0,37|45|42|40|54|54|0|5|5|0|0|0|0|5|2|0|0|0|0|0,9.63|11.33|10.69|10.26|13.25|13.25|1.75|2.81|2.81|0.89|0.72|0.72|1.41|2.81|2.17|0.00|0.00|0.00|0.00|0.00
373,86.65,289,5,5,10,0,0,37|45|42|40|54|54|0|5|5|0|0|0|0|5|2|0|0|0|0|0,9.63|11.33|10.69|10.26|13.25|13.25|1.75|2.81|2.81|0.89|0.72|0.72|1.41|2.81|2.17|0.00|0.00|0.00|0.00|0.00
377,86.65,289,5,5,10,0,0,37|45|42|40|54|54|0|5|5|0|0|0|0|5|2|0|0|0|0|0,9.63|11.33|10.69|10.26|13.25|13.25|1.75|2.81|2.81|0.89|0.72|0.72|1.41|2.81|2.17|0.00|0.00|0.00|0.00|0.00
381,86.65,289,4,6,10,0,0,37|45|42|40|54|54|0|5|5|0|0|0|0|5|2|0|0|0|0|0,9.63|11.33|10.69|10.26|13.25|13.25|1.75|2.81|2.81|0.89|0.72|0.72|1.41|2.81|2.17|0.00|0.00|0.00|0.00|0.00
386,86.69,289,4,6,10,0,0,37|45|42|40|54|54|0|5|5|0|0|0|0|5|2|0|0|0|0|0,9.63|11.33|10.69|10.26|13.25|13.25|1.75|2.81|2.81|0.89|0.72|0.72|1.41|2.81|2.17|0.04|0.00|0.00|0.00|0.00
390,86.69,289,4,6,10,0,0,37|45|42|40|54|54|0|5|5|0|0|0|0|5|2|0|0|0|0|0,9.63|11.33|10.69|10.26|13.25|13.25|1.75|2.81|2.81|0.89|0.72|0.72|1.41|2.81|2.17|0.04|0.00|0.00|0.00|0.00
394,86.69,289,4,6,10,0,0,37|45|42|40|54|54|0|5|5|0|0|0|0|5|2|0|0|0|0|0,9.63|11.33|10.69|10.26|13.25|13.25|1.75|2.81|2.81|0.89|0.72|0.72|1.41|2.81|2.17|0.04|0.00|0.00|0.00|0.00
398,86.69,289,4,6,10,0,0,37|45|42|40|54|54|0|5|5|0|0|0|0|5|2|0|0|0|0|0,9.63|11.33|10.69|10.26|13.25|13.25|1.75|2.81|2.81|0.89|0.72|0.72|1.41|2.81|2.17|0.04|0.00|0.00|0.00|0.00
402,86.69,289,4,6,10,0,0,37|45|42|40|54|54|0|5|5|0|0|0|0|5|2|0|0|0|0|0,9.63|11.33|10.69|10.26|13.25|13.25|1.75|2.81|2.81|0.89|0.72|0.72|1.41|2.81|2.17|0.04|0.00|0.00|0.00|0.00
406,86.05,286,4,6,10,0,0,37|44|41|40|53|54|0|5|5|0|0|0|0|5|2|0|0|0|0|0,9.63|11.12|10.48|10.26|13.03|13.25|1.75|2.81|2.81|0.89|0.72|0.72|1.41|2.81|2.17|0.04|0.00|0.00|0.00|0.00
410,86.48,288,4,5,11,0,0,37|44|41|40|53|54|1|5|6|0|0|0|0|5|2|0|0|0|0|0,9.63|11.12|10.48|10.26|13.03|13.25|1.96|2.81|3.02|0.89|0.72|0.72|1.41|2.81|2.17|0.04|0.00|0.00|0.00|0.00
415,86.69,289,4,5,11,0,0,37|44|41|40|53|54|1|5|7|0|0|0|0|5|2|0|0|0|0|0,9.63|11.12|10.48|10.26|13.03|13.25|1.96|2.81|3.24|0.89|0.72|0.72|1.41|2.81|2.17|0.04|0.00|0.00|0.00|0.00
419,86.69,289,3,6,11,0,0,37|44|41|40|53|54|1|5|7|0|0|0|0|5|2|0|0|0|0|0,9.63|11.12|10.48|10.26|13.03|13.25|1.96|2.81|3.24|0.89|0.72|0.72|1.41|2.81|2.17|0.04|0.00|0.00|0.00|0.00
423,86.73,289,3,6,11,0,0,37|44|41|40|53|54|1|5|7|0|0|0|0|5|2|0|0|0|0|0,9.63|11.12|10.48|10.26|13.03|13.25|1.96|2.81|3.24|0.89|0.72|0.72|1.41|2.81|2.17|0.04|0.04|0.00|0.00|0.00
427,86.73,289,3,6,11,0,0,37|44|41|40|53|54|1|5|7|0|0|0|0|5|2|0|0|0|0|0,9.63|11.12|10.48|10.26|13.03|13.25|1.96|2.81|3.24|0.89|0.72|0.72|1.41|2.81|2.17|0.04|0.04|0.00|0.00|0.00
431,86.73,289,3,6,11,0,0,37|44|41|40|53|54|1|5|7|0|0|0|0|5|2|0|0|0|0|0,9.63|11.12|10.48|10.26|13.03|13.25|1.96|2.81|3.24|0.89|0.72|0.72|1.41|2.81|2.17|0.04|0.04|0.00|0.00|0.00
437,86.73,289,3,6,11,0,0,37|44|41|40|53|54|1|5|7|0|0|0|0|5|2|0|0|0|0|0,9.63|11.12|10.48|10.26|13.03|13.25|1.96|2.81|3.24|0.89|0.72|0.72|1.41|2.81|2.17|0.04|0.04|0.00|0.00|0.00
441,86.73,289,3,6,11,0,0,37|44|41|40|53|54|1|5|7|0|0|0|0|5|2|0|0|0|0|0,9.63|11.12|10.48|10.26|13.03|13.25|1.96|2.81|3.24|0.89|0.72|0.72|1.41|2.81|2.17|0.04|0.04|0.00|0.00|0.00
447,86.73,289,2,7,11,0,0,37|44|41|40|53|54|1|5|7|0|0|0|0|5|2|0|0|0|0|0,9.63|11.12|10.48|10.26|13.03|13.25|1.96|2.81|3.24|0.89|0.72|0.72|1.41|2.81|2.17|0.04|0.04|0.00|0.00|0.00
454,86.78,289,2,7,11,0,0,37|44|41|40|53|54|1|5|7|0|0|0|0|5|2|0|0|0|0|0,9.63|11.12|10.48|10.26|13.03|13.25|1.96|2.81|3.24|0.89|0.72|0.72|1.41|2.81|2.17|0.04|0.04|0.04|0.00|0.00
458,86.78,289,2,7,11,0,0,37|44|41|40|53|54|1|5|7|0|0|0|0|5|2|0|0|0|0|0,9.63|11.12|10.48|10.26|13.03|13.25|1.96|2.81|3.24|0.89|0.72|0.72|1.41|2.81|2.17|0.04|0.04|0.04|0.00|0.00
462,86.78,289,2,7,11,0,0,37|44|41|40|53|54|1|5|7|0|0|0|0|5|2|0|0|0|0|0,9.63|11.12|10.48|10.26|13.03|13.25|1.96|2.81|3.24|0.89|0.72|0.72|1.41|2.81|2.17|0.04|0.04|0.04|0.00|0.00
467,86.78,289,2,7,11,0,0,37|44|41|40|53|54|1|5|7|0|0|0|0|5|2|0|0|0|0|0,9.63|11.12|10.48|10.26|13.03|13.25|1.96|2.81|3.24|0.89|0.72|0.72|1.41|2.81|2.17|0.04|0.04|0.04|0.00|0.00
471,84.73,277,1,8,11,0,0,37|41|38|40|49|54|1|5|5|0|0|0|0|5|2|0|0|0|0|0,9.63|10.48|9.84|10.26|12.18|13.25|1.96|2.81|2.81|0.89|0.72|0.72|1.41|2.81|2.17|0.04|0.04|0.04|0.51|0.00
476,86.39,279,1,7,12,0,0,37|41|38|40|49|54|1|5|5|0|0|0|0|5|2|0|0|0|2|0,9.63|10.48|9.84|10.26|12.18|13.25|1.96|2.81|2.81|0.89|0.72|0.72|1.41|2.81|2.17|0.04|0.04|0.04|2.17|0.00
483,86.73,279,1,7,12,0,0,37|41|38|40|49|54|1|5|4|0|0|0|0|5|3|0|0|0|2|0,9.63|10.48|9.84|10.26|12.18|13.25|1.96|2.81|2.60|1.24|0.72|0.72|1.41|2.81|2.39|0.04|0.04|0.04|2.17|0.00
488,86.73,279,0,8,12,0,0,37|41|38|40|49|54|1|5|4|0|0|0|0|5|3|0|0|0|2|0,9.63|10.48|9.84|10.26|12.18|13.25|1.96|2.81|2.60|1.24|0.72|0.72|1.41|2.81|2.39|0.04|0.04|0.04|2.17|0.00
494,86.78,279,0,8,12,0,0,37|41|38|40|49|54|1|5|4|0|0|0|0|5|3|0|0|0|2|0,9.63|10.48|9.84|10.26|12.18|13.25|1.96|2.81|2.60|1.24|0.72|0.72|1.41|2.81|2.39|0.04|0.04|0.04|2.17|0.04
500,86.78,279,0,8,12,0,0,37|41|38|40|49|54|1|5|4|0|0|0|0|5|3|0|0|0|2|0,9.63|10.48|9.84|10.26|12.18|13.25|1.96|2.81|2.60|1.24|0.72|0.72|1.41|2.81|2.39|0.04|0.04|0.04|2.17|0.04
504,86.78,279,0,8,12,0,0,37|41|38|40|49|54|1|5|4|0|0|0|0|5|3|0|0|0|2|0,9.63|10.48|9.84|10.26|12.18|13.25|1.96|2.81|2.60|1.24|0.72|0.72|1.41|2.81|2.39|0.04|0.04|0.04|2.17|0.04
508,86.78,279,0,8,12,0,0,37|41|38|40|49|54|1|5|4|0|0|0|0|5|3|0|0|0|2|0,9.63|10.48|9.84|10.26|12.18|13.25|1.96|2.81|2.60|1.24|0.72|0.72|1.41|2.81|2.39|0.04|0.04|0.04|2.17|0.04
511,84.31,257,0,7,13,0,0,37|30|38|40|37|54|1|5|4|0|1|0|0|5|3|0|0|0|2|0,9.63|8.13|9.84|10.26|9.63|13.25|1.96|2.81|2.60|1.24|1.96|0.72|1.41|2.81|2.39|0.04|0.04|1.24|2.17|0.04
516,80.60,238,0,6,14,0,0,37|30|18|40|37|54|2|5|2|0|2|0|0|5|2|0|0|2|2|0,9.63|8.13|5.58|10.26|9.63|13.25|2.17|2.81|2.17|1.24|2.17|0.72|1.41|2.81|2.17|0.04|0.04|2.00|2.17|0.04
519,84.52,242,0,4,16,0,0,37|30|18|40|37|54|2|5|2|0|2|0|0|5|2|2|0|2|2|2,9.63|8.13|5.58|10.26|9.63|13.25|2.17|2.81|2.17|1.24|2.17|0.72|1.41|2.81|2.17|2.00|0.04|2.17|2.17|1.83
523,85.03,242,0,4,16,0,0,37|30|18|40|37|54|2|5|2|0|2|0|0|5|2|2|0|2|2|2,9.63|8.13|5.58|10.26|9.63|13.25|2.17|2.81|2.17|1.24|2.17|0.72|1.41|2.81|2.17|2.17|0.04|2.17|2.17|2.17
528,85.24,243,0,4,16,0,0,37|30|18|40|37|55|2|5|2|0|2|0|0|5|2|2|0|2|2|2,9.63|8.13|5.58|10.26|9.63|13.46|2.17|2.81|2.17|1.24|2.17|0.72|1.41|2.81|2.17|2.17|0.04|2.17|2.17|2.17
532,85.24,243,0,4,16,0,0,37|30|18|40|37|55|2|5|2|0|2|0|0|5|2|2|0|2|2|2,9.63|8.13|5.58|10.26|9.63|13.46|2.17|2.81|2.17|1.24|2.17|0.72|1.41|2.81|2.17|2.17|0.04|2.17|2.17|2.17
537,85.58,243,0,4,16,0,0,37|30|18|40|37|55|2|5|2|0|2|0|0|5|2|2|0|2|2|2,9.63|8.13|5.58|10.26|9.63|13.46|2.17|2.81|2.17|1.24|2.17|1.06|1.41|2.81|2.17|2.17|0.04|2.17|2.17|2.17
541,86.09,243,0,4,16,0,0,37|30|18|40|37|55|2|5|2|0|2|0|0|5|2|2|0|2|2|2,9.63|8.13|5.58|10.26|9.63|13.46|2.17|2.81|2.17|1.24|2.17|1.58|1.41|2.81|2.17|2.17|0.04|2.17|2.17|2.17
545,86.09,243,0,4,16,0,0,37|30|18|40|37|55|2|5|2|0|2|0|0|5|2|2|0|2|2|2,9.63|8.13|5.58|10.26|9.63|13.46|2.17|2.81|2.17|1.24|2.17|1.58|1.41|2.81|2.17|2.17|0.04|2.17|2.17|2.17
550,86.09,243,0,4,16,0,0,37|30|18|40|37|55|2|5|2|0|2|0|0|5|2|2|0|2|2|2,9.63|8.13|5.58|10.26|9.63|13.46|2.17|2.81|2.17|1.24|2.17|1.58|1.41|2.81|2.17|2.17|0.04|2.17|2.17|2.17
554,86.09,243,0,4,16,0,0,37|30|18|40|37|55|2|5|2|0|2|0|0|5|2|2|0|2|2|2,9.63|8.13|5.58|10.26|9.63|13.46|2.17|2.81|2.17|1.24|2.17|1.58|1.41|2.81|2.17|2.17|0.04|2.17|2.17|2.17
558,86.09,243,0,4,16,0,0,37|30|18|40|37|55|2|5|2|0|2|0|0|5|2|2|0|2|2|2,9.63|8.13|5.58|10.26|9.63|13.46|2.17|2.81|2.17|1.24|2.17|1.58|1.41|2.81|2.17|2.17|0.04|2.17|2.17|2.17
562,86.09,243,0,4,16,0,0,37|30|18|40|37|55|2|5|2|0|2|0|0|5|2|2|0|2|2|2,9.63|8.13|5.58|10.26|9.63|13.46|2.17|2.81|2.17|1.24|2.17|1.58|1.41|2.81|2.17|2.17|0.04|2.17|2.17|2.17
568,86.09,243,0,4,16,0,0,37|30|18|40|37|55|2|5|2|0|2|0|0|5|2|2|0|2|2|2,9.63|8.13|5.58|10.26|9.63|13.46|2.17|2.81|2.17|1.24|2.17|1.58|1.41|2.81|2.17|2.17|0.04|2.17|2.17|2.17
574,86.09,243,0,4,16,0,0,37|30|18|40|37|55|2|5|2|0|2|0|0|5|2|2|0|2|2|2,9.63|8.13|5.58|10.26|9.63|13.46|2.17|2.81|2.17|1.24|2.17|1.58|1.41|2.81|2.17|2.17|0.04|2.17|2.17|2.17
578,86.09,243,0,4,16,0,0,37|30|18|40|37|55|2|5|2|0|2|0|0|5|2|2|0|2|2|2,9.63|8.13|5.58|10.26|9.63|13.46|2.17|2.81|2.17|1.24|2.17|1.58|1.41|2.81|2.17|2.17|0.04|2.17|2.17|2.17
582,86.09,243,0,4,16,0,0,37|30|18|40|37|55|2|5|2|0|2|0|0|5|2|2|0|2|2|2,9.63|8.13|5.58|10.26|9.63|13.46|2.17|2.81|2.17|1.24|2.17|1.58|1.41|2.81|2.17|2.17|0.04|2.17|2.17|2.17
587,86.09,243,0,4,16,0,0,37|30|18|40|37|55|2|5|2|0|2|0|0|5|2|2|0|2|2|2,9.63|8.13|5.58|10.26|9.63|13.46|2.17|2.81|2.17|1.24|2.17|1.58|1.41|2.81|2.17|2.17|0.04|2.17|2.17|2.17
593,86.09,243,0,4,16,0,0,37|30|18|40|37|55|2|5|2|0|2|0|0|5|2|2|0|2|2|2,9.63|8.13|5.58|10.26|9.63|13.46|2.17|2.81|2.17|1.24|2.17|1.58|1.41|2.81|2.17|2.17|0.04|2.17|2.17|2.17
597,86.09,243,0,4,16,0,0,37|30|18|40|37|55|2|5|2|0|2|0|0|5|2|2|0|2|2|2,9.63|8.13|5.58|10.26|9.63|13.46|2.17|2.81|2.17|1.24|2.17|1.58|1.41|2.81|2.17|2.17|0.04|2.17|2.17|2.17
602,86.09,243,0,4,16,0,0,37|30|18|40|37|55|2|5|2|0|2|0|0|5|2|2|0|2|2|2,9.63|8.13|5.58|10.26|9.63|13.46|2.17|2.81|2.17|1.24|2.17|1.58|1.41|2.81|2.17|2.17|0.04|2.17|2.17|2.17
606,86.09,243,0,4,16,0,0,37|30|18|40|37|55|2|5|2|0|2|0|0|5|2|2|0|2|2|2,9.63|8.13|5.58|10.26|9.63|13.46|2.17|2.81|2.17|1.24|2.17|1.58|1.41|2.81|2.17|2.17|0.04|2.17|2.17|2.17
612,86.09,243,0,4,16,0,0,37|30|18|40|37|55|2|5|2|0|2|0|0|5|2|2|0|2|2|2,9.63|8.13|5.58|10.26|9.63|13.46|2.17|2.81|2.17|1.24|2.17|1.58|1.41|2.81|2.17|2.17|0.04|2.17|2.17|2.17
618,86.09,243,0,4,16,0,0,37|30|18|40|37|55|2|5|2|0|2|0|0|5|2|2|0|2|2|2,9.63|8.13|5.58|10.26|9.63|13.46|2.17|2.81|2.17|1.24|2.17|1.58|1.41|2.81|2.17|2.17|0.04|2.17|2.17|2.17
623,86.09,243,0,4,16,0,0,37|30|18|40|37|55|2|5|2|0|2|0|0|5|2|2|0|2|2|2,9.63|8.13|5.58|10.26|9.63|13.46|2.17|2.81|2.17|1.24|2.17|1.58|1.41|2.81|2.17|2.17|0.04|2.17|2.17|2.17
627,86.09,243,0,4,16,0,0,37|30|18|40|37|55|2|5|2|0|2|0|0|5|2|2|0|2|2|2,9.63|8.13|5.58|10.26|9.63|13.46|2.17|2.81|2.17|1.24|2.17|1.58|1.41|2.81|2.17|2.17|0.04|2.17|2.17|2.17
631,86.09,243,0,4,16,0,0,37|30|18|40|37|55|2|5|2|0|2|0|0|5|2|2|0|2|2|2,9.63|8.13|5.58|10.26|9.63|13.46|2.17|2.81|2.17|1.24|2.17|1.58|1.41|2.81|2.17|2.17|0.04|2.17|2.17|2.17
636,86.09,243,0,4,16,0,0,37|30|18|40|37|55|2|5|2|0|2|0|0|5|2|2|0|2|2|2,9.63|8.13|5.58|10.26|9.63|13.46|2.17|2.81|2.17|1.24|2.17|1.58|1.41|2.81|2.17|2.17|0.04|2.17|2.17|2.17
639,86.09,243,0,4,16,0,0,37|30|18|40|37|55|2|5|2|0|2|0|0|5|2|2|0|2|2|2,9.63|8.13|5.58|10.26|9.63|13.46|2.17|2.81|2.17|1.24|2.17|1.58|1.41|2.81|2.17|2.17|0.04|2.17|2.17|2.17
643,86.09,243,0,4,16,0,0,37|30|18|40|37|55|2|5|2|0|2|0|0|5|2|2|0|2|2|2,9.63|8.13|5.58|10.26|9.63|13.46|2.17|2.81|2.17|1.24|2.17|1.58|1.41|2.81|2.17|2.17|0.04|2.17|2.17|2.17
647,86.09,243,0,4,16,0,0,37|30|18|40|37|55|2|5|2|0|2|0|0|5|2|2|0|2|2|2,9.63|8.13|5.58|10.26|9.63|13.46|2.17|2.81|2.17|1.24|2.17|1.58|1.41|2.81|2.17|2.17|0.04|2.17|2.17|2.17
651,86.09,243,0,4,16,0,0,37|30|18|40|37|55|2|5|2|0|2|0|0|5|2|2|0|2|2|2,9.63|8.13|5.58|10.26|9.63|13.46|2.17|2.81|2.17|1.24|2.17|1.58|1.41|2.81|2.17|2.17|0.04|2.17|2.17|2.17
655,86.09,243,0,4,16,0,0,37|30|18|40|37|55|2|5|2|0|2|0|0|5|2|2|0|2|2|2,9.63|8.13|5.58|10.26|9.63|13.46|2.17|2.81|2.17|1.24|2.17|1.58|1.41|2.81|2.17|2.17|0.04|2.17|2.17|2.17
659,86.09,243,0,4,16,0,0,37|30|18|40|37|55|2|5|2|0|2|0|0|5|2|2|0|2|2|2,9.63|8.13|5.58|10.26|9.63|13.46|2.17|2.81|2.17|1.24|2.17|1.58|1.41|2.81|2.17|2.17|0.04|2.17|2.17|2.17
663,86.09,243,0,4,16,0,0,37|30|18|40|37|55|2|5|2|0|2|0|0|5|2|2|0|2|2|2,9.63|8.13|5.58|10.26|9.63|13.46|2.17|2.81|2.17|1.24|2.17|1.58|1.41|2.81|2.17|2.17|0.04|2.17|2.17|2.17
667,86.09,243,0,4,16,0,0,37|30|18|40|37|55|2|5|2|0|2|0|0|5|2|2|0|2|2|2,9.63|8.13|5.58|10.26|9.63|13.46|2.17|2.81|2.17|1.24|2.17|1.58|1.41|2.81|2.17|2.17|0.04|2.17|2.17|2.17
672,86.09,243,0,4,16,0,0,37|30|18|40|37|55|2|5|2|0|2|0|0|5|2|2|0|2|2|2,9.63|8.13|5.58|10.26|9.63|13.46|2.17|2.81|2.17|1.24|2.17|1.58|1.41|2.81|2.17|2.17|0.04|2.17|2.17|2.17
676,86.09,243,0,4,16,0,0,37|30|18|40|37|55|2|5|2|0|2|0|0|5|2|2|0|2|2|2,9.63|8.13|5.58|10.26|9.63|13.46|2.17|2.81|2.17|1.24|2.17|1.58|1.41|2.81|2.17|2.17|0.04|2.17|2.17|2.17
680,86.09,243,0,4,16,0,0,37|30|18|40|37|55|2|5|2|0|2|0|0|5|2|2|0|2|2|2,9.63|8.13|5.58|10.26|9.63|13.46|2.17|2.81|2.17|1.24|2.17|1.58|1.41|2.81|2.17|2.17|0.04|2.17|2.17|2.17
684,86.09,243,0,4,16,0,0,37|30|18|40|37|55|2|5|2|0|2|0|0|5|2|2|0|2|2|2,9.63|8.13|5.58|10.26|9.63|13.46|2.17|2.81|2.17|1.24|2.17|1.58|1.41|2.81|2.17|2.17|0.04|2.17|2.17|2.17
688,86.09,243,0,4,16,0,0,37|30|18|40|37|55|2|5|2|0|2|0|0|5|2|2|0|2|2|2,9.63|8.13|5.58|10.26|9.63|13.46|2.17|2.81|2.17|1.24|2.17|1.58|1.41|2.81|2.17|2.17|0.04|2.17|2.17|2.17
694,86.09,243,0,4,16,0,0,37|30|18|40|37|55|2|5|2|0|2|0|0|5|2|2|0|2|2|2,9.63|8.13|5.58|10.26|9.63|13.46|2.17|2.81|2.17|1.24|2.17|1.58|1.41|2.81|2.17|2.17|0.04|2.17|2.17|2.17
699,86.09,243,0,4,16,0,0,37|30|18|40|37|55|2|5|2|0|2|0|0|5|2|2|0|2|2|2,9.63|8.13|5.58|10.26|9.63|13.46|2.17|2.81|2.17|1.24|2.17|1.58|1.41|2.81|2.17|2.17|0.04|2.17|2.17|2.17
704,86.09,243,0,4,16,0,0,37|30|18|40|37|55|2|5|2|0|2|0|0|5|2|2|0|2|2|2,9.63|8.13|5.58|10.26|9.63|13.46|2.17|2.81|2.17|1.24|2.17|1.58|1.41|2.81|2.17|2.17|0.04|2.17|2.17|2.17
710,86.09,243,0,4,16,0,0,37|30|18|40|37|55|2|5|2|0|2|0|0|5|2|2|0|2|2|2,9.63|8.13|5.58|10.26|9.63|13.46|2.17|2.81|2.17|1.24|2.17|1.58|1.41|2.81|2.17|2.17|0.04|2.17|2.17|2.17
714,86.09,243,0,4,16,0,0,37|30|18|40|37|55|2|5|2|0|2|0|0|5|2|2|0|2|2|2,9.63|8.13|5.58|10.26|9.63|13.46|2.17|2.81|2.17|1.24|2.17|1.58|1.41|2.81|2.17|2.17|0.04|2.17|2.17|2.17
718,86.09,243,0,4,16,0,0,37|30|18|40|37|55|2|5|2|0|2|0|0|5|2|2|0|2|2|2,9.63|8.13|5.58|10.26|9.63|13.46|2.17|2.81|2.17|1.24|2.17|1.58|1.41|2.81|2.17|2.17|0.04|2.17|2.17|2.17
722,86.09,243,0,4,16,0,0,37|30|18|40|37|55|2|5|2|0|2|0|0|5|2|2|0|2|2|2,9.63|8.13|5.58|10.26|9.63|13.46|2.17|2.81|2.17|1.24|2.17|1.58|1.41|2.81|2.17|2.17|0.04|2.17|2.17|2.17
727,86.09,243,0,4,16,0,0,37|30|18|40|37|55|2|5|2|0|2|0|0|5|2|2|0|2|2|2,9.63|8.13|5.58|10.26|9.63|13.46|2.17|2.81|2.17|1.24|2.17|1.58|1.41|2.81|2.17|2.17|0.04|2.17|2.17|2.17
731,86.09,243,0,4,16,0,0,37|30|18|40|37|55|2|5|2|0|2|0|0|5|2|2|0|2|2|2,9.63|8.13|5.58|10.26|9.63|13.46|2.17|2.81|2.17|1.24|2.17|1.58|1.41|2.81|2.17|2.17|0.04|2.17|2.17|2.17
735,86.09,243,0,4,16,0,0,37|30|18|40|37|55|2|5|2|0|2|0|0|5|2|2|0|2|2|2,9.63|8.13|5.58|10.26|9.63|13.46|2.17|2.81|2.17|1.24|2.17|1.58|1.41|2.81|2.17|2.17|0.04|2.17|2.17|2.17
740,86.09,243,0,4,16,0,0,37|30|18|40|37|55|2|5|2|0|2|0|0|5|2|2|0|2|2|2,9.63|8.13|5.58|10.26|9.63|13.46|2.17|2.81|2.17|1.24|2.17|1.58|1.41|2.81|2.17|2.17|0.04|2.17|2.17|2.17
746,86.09,243,0,4,16,0,0,37|30|18|40|37|55|2|5|2|0|2|0|0|5|2|2|0|2|2|2,9.63|8.13|5.58|10.26|9.63|13.46|2.17|2.81|2.17|1.24|2.17|1.58|1.41|2.81|2.17|2.17|0.04|2.17|2.17|2.17
752,86.09,243,0,4,16,0,0,37|30|18|40|37|55|2|5|2|0|2|0|0|5|2|2|0|2|2|2,9.63|8.13|5.58|10.26|9.63|13.46|2.17|2.81|2.17|1.24|2.17|1.58|1.41|2.81|2.17|2.17|0.04|2.17|2.17|2.17
756,86.09,243,0,4,16,0,0,37|30|18|40|37|55|2|5|2|0|2|0|0|5|2|2|0|2|2|2,9.63|8.13|5.58|10.26|9.63|13.46|2.17|2.81|2.17|1.24|2.17|1.58|1.41|2.81|2.17|2.17|0.04|2.17|2.17|2.17
760,86.09,243,0,4,16,0,0,37|30|18|40|37|55|2|5|2|0|2|0|0|5|2|2|0|2|2|2,9.63|8.13|5.58|10.26|9.63|13.46|2.17|2.81|2.17|1.24|2.17|1.58|1.41|2.81|2.17|2.17|0.04|2.17|2.17|2.17
765,86.09,243,0,4,16,0,0,37|30|18|40|37|55|2|5|2|0|2|0|0|5|2|2|0|2|2|2,9.63|8.13|5.58|10.26|9.63|13.46|2.17|2.81|2.17|1.24|2.17|1.58|1.41|2.81|2.17|2.17|0.04|2.17|2.17|2.17
769,86.09,243,0,4,16,0,0,37|30|18|40|37|55|2|5|2|0|2|0|0|5|2|2|0|2|2|2,9.63|8.13|5.58|10.26|9.63|13.46|2.17|2.81|2.17|1.24|2.17|1.58|1.41|2.81|2.17|2.17|0.04|2.17|2.17|2.17
774,86.09,243,0,4,16,0,0,37|30|18|40|37|55|2|5|2|0|2|0|0|5|2|2|0|2|2|2,9.63|8.13|5.58|10.26|9.63|13.46|2.17|2.81|2.17|1.24|2.17|1.58|1.41|2.81|2.17|2.17|0.04|2.17|2.17|2.17
778,86.09,243,0,4,16,0,0,37|30|18|40|37|55|2|5|2|0|2|0|0|5|2|2|0|2|2|2,9.63|8.13|5.58|10.26|9.63|13.46|2.17|2.81|2.17|1.24|2.17|1.58|1.41|2.81|2.17|2.17|0.04|2.17|2.17|2.17
782,86.09,243,0,4,16,0,0,37|30|18|40|37|55|2|5|2|0|2|0|0|5|2|2|0|2|2|2,9.63|8.13|5.58|10.26|9.63|13.46|2.17|2.81|2.17|1.24|2.17|1.58|1.41|2.81|2.17|2.17|0.04|2.17|2.17|2.17
786,86.09,243,0,4,16,0,0,37|30|18|40|37|55|2|5|2|0|2|0|0|5|2|2|0|2|2|2,9.63|8.13|5.58|10.26|9.63|13.46|2.17|2.81|2.17|1.24|2.17|1.58|1.41|2.81|2.17|2.17|0.04|2.17|2.17|2.17
791,86.09,243,0,4,16,0,0,37|30|18|40|37|55|2|5|2|0|2|0|0|5|2|2|0|2|2|2,9.63|8.13|5.58|10.26|9.63|13.46|2.17|2.81|2.17|1.24|2.17|1.58|1.41|2.81|2.17|2.17|0.04|2.17|2.17|2.17
795,86.09,243,0,4,16,0,0,37|30|18|40|37|55|2|5|2|0|2|0|0|5|2|2|0|2|2|2,9.63|8.13|5.58|10.26|9.63|13.46|2.17|2.81|2.17|1.24|2.17|1.58|1.41|2.81|2.17|2.17|0.04|2.17|2.17|2.17
799,86.09,243,0,4,16,0,0,37|30|18|40|37|55|2|5|2|0|2|0|0|5|2|2|0|2|2|2,9.63|8.13|5.58|10.26|9.63|13.46|2.17|2.81|2.17|1.24|2.17|1.58|1.41|2.81|2.17|2.17|0.04|2.17|2.17|2.17
803,86.09,243,0,4,16,0,0,37|30|18|40|37|55|2|5|2|0|2|0|0|5|2|2|0|2|2|2,9.63|8.13|5.58|10.26|9.63|13.46|2.17|2.81|2.17|1.24|2.17|1.58|1.41|2.81|2.17|2.17|0.04|2.17|2.17|2.17
809,85.88,242,0,4,16,0,0,37|30|18|40|37|54|2|5|2|0|2|0|0|5|2|2|0|2|2|2,9.63|8.13|5.58|10.26|9.63|13.25|2.17|2.81|2.17|1.24|2.17|1.58|1.41|2.81|2.17|2.17|0.04|2.17|2.17|2.17
816,85.88,242,0,2,16,0,0,37|30|18|40|37|54|2|5|2|0|2|0|0|5|2|2|0|2|2|2,9.63|8.13|5.58|10.26|9.63|13.25|2.17|2.81|2.17|1.24|2.17|1.58|1.41|2.81|2.17|2.17|0.04|2.17|2.17|2.17
821,86.05,242,0,1,16,0,0,37|30|18|40|37|54|2|5|2|0|2|0|0|5|2|2|0|2|2|2,9.63|8.13|5.58|10.26|9.63|13.25|2.17|2.81|2.17|1.24|2.17|1.58|1.58|2.81|2.17|2.17|0.04|2.17|2.17|2.17
825,86.05,242,0,0,16,0,0,37|30|18|40|37|54|2|5|2|0|2|0|0|5|2|2|0|2|2|2,9.63|8.13|5.58|10.26|9.63|13.25|2.17|2.81|2.17|1.24|2.17|1.58|1.58|2.81|2.17|2.17|0.04|2.17|2.17|2.17
829,77.36,206,0,0,16,0,0,2|29|18|40|37|54|2|5|2|0|2|0|0|5|2|2|0|2|2|2,1.15|7.92|5.58|10.26|9.63|13.25|2.17|2.81|2.17|1.24|2.17|1.58|1.58|2.81|2.17|2.17|0.04|2.17|2.17|2.17
833,62.88,150,0,0,16,0,0,1|1|2|29|37|54|2|5|2|0|2|0|0|5|2|2|0|2|2|2,0.26|0.94|1.32|7.92|9.63|13.25|2.17|2.81|2.17|1.24|2.17|1.58|1.58|2.81|2.17|2.17|0.04|2.17|2.17|2.17
837,39.25,54,0,0,14,2,0,1|0|0|1|2|24|2|5|2|0|2|0|0|5|2|2|0|2|2|2,0.26|0.55|0.17|0.55|1.28|6.86|2.17|2.81|2.17|1.24|2.17|1.58|1.58|2.81|2.17|2.17|0.04|2.17|2.17|2.17
840,29.24,27,0,0,13,0,0,1|0|0|1|2|3|0|1|2|0|2|0|0|5|2|2|0|2|2|2,0.21|0.00|0.00|0.38|1.11|0.64|0.34|1.96|2.17|1.24|2.17|1.58|1.58|2.81|2.17|2.17|0.04|2.17|2.17|2.17
843,24.43,24,0,0,11,0,0,1|0|0|1|2|3|0|0|0|0|2|0|0|5|2|2|0|2|2|2,0.21|0.00|0.00|0.21|0.60|0.64|0.34|0.00|0.17|1.06|2.17|1.58|1.58|2.81|2.17|2.17|0.04|2.17|2.17|2.17
846,21.57,23,0,0,11,0,0,1|0|0|1|2|3|0|0|0|0|1|0|0|5|2|2|0|2|2|2,0.21|0.00|0.00|0.21|0.43|0.64|0.34|0.00|0.17|0.17|0.55|1.41|1.58|2.81|2.17|2.17|0.04|2.17|2.17|2.17
849,17.78,19,0,0,10,1,0,1|0|0|1|2|3|0|0|0|0|0|0|0|2|2|2|0|2|2|2,0.21|0.00|0.00|0.21|0.43|0.64|0.17|0.00|0.00|0.00|0.34|0.17|0.38|2.17|2.17|2.17|0.04|2.17|2.17|2.17
851,13.91,13,0,0,8,2,0,1|0|0|1|1|2|0|0|0|0|0|0|0|0|0|2|0|2|2|2,0.21|0.00|0.00|0.21|0.21|0.43|0.00|0.00|0.00|0.00|0.00|0.17|0.17|0.38|1.24|2.17|0.04|2.17|2.17|2.17
853,11.73,11,0,0,7,2,0,1|0|0|1|1|2|0|0|0|0|0|0|0|0|0|0|0|2|2|2,0.21|0.00|0.00|0.21|0.21|0.43|0.00|0.00|0.00|0.00|0.00|0.17|0.17|0.38|0.34|0.89|0.04|2.17|2.17|2.17
855,10.63,10,0,0,7,1,0,1|0|0|1|1|2|0|0|0|0|0|0|0|0|0|0|0|1|2|2,0.21|0.00|0.00|0.21|0.21|0.43|0.00|0.00|0.00|0.00|0.00|0.00|0.17|0.38|0.34|0.17|0.04|1.96|2.17|2.17
856,7.86,7,0,0,5,2,0,1|0|0|1|1|2|0|0|0|0|0|0|0|0|0|0|0|0|0|2,0.21|0.00|0.00|0.21|0.21|0.43|0.00|0.00|0.00|0.00|0.00|0.00|0.17|0.21|0.34|0.00|0.00|0.00|1.75|2.17
858,6.11,6,0,0,5,1,0,1|0|0|1|1|2|0|0|0|0|0|0|0|0|0|0|0|0|0|1,0.21|0.00|0.00|0.21|0.21|0.43|0.00|0.00|0.00|0.00|0.00|0.00|0.17|0.21|0.17|0.00|0.00|0.00|0.38|1.96
859,4.15,5,0,0,4,1,0,1|0|0|1|1|2|0|0|0|0|0|0|0|0|0|0|0|0|0|0,0.21|0.00|0.00|0.21|0.21|0.43|0.00|0.00|0.00|0.00|0.00|0.00|0.17|0.04|0.00|0.00|0.00|0.00|0.17|0.55
861,3.13,2,0,0,2,2,0,0|0|0|0|1|1|0|0|0|0|0|0|0|0|0|0|0|0|0|0,0.00|0.00|0.00|0.00|0.21|0.21|0.00|0.00|0.00|0.00|0.00|0.00|0.17|0.00|0.00|0.00|0.00|0.00|0.17|0.21
863,2.75,1,0,0,1,3,0,0|0|0|0|0|1|0|0|0|0|0|0|0|0|0|0|0|0|0|0,0.00|0.00|0.00|0.00|0.00|0.21|0.00|0.00|0.00|0.00|0.00|0.00|0.17|0.00|0.00|0.00|0.00|0.00|0.00|0.21
864,2.70,1,0,0,1,2,0,0|0|0|0|0|1|0|0|0|0|0|0|0|0|0|0|0|0|0|0,0.00|0.00|0.00|0.00|0.00|0.21|0.00|0.00|0.00|0.00|0.00|0.00|0.17|0.00|0.00|0.00|0.00|0.00|0.00|0.17
865,2.70,1,0,0,1,0,0,0|0|0|0|0|1|0|0|0|0|0|0|0|0|0|0|0|0|0|0,0.00|0.00|0.00|0.00|0.00|0.21|0.00|0.00|0.00|0.00|0.00|0.00|0.17|0.00|0.00|0.00|0.00|0.00|0.00|0.17
867,2.53,1,0,0,1,0,0,0|0|0|0|0|1|0|0|0|0|0|0|0|0|0|0|0|0|0|0,0.00|0.00|0.00|0.00|0.00|0.21|0.00|0.00|0.00|0.00|0.00|0.00|0.17|0.00|0.00|0.00|0.00|0.00|0.00|0.00
868,2.53,1,0,0,1,0,0,0|0|0|0|0|1|0|0|0|0|0|0|0|0|0|0|0|0|0|0,0.00|0.00|0.00|0.00|0.00|0.21|0.00|0.00|0.00|0.00|0.00|0.00|0.17|0.00|0.00|0.00|0.00|0.00|0.00|0.00
869,2.53,1,0,0,1,0,0,0|0|0|0|0|1|0|0|0|0|0|0|0|0|0|0|0|0|0|0,0.00|0.00|0.00|0.00|0.00|0.21|0.00|0.00|0.00|0.00|0.00|0.00|0.17|0.00|0.00|0.00|0.00|0.00|0.00|0.00
871,2.53,1,0,0,1,0,0,0|0|0|0|0|1|0|0|0|0|0|0|0|0|0|0|0|0|0|0,0.00|0.00|0.00|0.00|0.00|0.21|0.00|0.00|0.00|0.00|0.00|0.00|0.17|0.00|0.00|0.00|0.00|0.00|0.00|0.00
872,2.53,1,0,0,1,0,0,0|0|0|0|0|1|0|0|0|0|0|0|0|0|0|0|0|0|0|0,0.00|0.00|0.00|0.00|0.00|0.21|0.00|0.00|0.00|0.00|0.00|0.00|0.17|0.00|0.00|0.00|0.00|0.00|0.00|0.00
873,2.53,1,0,0,1,0,0,0|0|0|0|0|1|0|0|0|0|0|0|0|0|0|0|0|0|0|0,0.00|0.00|0.00|0.00|0.00|0.21|0.00|0.00|0.00|0.00|0.00|0.00|0.17|0.00|0.00|0.00|0.00|0.00|0.00|0.00
875,2.53,1,0,0,1,0,0,0|0|0|0|0|1|0|0|0|0|0|0|0|0|0|0|0|0|0|0,0.00|0.00|0.00|0.00|0.00|0.21|0.00|0.00|0.00|0.00|0.00|0.00|0.17|0.00|0.00|0.00|0.00|0.00|0.00|0.00
878,2.53,1,0,0,1,0,0,0|0|0|0|0|1|0|0|0|0|0|0|0|0|0|0|0|0|0|0,0.00|0.00|0.00|0.00|0.00|0.21|0.00|0.00|0.00|0.00|0.00|0.00|0.17|0.00|0.00|0.00|0.00|0.00|0.00|0.00
880,2.53,1,0,0,1,0,0,0|0|0|0|0|1|0|0|0|0|0|0|0|0|0|0|0|0|0|0,0.00|0.00|0.00|0.00|0.00|0.21|0.00|0.00|0.00|0.00|0.00|0.00|0.17|0.00|0.00|0.00|0.00|0.00|0.00|0.00
883,2.53,1,0,0,1,0,0,0|0|0|0|0|1|0|0|0|0|0|0|0|0|0|0|0|0|0|0,0.00|0.00|0.00|0.00|0.00|0.21|0.00|0.00|0.00|0.00|0.00|0.00|0.17|0.00|0.00|0.00|0.00|0.00|0.00|0.00
885,2.53,1,0,0,1,0,0,0|0|0|0|0|1|0|0|0|0|0|0|0|0|0|0|0|0|0|0,0.00|0.00|0.00|0.00|0.00|0.21|0.00|0.00|0.00|0.00|0.00|0.00|0.17|0.00|0.00|0.00|0.00|0.00|0.00|0.00
888,2.53,1,0,0,1,0,0,0|0|0|0|0|1|0|0|0|0|0|0|0|0|0|0|0|0|0|0,0.00|0.00|0.00|0.00|0.00|0.21|0.00|0.00|0.00|0.00|0.00|0.00|0.17|0.00|0.00|0.00|0.00|0.00|0.00|0.00
890,2.53,1,0,0,1,0,0,0|0|0|0|0|1|0|0|0|0|0|0|0|0|0|0|0|0|0|0,0.00|0.00|0.00|0.00|0.00|0.21|0.00|0.00|0.00|0.00|0.00|0.00|0.17|0.00|0.00|0.00|0.00|0.00|0.00|0.00
891,2.32,0,0,0,0,1,0,0|0|0|0|0|0|0|0|0|0|0|0|0|0|0|0|0|0|0|0,0.00|0.00|0.00|0.00|0.00|0.00|0.00|0.00|0.00|0.00|0.00|0.00|0.17|0.00|0.00|0.00|0.00|0.00|0.00|0.00
893,2.32,0,0,0,0,0,0,0|0|0|0|0|0|0|0|0|0|0|0|0|0|0|0|0|0|0|0,0.00|0.00|0.00|0.00|0.00|0.00|0.00|0.00|0.00|0.00|0.00|0.00|0.17|0.00|0.00|0.00|0.00|0.00|0.00|0.00
