0,2.15,0,20,0,0,0,0,0|0|0|0|0|0|0|0|0|0|0|0|0|0|0|0|0|0|0|0,0.00|0.00|0.00|0.00|0.00|0.00|0.00|0.00|0.00|0.00|0.00|0.00|0.00|0.00|0.00|0.00|0.00|0.00|0.00|0.00
1,2.15,0,20,0,0,0,0,0|0|0|0|0|0|0|0|0|0|0|0|0|0|0|0|0|0|0|0,0.00|0.00|0.00|0.00|0.00|0.00|0.00|0.00|0.00|0.00|0.00|0.00|0.00|0.00|0.00|0.00|0.00|0.00|0.00|0.00
2,2.15,0,20,0,0,0,0,0|0|0|0|0|0|0|0|0|0|0|0|0|0|0|0|0|0|0|0,0.00|0.00|0.00|0.00|0.00|0.00|0.00|0.00|0.00|0.00|0.00|0.00|0.00|0.00|0.00|0.00|0.00|0.00|0.00|0.00
4,2.15,0,19,1,0,0,0,0|0|0|0|0|0|0|0|0|0|0|0|0|0|0|0|0|0|0|0,0.00|0.00|0.00|0.00|0.00|0.00|0.00|0.00|0.00|0.00|0.00|0.00|0.00|0.00|0.00|0.00|0.00|0.00|0.00|0.00
7,8.58,22,19,0,1,0,0,22|0|0|0|0|0|0|0|0|0|0|0|0|0|0|0|0|0|0|0,6.43|0.00|0.00|0.00|0.00|0.00|0.00|0.00|0.00|0.00|0.00|0.00|0.00|0.00|0.00|0.00|0.00|0.00|0.00|0.00
9,16.46,59,19,0,1,0,0,59|0|0|0|0|0|0|0|0|0|0|0|0|0|0|0|0|0|0|0,14.31|0.00|0.00|0.00|0.00|0.00|0.00|0.00|0.00|0.00|0.00|0.00|0.00|0.00|0.00|0.00|0.00|0.00|0.00|0.00
11,16.67,60,19,0,1,0,0,60|0|0|0|0|0|0|0|0|0|0|0|0|0|0|0|0|0|0|0,14.52|0.00|0.00|0.00|0.00|0.00|0.00|0.00|0.00|0.00|0.00|0.00|0.00|0.00|0.00|0.00|0.00|0.00|0.00|0.00
13,16.67,60,19,0,1,0,0,60|0|0|0|0|0|0|0|0|0|0|0|0|0|0|0|0|0|0|0,14.52|0.00|0.00|0.00|0.00|0.00|0.00|0.00|0.00|0.00|0.00|0.00|0.00|0.00|0.00|0.00|0.00|0.00|0.00|0.00
15,16.67,60,19,0,1,0,0,60|0|0|0|0|0|0|0|0|0|0|0|0|0|0|0|0|0|0|0,14.52|0.00|0.00|0.00|0.00|0.00|0.00|0.00|0.00|0.00|0.00|0.00|0.00|0.00|0.00|0.00|0.00|0.00|0.00|0.00
17,17.87,60,18,1,1,0,0,60|0|0|0|0|0|0|0|0|0|0|0|0|0|0|0|0|0|0|0,14.52|1.19|0.00|0.00|0.00|0.00|0.00|0.00|0.00|0.00|0.00|0.00|0.00|0.00|0.00|0.00|0.00|0.00|0.00|0.00
19,22.68,80,18,0,2,0,0,60|20|0|0|0|0|0|0|0|0|0|0|0|0|0|0|0|0|0|0,14.52|6.01|0.00|0.00|0.00|0.00|0.00|0.00|0.00|0.00|0.00|0.00|0.00|0.00|0.00|0.00|0.00|0.00|0.00|0.00
21,31.20,120,18,0,2,0,0,60|60|0|0|0|0|0|0|0|0|0|0|0|0|0|0|0|0|0|0,14.52|14.52|0.00|0.00|0.00|0.00|0.00|0.00|0.00|0.00|0.00|0.00|0.00|0.00|0.00|0.00|0.00|0.00|0.00|0.00
23,31.20,120,18,0,2,0,0,60|60|0|0|0|0|0|0|0|0|0|0|0|0|0|0|0|0|0|0,14.52|14.52|0.00|0.00|0.00|0.00|0.00|0.00|0.00|0.00|0.00|0.00|0.00|0.00|0.00|0.00|0.00|0.00|0.00|0.00
26,31.20,120,18,0,2,0,0,60|60|0|0|0|0|0|0|0|0|0|0|0|0|0|0|0|0|0|0,14.52|14.52|0.00|0.00|0.00|0.00|0.00|0.00|0.00|0.00|0.00|0.00|0.00|0.00|0.00|0.00|0.00|0.00|0.00|0.00
28,31.20,120,17,1,2,0,0,60|60|0|0|0|0|0|0|0|0|0|0|0|0|0|0|0|0|0|0,14.52|14.52|0.00|0.00|0.00|0.00|0.00|0.00|0.00|0.00|0.00|0.00|0.00|0.00|0.00|0.00|0.00|0.00|0.00|0.00
30,35.50,132,17,0,3,0,0,60|60|12|0|0|0|0|0|0|0|0|0|0|0|0|0|0|0|0|0,14.52|14.52|4.30|0.00|0.00|0.00|0.00|0.00|0.00|0.00|0.00|0.00|0.00|0.00|0.00|0.00|0.00|0.00|0.00|0.00
33,44.66,175,17,0,3,0,0,60|60|55|0|0|0|0|0|0|0|0|0|0|0|0|0|0|0|0|0,14.52|14.52|13.46|0.00|0.00|0.00|0.00|0.00|0.00|0.00|0.00|0.00|0.00|0.00|0.00|0.00|0.00|0.00|0.00|0.00
36,45.72,180,17,0,3,0,0,60|60|60|0|0|0|0|0|0|0|0|0|0|0|0|0|0|0|0|0,14.52|14.52|14.52|0.00|0.00|0.00|0.00|0.00|0.00|0.00|0.00|0.00|0.00|0.00|0.00|0.00|0.00|0.00|0.00|0.00
39,45.72,180,16,1,3,0,0,60|60|60|0|0|0|0|0|0|0|0|0|0|0|0|0|0|0|0|0,14.52|14.52|14.52|0.00|0.00|0.00|0.00|0.00|0.00|0.00|0.00|0.00|0.00|0.00|0.00|0.00|0.00|0.00|0.00|0.00
42,47.89,182,16,0,4,0,0,60|60|60|2|0|0|0|0|0|0|0|0|0|0|0|0|0|0|0|0,14.52|14.52|14.52|2.17|0.00|0.00|0.00|0.00|0.00|0.00|0.00|0.00|0.00|0.00|0.00|0.00|0.00|0.00|0.00|0.00
46,60.03,239,16,0,4,0,0,60|60|60|59|0|0|0|0|0|0|0|0|0|0|0|0|0|0|0|0,14.52|14.52|14.52|14.31|0.00|0.00|0.00|0.00|0.00|0.00|0.00|0.00|0.00|0.00|0.00|0.00|0.00|0.00|0.00|0.00
49,60.24,240,16,0,4,0,0,60|60|60|60|0|0|0|0|0|0|0|0|0|0|0|0|0|0|0|0,14.52|14.52|14.52|14.52|0.00|0.00|0.00|0.00|0.00|0.00|0.00|0.00|0.00|0.00|0.00|0.00|0.00|0.00|0.00|0.00
52,60.58,240,15,1,4,0,0,60|60|60|60|0|0|0|0|0|0|0|0|0|0|0|0|0|0|0|0,14.52|14.52|14.52|14.52|0.34|0.00|0.00|0.00|0.00|0.00|0.00|0.00|0.00|0.00|0.00|0.00|0.00|0.00|0.00|0.00
55,62.42,242,15,0,5,0,0,60|60|60|60|2|0|0|0|0|0|0|0|0|0|0|0|0|0|0|0,14.52|14.52|14.52|14.52|2.17|0.00|0.00|0.00|0.00|0.00|0.00|0.00|0.00|0.00|0.00|0.00|0.00|0.00|0.00|0.00
58,65.82,258,15,0,5,0,0,60|60|60|60|18|0|0|0|0|0|0|0|0|0|0|0|0|0|0|0,14.52|14.52|14.52|14.52|5.58|0.00|0.00|0.00|0.00|0.00|0.00|0.00|0.00|0.00|0.00|0.00|0.00|0.00|0.00|0.00
61,74.77,300,15,0,5,0,0,60|60|60|60|60|0|0|0|0|0|0|0|0|0|0|0|0|0|0|0,14.52|14.52|14.52|14.52|14.52|0.00|0.00|0.00|0.00|0.00|0.00|0.00|0.00|0.00|0.00|0.00|0.00|0.00|0.00|0.00
64,75.66,301,14,0,6,0,0,60|60|60|60|60|1|0|0|0|0|0|0|0|0|0|0|0|0|0|0,14.52|14.52|14.52|14.52|14.52|0.89|0.00|0.00|0.00|0.00|0.00|0.00|0.00|0.00|0.00|0.00|0.00|0.00|0.00|0.00
69,76.94,302,14,0,6,0,0,60|60|60|60|60|2|0|0|0|0|0|0|0|0|0|0|0|0|0|0,14.52|14.52|14.52|14.52|14.52|2.17|0.00|0.00|0.00|0.00|0.00|0.00|0.00|0.00|0.00|0.00|0.00|0.00|0.00|0.00
80,87.84,345,13,1,6,0,0,60|60|60|60|60|45|0|0|0|0|0|0|0|0|0|0|0|0|0|0,14.52|14.52|14.52|14.52|14.52|11.33|1.75|0.00|0.00|0.00|0.00|0.00|0.00|0.00|0.00|0.00|0.00|0.00|0.00|0.00
87,87.84,345,13,1,6,0,0,60|60|60|60|60|45|0|0|0|0|0|0|0|0|0|0|0|0|0|0,14.52|14.52|14.52|14.52|14.52|11.33|1.75|0.00|0.00|0.00|0.00|0.00|0.00|0.00|0.00|0.00|0.00|0.00|0.00|0.00
92,87.88,345,12,2,6,0,0,60|60|60|60|60|45|0|0|0|0|0|0|0|0|0|0|0|0|0|0,14.52|14.52|14.52|14.52|14.52|11.33|1.75|0.04|0.00|0.00|0.00|0.00|0.00|0.00|0.00|0.00|0.00|0.00|0.00|0.00
97,87.88,345,12,2,6,0,0,60|60|60|60|60|45|0|0|0|0|0|0|0|0|0|0|0|0|0|0,14.52|14.52|14.52|14.52|14.52|11.33|1.75|0.04|0.00|0.00|0.00|0.00|0.00|0.00|0.00|0.00|0.00|0.00|0.00|0.00
100,87.88,345,11,3,6,0,0,60|60|60|60|60|45|0|0|0|0|0|0|0|0|0|0|0|0|0|0,14.52|14.52|14.52|14.52|14.52|11.33|1.75|0.04|0.00|0.00|0.00|0.00|0.00|0.00|0.00|0.00|0.00|0.00|0.00|0.00
104,87.93,345,11,3,6,0,0,60|60|60|60|60|45|0|0|0|0|0|0|0|0|0|0|0|0|0|0,14.52|14.52|14.52|14.52|14.52|11.33|1.75|0.04|0.04|0.00|0.00|0.00|0.00|0.00|0.00|0.00|0.00|0.00|0.00|0.00
108,87.93,345,11,3,6,0,0,60|60|60|60|60|45|0|0|0|0|0|0|0|0|0|0|0|0|0|0,14.52|14.52|14.52|14.52|14.52|11.33|1.75|0.04|0.04|0.00|0.00|0.00|0.00|0.00|0.00|0.00|0.00|0.00|0.00|0.00
111,87.93,345,11,3,6,0,0,60|60|60|60|60|45|0|0|0|0|0|0|0|0|0|0|0|0|0|0,14.52|14.52|14.52|14.52|14.52|11.33|1.75|0.04|0.04|0.00|0.00|0.00|0.00|0.00|0.00|0.00|0.00|0.00|0.00|0.00
115,87.97,345,10,4,6,0,0,60|60|60|60|60|45|0|0|0|0|0|0|0|0|0|0|0|0|0|0,14.52|14.52|14.52|14.52|14.52|11.33|1.75|0.04|0.04|0.04|0.00|0.00|0.00|0.00|0.00|0.00|0.00|0.00|0.00|0.00
119,87.97,345,10,4,6,0,0,60|60|60|60|60|45|0|0|0|0|0|0|0|0|0|0|0|0|0|0,14.52|14.52|14.52|14.52|14.52|11.33|1.75|0.04|0.04|0.04|0.00|0.00|0.00|0.00|0.00|0.00|0.00|0.00|0.00|0.00
122,87.97,345,10,4,6,0,0,60|60|60|60|60|45|0|0|0|0|0|0|0|0|0|0|0|0|0|0,14.52|14.52|14.52|14.52|14.52|11.33|1.75|0.04|0.04|0.04|0.00|0.00|0.00|0.00|0.00|0.00|0.00|0.00|0.00|0.00
126,87.97,345,10,4,6,0,0,60|60|60|60|60|45|0|0|0|0|0|0|0|0|0|0|0|0|0|0,14.52|14.52|14.52|14.52|14.52|11.33|1.75|0.04|0.04|0.04|0.00|0.00|0.00|0.00|0.00|0.00|0.00|0.00|0.00|0.00
129,87.97,345,9,5,6,0,0,60|60|60|60|60|45|0|0|0|0|0|0|0|0|0|0|0|0|0|0,14.52|14.52|14.52|14.52|14.52|11.33|1.75|0.04|0.04|0.04|0.00|0.00|0.00|0.00|0.00|0.00|0.00|0.00|0.00|0.00
133,88.01,345,9,5,6,0,0,60|60|60|60|60|45|0|0|0|0|0|0|0|0|0|0|0|0|0|0,14.52|14.52|14.52|14.52|14.52|11.33|1.75|0.04|0.04|0.04|0.04|0.00|0.00|0.00|0.00|0.00|0.00|0.00|0.00|0.00
137,88.01,345,9,5,6,0,0,60|60|60|60|60|45|0|0|0|0|0|0|0|0|0|0|0|0|0|0,14.52|14.52|14.52|14.52|14.52|11.33|1.75|0.04|0.04|0.04|0.04|0.00|0.00|0.00|0.00|0.00|0.00|0.00|0.00|0.00
141,88.01,345,9,5,6,0,0,60|60|60|60|60|45|0|0|0|0|0|0|0|0|0|0|0|0|0|0,14.52|14.52|14.52|14.52|14.52|11.33|1.75|0.04|0.04|0.04|0.04|0.00|0.00|0.00|0.00|0.00|0.00|0.00|0.00|0.00
145,88.01,345,8,6,6,0,0,60|60|60|60|60|45|0|0|0|0|0|0|0|0|0|0|0|0|0|0,14.52|14.52|14.52|14.52|14.52|11.33|1.75|0.04|0.04|0.04|0.04|0.00|0.00|0.00|0.00|0.00|0.00|0.00|0.00|0.00
149,88.05,345,8,6,6,0,0,60|60|60|60|60|45|0|0|0|0|0|0|0|0|0|0|0|0|0|0,14.52|14.52|14.52|14.52|14.52|11.33|1.75|0.04|0.04|0.04|0.04|0.04|0.00|0.00|0.00|0.00|0.00|0.00|0.00|0.00
153,88.05,345,8,6,6,0,0,60|60|60|60|60|45|0|0|0|0|0|0|0|0|0|0|0|0|0|0,14.52|14.52|14.52|14.52|14.52|11.33|1.75|0.04|0.04|0.04|0.04|0.04|0.00|0.00|0.00|0.00|0.00|0.00|0.00|0.00
157,87.29,339,7,7,6,0,0,60|58|58|58|60|45|0|0|0|0|0|0|0|0|0|0|0|0|0|0,14.52|14.10|14.10|14.10|14.52|11.33|1.75|0.04|0.04|0.04|0.04|0.04|0.51|0.00|0.00|0.00|0.00|0.00|0.00|0.00
161,87.93,337,7,7,6,0,0,59|58|58|58|59|45|0|0|0|0|0|0|0|0|0|0|0|0|0|0,14.31|14.10|14.10|14.10|14.31|11.33|1.75|0.04|0.04|0.04|0.04|0.21|1.41|0.00|0.00|0.00|0.00|0.00|0.00|0.00
165,87.93,337,7,7,6,0,0,59|58|58|58|59|45|0|0|0|0|0|0|0|0|0|0|0|0|0|0,14.31|14.10|14.10|14.10|14.31|11.33|1.75|0.04|0.04|0.04|0.04|0.21|1.41|0.00|0.00|0.00|0.00|0.00|0.00|0.00
169,87.24,333,6,8,6,0,0,58|58|57|57|58|45|0|0|0|0|0|0|0|0|0|0|0|0|0|0,14.10|14.10|13.88|13.88|14.10|11.33|1.75|0.04|0.04|0.04|0.04|0.21|1.41|0.17|0.00|0.00|0.00|0.00|0.00|0.00
173,87.76,332,6,8,6,0,0,58|57|57|57|58|45|0|0|0|0|0|0|0|0|0|0|0|0|0|0,14.10|13.88|13.88|13.88|14.10|11.33|1.75|0.04|0.04|0.04|0.04|0.21|1.58|0.72|0.00|0.00|0.00|0.00|0.00|0.00
177,87.76,332,6,8,6,0,0,58|57|57|57|58|45|0|0|0|0|0|0|0|0|0|0|0|0|0|0,14.10|13.88|13.88|13.88|14.10|11.33|1.75|0.04|0.04|0.04|0.04|0.21|1.58|0.72|0.00|0.00|0.00|0.00|0.00|0.00
181,86.27,325,5,9,6,0,0,57|56|55|56|56|45|0|0|0|0|0|0|0|0|0|0|0|0|0|0,13.88|13.67|13.46|13.67|13.67|11.33|1.75|0.04|0.04|0.04|0.04|0.21|1.58|0.72|0.00|0.00|0.00|0.00|0.00|0.00
185,86.56,315,5,9,6,0,0,55|55|53|53|54|45|0|0|0|0|0|0|0|0|0|0|0|0|0|0,13.46|13.46|13.03|13.03|13.25|11.33|1.75|0.04|0.04|0.04|0.04|0.21|1.58|1.41|1.75|0.00|0.00|0.00|0.00|0.00
188,84.39,304,5,8,7,0,0,51|52|52|51|51|45|0|0|0|0|0|0|2|0|0|0|0|0|0|0,12.61|12.82|12.82|12.61|12.61|11.33|1.75|0.04|0.04|0.04|0.04|0.21|2.17|1.41|1.75|0.00|0.00|0.00|0.00|0.00
192,86.22,307,5,6,9,0,0,51|52|52|51|51|45|0|1|0|0|0|0|2|0|2|0|0|0|0|0,12.61|12.82|12.82|12.61|12.61|11.33|1.75|0.26|0.04|0.04|1.24|0.21|2.17|1.41|2.17|0.00|0.00|0.00|0.00|0.00
196,84.60,296,4,6,10,0,0,50|48|48|48|50|45|0|1|0|0|2|0|2|0|2|0|0|0|0|0,12.39|11.97|11.97|11.97|12.39|11.33|1.75|0.26|0.04|0.04|2.17|0.21|2.17|1.41|2.17|0.21|0.00|0.00|0.00|0.00
200,84.26,292,4,4,12,0,0,48|47|48|46|47|45|2|1|0|0|2|0|2|2|2|0|0|0|0|0,11.97|11.75|11.97|11.54|11.75|11.33|2.17|0.26|0.04|0.04|2.17|0.21|2.17|2.17|2.17|0.38|0.00|0.00|0.00|0.00
204,84.14,285,3,4,13,0,0,45|45|45|45|46|45|2|1|0|0|2|0|3|2|2|2|0|0|0|0,11.33|11.33|11.33|11.33|11.54|11.33|2.17|0.26|0.04|0.04|2.17|0.21|2.39|2.17|2.17|2.17|0.00|0.00|0.00|0.00
208,84.18,277,3,0,17,0,0,42|43|43|42|43|43|3|2|1|1|3|1|3|2|2|2|1|0|0|0,10.69|10.90|10.90|10.69|10.90|10.90|2.39|0.47|0.26|0.26|2.39|0.43|2.39|2.17|2.17|2.17|1.96|0.00|0.00|0.00
212,82.26,264,3,0,17,0,0,39|39|40|39|42|39|4|2|2|1|3|2|3|3|2|2|2|0|0|0,10.05|10.05|10.26|10.05|10.69|10.05|2.60|1.32|0.47|0.26|2.39|0.64|2.39|2.39|2.17|2.17|2.17|0.00|0.00|0.00
216,80.98,254,2,1,17,0,0,36|36|40|37|37|37|4|4|2|2|4|2|4|3|2|2|2|0|0|0,9.41|9.41|10.26|9.63|9.63|9.63|2.60|2.60|0.47|0.47|2.60|0.64|2.60|2.39|2.17|2.17|2.17|0.00|0.00|0.00
220,84.01,260,2,0,18,0,0,36|36|38|37|37|37|6|4|2|2|6|2|4|4|3|2|2|2|0|0,9.41|9.41|9.84|9.63|9.63|9.63|3.02|2.60|0.47|0.47|3.02|0.64|2.60|2.60|2.39|2.17|2.17|2.17|0.00|0.00
224,86.14,270,2,0,18,0,0,36|36|38|37|37|37|8|5|2|2|7|2|4|7|6|2|2|2|0|0,9.41|9.41|9.84|9.63|9.63|9.63|3.45|2.81|0.47|0.47|3.24|0.64|2.60|3.24|3.02|2.17|2.17|2.17|0.00|0.00
228,86.48,270,2,0,18,0,0,36|36|38|37|37|37|8|5|2|2|7|2|4|7|6|2|2|2|0|0,9.41|9.41|9.84|9.63|9.63|9.63|3.45|2.81|0.81|0.47|3.24|0.64|2.60|3.24|3.02|2.17|2.17|2.17|0.00|0.00
232,86.65,269,1,1,18,0,0,36|36|37|37|37|37|8|5|2|2|7|2|4|7|6|2|2|2|0|0,9.41|9.41|9.63|9.63|9.63|9.63|3.45|2.81|1.15|0.47|3.24|0.64|2.60|3.24|3.02|2.17|2.17|2.17|0.04|0.00
236,86.65,269,1,1,18,0,0,36|36|37|37|37|37|8|5|2|2|7|2|4|7|6|2|2|2|0|0,9.41|9.41|9.63|9.63|9.63|9.63|3.45|2.81|1.15|0.47|3.24|0.64|2.60|3.24|3.02|2.17|2.17|2.17|0.04|0.00
240,86.65,269,0,2,18,0,0,36|36|37|37|37|37|8|5|2|2|7|2|4|7|6|2|2|2|0|0,9.41|9.41|9.63|9.63|9.63|9.63|3.45|2.81|1.15|0.47|3.24|0.64|2.60|3.24|3.02|2.17|2.17|2.17|0.04|0.00
244,86.69,269,0,2,18,0,0,36|36|37|37|37|37|8|5|2|2|7|2|4|7|6|2|2|2|0|0,9.41|9.41|9.63|9.63|9.63|9.63|3.45|2.81|1.15|0.47|3.24|0.64|2.60|3.24|3.02|2.17|2.17|2.17|0.04|0.04
248,86.69,269,0,2,18,0,0,36|36|37|37|37|37|8|5|2|2|7|2|4|7|6|2|2|2|0|0,9.41|9.41|9.63|9.63|9.63|9.63|3.45|2.81|1.15|0.47|3.24|0.64|2.60|3.24|3.02|2.17|2.17|2.17|0.04|0.04
252,86.69,269,0,2,18,0,0,36|36|37|37|37|37|8|5|2|2|7|2|4|7|6|2|2|2|0|0,9.41|9.41|9.63|9.63|9.63|9.63|3.45|2.81|1.15|0.47|3.24|0.64|2.60|3.24|3.02|2.17|2.17|2.17|0.04|0.04
256,86.69,269,0,2,18,0,0,36|36|37|37|37|37|8|5|2|2|7|2|4|7|6|2|2|2|0|0,9.41|9.41|9.63|9.63|9.63|9.63|3.45|2.81|1.15|0.47|3.24|0.64|2.60|3.24|3.02|2.17|2.17|2.17|0.04|0.04
259,86.69,269,0,2,18,0,0,36|36|37|37|37|37|8|5|2|2|7|2|4|7|6|2|2|2|0|0,9.41|9.41|9.63|9.63|9.63|9.63|3.45|2.81|1.15|0.47|3.24|0.64|2.60|3.24|3.02|2.17|2.17|2.17|0.04|0.04
264,86.69,269,0,2,18,0,0,36|36|37|37|37|37|8|5|2|2|7|2|4|7|6|2|2|2|0|0,9.41|9.41|9.63|9.63|9.63|9.63|3.45|2.81|1.15|0.47|3.24|0.64|2.60|3.24|3.02|2.17|2.17|2.17|0.04|0.04
267,86.69,269,0,2,18,0,0,36|36|37|37|37|37|8|5|2|2|7|2|4|7|6|2|2|2|0|0,9.41|9.41|9.63|9.63|9.63|9.63|3.45|2.81|1.15|0.47|3.24|0.64|2.60|3.24|3.02|2.17|2.17|2.17|0.04|0.04
271,85.20,262,0,2,18,0,0,36|36|30|37|37|37|8|5|2|2|7|2|4|7|6|2|2|2|0|0,9.41|9.41|8.13|9.63|9.63|9.63|3.45|2.81|1.15|0.47|3.24|0.64|2.60|3.24|3.02|2.17|2.17|2.17|0.04|0.04
275,86.65,260,0,2,18,0,0,36|36|28|37|37|37|8|5|2|2|7|2|4|7|6|2|2|2|0|0,9.41|9.41|7.71|9.63|9.63|9.63|3.45|2.81|1.15|0.47|3.24|0.81|2.60|3.24|3.02|2.17|2.17|2.17|0.04|1.75
279,86.65,260,0,2,18,0,0,36|36|28|37|37|37|8|5|2|2|7|2|4|7|6|2|2|2|0|0,9.41|9.41|7.71|9.63|9.63|9.63|3.45|2.81|1.15|0.47|3.24|0.81|2.60|3.24|3.02|2.17|2.17|2.17|0.04|1.75
283,86.65,260,0,2,18,0,0,36|36|28|37|37|37|8|5|2|2|7|2|4|7|6|2|2|2|0|0,9.41|9.41|7.71|9.63|9.63|9.63|3.45|2.81|1.15|0.47|3.24|0.81|2.60|3.24|3.02|2.17|2.17|2.17|0.04|1.75
287,86.65,260,0,2,18,0,0,36|36|28|37|37|37|8|5|2|2|7|2|4|7|6|2|2|2|0|0,9.41|9.41|7.71|9.63|9.63|9.63|3.45|2.81|1.15|0.47|3.24|0.81|2.60|3.24|3.02|2.17|2.17|2.17|0.04|1.75
292,86.65,260,0,2,18,0,0,36|36|28|37|37|37|8|5|2|2|7|2|4|7|6|2|2|2|0|0,9.41|9.41|7.71|9.63|9.63|9.63|3.45|2.81|1.15|0.47|3.24|0.81|2.60|3.24|3.02|2.17|2.17|2.17|0.04|1.75
296,86.65,260,0,2,18,0,0,36|36|28|37|37|37|8|5|2|2|7|2|4|7|6|2|2|2|0|0,9.41|9.41|7.71|9.63|9.63|9.63|3.45|2.81|1.15|0.47|3.24|0.81|2.60|3.24|3.02|2.17|2.17|2.17|0.04|1.75
300,86.39,258,0,2,18,0,0,36|36|27|37|36|37|8|5|2|2|7|2|4|7|6|2|2|2|0|0,9.41|9.41|7.50|9.63|9.41|9.63|3.45|2.81|1.15|0.64|3.24|0.81|2.60|3.24|3.02|2.17|2.17|2.17|0.04|1.75
304,86.61,259,0,2,18,0,0,36|36|27|37|36|37|8|5|2|2|7|2|4|7|6|3|2|2|0|0,9.41|9.41|7.50|9.63|9.41|9.63|3.45|2.81|1.15|0.64|3.24|0.81|2.60|3.24|3.02|2.39|2.17|2.17|0.04|1.75
308,86.61,259,0,2,18,0,0,36|35|27|37|36|37|8|5|2|2|7|2|4|7|6|3|3|2|0|0,9.41|9.20|7.50|9.63|9.41|9.63|3.45|2.81|1.15|0.64|3.24|0.81|2.60|3.24|3.02|2.39|2.39|2.17|0.04|1.75
313,86.61,259,0,2,18,0,0,36|35|27|37|35|37|8|5|2|2|7|2|4|7|6|3|4|2|0|0,9.41|9.20|7.50|9.63|9.20|9.63|3.45|2.81|1.15|0.64|3.24|0.81|2.60|3.24|3.02|2.39|2.60|2.17|0.04|1.75
317,86.61,259,0,2,18,0,0,36|35|27|37|35|37|8|5|2|2|7|2|4|7|6|3|4|2|0|0,9.41|9.20|7.50|9.63|9.20|9.63|3.45|2.81|1.15|0.64|3.24|0.81|2.60|3.24|3.02|2.39|2.60|2.17|0.04|1.75
321,86.61,259,0,2,18,0,0,36|35|27|37|35|37|8|5|2|2|7|2|4|7|6|3|4|2|0|0,9.41|9.20|7.50|9.63|9.20|9.63|3.45|2.81|1.15|0.64|3.24|0.81|2.60|3.24|3.02|2.39|2.60|2.17|0.04|1.75
326,86.61,259,0,2,18,0,0,36|35|27|37|35|37|8|5|2|2|7|2|4|7|6|3|4|2|0|0,9.41|9.20|7.50|9.63|9.20|9.63|3.45|2.81|1.15|0.64|3.24|0.81|2.60|3.24|3.02|2.39|2.60|2.17|0.04|1.75
330,86.61,259,0,2,18,0,0,36|35|27|37|35|37|8|5|2|2|7|2|4|7|6|3|4|2|0|0,9.41|9.20|7.50|9.63|9.20|9.63|3.45|2.81|1.15|0.64|3.24|0.81|2.60|3.24|3.02|2.39|2.60|2.17|0.04|1.75
334,86.61,259,0,2,18,0,0,36|35|27|37|35|37|8|5|2|2|7|2|4|7|6|3|4|2|0|0,9.41|9.20|7.50|9.63|9.20|9.63|3.45|2.81|1.15|0.64|3.24|0.81|2.60|3.24|3.02|2.39|2.60|2.17|0.04|1.75
339,86.61,259,0,2,18,0,0,36|35|27|37|35|37|8|5|2|2|7|2|4|7|6|3|4|2|0|0,9.41|9.20|7.50|9.63|9.20|9.63|3.45|2.81|1.15|0.64|3.24|0.81|2.60|3.24|3.02|2.39|2.60|2.17|0.04|1.75
344,86.61,259,0,2,18,0,0,36|35|27|37|35|37|8|5|2|2|7|2|4|7|6|3|4|2|0|0,9.41|9.20|7.50|9.63|9.20|9.63|3.45|2.81|1.15|0.64|3.24|0.81|2.60|3.24|3.02|2.39|2.60|2.17|0.04|1.75
350,86.61,259,0,2,18,0,0,36|35|27|37|35|37|8|5|2|2|7|2|4|7|6|3|4|2|0|0,9.41|9.20|7.50|9.63|9.20|9.63|3.45|2.81|1.15|0.64|3.24|0.81|2.60|3.24|3.02|2.39|2.60|2.17|0.04|1.75
354,86.61,259,0,2,18,0,0,36|35|27|37|35|37|8|5|2|2|7|2|4|7|6|3|4|2|0|0,9.41|9.20|7.50|9.63|9.20|9.63|3.45|2.81|1.15|0.64|3.24|0.81|2.60|3.24|3.02|2.39|2.60|2.17|0.04|1.75
358,86.61,259,0,2,18,0,0,36|35|27|37|35|37|8|5|2|2|7|2|4|7|6|3|4|2|0|0,9.41|9.20|7.50|9.63|9.20|9.63|3.45|2.81|1.15|0.64|3.24|0.81|2.60|3.24|3.02|2.39|2.60|2.17|0.04|1.75
362,86.61,259,0,2,18,0,0,36|35|27|37|35|37|8|5|2|2|7|2|4|7|6|3|4|2|0|0,9.41|9.20|7.50|9.63|9.20|9.63|3.45|2.81|1.15|0.64|3.24|0.81|2.60|3.24|3.02|2.39|2.60|2.17|0.04|1.75
367,86.61,259,0,2,18,0,0,36|35|27|37|35|37|8|5|2|2|7|2|4|7|6|3|4|2|0|0,9.41|9.20|7.50|9.63|9.20|9.63|3.45|2.81|1.15|0.64|3.24|0.81|2.60|3.24|3.02|2.39|2.60|2.17|0.04|1.75
371,86.61,259,0,2,18,0,0,36|35|27|37|35|37|8|5|2|2|7|2|4|7|6|3|4|2|0|0,9.41|9.20|7.50|9.63|9.20|9.63|3.45|2.81|1.15|0.64|3.24|0.81|2.60|3.24|3.02|2.39|2.60|2.17|0.04|1.75
375,86.61,259,0,2,18,0,0,36|35|27|37|35|37|8|5|2|2|7|2|4|7|6|3|4|2|0|0,9.41|9.20|7.50|9.63|9.20|9.63|3.45|2.81|1.15|0.64|3.24|0.81|2.60|3.24|3.02|2.39|2.60|2.17|0.04|1.75
379,86.61,259,0,2,18,0,0,36|35|27|37|35|37|8|5|2|2|7|2|4|7|6|3|4|2|0|0,9.41|9.20|7.50|9.63|9.20|9.63|3.45|2.81|1.15|0.64|3.24|0.81|2.60|3.24|3.02|2.39|2.60|2.17|0.04|1.75
390,86.61,259,0,2,18,0,0,36|35|27|37|35|37|8|5|2|2|7|2|4|7|6|3|4|2|0|0,9.41|9.20|7.50|9.63|9.20|9.63|3.45|2.81|1.15|0.64|3.24|0.81|2.60|3.24|3.02|2.39|2.60|2.17|0.04|1.75
394,86.61,259,0,2,18,0,0,36|35|27|37|35|37|8|5|2|2|7|2|4|7|6|3|4|2|0|0,9.41|9.20|7.50|9.63|9.20|9.63|3.45|2.81|1.15|0.64|3.24|0.81|2.60|3.24|3.02|2.39|2.60|2.17|0.04|1.75
401,86.61,259,0,2,18,0,0,36|35|27|37|35|37|8|5|2|2|7|2|4|7|6|3|4|2|0|0,9.41|9.20|7.50|9.63|9.20|9.63|3.45|2.81|1.15|0.64|3.24|0.81|2.60|3.24|3.02|2.39|2.60|2.17|0.04|1.75
409,86.61,259,0,2,18,0,0,36|35|27|37|35|37|8|5|2|2|7|2|4|7|6|3|4|2|0|0,9.41|9.20|7.50|9.63|9.20|9.63|3.45|2.81|1.15|0.64|3.24|0.81|2.60|3.24|3.02|2.39|2.60|2.17|0.04|1.75
415,86.61,259,0,2,18,0,0,36|35|27|37|35|37|8|5|2|2|7|2|4|7|6|3|4|2|0|0,9.41|9.20|7.50|9.63|9.20|9.63|3.45|2.81|1.15|0.64|3.24|0.81|2.60|3.24|3.02|2.39|2.60|2.17|0.04|1.75
419,86.61,259,0,2,18,0,0,36|35|27|37|35|37|8|5|2|2|7|2|4|7|6|3|4|2|0|0,9.41|9.20|7.50|9.63|9.20|9.63|3.45|2.81|1.15|0.64|3.24|0.81|2.60|3.24|3.02|2.39|2.60|2.17|0.04|1.75
423,86.61,259,0,2,18,0,0,36|35|27|37|35|37|8|5|2|2|7|2|4|7|6|3|4|2|0|0,9.41|9.20|7.50|9.63|9.20|9.63|3.45|2.81|1.15|0.64|3.24|0.81|2.60|3.24|3.02|2.39|2.60|2.17|0.04|1.75
427,86.61,259,0,2,18,0,0,36|35|27|37|35|37|8|5|2|2|7|2|4|7|6|3|4|2|0|0,9.41|9.20|7.50|9.63|9.20|9.63|3.45|2.81|1.15|0.64|3.24|0.81|2.60|3.24|3.02|2.39|2.60|2.17|0.04|1.75
431,86.61,259,0,2,18,0,0,36|35|27|37|35|37|8|5|2|2|7|2|4|7|6|3|4|2|0|0,9.41|9.20|7.50|9.63|9.20|9.63|3.45|2.81|1.15|0.64|3.24|0.81|2.60|3.24|3.02|2.39|2.60|2.17|0.04|1.75
436,86.61,259,0,2,18,0,0,36|35|27|37|35|37|8|5|2|2|7|2|4|7|6|3|4|2|0|0,9.41|9.20|7.50|9.63|9.20|9.63|3.45|2.81|1.15|0.64|3.24|0.81|2.60|3.24|3.02|2.39|2.60|2.17|0.04|1.75
439,86.61,259,0,2,18,0,0,36|35|27|37|35|37|8|5|2|2|7|2|4|7|6|3|4|2|0|0,9.41|9.20|7.50|9.63|9.20|9.63|3.45|2.81|1.15|0.64|3.24|0.81|2.60|3.24|3.02|2.39|2.60|2.17|0.04|1.75
443,86.61,259,0,2,18,0,0,36|35|27|37|35|37|8|5|2|2|7|2|4|7|6|3|4|2|0|0,9.41|9.20|7.50|9.63|9.20|9.63|3.45|2.81|1.15|0.64|3.24|0.81|2.60|3.24|3.02|2.39|2.60|2.17|0.04|1.75
449,86.61,259,0,2,18,0,0,36|35|27|37|35|37|8|5|2|2|7|2|4|7|6|3|4|2|0|0,9.41|9.20|7.50|9.63|9.20|9.63|3.45|2.81|1.15|0.64|3.24|0.81|2.60|3.24|3.02|2.39|2.60|2.17|0.04|1.75
456,86.61,259,0,2,18,0,0,36|35|27|37|35|37|8|5|2|2|7|2|4|7|6|3|4|2|0|0,9.41|9.20|7.50|9.63|9.20|9.63|3.45|2.81|1.15|0.64|3.24|0.81|2.60|3.24|3.02|2.39|2.60|2.17|0.04|1.75
460,86.61,259,0,2,18,0,0,36|35|27|37|35|37|8|5|2|2|7|2|4|7|6|3|4|2|0|0,9.41|9.20|7.50|9.63|9.20|9.63|3.45|2.81|1.15|0.64|3.24|0.81|2.60|3.24|3.02|2.39|2.60|2.17|0.04|1.75
464,86.61,259,0,2,18,0,0,36|35|27|37|35|37|8|5|2|2|7|2|4|7|6|3|4|2|0|0,9.41|9.20|7.50|9.63|9.20|9.63|3.45|2.81|1.15|0.64|3.24|0.81|2.60|3.24|3.02|2.39|2.60|2.17|0.04|1.75
468,86.61,259,0,2,18,0,0,36|35|27|37|35|37|8|5|2|2|7|2|4|7|6|3|4|2|0|0,9.41|9.20|7.50|9.63|9.20|9.63|3.45|2.81|1.15|0.64|3.24|0.81|2.60|3.24|3.02|2.39|2.60|2.17|0.04|1.75
473,86.61,259,0,2,18,0,0,36|35|27|37|35|37|8|5|2|2|7|2|4|7|6|3|4|2|0|0,9.41|9.20|7.50|9.63|9.20|9.63|3.45|2.81|1.15|0.64|3.24|0.81|2.60|3.24|3.02|2.39|2.60|2.17|0.04|1.75
477,86.61,259,0,2,18,0,0,36|35|27|37|35|37|8|5|2|2|7|2|4|7|6|3|4|2|0|0,9.41|9.20|7.50|9.63|9.20|9.63|3.45|2.81|1.15|0.64|3.24|0.81|2.60|3.24|3.02|2.39|2.60|2.17|0.04|1.75
481,86.61,259,0,2,18,0,0,36|35|27|37|35|37|8|5|2|2|7|2|4|7|6|3|4|2|0|0,9.41|9.20|7.50|9.63|9.20|9.63|3.45|2.81|1.15|0.64|3.24|0.81|2.60|3.24|3.02|2.39|2.60|2.17|0.04|1.75
485,86.61,259,0,2,18,0,0,36|35|27|37|35|37|8|5|2|2|7|2|4|7|6|3|4|2|0|0,9.41|9.20|7.50|9.63|9.20|9.63|3.45|2.81|1.15|0.64|3.24|0.81|2.60|3.24|3.02|2.39|2.60|2.17|0.04|1.75
489,86.61,259,0,2,18,0,0,36|35|27|37|35|37|8|5|2|2|7|2|4|7|6|3|4|2|0|0,9.41|9.20|7.50|9.63|9.20|9.63|3.45|2.81|1.15|0.64|3.24|0.81|2.60|3.24|3.02|2.39|2.60|2.17|0.04|1.75
493,86.61,259,0,2,18,0,0,36|35|27|37|35|37|8|5|2|2|7|2|4|7|6|3|4|2|0|0,9.41|9.20|7.50|9.63|9.20|9.63|3.45|2.81|1.15|0.64|3.24|0.81|2.60|3.24|3.02|2.39|2.60|2.17|0.04|1.75
497,86.61,259,0,2,18,0,0,36|35|27|37|35|37|8|5|2|2|7|2|4|7|6|3|4|2|0|0,9.41|9.20|7.50|9.63|9.20|9.63|3.45|2.81|1.15|0.64|3.24|0.81|2.60|3.24|3.02|2.39|2.60|2.17|0.04|1.75
501,86.61,259,0,2,18,0,0,36|35|27|37|35|37|8|5|2|2|7|2|4|7|6|3|4|2|0|0,9.41|9.20|7.50|9.63|9.20|9.63|3.45|2.81|1.15|0.64|3.24|0.81|2.60|3.24|3.02|2.39|2.60|2.17|0.04|1.75
505,86.61,259,0,2,18,0,0,36|35|27|37|35|37|8|5|2|2|7|2|4|7|6|3|4|2|0|0,9.41|9.20|7.50|9.63|9.20|9.63|3.45|2.81|1.15|0.64|3.24|0.81|2.60|3.24|3.02|2.39|2.60|2.17|0.04|1.75
510,86.61,259,0,2,18,0,0,36|35|27|37|35|37|8|5|2|2|7|2|4|7|6|3|4|2|0|0,9.41|9.20|7.50|9.63|9.20|9.63|3.45|2.81|1.15|0.64|3.24|0.81|2.60|3.24|3.02|2.39|2.60|2.17|0.04|1.75
514,86.61,259,0,2,18,0,0,36|35|27|37|35|37|8|5|2|2|7|2|4|7|6|3|4|2|0|0,9.41|9.20|7.50|9.63|9.20|9.63|3.45|2.81|1.15|0.64|3.24|0.81|2.60|3.24|3.02|2.39|2.60|2.17|0.04|1.75
518,86.61,259,0,2,18,0,0,36|35|27|37|35|37|8|5|2|2|7|2|4|7|6|3|4|2|0|0,9.41|9.20|7.50|9.63|9.20|9.63|3.45|2.81|1.15|0.64|3.24|0.81|2.60|3.24|3.02|2.39|2.60|2.17|0.04|1.75
522,86.61,259,0,2,18,0,0,36|35|27|37|35|37|8|5|2|2|7|2|4|7|6|3|4|2|0|0,9.41|9.20|7.50|9.63|9.20|9.63|3.45|2.81|1.15|0.64|3.24|0.81|2.60|3.24|3.02|2.39|2.60|2.17|0.04|1.75
526,86.61,259,0,2,18,0,0,36|35|27|37|35|37|8|5|2|2|7|2|4|7|6|3|4|2|0|0,9.41|9.20|7.50|9.63|9.20|9.63|3.45|2.81|1.15|0.64|3.24|0.81|2.60|3.24|3.02|2.39|2.60|2.17|0.04|1.75
531,86.61,259,0,2,18,0,0,36|35|27|37|35|37|8|5|2|2|7|2|4|7|6|3|4|2|0|0,9.41|9.20|7.50|9.63|9.20|9.63|3.45|2.81|1.15|0.64|3.24|0.81|2.60|3.24|3.02|2.39|2.60|2.17|0.04|1.75
536,86.61,259,0,2,18,0,0,36|35|27|37|35|37|8|5|2|2|7|2|4|7|6|3|4|2|0|0,9.41|9.20|7.50|9.63|9.20|9.63|3.45|2.81|1.15|0.64|3.24|0.81|2.60|3.24|3.02|2.39|2.60|2.17|0.04|1.75
540,86.61,259,0,2,18,0,0,36|35|27|37|35|37|8|5|2|2|7|2|4|7|6|3|4|2|0|0,9.41|9.20|7.50|9.63|9.20|9.63|3.45|2.81|1.15|0.64|3.24|0.81|2.60|3.24|3.02|2.39|2.60|2.17|0.04|1.75
544,86.61,259,0,2,18,0,0,36|35|27|37|35|37|8|5|2|2|7|2|4|7|6|3|4|2|0|0,9.41|9.20|7.50|9.63|9.20|9.63|3.45|2.81|1.15|0.64|3.24|0.81|2.60|3.24|3.02|2.39|2.60|2.17|0.04|1.75
548,86.61,259,0,2,18,0,0,36|35|27|37|35|37|8|5|2|2|7|2|4|7|6|3|4|2|0|0,9.41|9.20|7.50|9.63|9.20|9.63|3.45|2.81|1.15|0.64|3.24|0.81|2.60|3.24|3.02|2.39|2.60|2.17|0.04|1.75
552,86.61,259,0,2,18,0,0,36|35|27|37|35|37|8|5|2|2|7|2|4|7|6|3|4|2|0|0,9.41|9.20|7.50|9.63|9.20|9.63|3.45|2.81|1.15|0.64|3.24|0.81|2.60|3.24|3.02|2.39|2.60|2.17|0.04|1.75
556,86.61,259,0,2,18,0,0,36|35|27|37|35|37|8|5|2|2|7|2|4|7|6|3|4|2|0|0,9.41|9.20|7.50|9.63|9.20|9.63|3.45|2.81|1.15|0.64|3.24|0.81|2.60|3.24|3.02|2.39|2.60|2.17|0.04|1.75
560,86.61,259,0,2,18,0,0,36|35|27|37|35|37|8|5|2|2|7|2|4|7|6|3|4|2|0|0,9.41|9.20|7.50|9.63|9.20|9.63|3.45|2.81|1.15|0.64|3.24|0.81|2.60|3.24|3.02|2.39|2.60|2.17|0.04|1.75
564,86.61,259,0,2,18,0,0,36|35|27|37|35|37|8|5|2|2|7|2|4|7|6|3|4|2|0|0,9.41|9.20|7.50|9.63|9.20|9.63|3.45|2.81|1.15|0.64|3.24|0.81|2.60|3.24|3.02|2.39|2.60|2.17|0.04|1.75
568,86.61,259,0,2,18,0,0,36|35|27|37|35|37|8|5|2|2|7|2|4|7|6|3|4|2|0|0,9.41|9.20|7.50|9.63|9.20|9.63|3.45|2.81|1.15|0.64|3.24|0.81|2.60|3.24|3.02|2.39|2.60|2.17|0.04|1.75
572,86.61,259,0,2,18,0,0,36|35|27|37|35|37|8|5|2|2|7|2|4|7|6|3|4|2|0|0,9.41|9.20|7.50|9.63|9.20|9.63|3.45|2.81|1.15|0.64|3.24|0.81|2.60|3.24|3.02|2.39|2.60|2.17|0.04|1.75
577,86.61,259,0,2,18,0,0,36|35|27|37|35|37|8|5|2|2|7|2|4|7|6|3|4|2|0|0,9.41|9.20|7.50|9.63|9.20|9.63|3.45|2.81|1.15|0.64|3.24|0.81|2.60|3.24|3.02|2.39|2.60|2.17|0.04|1.75
581,86.61,259,0,0,18,0,0,36|35|27|37|35|37|8|5|2|2|7|2|4|7|6|3|4|2|0|0,9.41|9.20|7.50|9.63|9.20|9.63|3.45|2.81|1.15|0.64|3.24|0.81|2.60|3.24|3.02|2.39|2.60|2.17|0.04|1.75
586,86.61,259,0,0,18,0,0,36|35|27|37|35|37|8|5|2|2|7|2|4|7|6|3|4|2|0|0,9.41|9.20|7.50|9.63|9.20|9.63|3.45|2.81|1.15|0.64|3.24|0.81|2.60|3.24|3.02|2.39|2.60|2.17|0.04|1.75
590,63.57,163,0,0,16,2,0,0|0|2|37|35|37|8|5|2|2|7|2|4|7|6|3|4|2|0|0,0.85|0.21|2.00|9.63|9.20|9.63|3.45|2.81|1.15|0.64|3.24|0.81|2.60|3.24|3.02|2.39|2.60|2.17|0.04|1.75
594,42.23,85,0,0,13,5,0,0|0|0|0|0|33|8|5|2|2|7|2|4|7|6|3|4|2|0|0,0.34|0.00|0.17|0.51|0.38|8.77|3.45|2.81|1.15|0.64|3.24|0.81|2.60|3.24|3.02|2.39|2.60|2.17|0.04|1.75
597,27.15,38,0,0,10,7,0,0|0|0|0|0|0|0|0|1|2|7|2|4|7|6|3|4|2|0|0,0.00|0.00|0.17|0.17|0.00|0.17|0.21|0.85|0.94|0.64|3.24|0.81|2.60|3.24|3.02|2.39|2.60|2.17|0.04|1.75
600,24.04,31,0,0,8,4,0,0|0|0|0|0|0|0|0|0|0|3|2|4|7|6|3|4|2|0|0,0.00|0.00|0.00|0.17|0.00|0.17|0.21|0.34|0.17|0.00|2.21|0.81|2.60|3.24|3.02|2.39|2.60|2.17|0.04|1.75
602,20.12,25,0,0,6,3,0,0|0|0|0|0|0|0|0|0|0|0|0|3|7|6|3|4|2|0|0,0.00|0.00|0.00|0.00|0.00|0.00|0.00|0.17|0.17|0.00|0.04|0.00|2.39|3.24|3.02|2.39|2.60|2.17|0.04|1.75
604,15.65,13,0,0,5,1,0,0|0|0|0|0|0|0|0|0|0|0|0|0|1|3|3|4|2|0|0,0.00|0.00|0.00|0.00|0.00|0.00|0.00|0.00|0.00|0.00|0.00|0.00|0.55|1.62|2.39|2.39|2.60|2.17|0.04|1.75
606,12.54,8,0,0,3,3,0,0|0|0|0|0|0|0|0|0|0|0|0|0|0|0|2|4|2|0|0,0.00|0.00|0.00|0.00|0.00|0.00|0.00|0.00|0.00|0.00|0.00|0.00|0.21|0.38|1.06|2.17|2.60|2.17|0.04|1.75
607,9.43,4,0,0,2,2,0,0|0|0|0|0|0|0|0|0|0|0|0|0|0|0|0|2|2|0|0,0.00|0.00|0.00|0.00|0.00|0.00|0.00|0.00|0.00|0.00|0.00|0.00|0.21|0.38|0.17|0.38|2.17|2.17|0.04|1.75
609,6.45,0,0,0,0,4,0,0|0|0|0|0|0|0|0|0|0|0|0|0|0|0|0|0|0|0|0,0.00|0.00|0.00|0.00|0.00|0.00|0.00|0.00|0.00|0.00|0.00|0.00|0.17|0.21|0.17|0.21|0.68|1.06|0.04|1.75
611,5.00,0,0,0,0,3,0,0|0|0|0|0|0|0|0|0|0|0|0|0|0|0|0|0|0|0|0,0.00|0.00|0.00|0.00|0.00|0.00|0.00|0.00|0.00|0.00|0.00|0.00|0.17|0.17|0.17|0.21|0.17|0.21|0.00|1.75
612,3.17,0,0,0,0,2,0,0|0|0|0|0|0|0|0|0|0|0|0|0|0|0|0|0|0|0|0,0.00|0.00|0.00|0.00|0.00|0.00|0.00|0.00|0.00|0.00|0.00|0.00|0.00|0.17|0.00|0.17|0.17|0.17|0.00|0.34
614,3.17,0,0,0,0,2,0,0|0|0|0|0|0|0|0|0|0|0|0|0|0|0|0|0|0|0|0,0.00|0.00|0.00|0.00|0.00|0.00|0.00|0.00|0.00|0.00|0.00|0.00|0.00|0.17|0.00|0.17|0.17|0.17|0.00|0.34
616,2.83,0,0,0,0,0,0,0|0|0|0|0|0|0|0|0|0|0|0|0|0|0|0|0|0|0|0,0.00|0.00|0.00|0.00|0.00|0.00|0.00|0.00|0.00|0.00|0.00|0.00|0.00|0.00|0.00|0.17|0.17|0.00|0.00|0.34
