3,53.26,0,5,1,0,0,400,0|0|0|0|0|0,0.00|0.00|0.00|0.00|0.00|0.00
6,58.20,15,5,0,1,0,400,15|0|0|0|0|0,4.94|0.00|0.00|0.00|0.00|0.00
11,59.09,16,4,0,2,0,400,15|1|0|0|0|0,4.94|0.89|0.00|0.00|0.00|0.00
14,72.72,75,3,1,2,0,400,60|15|0|0|0|0,14.52|4.94|0.00|0.00|0.00|0.00
18,82.94,115,3,0,3,0,400,60|40|15|0|0|0,14.52|10.26|4.90|0.00|0.00|0.00
22,87.29,127,2,1,3,0,400,60|52|15|0|0|0,14.52|12.82|4.94|1.75|0.00|0.00
26,87.80,127,1,2,3,0,400,60|52|15|0|0|0,14.52|12.82|4.94|1.75|0.51|0.00
30,88.69,127,0,3,3,0,400,60|52|15|0|0|0,14.52|12.82|4.94|1.75|1.41|0.00
35,88.69,127,0,3,3,0,400,60|52|15|0|0|0,14.52|12.82|4.94|1.75|1.41|0.00
40,88.74,127,0,3,3,0,400,60|52|15|0|0|0,14.52|12.82|4.94|1.75|1.41|0.04
44,88.74,127,0,3,3,0,400,60|52|15|0|0|0,14.52|12.82|4.94|1.75|1.41|0.04
48,88.74,127,0,3,3,0,400,60|52|15|0|0|0,14.52|12.82|4.94|1.75|1.41|0.04
52,88.74,127,0,3,3,0,400,60|52|15|0|0|0,14.52|12.82|4.94|1.75|1.41|0.04
56,88.10,124,0,3,3,0,400,57|52|15|0|0|0,13.88|12.82|4.94|1.75|1.41|0.04
60,81.71,94,0,2,4,0,400,20|52|15|0|7|0,6.01|12.82|4.94|1.75|2.90|0.04
64,85.97,106,0,1,5,0,400,20|52|15|0|7|12,6.01|12.82|4.94|1.75|2.90|4.30
68,86.61,109,0,1,5,0,400,20|52|15|0|7|15,6.01|12.82|4.94|1.75|2.90|4.94
73,86.61,109,0,1,5,0,400,20|52|15|0|7|15,6.01|12.82|4.94|1.75|2.90|4.94
76,86.61,109,0,1,5,0,400,20|52|15|0|7|15,6.01|12.82|4.94|1.75|2.90|4.94
80,86.61,109,0,1,5,0,400,20|52|15|0|7|15,6.01|12.82|4.94|1.75|2.90|4.94
85,88.31,117,0,1,5,0,400,20|60|15|0|7|15,6.01|14.52|4.94|1.75|2.90|4.94
89,88.31,117,0,1,5,0,400,20|60|15|0|7|15,6.01|14.52|4.94|1.75|2.90|4.94
93,88.65,117,0,1,5,0,400,20|60|15|0|7|15,6.01|14.52|4.94|1.75|3.24|4.94
97,88.65,117,0,1,5,0,400,20|60|15|0|7|15,6.01|14.52|4.94|1.75|3.24|4.94
101,72.08,86,0,1,5,0,322,2|60|15|0|7|2,2.17|14.52|4.94|1.75|3.24|2.17
105,69.91,86,0,1,5,0,305,2|60|15|0|7|2,2.17|14.52|4.94|1.75|3.24|2.17
109,69.40,86,0,1,5,0,301,2|60|15|0|7|2,2.17|14.52|4.94|1.75|3.24|2.17
113,70.34,91,0,1,5,0,300,7|60|15|0|7|2,3.24|14.52|4.94|1.75|3.24|2.17
118,82.05,146,0,1,5,0,300,40|56|15|0|7|28,10.26|13.67|4.94|1.75|3.24|7.71
122,79.07,132,0,1,5,0,300,42|26|15|0|7|42,10.69|7.28|4.94|1.75|3.24|10.69
126,83.75,154,0,1,5,0,300,53|26|15|0|7|53,13.03|7.28|4.94|1.75|3.24|13.03
130,83.97,155,0,1,5,0,300,53|26|15|0|7|54,13.03|7.28|4.94|1.75|3.24|13.25
134,83.97,155,0,1,5,0,300,53|26|15|0|7|54,13.03|7.28|4.94|1.75|3.24|13.25
139,83.97,155,0,1,5,0,300,53|26|15|0|7|54,13.03|7.28|4.94|1.75|3.24|13.25
143,83.97,155,0,1,5,0,300,53|26|15|0|7|54,13.03|7.28|4.94|1.75|3.24|13.25
147,86.73,168,0,0,6,0,300,53|26|15|13|7|54,13.03|7.28|4.94|4.51|3.24|13.25
151,86.73,168,0,0,6,0,300,53|26|15|13|7|54,13.03|7.28|4.94|4.51|3.24|13.25
155,86.73,168,0,0,6,0,300,53|26|15|13|7|54,13.03|7.28|4.94|4.51|3.24|13.25
159,85.88,164,0,0,6,0,300,49|26|15|13|7|54,12.18|7.28|4.94|4.51|3.24|13.25
163,85.88,164,0,0,6,0,300,47|24|19|15|7|52,11.75|6.86|5.79|4.94|3.24|12.82
167,86.73,168,0,0,6,0,300,47|23|19|16|12|51,11.75|6.64|5.79|5.15|4.30|12.61
171,86.73,168,0,0,6,0,300,47|23|19|16|12|51,11.75|6.64|5.79|5.15|4.30|12.61
176,86.73,168,0,0,6,0,300,47|23|19|16|12|51,11.75|6.64|5.79|5.15|4.30|12.61
180,86.73,168,0,0,6,0,300,47|23|19|16|12|51,11.75|6.64|5.79|5.15|4.30|12.61
184,86.73,168,0,0,6,0,300,47|23|19|16|12|51,11.75|6.64|5.79|5.15|4.30|12.61
189,86.73,168,0,0,6,0,300,47|23|19|16|12|51,11.75|6.64|5.79|5.15|4.30|12.61
193,75.23,168,0,0,6,0,210,47|23|19|16|12|51,11.75|6.64|5.79|5.15|4.30|12.61
197,74.47,168,0,0,6,0,204,47|23|19|16|12|51,11.75|6.64|5.79|5.15|4.30|12.61
200,74.94,172,0,0,6,0,201,48|24|19|17|12|52,11.97|6.86|5.79|5.37|4.30|12.82
205,79.28,193,0,0,6,0,200,51|40|19|18|12|53,12.61|10.26|5.79|5.58|4.30|13.03
209,80.56,199,0,0,6,0,200,52|45|19|18|12|53,12.82|11.33|5.79|5.58|4.30|13.03
213,80.56,199,0,0,6,0,200,52|45|19|18|12|53,12.82|11.33|5.79|5.58|4.30|13.03
218,80.56,199,0,0,6,0,200,52|45|19|18|12|53,12.82|11.33|5.79|5.58|4.30|13.03
222,80.56,199,0,0,6,0,200,52|45|19|18|12|53,12.82|11.33|5.79|5.58|4.30|13.03
227,80.56,199,0,0,6,0,200,52|45|19|18|12|53,12.82|11.33|5.79|5.58|4.30|13.03
231,80.56,199,0,0,6,0,200,52|45|19|18|12|53,12.82|11.33|5.79|5.58|4.30|13.03
235,80.56,199,0,0,6,0,200,52|45|19|18|12|53,12.82|11.33|5.79|5.58|4.30|13.03
239,80.56,199,0,0,6,0,200,52|45|19|18|12|53,12.82|11.33|5.79|5.58|4.30|13.03
243,80.56,199,0,0,6,0,200,52|45|19|18|12|53,12.82|11.33|5.79|5.58|4.30|13.03
247,80.56,199,0,0,6,0,200,52|45|19|18|12|53,12.82|11.33|5.79|5.58|4.30|13.03
250,80.56,199,0,0,6,0,200,52|45|19|18|12|53,12.82|11.33|5.79|5.58|4.30|13.03
254,80.56,199,0,0,6,0,200,52|45|19|18|12|53,12.82|11.33|5.79|5.58|4.30|13.03
258,80.56,199,0,0,6,0,200,52|45|19|18|12|53,12.82|11.33|5.79|5.58|4.30|13.03
262,80.56,199,0,0,6,0,200,52|45|19|18|12|53,12.82|11.33|5.79|5.58|4.30|13.03
266,80.56,199,0,0,6,0,200,52|45|19|18|12|53,12.82|11.33|5.79|5.58|4.30|13.03
270,80.56,199,0,0,6,0,200,52|45|19|18|12|53,12.82|11.33|5.79|5.58|4.30|13.03
275,80.56,199,0,0,6,0,200,52|45|19|18|12|53,12.82|11.33|5.79|5.58|4.30|13.03
279,80.56,199,0,0,6,0,200,52|45|19|18|12|53,12.82|11.33|5.79|5.58|4.30|13.03
283,74.55,199,0,0,6,0,153,52|45|19|18|12|53,12.82|11.33|5.79|5.58|4.30|13.03
286,75.41,230,0,0,6,0,108,52|45|50|18|12|53,12.82|11.33|12.39|5.58|4.30|13.03
290,75.62,234,0,0,6,0,103,52|45|51|18|15|53,12.82|11.33|12.61|5.58|4.94|13.03
294,77.58,245,0,0,6,0,100,52|45|51|18|26|53,12.82|11.33|12.61|5.58|7.28|13.03
298,80.77,260,0,0,6,0,100,52|45|51|18|41|53,12.82|11.33|12.61|5.58|10.48|13.03
302,80.77,260,0,0,6,0,100,52|45|51|18|41|53,12.82|11.33|12.61|5.58|10.48|13.03
306,80.77,260,0,0,6,0,100,52|45|51|18|41|53,12.82|11.33|12.61|5.58|10.48|13.03
310,80.77,260,0,0,6,0,100,52|45|51|18|41|53,12.82|11.33|12.61|5.58|10.48|13.03
313,80.77,260,0,0,6,0,100,52|45|51|18|41|53,12.82|11.33|12.61|5.58|10.48|13.03
317,80.77,260,0,0,6,0,100,52|45|51|18|41|53,12.82|11.33|12.61|5.58|10.48|13.03
321,80.77,260,0,0,6,0,100,52|45|51|18|41|53,12.82|11.33|12.61|5.58|10.48|13.03
325,80.77,260,0,0,6,0,100,52|45|51|18|41|53,12.82|11.33|12.61|5.58|10.48|13.03
329,80.77,260,0,0,6,0,100,52|45|51|18|41|53,12.82|11.33|12.61|5.58|10.48|13.03
333,80.77,260,0,0,6,0,100,52|45|51|18|41|53,12.82|11.33|12.61|5.58|10.48|13.03
337,80.77,260,0,0,6,0,100,52|45|51|18|41|53,12.82|11.33|12.61|5.58|10.48|13.03
340,80.77,260,0,0,6,0,100,52|45|51|18|41|53,12.82|11.33|12.61|5.58|10.48|13.03
344,80.77,260,0,0,6,0,100,52|45|51|18|41|53,12.82|11.33|12.61|5.58|10.48|13.03
348,80.77,260,0,0,6,0,100,52|45|51|18|41|53,12.82|11.33|12.61|5.58|10.48|13.03
351,80.77,260,0,0,6,0,100,52|45|51|18|41|53,12.82|11.33|12.61|5.58|10.48|13.03
355,80.77,260,0,0,6,0,100,52|45|51|18|41|53,12.82|11.33|12.61|5.58|10.48|13.03
359,80.77,260,0,0,6,0,100,52|45|51|18|41|53,12.82|11.33|12.61|5.58|10.48|13.03
363,80.77,260,0,0,6,0,100,52|45|51|18|41|53,12.82|11.33|12.61|5.58|10.48|13.03
366,80.77,260,0,0,6,0,100,52|45|51|18|41|53,12.82|11.33|12.61|5.58|10.48|13.03
370,80.77,260,0,0,6,0,100,52|45|51|18|41|53,12.82|11.33|12.61|5.58|10.48|13.03
374,89.33,260,0,0,6,0,167,52|45|51|18|41|53,12.82|11.33|12.61|5.58|10.48|13.03
378,90.23,260,0,0,6,0,174,52|45|51|18|41|53,12.82|11.33|12.61|5.58|10.48|13.03
382,90.23,260,0,0,6,0,174,52|45|51|18|41|53,12.82|11.33|12.61|5.58|10.48|13.03
386,90.23,260,0,0,6,0,174,52|45|51|18|41|53,12.82|11.33|12.61|5.58|10.48|13.03
390,90.23,260,0,0,6,0,174,52|45|51|18|41|53,12.82|11.33|12.61|5.58|10.48|13.03
394,90.23,260,0,0,6,0,174,52|45|51|18|41|53,12.82|11.33|12.61|5.58|10.48|13.03
398,90.23,260,0,0,6,0,174,52|45|51|18|41|53,12.82|11.33|12.61|5.58|10.48|13.03
402,90.23,260,0,0,6,0,174,52|45|51|18|41|53,12.82|11.33|12.61|5.58|10.48|13.03
406,90.23,260,0,0,6,0,174,52|45|51|18|41|53,12.82|11.33|12.61|5.58|10.48|13.03
410,90.23,260,0,0,6,0,174,52|45|51|18|41|53,12.82|11.33|12.61|5.58|10.48|13.03
414,90.23,260,0,0,6,0,174,52|45|51|18|41|53,12.82|11.33|12.61|5.58|10.48|13.03
418,90.23,260,0,0,6,0,174,52|45|51|18|41|53,12.82|11.33|12.61|5.58|10.48|13.03
422,90.23,260,0,0,6,0,174,52|45|51|18|41|53,12.82|11.33|12.61|5.58|10.48|13.03
426,90.23,260,0,0,6,0,174,52|45|51|18|41|53,12.82|11.33|12.61|5.58|10.48|13.03
430,90.23,260,0,0,6,0,174,52|45|51|18|41|53,12.82|11.33|12.61|5.58|10.48|13.03
434,90.23,260,0,0,6,0,174,52|45|51|18|41|53,12.82|11.33|12.61|5.58|10.48|13.03
437,90.23,260,0,0,6,0,174,52|45|51|18|41|53,12.82|11.33|12.61|5.58|10.48|13.03
441,90.23,260,0,0,6,0,174,52|45|51|18|41|53,12.82|11.33|12.61|5.58|10.48|13.03
445,90.23,260,0,0,6,0,174,52|45|51|18|41|53,12.82|11.33|12.61|5.58|10.48|13.03
449,90.23,260,0,0,6,0,174,52|45|51|18|41|53,12.82|11.33|12.61|5.58|10.48|13.03
453,90.23,260,0,0,6,0,174,52|45|51|18|41|53,12.82|11.33|12.61|5.58|10.48|13.03
457,90.23,260,0,0,6,0,174,52|45|51|18|41|53,12.82|11.33|12.61|5.58|10.48|13.03
461,90.23,260,0,0,6,0,174,52|45|51|18|41|53,12.82|11.33|12.61|5.58|10.48|13.03
465,90.23,260,0,0,6,0,174,52|45|51|18|41|53,12.82|11.33|12.61|5.58|10.48|13.03
469,90.23,260,0,0,6,0,174,52|45|51|18|41|53,12.82|11.33|12.61|5.58|10.48|13.03
474,90.23,260,0,0,6,0,174,52|45|51|18|41|53,12.82|11.33|12.61|5.58|10.48|13.03
478,90.23,260,0,0,6,0,174,52|45|51|18|41|53,12.82|11.33|12.61|5.58|10.48|13.03
482,90.23,260,0,0,6,0,174,52|45|51|18|41|53,12.82|11.33|12.61|5.58|10.48|13.03
486,90.23,260,0,0,6,0,174,52|45|51|18|41|53,12.82|11.33|12.61|5.58|10.48|13.03
491,90.23,260,0,0,6,0,174,52|45|51|18|41|53,12.82|11.33|12.61|5.58|10.48|13.03
495,90.23,260,0,0,6,0,174,52|45|51|18|41|53,12.82|11.33|12.61|5.58|10.48|13.03
499,90.23,260,0,0,6,0,174,52|45|51|18|41|53,12.82|11.33|12.61|5.58|10.48|13.03
503,90.23,260,0,0,6,0,174,52|45|51|18|41|53,12.82|11.33|12.61|5.58|10.48|13.03
508,90.23,260,0,0,6,0,174,52|45|51|18|41|53,12.82|11.33|12.61|5.58|10.48|13.03
512,90.23,260,0,0,6,0,174,52|45|51|18|41|53,12.82|11.33|12.61|5.58|10.48|13.03
516,90.23,260,0,0,6,0,174,52|45|51|18|41|53,12.82|11.33|12.61|5.58|10.48|13.03
521,90.23,260,0,0,6,0,174,52|45|51|18|41|53,12.82|11.33|12.61|5.58|10.48|13.03
525,90.23,260,0,0,6,0,174,52|45|51|18|41|53,12.82|11.33|12.61|5.58|10.48|13.03
529,90.23,260,0,0,6,0,174,52|45|51|18|41|53,12.82|11.33|12.61|5.58|10.48|13.03
534,90.23,260,0,0,6,0,174,52|45|51|18|41|53,12.82|11.33|12.61|5.58|10.48|13.03
539,90.23,260,0,0,6,0,174,52|45|51|18|41|53,12.82|11.33|12.61|5.58|10.48|13.03
544,90.23,260,0,0,6,0,174,52|45|51|18|41|53,12.82|11.33|12.61|5.58|10.48|13.03
548,90.23,260,0,0,6,0,174,52|45|51|18|41|53,12.82|11.33|12.61|5.58|10.48|13.03
553,90.23,260,0,0,6,0,174,52|45|51|18|41|53,12.82|11.33|12.61|5.58|10.48|13.03
558,90.23,260,0,0,6,0,174,52|45|51|18|41|53,12.82|11.33|12.61|5.58|10.48|13.03
563,90.23,260,0,0,6,0,174,52|45|51|18|41|53,12.82|11.33|12.61|5.58|10.48|13.03
568,90.23,260,0,0,6,0,174,52|45|51|18|41|53,12.82|11.33|12.61|5.58|10.48|13.03
572,90.23,260,0,0,6,0,174,52|45|51|18|41|53,12.82|11.33|12.61|5.58|10.48|13.03
577,90.23,260,0,0,6,0,174,52|45|51|18|41|53,12.82|11.33|12.61|5.58|10.48|13.03
581,90.23,260,0,0,6,0,174,52|45|51|18|41|53,12.82|11.33|12.61|5.58|10.48|13.03
587,90.23,260,0,0,6,0,174,52|45|51|18|41|53,12.82|11.33|12.61|5.58|10.48|13.03
591,90.23,260,0,0,6,0,174,52|45|51|18|41|53,12.82|11.33|12.61|5.58|10.48|13.03
596,90.23,260,0,0,6,0,174,52|45|51|18|41|53,12.82|11.33|12.61|5.58|10.48|13.03
600,90.23,260,0,0,6,0,174,52|45|51|18|41|53,12.82|11.33|12.61|5.58|10.48|13.03
605,90.23,260,0,0,6,0,174,52|45|51|18|41|53,12.82|11.33|12.61|5.58|10.48|13.03
609,90.23,260,0,0,6,0,174,52|45|51|18|41|53,12.82|11.33|12.61|5.58|10.48|13.03
613,90.23,260,0,0,6,0,174,52|45|51|18|41|53,12.82|11.33|12.61|5.58|10.48|13.03
618,90.23,260,0,0,6,0,174,52|45|51|18|41|53,12.82|11.33|12.61|5.58|10.48|13.03
623,90.23,260,0,0,6,0,174,52|45|51|18|41|53,12.82|11.33|12.61|5.58|10.48|13.03
627,90.23,260,0,0,6,0,174,52|45|51|18|41|53,12.82|11.33|12.61|5.58|10.48|13.03
632,90.23,260,0,0,6,0,174,52|45|51|18|41|53,12.82|11.33|12.61|5.58|10.48|13.03
636,90.23,260,0,0,6,0,174,52|45|51|18|41|53,12.82|11.33|12.61|5.58|10.48|13.03
641,90.23,260,0,0,6,0,174,52|45|51|18|41|53,12.82|11.33|12.61|5.58|10.48|13.03
645,90.23,260,0,0,6,0,174,52|45|51|18|41|53,12.82|11.33|12.61|5.58|10.48|13.03
650,90.23,260,0,0,6,0,174,52|45|51|18|41|53,12.82|11.33|12.61|5.58|10.48|13.03
655,90.23,260,0,0,6,0,174,52|45|51|18|41|53,12.82|11.33|12.61|5.58|10.48|13.03
659,90.23,260,0,0,6,0,174,52|45|51|18|41|53,12.82|11.33|12.61|5.58|10.48|13.03
664,90.23,260,0,0,6,0,174,52|45|51|18|41|53,12.82|11.33|12.61|5.58|10.48|13.03
668,90.23,260,0,0,6,0,174,52|45|51|18|41|53,12.82|11.33|12.61|5.58|10.48|13.03
673,90.23,260,0,0,6,0,174,52|45|51|18|41|53,12.82|11.33|12.61|5.58|10.48|13.03
677,90.23,260,0,0,6,0,174,52|45|51|18|41|53,12.82|11.33|12.61|5.58|10.48|13.03
682,90.23,260,0,0,6,0,174,52|45|51|18|41|53,12.82|11.33|12.61|5.58|10.48|13.03
686,90.23,260,0,0,6,0,174,52|45|51|18|41|53,12.82|11.33|12.61|5.58|10.48|13.03
690,90.23,260,0,0,6,0,174,52|45|51|18|41|53,12.82|11.33|12.61|5.58|10.48|13.03
695,90.23,260,0,0,6,0,174,52|45|51|18|41|53,12.82|11.33|12.61|5.58|10.48|13.03
699,90.23,260,0,0,6,0,174,52|45|51|18|41|53,12.82|11.33|12.61|5.58|10.48|13.03
703,90.23,260,0,0,6,0,174,52|45|51|18|41|53,12.82|11.33|12.61|5.58|10.48|13.03
707,90.23,260,0,0,6,0,174,52|45|51|18|41|53,12.82|11.33|12.61|5.58|10.48|13.03
712,90.23,260,0,0,6,0,174,52|45|51|18|41|53,12.82|11.33|12.61|5.58|10.48|13.03
716,88.39,249,0,0,6,0,178,40|45|51|18|41|54,10.26|11.33|12.61|5.58|10.48|13.25
720,85.16,223,0,0,6,0,196,13|45|51|19|41|54,4.51|11.33|12.61|5.79|10.48|13.25
725,89.08,210,0,0,5,1,251,0|45|51|19|41|54,1.41|11.33|12.61|5.79|10.48|13.25
730,87.67,210,0,0,5,0,247,0|45|51|19|41|54,0.51|11.33|12.61|5.79|10.48|13.25
733,68.38,153,0,0,4,1,206,0|0|39|19|41|54,0.00|0.34|10.05|5.79|10.48|13.25
737,55.43,114,0,0,3,2,175,0|0|0|19|41|54,0.00|0.00|1.41|5.79|10.48|13.25
743,45.64,114,0,0,3,2,108,0|0|0|19|41|54,0.00|0.00|0.17|5.79|10.48|13.25
747,31.41,102,0,0,3,0,18,0|0|0|7|41|54,0.00|0.00|0.00|3.24|10.48|13.25
749,28.51,95,0,0,2,1,7,0|0|0|0|41|54,0.00|0.00|0.00|1.75|10.48|13.25
752,26.26,95,0,0,2,1,3,0|0|0|0|41|54,0.00|0.00|0.00|0.00|10.48|13.25
756,16.97,54,0,0,1,2,0,0|0|0|0|0|54,0.00|0.00|0.00|0.00|1.58|13.25
757,3.22,0,0,0,0,2,0,0|0|0|0|0|0,0.00|0.00|0.00|0.00|0.51|0.55
759,3.05,0,0,0,0,2,0,0|0|0|0|0|0,0.00|0.00|0.00|0.00|0.51|0.38
760,3.05,0,0,0,0,2,0,0|0|0|0|0|0,0.00|0.00|0.00|0.00|0.51|0.38
762,2.88,0,0,0,0,2,0,0|0|0|0|0|0,0.00|0.00|0.00|0.00|0.34|0.38
763,2.53,0,0,0,0,1,0,0|0|0|0|0|0,0.00|0.00|0.00|0.00|0.00|0.38
765,2.15,0,0,0,0,1,0,0|0|0|0|0|0,0.00|0.00|0.00|0.00|0.00|0.00
766,2.15,0,0,0,0,0,0,0|0|0|0|0|0,0.00|0.00|0.00|0.00|0.00|0.00
