3,53.60,0,5,1,0,0,400,0|0|0|0|0|0,0.34|0.00|0.00|0.00|0.00|0.00
6,58.16,15,5,0,1,0,400,15|0|0|0|0|0,4.90|0.00|0.00|0.00|0.00|0.00
9,58.97,17,4,0,2,0,400,15|2|0|0|0|0,4.94|0.77|0.00|0.00|0.00|0.00
13,63.14,30,4,0,2,0,400,15|15|0|0|0|0,4.94|4.94|0.00|0.00|0.00|0.00
17,67.40,42,3,0,3,0,400,15|15|12|0|0|0,4.94|4.94|4.26|0.00|0.00|0.00
20,70.25,48,2,0,4,0,400,15|15|14|4|0|0,4.94|4.94|4.73|2.39|0.00|0.00
24,73.02,60,1,1,4,0,400,15|15|15|15|0|0,4.94|4.94|4.94|4.94|0.00|0.00
28,77.96,75,1,0,5,0,400,15|15|15|15|15|0,4.94|4.94|4.94|4.94|4.94|0.00
32,82.90,90,0,0,6,0,400,15|15|15|15|15|15,4.94|4.94|4.94|4.94|4.94|4.94
36,82.90,90,0,0,6,0,400,15|15|15|15|15|15,4.94|4.94|4.94|4.94|4.94|4.94
40,82.90,90,0,0,6,0,400,15|15|15|15|15|15,4.94|4.94|4.94|4.94|4.94|4.94
43,82.90,90,0,0,6,0,400,15|15|15|15|15|15,4.94|4.94|4.94|4.94|4.94|4.94
47,82.90,90,0,0,6,0,400,15|15|15|15|15|15,4.94|4.94|4.94|4.94|4.94|4.94
50,82.90,90,0,0,6,0,400,15|15|15|15|15|15,4.94|4.94|4.94|4.94|4.94|4.94
54,82.90,90,0,0,6,0,400,15|15|15|15|15|15,4.94|4.94|4.94|4.94|4.94|4.94
57,82.90,90,0,0,6,0,400,15|15|15|15|15|15,4.94|4.94|4.94|4.94|4.94|4.94
61,82.90,90,0,0,6,0,400,15|15|15|15|15|15,4.94|4.94|4.94|4.94|4.94|4.94
65,82.90,90,0,0,6,0,400,15|15|15|15|15|15,4.94|4.94|4.94|4.94|4.94|4.94
69,82.90,90,0,0,6,0,400,15|15|15|15|15|15,4.94|4.94|4.94|4.94|4.94|4.94
73,82.90,90,0,0,6,0,400,15|15|15|15|15|15,4.94|4.94|4.94|4.94|4.94|4.94
77,82.90,90,0,0,6,0,400,15|15|15|15|15|15,4.94|4.94|4.94|4.94|4.94|4.94
81,82.90,90,0,0,6,0,400,15|15|15|15|15|15,4.94|4.94|4.94|4.94|4.94|4.94
85,82.90,90,0,0,6,0,400,15|15|15|15|15|15,4.94|4.94|4.94|4.94|4.94|4.94
89,82.90,90,0,0,6,0,400,15|15|15|15|15|15,4.94|4.94|4.94|4.94|4.94|4.94
92,82.90,90,0,0,6,0,400,15|15|15|15|15|15,4.94|4.94|4.94|4.94|4.94|4.94
96,82.77,90,0,0,6,0,399,15|15|15|15|15|15,4.94|4.94|4.94|4.94|4.94|4.94
100,71.78,90,0,0,6,0,313,15|15|15|15|15|15,4.94|4.94|4.94|4.94|4.94|4.94
103,70.51,90,0,0,6,0,303,15|15|15|15|15|15,4.94|4.94|4.94|4.94|4.94|4.94
107,70.38,90,0,0,6,0,302,15|15|15|15|15|15,4.94|4.94|4.94|4.94|4.94|4.94
110,70.12,90,0,0,6,0,300,15|15|15|15|15|15,4.94|4.94|4.94|4.94|4.94|4.94
114,70.12,90,0,0,6,0,300,15|15|15|15|15|15,4.94|4.94|4.94|4.94|4.94|4.94
117,70.12,90,0,0,6,0,300,15|15|15|15|15|15,4.94|4.94|4.94|4.94|4.94|4.94
120,70.12,90,0,0,6,0,300,15|15|15|15|15|15,4.94|4.94|4.94|4.94|4.94|4.94
124,70.12,90,0,0,6,0,300,15|15|15|15|15|15,4.94|4.94|4.94|4.94|4.94|4.94
127,70.12,90,0,0,6,0,300,15|15|15|15|15|15,4.94|4.94|4.94|4.94|4.94|4.94
130,70.12,90,0,0,6,0,300,15|15|15|15|15|15,4.94|4.94|4.94|4.94|4.94|4.94
133,70.12,90,0,0,6,0,300,15|15|15|15|15|15,4.94|4.94|4.94|4.94|4.94|4.94
137,70.12,90,0,0,6,0,300,15|15|15|15|15|15,4.94|4.94|4.94|4.94|4.94|4.94
140,70.12,90,0,0,6,0,300,15|15|15|15|15|15,4.94|4.94|4.94|4.94|4.94|4.94
143,70.12,90,0,0,6,0,300,15|15|15|15|15|15,4.94|4.94|4.94|4.94|4.94|4.94
146,70.12,90,0,0,6,0,300,15|15|15|15|15|15,4.94|4.94|4.94|4.94|4.94|4.94
149,70.12,90,0,0,6,0,300,15|15|15|15|15|15,4.94|4.94|4.94|4.94|4.94|4.94
152,70.12,90,0,0,6,0,300,15|15|15|15|15|15,4.94|4.94|4.94|4.94|4.94|4.94
156,70.12,90,0,0,6,0,300,15|15|15|15|15|15,4.94|4.94|4.94|4.94|4.94|4.94
159,70.12,90,0,0,6,0,300,15|15|15|15|15|15,4.94|4.94|4.94|4.94|4.94|4.94
162,70.12,90,0,0,6,0,300,15|15|15|15|15|15,4.94|4.94|4.94|4.94|4.94|4.94
166,70.12,90,0,0,6,0,300,15|15|15|15|15|15,4.94|4.94|4.94|4.94|4.94|4.94
169,70.12,90,0,0,6,0,300,15|15|15|15|15|15,4.94|4.94|4.94|4.94|4.94|4.94
172,70.12,90,0,0,6,0,300,15|15|15|15|15|15,4.94|4.94|4.94|4.94|4.94|4.94
175,70.12,90,0,0,6,0,300,15|15|15|15|15|15,4.94|4.94|4.94|4.94|4.94|4.94
179,70.12,90,0,0,6,0,300,15|15|15|15|15|15,4.94|4.94|4.94|4.94|4.94|4.94
182,70.12,90,0,0,6,0,300,15|15|15|15|15|15,4.94|4.94|4.94|4.94|4.94|4.94
185,70.12,90,0,0,6,0,300,15|15|15|15|15|15,4.94|4.94|4.94|4.94|4.94|4.94
188,64.89,90,0,0,6,0,259,15|15|15|15|15|15,4.94|4.94|4.94|4.94|4.94|4.94
191,58.24,90,0,0,6,0,207,15|15|15|15|15|15,4.94|4.94|4.94|4.94|4.94|4.94
194,57.99,90,0,0,6,0,205,15|15|15|15|15|15,4.94|4.94|4.94|4.94|4.94|4.94
197,57.60,90,0,0,6,0,202,15|15|15|15|15|15,4.94|4.94|4.94|4.94|4.94|4.94
200,57.35,90,0,0,6,0,200,15|15|15|15|15|15,4.94|4.94|4.94|4.94|4.94|4.94
203,57.35,90,0,0,6,0,200,15|15|15|15|15|15,4.94|4.94|4.94|4.94|4.94|4.94
207,57.35,90,0,0,6,0,200,15|15|15|15|15|15,4.94|4.94|4.94|4.94|4.94|4.94
209,57.35,90,0,0,6,0,200,15|15|15|15|15|15,4.94|4.94|4.94|4.94|4.94|4.94
212,57.35,90,0,0,6,0,200,15|15|15|15|15|15,4.94|4.94|4.94|4.94|4.94|4.94
215,57.35,90,0,0,6,0,200,15|15|15|15|15|15,4.94|4.94|4.94|4.94|4.94|4.94
218,57.35,90,0,0,6,0,200,15|15|15|15|15|15,4.94|4.94|4.94|4.94|4.94|4.94
221,57.35,90,0,0,6,0,200,15|15|15|15|15|15,4.94|4.94|4.94|4.94|4.94|4.94
224,57.35,90,0,0,6,0,200,15|15|15|15|15|15,4.94|4.94|4.94|4.94|4.94|4.94
227,57.35,90,0,0,6,0,200,15|15|15|15|15|15,4.94|4.94|4.94|4.94|4.94|4.94
230,57.35,90,0,0,6,0,200,15|15|15|15|15|15,4.94|4.94|4.94|4.94|4.94|4.94
233,57.35,90,0,0,6,0,200,15|15|15|15|15|15,4.94|4.94|4.94|4.94|4.94|4.94
236,57.35,90,0,0,6,0,200,15|15|15|15|15|15,4.94|4.94|4.94|4.94|4.94|4.94
239,57.35,90,0,0,6,0,200,15|15|15|15|15|15,4.94|4.94|4.94|4.94|4.94|4.94
241,57.35,90,0,0,6,0,200,15|15|15|15|15|15,4.94|4.94|4.94|4.94|4.94|4.94
244,57.35,90,0,0,6,0,200,15|15|15|15|15|15,4.94|4.94|4.94|4.94|4.94|4.94
247,57.35,90,0,0,6,0,200,15|15|15|15|15|15,4.94|4.94|4.94|4.94|4.94|4.94
250,57.35,90,0,0,6,0,200,15|15|15|15|15|15,4.94|4.94|4.94|4.94|4.94|4.94
253,57.35,90,0,0,6,0,200,15|15|15|15|15|15,4.94|4.94|4.94|4.94|4.94|4.94
256,57.35,90,0,0,6,0,200,15|15|15|15|15|15,4.94|4.94|4.94|4.94|4.94|4.94
259,57.35,90,0,0,6,0,200,15|15|15|15|15|15,4.94|4.94|4.94|4.94|4.94|4.94
262,57.35,90,0,0,6,0,200,15|15|15|15|15|15,4.94|4.94|4.94|4.94|4.94|4.94
265,57.35,90,0,0,6,0,200,15|15|15|15|15|15,4.94|4.94|4.94|4.94|4.94|4.94
268,57.35,90,0,0,6,0,200,15|15|15|15|15|15,4.94|4.94|4.94|4.94|4.94|4.94
271,57.35,90,0,0,6,0,200,15|15|15|15|15|15,4.94|4.94|4.94|4.94|4.94|4.94
275,57.35,90,0,0,6,0,200,15|15|15|15|15|15,4.94|4.94|4.94|4.94|4.94|4.94
278,57.35,90,0,0,6,0,200,15|15|15|15|15|15,4.94|4.94|4.94|4.94|4.94|4.94
281,48.28,90,0,0,6,0,129,15|15|15|15|15|15,4.94|4.94|4.94|4.94|4.94|4.94
283,45.72,90,0,0,6,0,109,15|15|15|15|15|15,4.94|4.94|4.94|4.94|4.94|4.94
286,45.08,90,0,0,6,0,104,15|15|15|15|15|15,4.94|4.94|4.94|4.94|4.94|4.94
288,44.83,90,0,0,6,0,102,15|15|15|15|15|15,4.94|4.94|4.94|4.94|4.94|4.94
290,44.57,90,0,0,6,0,100,15|15|15|15|15|15,4.94|4.94|4.94|4.94|4.94|4.94
293,44.57,90,0,0,6,0,100,15|15|15|15|15|15,4.94|4.94|4.94|4.94|4.94|4.94
296,44.57,90,0,0,6,0,100,15|15|15|15|15|15,4.94|4.94|4.94|4.94|4.94|4.94
298,44.57,90,0,0,6,0,100,15|15|15|15|15|15,4.94|4.94|4.94|4.94|4.94|4.94
301,44.57,90,0,0,6,0,100,15|15|15|15|15|15,4.94|4.94|4.94|4.94|4.94|4.94
303,44.57,90,0,0,6,0,100,15|15|15|15|15|15,4.94|4.94|4.94|4.94|4.94|4.94
306,44.57,90,0,0,6,0,100,15|15|15|15|15|15,4.94|4.94|4.94|4.94|4.94|4.94
308,44.57,90,0,0,6,0,100,15|15|15|15|15|15,4.94|4.94|4.94|4.94|4.94|4.94
311,44.57,90,0,0,6,0,100,15|15|15|15|15|15,4.94|4.94|4.94|4.94|4.94|4.94
313,44.57,90,0,0,6,0,100,15|15|15|15|15|15,4.94|4.94|4.94|4.94|4.94|4.94
316,44.57,90,0,0,6,0,100,15|15|15|15|15|15,4.94|4.94|4.94|4.94|4.94|4.94
318,44.57,90,0,0,6,0,100,15|15|15|15|15|15,4.94|4.94|4.94|4.94|4.94|4.94
321,44.57,90,0,0,6,0,100,15|15|15|15|15|15,4.94|4.94|4.94|4.94|4.94|4.94
323,44.57,90,0,0,6,0,100,15|15|15|15|15|15,4.94|4.94|4.94|4.94|4.94|4.94
326,44.57,90,0,0,6,0,100,15|15|15|15|15|15,4.94|4.94|4.94|4.94|4.94|4.94
328,44.57,90,0,0,6,0,100,15|15|15|15|15|15,4.94|4.94|4.94|4.94|4.94|4.94
330,44.57,90,0,0,6,0,100,15|15|15|15|15|15,4.94|4.94|4.94|4.94|4.94|4.94
333,44.57,90,0,0,6,0,100,15|15|15|15|15|15,4.94|4.94|4.94|4.94|4.94|4.94
335,44.57,90,0,0,6,0,100,15|15|15|15|15|15,4.94|4.94|4.94|4.94|4.94|4.94
338,44.57,90,0,0,6,0,100,15|15|15|15|15|15,4.94|4.94|4.94|4.94|4.94|4.94
340,44.57,90,0,0,6,0,100,15|15|15|15|15|15,4.94|4.94|4.94|4.94|4.94|4.94
343,44.57,90,0,0,6,0,100,15|15|15|15|15|15,4.94|4.94|4.94|4.94|4.94|4.94
345,44.57,90,0,0,6,0,100,15|15|15|15|15|15,4.94|4.94|4.94|4.94|4.94|4.94
348,44.57,90,0,0,6,0,100,15|15|15|15|15|15,4.94|4.94|4.94|4.94|4.94|4.94
350,44.57,90,0,0,6,0,100,15|15|15|15|15|15,4.94|4.94|4.94|4.94|4.94|4.94
352,44.57,90,0,0,6,0,100,15|15|15|15|15|15,4.94|4.94|4.94|4.94|4.94|4.94
355,44.57,90,0,0,6,0,100,15|15|15|15|15|15,4.94|4.94|4.94|4.94|4.94|4.94
357,44.57,90,0,0,6,0,100,15|15|15|15|15|15,4.94|4.94|4.94|4.94|4.94|4.94
360,44.57,90,0,0,6,0,100,15|15|15|15|15|15,4.94|4.94|4.94|4.94|4.94|4.94
362,44.57,90,0,0,6,0,100,15|15|15|15|15|15,4.94|4.94|4.94|4.94|4.94|4.94
364,44.57,90,0,0,6,0,100,15|15|15|15|15|15,4.94|4.94|4.94|4.94|4.94|4.94
367,44.57,90,0,0,6,0,100,15|15|15|15|15|15,4.94|4.94|4.94|4.94|4.94|4.94
369,46.10,90,0,0,6,0,112,15|15|15|15|15|15,4.94|4.94|4.94|4.94|4.94|4.94
372,56.07,90,0,0,6,0,190,15|15|15|15|15|15,4.94|4.94|4.94|4.94|4.94|4.94
375,57.35,90,0,0,6,0,200,15|15|15|15|15|15,4.94|4.94|4.94|4.94|4.94|4.94
378,57.35,90,0,0,6,0,200,15|15|15|15|15|15,4.94|4.94|4.94|4.94|4.94|4.94
381,57.35,90,0,0,6,0,200,15|15|15|15|15|15,4.94|4.94|4.94|4.94|4.94|4.94
384,57.35,90,0,0,6,0,200,15|15|15|15|15|15,4.94|4.94|4.94|4.94|4.94|4.94
386,57.35,90,0,0,6,0,200,15|15|15|15|15|15,4.94|4.94|4.94|4.94|4.94|4.94
389,57.35,90,0,0,6,0,200,15|15|15|15|15|15,4.94|4.94|4.94|4.94|4.94|4.94
392,57.35,90,0,0,6,0,200,15|15|15|15|15|15,4.94|4.94|4.94|4.94|4.94|4.94
395,57.35,90,0,0,6,0,200,15|15|15|15|15|15,4.94|4.94|4.94|4.94|4.94|4.94
398,57.35,90,0,0,6,0,200,15|15|15|15|15|15,4.94|4.94|4.94|4.94|4.94|4.94
401,57.35,90,0,0,6,0,200,15|15|15|15|15|15,4.94|4.94|4.94|4.94|4.94|4.94
404,57.35,90,0,0,6,0,200,15|15|15|15|15|15,4.94|4.94|4.94|4.94|4.94|4.94
406,57.35,90,0,0,6,0,200,15|15|15|15|15|15,4.94|4.94|4.94|4.94|4.94|4.94
409,57.35,90,0,0,6,0,200,15|15|15|15|15|15,4.94|4.94|4.94|4.94|4.94|4.94
412,57.35,90,0,0,6,0,200,15|15|15|15|15|15,4.94|4.94|4.94|4.94|4.94|4.94
415,57.35,90,0,0,6,0,200,15|15|15|15|15|15,4.94|4.94|4.94|4.94|4.94|4.94
418,57.35,90,0,0,6,0,200,15|15|15|15|15|15,4.94|4.94|4.94|4.94|4.94|4.94
421,57.35,90,0,0,6,0,200,15|15|15|15|15|15,4.94|4.94|4.94|4.94|4.94|4.94
423,57.35,90,0,0,6,0,200,15|15|15|15|15|15,4.94|4.94|4.94|4.94|4.94|4.94
426,57.35,90,0,0,6,0,200,15|15|15|15|15|15,4.94|4.94|4.94|4.94|4.94|4.94
429,57.35,90,0,0,6,0,200,15|15|15|15|15|15,4.94|4.94|4.94|4.94|4.94|4.94
432,57.35,90,0,0,6,0,200,15|15|15|15|15|15,4.94|4.94|4.94|4.94|4.94|4.94
435,57.35,90,0,0,6,0,200,15|15|15|15|15|15,4.94|4.94|4.94|4.94|4.94|4.94
437,57.35,90,0,0,6,0,200,15|15|15|15|15|15,4.94|4.94|4.94|4.94|4.94|4.94
440,57.35,90,0,0,6,0,200,15|15|15|15|15|15,4.94|4.94|4.94|4.94|4.94|4.94
443,57.35,90,0,0,6,0,200,15|15|15|15|15|15,4.94|4.94|4.94|4.94|4.94|4.94
446,57.35,90,0,0,6,0,200,15|15|15|15|15|15,4.94|4.94|4.94|4.94|4.94|4.94
448,57.35,90,0,0,6,0,200,15|15|15|15|15|15,4.94|4.94|4.94|4.94|4.94|4.94
451,57.35,90,0,0,6,0,200,15|15|15|15|15|15,4.94|4.94|4.94|4.94|4.94|4.94
454,57.35,90,0,0,6,0,200,15|15|15|15|15|15,4.94|4.94|4.94|4.94|4.94|4.94
457,57.35,90,0,0,6,0,200,15|15|15|15|15|15,4.94|4.94|4.94|4.94|4.94|4.94
460,57.35,90,0,0,6,0,200,15|15|15|15|15|15,4.94|4.94|4.94|4.94|4.94|4.94
464,66.42,90,0,0,6,0,271,15|15|15|15|15|15,4.94|4.94|4.94|4.94|4.94|4.94
467,70.12,90,0,0,6,0,300,15|15|15|15|15|15,4.94|4.94|4.94|4.94|4.94|4.94
471,70.12,90,0,0,6,0,300,15|15|15|15|15|15,4.94|4.94|4.94|4.94|4.94|4.94
475,70.12,90,0,0,6,0,300,15|15|15|15|15|15,4.94|4.94|4.94|4.94|4.94|4.94
478,70.12,90,0,0,6,0,300,15|15|15|15|15|15,4.94|4.94|4.94|4.94|4.94|4.94
481,70.12,90,0,0,6,0,300,15|15|15|15|15|15,4.94|4.94|4.94|4.94|4.94|4.94
485,70.12,90,0,0,6,0,300,15|15|15|15|15|15,4.94|4.94|4.94|4.94|4.94|4.94
488,70.12,90,0,0,6,0,300,15|15|15|15|15|15,4.94|4.94|4.94|4.94|4.94|4.94
491,70.12,90,0,0,6,0,300,15|15|15|15|15|15,4.94|4.94|4.94|4.94|4.94|4.94
495,70.12,90,0,0,6,0,300,15|15|15|15|15|15,4.94|4.94|4.94|4.94|4.94|4.94
498,70.12,90,0,0,6,0,300,15|15|15|15|15|15,4.94|4.94|4.94|4.94|4.94|4.94
501,70.12,90,0,0,6,0,300,15|15|15|15|15|15,4.94|4.94|4.94|4.94|4.94|4.94
505,70.12,90,0,0,6,0,300,15|15|15|15|15|15,4.94|4.94|4.94|4.94|4.94|4.94
508,70.12,90,0,0,6,0,300,15|15|15|15|15|15,4.94|4.94|4.94|4.94|4.94|4.94
512,70.12,90,0,0,6,0,300,15|15|15|15|15|15,4.94|4.94|4.94|4.94|4.94|4.94
515,70.12,90,0,0,6,0,300,15|15|15|15|15|15,4.94|4.94|4.94|4.94|4.94|4.94
518,70.12,90,0,0,6,0,300,15|15|15|15|15|15,4.94|4.94|4.94|4.94|4.94|4.94
521,70.12,90,0,0,6,0,300,15|15|15|15|15|15,4.94|4.94|4.94|4.94|4.94|4.94
524,70.12,90,0,0,6,0,300,15|15|15|15|15|15,4.94|4.94|4.94|4.94|4.94|4.94
528,70.12,90,0,0,6,0,300,15|15|15|15|15|15,4.94|4.94|4.94|4.94|4.94|4.94
531,70.12,90,0,0,6,0,300,15|15|15|15|15|15,4.94|4.94|4.94|4.94|4.94|4.94
534,70.12,90,0,0,6,0,300,15|15|15|15|15|15,4.94|4.94|4.94|4.94|4.94|4.94
538,70.12,90,0,0,6,0,300,15|15|15|15|15|15,4.94|4.94|4.94|4.94|4.94|4.94
541,70.12,90,0,0,6,0,300,15|15|15|15|15|15,4.94|4.94|4.94|4.94|4.94|4.94
545,70.12,90,0,0,6,0,300,15|15|15|15|15|15,4.94|4.94|4.94|4.94|4.94|4.94
548,70.12,90,0,0,6,0,300,15|15|15|15|15|15,4.94|4.94|4.94|4.94|4.94|4.94
551,70.12,90,0,0,6,0,300,15|15|15|15|15|15,4.94|4.94|4.94|4.94|4.94|4.94
555,79.58,90,0,0,6,0,374,15|15|15|15|15|15,4.94|4.94|4.94|4.94|4.94|4.94
559,82.90,90,0,0,6,0,400,15|15|15|15|15|15,4.94|4.94|4.94|4.94|4.94|4.94
563,82.90,90,0,0,6,0,400,15|15|15|15|15|15,4.94|4.94|4.94|4.94|4.94|4.94
566,82.90,90,0,0,6,0,400,15|15|15|15|15|15,4.94|4.94|4.94|4.94|4.94|4.94
570,82.90,90,0,0,6,0,400,15|15|15|15|15|15,4.94|4.94|4.94|4.94|4.94|4.94
574,82.90,90,0,0,6,0,400,15|15|15|15|15|15,4.94|4.94|4.94|4.94|4.94|4.94
578,82.90,90,0,0,6,0,400,15|15|15|15|15|15,4.94|4.94|4.94|4.94|4.94|4.94
582,82.90,90,0,0,6,0,400,15|15|15|15|15|15,4.94|4.94|4.94|4.94|4.94|4.94
585,82.90,90,0,0,6,0,400,15|15|15|15|15|15,4.94|4.94|4.94|4.94|4.94|4.94
589,82.90,90,0,0,6,0,400,15|15|15|15|15|15,4.94|4.94|4.94|4.94|4.94|4.94
592,82.90,90,0,0,6,0,400,15|15|15|15|15|15,4.94|4.94|4.94|4.94|4.94|4.94
596,82.90,90,0,0,6,0,400,15|15|15|15|15|15,4.94|4.94|4.94|4.94|4.94|4.94
600,82.90,90,0,0,6,0,400,15|15|15|15|15|15,4.94|4.94|4.94|4.94|4.94|4.94
604,82.90,90,0,0,6,0,400,15|15|15|15|15|15,4.94|4.94|4.94|4.94|4.94|4.94
607,82.90,90,0,0,6,0,400,15|15|15|15|15|15,4.94|4.94|4.94|4.94|4.94|4.94
611,82.90,90,0,0,6,0,400,15|15|15|15|15|15,4.94|4.94|4.94|4.94|4.94|4.94
614,82.90,90,0,0,6,0,400,15|15|15|15|15|15,4.94|4.94|4.94|4.94|4.94|4.94
618,82.90,90,0,0,6,0,400,15|15|15|15|15|15,4.94|4.94|4.94|4.94|4.94|4.94
621,82.90,90,0,0,6,0,400,15|15|15|15|15|15,4.94|4.94|4.94|4.94|4.94|4.94
625,82.90,90,0,0,6,0,400,15|15|15|15|15|15,4.94|4.94|4.94|4.94|4.94|4.94
629,82.90,90,0,0,6,0,400,15|15|15|15|15|15,4.94|4.94|4.94|4.94|4.94|4.94
633,82.90,90,0,0,6,0,400,15|15|15|15|15|15,4.94|4.94|4.94|4.94|4.94|4.94
636,82.90,90,0,0,6,0,400,15|15|15|15|15|15,4.94|4.94|4.94|4.94|4.94|4.94
639,82.90,90,0,0,6,0,400,15|15|15|15|15|15,4.94|4.94|4.94|4.94|4.94|4.94
643,82.90,90,0,0,6,0,400,15|15|15|15|15|15,4.94|4.94|4.94|4.94|4.94|4.94
647,82.90,90,0,0,6,0,400,15|15|15|15|15|15,4.94|4.94|4.94|4.94|4.94|4.94
650,82.90,90,0,0,6,0,400,15|15|15|15|15|15,4.94|4.94|4.94|4.94|4.94|4.94
654,82.90,90,0,0,6,0,400,15|15|15|15|15|15,4.94|4.94|4.94|4.94|4.94|4.94
658,82.90,90,0,0,6,0,400,15|15|15|15|15|15,4.94|4.94|4.94|4.94|4.94|4.94
662,82.90,90,0,0,6,0,400,15|15|15|15|15|15,4.94|4.94|4.94|4.94|4.94|4.94
666,82.90,90,0,0,6,0,400,15|15|15|15|15|15,4.94|4.94|4.94|4.94|4.94|4.94
670,82.90,90,0,0,6,0,400,15|15|15|15|15|15,4.94|4.94|4.94|4.94|4.94|4.94
674,82.90,90,0,0,6,0,400,15|15|15|15|15|15,4.94|4.94|4.94|4.94|4.94|4.94
678,82.90,90,0,0,6,0,400,15|15|15|15|15|15,4.94|4.94|4.94|4.94|4.94|4.94
681,82.90,90,0,0,6,0,400,15|15|15|15|15|15,4.94|4.94|4.94|4.94|4.94|4.94
685,82.90,90,0,0,6,0,400,15|15|15|15|15|15,4.94|4.94|4.94|4.94|4.94|4.94
689,80.22,90,0,0,6,0,379,15|15|15|15|15|15,4.94|4.94|4.94|4.94|4.94|4.94
693,69.36,90,0,0,6,0,294,15|15|15|15|15|15,4.94|4.94|4.94|4.94|4.94|4.94
696,61.95,90,0,0,6,0,236,15|15|15|15|15|15,4.94|4.94|4.94|4.94|4.94|4.94
699,52.88,90,0,0,6,0,165,15|15|15|15|15|15,4.94|4.94|4.94|4.94|4.94|4.94
702,46.23,90,0,0,6,0,113,15|15|15|15|15|15,4.94|4.94|4.94|4.94|4.94|4.94
704,37.50,79,0,0,6,0,63,4|15|15|15|15|15,2.60|4.94|4.94|4.94|4.94|4.94
706,26.60,60,0,0,4,2,19,0|0|15|15|15|15,0.51|1.75|4.94|4.94|4.94|4.94
709,22.51,55,0,0,4,2,9,0|0|10|15|15|15,0.17|0.34|3.88|4.94|4.94|4.94
710,16.50,39,0,0,3,3,1,0|0|0|9|15|15,0.17|0.17|0.34|3.66|4.94|4.94
712,12.63,29,0,0,2,3,1,0|0|0|0|14|15,0.17|0.17|0.00|0.34|4.73|4.94
714,8.62,15,0,0,1,4,0,0|0|0|0|0|15,0.00|0.17|0.00|0.00|1.36|4.94
715,6.37,10,0,0,1,3,0,0|0|0|0|0|10,0.00|0.17|0.00|0.00|0.17|3.88
717,2.83,0,0,0,0,3,0,0|0|0|0|0|0,0.00|0.00|0.00|0.00|0.17|0.51
718,2.66,0,0,0,0,3,0,0|0|0|0|0|0,0.00|0.00|0.00|0.00|0.17|0.34
719,2.32,0,0,0,0,2,0,0|0|0|0|0|0,0.00|0.00|0.00|0.00|0.00|0.17
721,2.32,0,0,0,0,2,0,0|0|0|0|0|0,0.00|0.00|0.00|0.00|0.00|0.17
722,2.32,0,0,0,0,1,0,0|0|0|0|0|0,0.00|0.00|0.00|0.00|0.00|0.17
723,2.32,0,0,0,0,1,0,0|0|0|0|0|0,0.00|0.00|0.00|0.00|0.00|0.17
725,2.15,0,0,0,0,1,0,0|0|0|0|0|0,0.00|0.00|0.00|0.00|0.00|0.00
726,2.15,0,0,0,0,0,0,0|0|0|0|0|0,0.00|0.00|0.00|0.00|0.00|0.00
