3,53.26,0,5,1,0,0,400,0|0|0|0|0|0,0.00|0.00|0.00|0.00|0.00|0.00
6,58.16,15,5,0,1,0,400,15|0|0|0|0|0,4.90|0.00|0.00|0.00|0.00|0.00
9,59.26,16,4,0,2,0,400,15|1|0|0|0|0,4.94|1.06|0.00|0.00|0.00|0.00
12,63.14,30,4,0,2,0,400,15|15|0|0|0|0,4.94|4.94|0.00|0.00|0.00|0.00
15,65.69,34,3,0,3,0,400,15|15|4|0|0|0,4.94|4.94|2.56|0.00|0.00|0.00
18,68.08,45,2,1,3,0,400,15|15|15|0|0|0,4.94|4.94|4.94|0.00|0.00|0.00
22,73.02,60,2,0,4,0,400,15|15|15|15|0|0,4.94|4.94|4.94|4.94|0.00|0.00
25,75.41,64,1,0,5,0,400,15|15|15|15|4|0,4.94|4.94|4.94|4.94|2.39|0.00
28,77.96,75,0,1,5,0,400,15|15|15|15|15|0,4.94|4.94|4.94|4.94|4.94|0.00
32,82.86,90,0,0,6,0,400,15|15|15|15|15|15,4.94|4.94|4.94|4.94|4.94|4.90
36,82.90,90,0,0,6,0,400,15|15|15|15|15|15,4.94|4.94|4.94|4.94|4.94|4.94
39,82.90,90,0,0,6,0,400,15|15|15|15|15|15,4.94|4.94|4.94|4.94|4.94|4.94
43,82.90,90,0,0,6,0,400,15|15|15|15|15|15,4.94|4.94|4.94|4.94|4.94|4.94
46,82.90,90,0,0,6,0,400,15|15|15|15|15|15,4.94|4.94|4.94|4.94|4.94|4.94
50,82.90,90,0,0,6,0,400,15|15|15|15|15|15,4.94|4.94|4.94|4.94|4.94|4.94
53,82.90,90,0,0,6,0,400,15|15|15|15|15|15,4.94|4.94|4.94|4.94|4.94|4.94
57,82.90,90,0,0,6,0,400,15|15|15|15|15|15,4.94|4.94|4.94|4.94|4.94|4.94
60,82.90,90,0,0,6,0,400,15|15|15|15|15|15,4.94|4.94|4.94|4.94|4.94|4.94
64,82.90,90,0,0,6,0,400,15|15|15|15|15|15,4.94|4.94|4.94|4.94|4.94|4.94
67,82.90,90,0,0,6,0,400,15|15|15|15|15|15,4.94|4.94|4.94|4.94|4.94|4.94
71,82.90,90,0,0,6,0,400,15|15|15|15|15|15,4.94|4.94|4.94|4.94|4.94|4.94
74,82.90,90,0,0,6,0,400,15|15|15|15|15|15,4.94|4.94|4.94|4.94|4.94|4.94
78,82.90,90,0,0,6,0,400,15|15|15|15|15|15,4.94|4.94|4.94|4.94|4.94|4.94
81,82.90,90,0,0,6,0,400,15|15|15|15|15|15,4.94|4.94|4.94|4.94|4.94|4.94
85,82.90,90,0,0,6,0,400,15|15|15|15|15|15,4.94|4.94|4.94|4.94|4.94|4.94
88,82.90,90,0,0,6,0,400,15|15|15|15|15|15,4.94|4.94|4.94|4.94|4.94|4.94
92,82.90,90,0,0,6,0,400,15|15|15|15|15|15,4.94|4.94|4.94|4.94|4.94|4.94
95,82.90,90,0,0,6,0,400,15|15|15|15|15|15,4.94|4.94|4.94|4.94|4.94|4.94
98,75.23,90,0,0,6,0,340,15|15|15|15|15|15,4.94|4.94|4.94|4.94|4.94|4.94
102,71.27,90,0,0,6,0,309,15|15|15|15|15|15,4.94|4.94|4.94|4.94|4.94|4.94
105,70.64,90,0,0,6,0,304,15|15|15|15|15|15,4.94|4.94|4.94|4.94|4.94|4.94
108,70.25,90,0,0,6,0,301,15|15|15|15|15|15,4.94|4.94|4.94|4.94|4.94|4.94
112,70.12,90,0,0,6,0,300,15|15|15|15|15|15,4.94|4.94|4.94|4.94|4.94|4.94
115,70.12,90,0,0,6,0,300,15|15|15|15|15|15,4.94|4.94|4.94|4.94|4.94|4.94
118,70.12,90,0,0,6,0,300,15|15|15|15|15|15,4.94|4.94|4.94|4.94|4.94|4.94
121,70.12,90,0,0,6,0,300,15|15|15|15|15|15,4.94|4.94|4.94|4.94|4.94|4.94
124,70.12,90,0,0,6,0,300,15|15|15|15|15|15,4.94|4.94|4.94|4.94|4.94|4.94
128,70.12,90,0,0,6,0,300,15|15|15|15|15|15,4.94|4.94|4.94|4.94|4.94|4.94
131,70.12,90,0,0,6,0,300,15|15|15|15|15|15,4.94|4.94|4.94|4.94|4.94|4.94
134,70.12,90,0,0,6,0,300,15|15|15|15|15|15,4.94|4.94|4.94|4.94|4.94|4.94
137,70.12,90,0,0,6,0,300,15|15|15|15|15|15,4.94|4.94|4.94|4.94|4.94|4.94
141,70.12,90,0,0,6,0,300,15|15|15|15|15|15,4.94|4.94|4.94|4.94|4.94|4.94
144,70.12,90,0,0,6,0,300,15|15|15|15|15|15,4.94|4.94|4.94|4.94|4.94|4.94
147,70.12,90,0,0,6,0,300,15|15|15|15|15|15,4.94|4.94|4.94|4.94|4.94|4.94
150,70.12,90,0,0,6,0,300,15|15|15|15|15|15,4.94|4.94|4.94|4.94|4.94|4.94
153,70.12,90,0,0,6,0,300,15|15|15|15|15|15,4.94|4.94|4.94|4.94|4.94|4.94
157,70.12,90,0,0,6,0,300,15|15|15|15|15|15,4.94|4.94|4.94|4.94|4.94|4.94
160,70.12,90,0,0,6,0,300,15|15|15|15|15|15,4.94|4.94|4.94|4.94|4.94|4.94
163,70.12,90,0,0,6,0,300,15|15|15|15|15|15,4.94|4.94|4.94|4.94|4.94|4.94
166,70.12,90,0,0,6,0,300,15|15|15|15|15|15,4.94|4.94|4.94|4.94|4.94|4.94
169,70.12,90,0,0,6,0,300,15|15|15|15|15|15,4.94|4.94|4.94|4.94|4.94|4.94
172,70.12,90,0,0,6,0,300,15|15|15|15|15|15,4.94|4.94|4.94|4.94|4.94|4.94
175,70.12,90,0,0,6,0,300,15|15|15|15|15|15,4.94|4.94|4.94|4.94|4.94|4.94
179,70.12,90,0,0,6,0,300,15|15|15|15|15|15,4.94|4.94|4.94|4.94|4.94|4.94
182,70.12,90,0,0,6,0,300,15|15|15|15|15|15,4.94|4.94|4.94|4.94|4.94|4.94
185,70.12,90,0,0,6,0,300,15|15|15|15|15|15,4.94|4.94|4.94|4.94|4.94|4.94
188,68.21,90,0,0,6,0,285,15|15|15|15|15|15,4.94|4.94|4.94|4.94|4.94|4.94
191,58.37,90,0,0,6,0,208,15|15|15|15|15|15,4.94|4.94|4.94|4.94|4.94|4.94
194,57.73,90,0,0,6,0,203,15|15|15|15|15|15,4.94|4.94|4.94|4.94|4.94|4.94
196,57.60,90,0,0,6,0,202,15|15|15|15|15|15,4.94|4.94|4.94|4.94|4.94|4.94
199,57.35,90,0,0,6,0,200,15|15|15|15|15|15,4.94|4.94|4.94|4.94|4.94|4.94
202,57.35,90,0,0,6,0,200,15|15|15|15|15|15,4.94|4.94|4.94|4.94|4.94|4.94
205,57.35,90,0,0,6,0,200,15|15|15|15|15|15,4.94|4.94|4.94|4.94|4.94|4.94
207,57.35,90,0,0,6,0,200,15|15|15|15|15|15,4.94|4.94|4.94|4.94|4.94|4.94
211,57.35,90,0,0,6,0,200,15|15|15|15|15|15,4.94|4.94|4.94|4.94|4.94|4.94
214,57.35,90,0,0,6,0,200,15|15|15|15|15|15,4.94|4.94|4.94|4.94|4.94|4.94
217,57.35,90,0,0,6,0,200,15|15|15|15|15|15,4.94|4.94|4.94|4.94|4.94|4.94
219,57.35,90,0,0,6,0,200,15|15|15|15|15|15,4.94|4.94|4.94|4.94|4.94|4.94
222,57.35,90,0,0,6,0,200,15|15|15|15|15|15,4.94|4.94|4.94|4.94|4.94|4.94
225,57.35,90,0,0,6,0,200,15|15|15|15|15|15,4.94|4.94|4.94|4.94|4.94|4.94
227,57.35,90,0,0,6,0,200,15|15|15|15|15|15,4.94|4.94|4.94|4.94|4.94|4.94
230,57.35,90,0,0,6,0,200,15|15|15|15|15|15,4.94|4.94|4.94|4.94|4.94|4.94
233,57.35,90,0,0,6,0,200,15|15|15|15|15|15,4.94|4.94|4.94|4.94|4.94|4.94
236,57.35,90,0,0,6,0,200,15|15|15|15|15|15,4.94|4.94|4.94|4.94|4.94|4.94
238,57.35,90,0,0,6,0,200,15|15|15|15|15|15,4.94|4.94|4.94|4.94|4.94|4.94
241,57.35,90,0,0,6,0,200,15|15|15|15|15|15,4.94|4.94|4.94|4.94|4.94|4.94
244,57.35,90,0,0,6,0,200,15|15|15|15|15|15,4.94|4.94|4.94|4.94|4.94|4.94
247,57.35,90,0,0,6,0,200,15|15|15|15|15|15,4.94|4.94|4.94|4.94|4.94|4.94
250,57.35,90,0,0,6,0,200,15|15|15|15|15|15,4.94|4.94|4.94|4.94|4.94|4.94
252,57.35,90,0,0,6,0,200,15|15|15|15|15|15,4.94|4.94|4.94|4.94|4.94|4.94
257,57.35,90,0,0,6,0,200,15|15|15|15|15|15,4.94|4.94|4.94|4.94|4.94|4.94
260,57.35,90,0,0,6,0,200,15|15|15|15|15|15,4.94|4.94|4.94|4.94|4.94|4.94
263,57.35,90,0,0,6,0,200,15|15|15|15|15|15,4.94|4.94|4.94|4.94|4.94|4.94
266,57.35,90,0,0,6,0,200,15|15|15|15|15|15,4.94|4.94|4.94|4.94|4.94|4.94
269,57.35,90,0,0,6,0,200,15|15|15|15|15|15,4.94|4.94|4.94|4.94|4.94|4.94
272,57.35,90,0,0,6,0,200,15|15|15|15|15|15,4.94|4.94|4.94|4.94|4.94|4.94
276,57.35,90,0,0,6,0,200,15|15|15|15|15|15,4.94|4.94|4.94|4.94|4.94|4.94
279,55.69,90,0,0,6,0,187,15|15|15|15|15|15,4.94|4.94|4.94|4.94|4.94|4.94
281,46.49,90,0,0,6,0,115,15|15|15|15|15|15,4.94|4.94|4.94|4.94|4.94|4.94
284,45.72,90,0,0,6,0,109,15|15|15|15|15|15,4.94|4.94|4.94|4.94|4.94|4.94
286,45.08,90,0,0,6,0,104,15|15|15|15|15|15,4.94|4.94|4.94|4.94|4.94|4.94
289,44.57,90,0,0,6,0,100,15|15|15|15|15|15,4.94|4.94|4.94|4.94|4.94|4.94
291,44.57,90,0,0,6,0,100,15|15|15|15|15|15,4.94|4.94|4.94|4.94|4.94|4.94
293,44.57,90,0,0,6,0,100,15|15|15|15|15|15,4.94|4.94|4.94|4.94|4.94|4.94
296,44.57,90,0,0,6,0,100,15|15|15|15|15|15,4.94|4.94|4.94|4.94|4.94|4.94
298,44.57,90,0,0,6,0,100,15|15|15|15|15|15,4.94|4.94|4.94|4.94|4.94|4.94
301,44.57,90,0,0,6,0,100,15|15|15|15|15|15,4.94|4.94|4.94|4.94|4.94|4.94
303,44.57,90,0,0,6,0,100,15|15|15|15|15|15,4.94|4.94|4.94|4.94|4.94|4.94
305,44.57,90,0,0,6,0,100,15|15|15|15|15|15,4.94|4.94|4.94|4.94|4.94|4.94
308,44.57,90,0,0,6,0,100,15|15|15|15|15|15,4.94|4.94|4.94|4.94|4.94|4.94
310,44.57,90,0,0,6,0,100,15|15|15|15|15|15,4.94|4.94|4.94|4.94|4.94|4.94
313,44.57,90,0,0,6,0,100,15|15|15|15|15|15,4.94|4.94|4.94|4.94|4.94|4.94
315,44.57,90,0,0,6,0,100,15|15|15|15|15|15,4.94|4.94|4.94|4.94|4.94|4.94
318,44.57,90,0,0,6,0,100,15|15|15|15|15|15,4.94|4.94|4.94|4.94|4.94|4.94
320,44.57,90,0,0,6,0,100,15|15|15|15|15|15,4.94|4.94|4.94|4.94|4.94|4.94
323,44.57,90,0,0,6,0,100,15|15|15|15|15|15,4.94|4.94|4.94|4.94|4.94|4.94
325,44.57,90,0,0,6,0,100,15|15|15|15|15|15,4.94|4.94|4.94|4.94|4.94|4.94
328,44.57,90,0,0,6,0,100,15|15|15|15|15|15,4.94|4.94|4.94|4.94|4.94|4.94
330,44.57,90,0,0,6,0,100,15|15|15|15|15|15,4.94|4.94|4.94|4.94|4.94|4.94
332,44.57,90,0,0,6,0,100,15|15|15|15|15|15,4.94|4.94|4.94|4.94|4.94|4.94
335,44.57,90,0,0,6,0,100,15|15|15|15|15|15,4.94|4.94|4.94|4.94|4.94|4.94
338,44.57,90,0,0,6,0,100,15|15|15|15|15|15,4.94|4.94|4.94|4.94|4.94|4.94
340,44.57,90,0,0,6,0,100,15|15|15|15|15|15,4.94|4.94|4.94|4.94|4.94|4.94
343,44.57,90,0,0,6,0,100,15|15|15|15|15|15,4.94|4.94|4.94|4.94|4.94|4.94
345,44.57,90,0,0,6,0,100,15|15|15|15|15|15,4.94|4.94|4.94|4.94|4.94|4.94
348,44.57,90,0,0,6,0,100,15|15|15|15|15|15,4.94|4.94|4.94|4.94|4.94|4.94
350,44.57,90,0,0,6,0,100,15|15|15|15|15|15,4.94|4.94|4.94|4.94|4.94|4.94
353,44.57,90,0,0,6,0,100,15|15|15|15|15|15,4.94|4.94|4.94|4.94|4.94|4.94
355,44.57,90,0,0,6,0,100,15|15|15|15|15|15,4.94|4.94|4.94|4.94|4.94|4.94
358,44.57,90,0,0,6,0,100,15|15|15|15|15|15,4.94|4.94|4.94|4.94|4.94|4.94
360,44.57,90,0,0,6,0,100,15|15|15|15|15|15,4.94|4.94|4.94|4.94|4.94|4.94
362,44.57,90,0,0,6,0,100,15|15|15|15|15|15,4.94|4.94|4.94|4.94|4.94|4.94
365,44.57,90,0,0,6,0,100,15|15|15|15|15|15,4.94|4.94|4.94|4.94|4.94|4.94
367,44.57,90,0,0,6,0,100,15|15|15|15|15|15,4.94|4.94|4.94|4.94|4.94|4.94
370,51.21,90,0,0,6,0,152,15|15|15|15|15|15,4.94|4.94|4.94|4.94|4.94|4.94
373,56.96,90,0,0,6,0,197,15|15|15|15|15|15,4.94|4.94|4.94|4.94|4.94|4.94
376,57.35,90,0,0,6,0,200,15|15|15|15|15|15,4.94|4.94|4.94|4.94|4.94|4.94
379,57.35,90,0,0,6,0,200,15|15|15|15|15|15,4.94|4.94|4.94|4.94|4.94|4.94
382,57.35,90,0,0,6,0,200,15|15|15|15|15|15,4.94|4.94|4.94|4.94|4.94|4.94
385,57.35,90,0,0,6,0,200,15|15|15|15|15|15,4.94|4.94|4.94|4.94|4.94|4.94
388,57.35,90,0,0,6,0,200,15|15|15|15|15|15,4.94|4.94|4.94|4.94|4.94|4.94
391,57.35,90,0,0,6,0,200,15|15|15|15|15|15,4.94|4.94|4.94|4.94|4.94|4.94
394,57.35,90,0,0,6,0,200,15|15|15|15|15|15,4.94|4.94|4.94|4.94|4.94|4.94
397,57.35,90,0,0,6,0,200,15|15|15|15|15|15,4.94|4.94|4.94|4.94|4.94|4.94
400,57.35,90,0,0,6,0,200,15|15|15|15|15|15,4.94|4.94|4.94|4.94|4.94|4.94
403,57.35,90,0,0,6,0,200,15|15|15|15|15|15,4.94|4.94|4.94|4.94|4.94|4.94
406,57.35,90,0,0,6,0,200,15|15|15|15|15|15,4.94|4.94|4.94|4.94|4.94|4.94
408,57.35,90,0,0,6,0,200,15|15|15|15|15|15,4.94|4.94|4.94|4.94|4.94|4.94
411,57.35,90,0,0,6,0,200,15|15|15|15|15|15,4.94|4.94|4.94|4.94|4.94|4.94
414,57.35,90,0,0,6,0,200,15|15|15|15|15|15,4.94|4.94|4.94|4.94|4.94|4.94
417,57.35,90,0,0,6,0,200,15|15|15|15|15|15,4.94|4.94|4.94|4.94|4.94|4.94
420,57.35,90,0,0,6,0,200,15|15|15|15|15|15,4.94|4.94|4.94|4.94|4.94|4.94
423,57.35,90,0,0,6,0,200,15|15|15|15|15|15,4.94|4.94|4.94|4.94|4.94|4.94
426,57.35,90,0,0,6,0,200,15|15|15|15|15|15,4.94|4.94|4.94|4.94|4.94|4.94
429,57.35,90,0,0,6,0,200,15|15|15|15|15|15,4.94|4.94|4.94|4.94|4.94|4.94
432,57.35,90,0,0,6,0,200,15|15|15|15|15|15,4.94|4.94|4.94|4.94|4.94|4.94
434,57.35,90,0,0,6,0,200,15|15|15|15|15|15,4.94|4.94|4.94|4.94|4.94|4.94
438,57.35,90,0,0,6,0,200,15|15|15|15|15|15,4.94|4.94|4.94|4.94|4.94|4.94
441,57.35,90,0,0,6,0,200,15|15|15|15|15|15,4.94|4.94|4.94|4.94|4.94|4.94
443,57.35,90,0,0,6,0,200,15|15|15|15|15|15,4.94|4.94|4.94|4.94|4.94|4.94
446,57.35,90,0,0,6,0,200,15|15|15|15|15|15,4.94|4.94|4.94|4.94|4.94|4.94
449,57.35,90,0,0,6,0,200,15|15|15|15|15|15,4.94|4.94|4.94|4.94|4.94|4.94
452,57.35,90,0,0,6,0,200,15|15|15|15|15|15,4.94|4.94|4.94|4.94|4.94|4.94
455,57.35,90,0,0,6,0,200,15|15|15|15|15|15,4.94|4.94|4.94|4.94|4.94|4.94
458,57.35,90,0,0,6,0,200,15|15|15|15|15|15,4.94|4.94|4.94|4.94|4.94|4.94
461,61.05,90,0,0,6,0,229,15|15|15|15|15|15,4.94|4.94|4.94|4.94|4.94|4.94
465,70.12,90,0,0,6,0,300,15|15|15|15|15|15,4.94|4.94|4.94|4.94|4.94|4.94
469,70.12,90,0,0,6,0,300,15|15|15|15|15|15,4.94|4.94|4.94|4.94|4.94|4.94
472,70.12,90,0,0,6,0,300,15|15|15|15|15|15,4.94|4.94|4.94|4.94|4.94|4.94
476,70.12,90,0,0,6,0,300,15|15|15|15|15|15,4.94|4.94|4.94|4.94|4.94|4.94
479,70.12,90,0,0,6,0,300,15|15|15|15|15|15,4.94|4.94|4.94|4.94|4.94|4.94
482,70.12,90,0,0,6,0,300,15|15|15|15|15|15,4.94|4.94|4.94|4.94|4.94|4.94
486,70.12,90,0,0,6,0,300,15|15|15|15|15|15,4.94|4.94|4.94|4.94|4.94|4.94
489,70.12,90,0,0,6,0,300,15|15|15|15|15|15,4.94|4.94|4.94|4.94|4.94|4.94
492,70.12,90,0,0,6,0,300,15|15|15|15|15|15,4.94|4.94|4.94|4.94|4.94|4.94
496,70.12,90,0,0,6,0,300,15|15|15|15|15|15,4.94|4.94|4.94|4.94|4.94|4.94
499,70.12,90,0,0,6,0,300,15|15|15|15|15|15,4.94|4.94|4.94|4.94|4.94|4.94
503,70.12,90,0,0,6,0,300,15|15|15|15|15|15,4.94|4.94|4.94|4.94|4.94|4.94
506,70.12,90,0,0,6,0,300,15|15|15|15|15|15,4.94|4.94|4.94|4.94|4.94|4.94
509,70.12,90,0,0,6,0,300,15|15|15|15|15|15,4.94|4.94|4.94|4.94|4.94|4.94
512,70.12,90,0,0,6,0,300,15|15|15|15|15|15,4.94|4.94|4.94|4.94|4.94|4.94
515,70.12,90,0,0,6,0,300,15|15|15|15|15|15,4.94|4.94|4.94|4.94|4.94|4.94
519,70.12,90,0,0,6,0,300,15|15|15|15|15|15,4.94|4.94|4.94|4.94|4.94|4.94
522,70.12,90,0,0,6,0,300,15|15|15|15|15|15,4.94|4.94|4.94|4.94|4.94|4.94
525,70.12,90,0,0,6,0,300,15|15|15|15|15|15,4.94|4.94|4.94|4.94|4.94|4.94
528,70.12,90,0,0,6,0,300,15|15|15|15|15|15,4.94|4.94|4.94|4.94|4.94|4.94
531,70.12,90,0,0,6,0,300,15|15|15|15|15|15,4.94|4.94|4.94|4.94|4.94|4.94
535,70.12,90,0,0,6,0,300,15|15|15|15|15|15,4.94|4.94|4.94|4.94|4.94|4.94
538,70.12,90,0,0,6,0,300,15|15|15|15|15|15,4.94|4.94|4.94|4.94|4.94|4.94
541,70.12,90,0,0,6,0,300,15|15|15|15|15|15,4.94|4.94|4.94|4.94|4.94|4.94
544,70.12,90,0,0,6,0,300,15|15|15|15|15|15,4.94|4.94|4.94|4.94|4.94|4.94
547,70.12,90,0,0,6,0,300,15|15|15|15|15|15,4.94|4.94|4.94|4.94|4.94|4.94
551,70.12,90,0,0,6,0,300,15|15|15|15|15|15,4.94|4.94|4.94|4.94|4.94|4.94
554,78.94,90,0,0,6,0,369,15|15|15|15|15|15,4.94|4.94|4.94|4.94|4.94|4.94
558,82.90,90,0,0,6,0,400,15|15|15|15|15|15,4.94|4.94|4.94|4.94|4.94|4.94
562,82.90,90,0,0,6,0,400,15|15|15|15|15|15,4.94|4.94|4.94|4.94|4.94|4.94
565,82.90,90,0,0,6,0,400,15|15|15|15|15|15,4.94|4.94|4.94|4.94|4.94|4.94
569,82.90,90,0,0,6,0,400,15|15|15|15|15|15,4.94|4.94|4.94|4.94|4.94|4.94
572,82.90,90,0,0,6,0,400,15|15|15|15|15|15,4.94|4.94|4.94|4.94|4.94|4.94
576,82.90,90,0,0,6,0,400,15|15|15|15|15|15,4.94|4.94|4.94|4.94|4.94|4.94
580,82.90,90,0,0,6,0,400,15|15|15|15|15|15,4.94|4.94|4.94|4.94|4.94|4.94
584,82.90,90,0,0,6,0,400,15|15|15|15|15|15,4.94|4.94|4.94|4.94|4.94|4.94
587,82.90,90,0,0,6,0,400,15|15|15|15|15|15,4.94|4.94|4.94|4.94|4.94|4.94
591,82.90,90,0,0,6,0,400,15|15|15|15|15|15,4.94|4.94|4.94|4.94|4.94|4.94
594,82.90,90,0,0,6,0,400,15|15|15|15|15|15,4.94|4.94|4.94|4.94|4.94|4.94
598,82.90,90,0,0,6,0,400,15|15|15|15|15|15,4.94|4.94|4.94|4.94|4.94|4.94
601,82.90,90,0,0,6,0,400,15|15|15|15|15|15,4.94|4.94|4.94|4.94|4.94|4.94
605,82.90,90,0,0,6,0,400,15|15|15|15|15|15,4.94|4.94|4.94|4.94|4.94|4.94
609,82.90,90,0,0,6,0,400,15|15|15|15|15|15,4.94|4.94|4.94|4.94|4.94|4.94
613,82.90,90,0,0,6,0,400,15|15|15|15|15|15,4.94|4.94|4.94|4.94|4.94|4.94
617,82.90,90,0,0,6,0,400,15|15|15|15|15|15,4.94|4.94|4.94|4.94|4.94|4.94
620,82.90,90,0,0,6,0,400,15|15|15|15|15|15,4.94|4.94|4.94|4.94|4.94|4.94
624,82.90,90,0,0,6,0,400,15|15|15|15|15|15,4.94|4.94|4.94|4.94|4.94|4.94
627,82.90,90,0,0,6,0,400,15|15|15|15|15|15,4.94|4.94|4.94|4.94|4.94|4.94
631,82.90,90,0,0,6,0,400,15|15|15|15|15|15,4.94|4.94|4.94|4.94|4.94|4.94
634,82.90,90,0,0,6,0,400,15|15|15|15|15|15,4.94|4.94|4.94|4.94|4.94|4.94
638,82.90,90,0,0,6,0,400,15|15|15|15|15|15,4.94|4.94|4.94|4.94|4.94|4.94
642,82.90,90,0,0,6,0,400,15|15|15|15|15|15,4.94|4.94|4.94|4.94|4.94|4.94
646,82.90,90,0,0,6,0,400,15|15|15|15|15|15,4.94|4.94|4.94|4.94|4.94|4.94
649,82.90,90,0,0,6,0,400,15|15|15|15|15|15,4.94|4.94|4.94|4.94|4.94|4.94
653,82.90,90,0,0,6,0,400,15|15|15|15|15|15,4.94|4.94|4.94|4.94|4.94|4.94
656,82.90,90,0,0,6,0,400,15|15|15|15|15|15,4.94|4.94|4.94|4.94|4.94|4.94
660,82.90,90,0,0,6,0,400,15|15|15|15|15|15,4.94|4.94|4.94|4.94|4.94|4.94
663,82.90,90,0,0,6,0,400,15|15|15|15|15|15,4.94|4.94|4.94|4.94|4.94|4.94
667,82.90,90,0,0,6,0,400,15|15|15|15|15|15,4.94|4.94|4.94|4.94|4.94|4.94
670,82.90,90,0,0,6,0,400,15|15|15|15|15|15,4.94|4.94|4.94|4.94|4.94|4.94
674,82.90,90,0,0,6,0,400,15|15|15|15|15|15,4.94|4.94|4.94|4.94|4.94|4.94
678,82.90,90,0,0,6,0,400,15|15|15|15|15|15,4.94|4.94|4.94|4.94|4.94|4.94
681,82.90,90,0,0,6,0,400,15|15|15|15|15|15,4.94|4.94|4.94|4.94|4.94|4.94
685,82.90,90,0,0,6,0,400,15|15|15|15|15|15,4.94|4.94|4.94|4.94|4.94|4.94
689,82.90,90,0,0,6,0,400,15|15|15|15|15|15,4.94|4.94|4.94|4.94|4.94|4.94
692,82.90,90,0,0,6,0,400,15|15|15|15|15|15,4.94|4.94|4.94|4.94|4.94|4.94
696,74.21,90,0,0,6,0,332,15|15|15|15|15|15,4.94|4.94|4.94|4.94|4.94|4.94
699,66.04,90,0,0,6,0,268,15|15|15|15|15|15,4.94|4.94|4.94|4.94|4.94|4.94
702,57.60,90,0,0,6,0,202,15|15|15|15|15|15,4.94|4.94|4.94|4.94|4.94|4.94
704,47.59,76,0,0,6,0,147,1|15|15|15|15|15,1.96|4.94|4.94|4.94|4.94|4.94
707,36.69,62,0,0,5,1,93,0|2|15|15|15|15,0.72|2.17|4.94|4.94|4.94|4.94
709,26.43,46,0,0,4,2,46,0|0|1|15|15|15,0.72|0.89|1.96|4.94|4.94|4.94
711,17.48,31,0,0,3,3,18,0|0|0|1|15|15,0.17|0.68|0.51|1.79|4.94|4.94
713,11.61,16,0,0,2,4,12,0|0|0|0|1|15,0.17|0.68|0.34|0.17|1.62|4.94
714,8.62,15,0,0,1,4,8,0|0|0|0|0|15,0.00|0.17|0.17|0.00|0.17|4.94
716,7.77,15,0,0,1,3,4,0|0|0|0|0|15,0.00|0.00|0.00|0.00|0.17|4.94
717,7.39,15,0,0,1,2,1,0|0|0|0|0|15,0.00|0.00|0.00|0.00|0.17|4.94
719,7.26,15,0,0,1,2,0,0|0|0|0|0|15,0.00|0.00|0.00|0.00|0.17|4.94
721,3.39,0,0,0,0,3,0,0|0|0|0|0|0,0.00|0.00|0.00|0.00|0.17|1.06
722,2.32,0,0,0,0,1,0,0|0|0|0|0|0,0.00|0.00|0.00|0.00|0.00|0.17
723,2.32,0,0,0,0,1,0,0|0|0|0|0|0,0.00|0.00|0.00|0.00|0.00|0.17
725,2.32,0,0,0,0,0,0,0|0|0|0|0|0,0.00|0.00|0.00|0.00|0.00|0.17
