0,2.15,0,20,0,0,0,0,0|0|0|0|0|0|0|0|0|0|0|0|0|0|0|0|0|0|0|0,0.00|0.00|0.00|0.00|0.00|0.00|0.00|0.00|0.00|0.00|0.00|0.00|0.00|0.00|0.00|0.00|0.00|0.00|0.00|0.00
1,2.15,0,20,0,0,0,0,0|0|0|0|0|0|0|0|0|0|0|0|0|0|0|0|0|0|0|0,0.00|0.00|0.00|0.00|0.00|0.00|0.00|0.00|0.00|0.00|0.00|0.00|0.00|0.00|0.00|0.00|0.00|0.00|0.00|0.00
2,2.15,0,20,0,0,0,0,0|0|0|0|0|0|0|0|0|0|0|0|0|0|0|0|0|0|0|0,0.00|0.00|0.00|0.00|0.00|0.00|0.00|0.00|0.00|0.00|0.00|0.00|0.00|0.00|0.00|0.00|0.00|0.00|0.00|0.00
4,2.15,0,20,0,0,0,0,0|0|0|0|0|0|0|0|0|0|0|0|0|0|0|0|0|0|0|0,0.00|0.00|0.00|0.00|0.00|0.00|0.00|0.00|0.00|0.00|0.00|0.00|0.00|0.00|0.00|0.00|0.00|0.00|0.00|0.00
5,2.15,0,20,0,0,0,0,0|0|0|0|0|0|0|0|0|0|0|0|0|0|0|0|0|0|0|0,0.00|0.00|0.00|0.00|0.00|0.00|0.00|0.00|0.00|0.00|0.00|0.00|0.00|0.00|0.00|0.00|0.00|0.00|0.00|0.00
7,2.15,0,20,0,0,0,0,0|0|0|0|0|0|0|0|0|0|0|0|0|0|0|0|0|0|0|0,0.00|0.00|0.00|0.00|0.00|0.00|0.00|0.00|0.00|0.00|0.00|0.00|0.00|0.00|0.00|0.00|0.00|0.00|0.00|0.00
8,2.15,0,20,0,0,0,0,0|0|0|0|0|0|0|0|0|0|0|0|0|0|0|0|0|0|0|0,0.00|0.00|0.00|0.00|0.00|0.00|0.00|0.00|0.00|0.00|0.00|0.00|0.00|0.00|0.00|0.00|0.00|0.00|0.00|0.00
9,2.15,0,20,0,0,0,0,0|0|0|0|0|0|0|0|0|0|0|0|0|0|0|0|0|0|0|0,0.00|0.00|0.00|0.00|0.00|0.00|0.00|0.00|0.00|0.00|0.00|0.00|0.00|0.00|0.00|0.00|0.00|0.00|0.00|0.00
11,2.15,0,20,0,0,0,0,0|0|0|0|0|0|0|0|0|0|0|0|0|0|0|0|0|0|0|0,0.00|0.00|0.00|0.00|0.00|0.00|0.00|0.00|0.00|0.00|0.00|0.00|0.00|0.00|0.00|0.00|0.00|0.00|0.00|0.00
12,2.15,0,20,0,0,0,0,0|0|0|0|0|0|0|0|0|0|0|0|0|0|0|0|0|0|0|0,0.00|0.00|0.00|0.00|0.00|0.00|0.00|0.00|0.00|0.00|0.00|0.00|0.00|0.00|0.00|0.00|0.00|0.00|0.00|0.00
14,2.15,0,20,0,0,0,0,0|0|0|0|0|0|0|0|0|0|0|0|0|0|0|0|0|0|0|0,0.00|0.00|0.00|0.00|0.00|0.00|0.00|0.00|0.00|0.00|0.00|0.00|0.00|0.00|0.00|0.00|0.00|0.00|0.00|0.00
15,2.15,0,19,1,0,0,0,0|0|0|0|0|0|0|0|0|0|0|0|0|0|0|0|0|0|0|0,0.00|0.00|0.00|0.00|0.00|0.00|0.00|0.00|0.00|0.00|0.00|0.00|0.00|0.00|0.00|0.00|0.00|0.00|0.00|0.00
16,3.00,0,19,1,0,0,0,0|0|0|0|0|0|0|0|0|0|0|0|0|0|0|0|0|0|0|0,0.85|0.00|0.00|0.00|0.00|0.00|0.00|0.00|0.00|0.00|0.00|0.00|0.00|0.00|0.00|0.00|0.00|0.00|0.00|0.00
17,4.11,2,19,0,1,0,0,2|0|0|0|0|0|0|0|0|0|0|0|0|0|0|0|0|0|0|0,1.96|0.00|0.00|0.00|0.00|0.00|0.00|0.00|0.00|0.00|0.00|0.00|0.00|0.00|0.00|0.00|0.00|0.00|0.00|0.00
19,4.11,2,19,0,1,0,0,2|0|0|0|0|0|0|0|0|0|0|0|0|0|0|0|0|0|0|0,1.96|0.00|0.00|0.00|0.00|0.00|0.00|0.00|0.00|0.00|0.00|0.00|0.00|0.00|0.00|0.00|0.00|0.00|0.00|0.00
20,4.32,2,19,0,1,0,0,2|0|0|0|0|0|0|0|0|0|0|0|0|0|0|0|0|0|0|0,2.17|0.00|0.00|0.00|0.00|0.00|0.00|0.00|0.00|0.00|0.00|0.00|0.00|0.00|0.00|0.00|0.00|0.00|0.00|0.00
21,4.32,2,19,0,1,0,0,2|0|0|0|0|0|0|0|0|0|0|0|0|0|0|0|0|0|0|0,2.17|0.00|0.00|0.00|0.00|0.00|0.00|0.00|0.00|0.00|0.00|0.00|0.00|0.00|0.00|0.00|0.00|0.00|0.00|0.00
23,4.32,2,19,0,1,0,0,2|0|0|0|0|0|0|0|0|0|0|0|0|0|0|0|0|0|0|0,2.17|0.00|0.00|0.00|0.00|0.00|0.00|0.00|0.00|0.00|0.00|0.00|0.00|0.00|0.00|0.00|0.00|0.00|0.00|0.00
24,4.32,2,19,0,1,0,0,2|0|0|0|0|0|0|0|0|0|0|0|0|0|0|0|0|0|0|0,2.17|0.00|0.00|0.00|0.00|0.00|0.00|0.00|0.00|0.00|0.00|0.00|0.00|0.00|0.00|0.00|0.00|0.00|0.00|0.00
25,4.32,2,19,0,1,0,0,2|0|0|0|0|0|0|0|0|0|0|0|0|0|0|0|0|0|0|0,2.17|0.00|0.00|0.00|0.00|0.00|0.00|0.00|0.00|0.00|0.00|0.00|0.00|0.00|0.00|0.00|0.00|0.00|0.00|0.00
27,4.32,2,19,0,1,0,0,2|0|0|0|0|0|0|0|0|0|0|0|0|0|0|0|0|0|0|0,2.17|0.00|0.00|0.00|0.00|0.00|0.00|0.00|0.00|0.00|0.00|0.00|0.00|0.00|0.00|0.00|0.00|0.00|0.00|0.00
28,4.32,2,19,0,1,0,0,2|0|0|0|0|0|0|0|0|0|0|0|0|0|0|0|0|0|0|0,2.17|0.00|0.00|0.00|0.00|0.00|0.00|0.00|0.00|0.00|0.00|0.00|0.00|0.00|0.00|0.00|0.00|0.00|0.00|0.00
29,4.32,2,19,0,1,0,0,2|0|0|0|0|0|0|0|0|0|0|0|0|0|0|0|0|0|0|0,2.17|0.00|0.00|0.00|0.00|0.00|0.00|0.00|0.00|0.00|0.00|0.00|0.00|0.00|0.00|0.00|0.00|0.00|0.00|0.00
31,4.32,2,19,0,1,0,0,2|0|0|0|0|0|0|0|0|0|0|0|0|0|0|0|0|0|0|0,2.17|0.00|0.00|0.00|0.00|0.00|0.00|0.00|0.00|0.00|0.00|0.00|0.00|0.00|0.00|0.00|0.00|0.00|0.00|0.00
33,5.00,2,18,1,1,0,0,2|0|0|0|0|0|0|0|0|0|0|0|0|0|0|0|0|0|0|0,2.17|0.68|0.00|0.00|0.00|0.00|0.00|0.00|0.00|0.00|0.00|0.00|0.00|0.00|0.00|0.00|0.00|0.00|0.00|0.00
35,6.50,4,18,0,2,0,0,2|2|0|0|0|0|0|0|0|0|0|0|0|0|0|0|0|0|0|0,2.17|2.17|0.00|0.00|0.00|0.00|0.00|0.00|0.00|0.00|0.00|0.00|0.00|0.00|0.00|0.00|0.00|0.00|0.00|0.00
36,6.50,4,18,0,2,0,0,2|2|0|0|0|0|0|0|0|0|0|0|0|0|0|0|0|0|0|0,2.17|2.17|0.00|0.00|0.00|0.00|0.00|0.00|0.00|0.00|0.00|0.00|0.00|0.00|0.00|0.00|0.00|0.00|0.00|0.00
38,6.50,4,18,0,2,0,0,2|2|0|0|0|0|0|0|0|0|0|0|0|0|0|0|0|0|0|0,2.17|2.17|0.00|0.00|0.00|0.00|0.00|0.00|0.00|0.00|0.00|0.00|0.00|0.00|0.00|0.00|0.00|0.00|0.00|0.00
39,6.50,4,18,0,2,0,0,2|2|0|0|0|0|0|0|0|0|0|0|0|0|0|0|0|0|0|0,2.17|2.17|0.00|0.00|0.00|0.00|0.00|0.00|0.00|0.00|0.00|0.00|0.00|0.00|0.00|0.00|0.00|0.00|0.00|0.00
41,6.50,4,18,0,2,0,0,2|2|0|0|0|0|0|0|0|0|0|0|0|0|0|0|0|0|0|0,2.17|2.17|0.00|0.00|0.00|0.00|0.00|0.00|0.00|0.00|0.00|0.00|0.00|0.00|0.00|0.00|0.00|0.00|0.00|0.00
42,6.50,4,18,0,2,0,0,2|2|0|0|0|0|0|0|0|0|0|0|0|0|0|0|0|0|0|0,2.17|2.17|0.00|0.00|0.00|0.00|0.00|0.00|0.00|0.00|0.00|0.00|0.00|0.00|0.00|0.00|0.00|0.00|0.00|0.00
43,6.50,4,18,0,2,0,0,2|2|0|0|0|0|0|0|0|0|0|0|0|0|0|0|0|0|0|0,2.17|2.17|0.00|0.00|0.00|0.00|0.00|0.00|0.00|0.00|0.00|0.00|0.00|0.00|0.00|0.00|0.00|0.00|0.00|0.00
45,6.50,4,18,0,2,0,0,2|2|0|0|0|0|0|0|0|0|0|0|0|0|0|0|0|0|0|0,2.17|2.17|0.00|0.00|0.00|0.00|0.00|0.00|0.00|0.00|0.00|0.00|0.00|0.00|0.00|0.00|0.00|0.00|0.00|0.00
46,6.50,4,18,0,2,0,0,2|2|0|0|0|0|0|0|0|0|0|0|0|0|0|0|0|0|0|0,2.17|2.17|0.00|0.00|0.00|0.00|0.00|0.00|0.00|0.00|0.00|0.00|0.00|0.00|0.00|0.00|0.00|0.00|0.00|0.00
48,6.50,4,18,0,2,0,0,2|2|0|0|0|0|0|0|0|0|0|0|0|0|0|0|0|0|0|0,2.17|2.17|0.00|0.00|0.00|0.00|0.00|0.00|0.00|0.00|0.00|0.00|0.00|0.00|0.00|0.00|0.00|0.00|0.00|0.00
50,6.50,4,18,0,2,0,0,2|2|0|0|0|0|0|0|0|0|0|0|0|0|0|0|0|0|0|0,2.17|2.17|0.00|0.00|0.00|0.00|0.00|0.00|0.00|0.00|0.00|0.00|0.00|0.00|0.00|0.00|0.00|0.00|0.00|0.00
51,6.50,4,18,0,2,0,0,2|2|0|0|0|0|0|0|0|0|0|0|0|0|0|0|0|0|0|0,2.17|2.17|0.00|0.00|0.00|0.00|0.00|0.00|0.00|0.00|0.00|0.00|0.00|0.00|0.00|0.00|0.00|0.00|0.00|0.00
53,6.50,4,17,1,2,0,0,2|2|0|0|0|0|0|0|0|0|0|0|0|0|0|0|0|0|0|0,2.17|2.17|0.00|0.00|0.00|0.00|0.00|0.00|0.00|0.00|0.00|0.00|0.00|0.00|0.00|0.00|0.00|0.00|0.00|0.00
54,8.07,5,17,0,3,0,0,2|2|1|0|0|0|0|0|0|0|0|0|0|0|0|0|0|0|0|0,2.17|2.17|1.58|0.00|0.00|0.00|0.00|0.00|0.00|0.00|0.00|0.00|0.00|0.00|0.00|0.00|0.00|0.00|0.00|0.00
56,8.67,6,17,0,3,0,0,2|2|2|0|0|0|0|0|0|0|0|0|0|0|0|0|0|0|0|0,2.17|2.17|2.17|0.00|0.00|0.00|0.00|0.00|0.00|0.00|0.00|0.00|0.00|0.00|0.00|0.00|0.00|0.00|0.00|0.00
59,8.67,6,17,0,3,0,0,2|2|2|0|0|0|0|0|0|0|0|0|0|0|0|0|0|0|0|0,2.17|2.17|2.17|0.00|0.00|0.00|0.00|0.00|0.00|0.00|0.00|0.00|0.00|0.00|0.00|0.00|0.00|0.00|0.00|0.00
60,8.67,6,17,0,3,0,0,2|2|2|0|0|0|0|0|0|0|0|0|0|0|0|0|0|0|0|0,2.17|2.17|2.17|0.00|0.00|0.00|0.00|0.00|0.00|0.00|0.00|0.00|0.00|0.00|0.00|0.00|0.00|0.00|0.00|0.00
62,8.67,6,17,0,3,0,0,2|2|2|0|0|0|0|0|0|0|0|0|0|0|0|0|0|0|0|0,2.17|2.17|2.17|0.00|0.00|0.00|0.00|0.00|0.00|0.00|0.00|0.00|0.00|0.00|0.00|0.00|0.00|0.00|0.00|0.00
64,8.67,6,17,0,3,0,0,2|2|2|0|0|0|0|0|0|0|0|0|0|0|0|0|0|0|0|0,2.17|2.17|2.17|0.00|0.00|0.00|0.00|0.00|0.00|0.00|0.00|0.00|0.00|0.00|0.00|0.00|0.00|0.00|0.00|0.00
67,8.67,6,17,0,3,0,0,2|2|2|0|0|0|0|0|0|0|0|0|0|0|0|0|0|0|0|0,2.17|2.17|2.17|0.00|0.00|0.00|0.00|0.00|0.00|0.00|0.00|0.00|0.00|0.00|0.00|0.00|0.00|0.00|0.00|0.00
69,8.67,6,17,0,3,0,0,2|2|2|0|0|0|0|0|0|0|0|0|0|0|0|0|0|0|0|0,2.17|2.17|2.17|0.00|0.00|0.00|0.00|0.00|0.00|0.00|0.00|0.00|0.00|0.00|0.00|0.00|0.00|0.00|0.00|0.00
71,8.67,6,17,0,3,0,0,2|2|2|0|0|0|0|0|0|0|0|0|0|0|0|0|0|0|0|0,2.17|2.17|2.17|0.00|0.00|0.00|0.00|0.00|0.00|0.00|0.00|0.00|0.00|0.00|0.00|0.00|0.00|0.00|0.00|0.00
73,8.67,6,17,0,3,0,0,2|2|2|0|0|0|0|0|0|0|0|0|0|0|0|0|0|0|0|0,2.17|2.17|2.17|0.00|0.00|0.00|0.00|0.00|0.00|0.00|0.00|0.00|0.00|0.00|0.00|0.00|0.00|0.00|0.00|0.00
74,8.67,6,17,0,3,0,0,2|2|2|0|0|0|0|0|0|0|0|0|0|0|0|0|0|0|0|0,2.17|2.17|2.17|0.00|0.00|0.00|0.00|0.00|0.00|0.00|0.00|0.00|0.00|0.00|0.00|0.00|0.00|0.00|0.00|0.00
76,8.67,6,17,0,3,0,0,2|2|2|0|0|0|0|0|0|0|0|0|0|0|0|0|0|0|0|0,2.17|2.17|2.17|0.00|0.00|0.00|0.00|0.00|0.00|0.00|0.00|0.00|0.00|0.00|0.00|0.00|0.00|0.00|0.00|0.00
78,8.67,6,17,0,3,0,0,2|2|2|0|0|0|0|0|0|0|0|0|0|0|0|0|0|0|0|0,2.17|2.17|2.17|0.00|0.00|0.00|0.00|0.00|0.00|0.00|0.00|0.00|0.00|0.00|0.00|0.00|0.00|0.00|0.00|0.00
79,8.67,6,17,0,3,0,0,2|2|2|0|0|0|0|0|0|0|0|0|0|0|0|0|0|0|0|0,2.17|2.17|2.17|0.00|0.00|0.00|0.00|0.00|0.00|0.00|0.00|0.00|0.00|0.00|0.00|0.00|0.00|0.00|0.00|0.00
81,8.67,6,16,1,3,0,0,2|2|2|0|0|0|0|0|0|0|0|0|0|0|0|0|0|0|0|0,2.17|2.17|2.17|0.00|0.00|0.00|0.00|0.00|0.00|0.00|0.00|0.00|0.00|0.00|0.00|0.00|0.00|0.00|0.00|0.00
82,10.29,8,16,0,4,0,0,2|2|2|2|0|0|0|0|0|0|0|0|0|0|0|0|0|0|0|0,2.17|2.17|2.17|1.62|0.00|0.00|0.00|0.00|0.00|0.00|0.00|0.00|0.00|0.00|0.00|0.00|0.00|0.00|0.00|0.00
84,10.67,8,16,0,4,0,0,2|2|2|2|0|0|0|0|0|0|0|0|0|0|0|0|0|0|0|0,2.17|2.17|2.17|2.00|0.00|0.00|0.00|0.00|0.00|0.00|0.00|0.00|0.00|0.00|0.00|0.00|0.00|0.00|0.00|0.00
86,10.84,8,16,0,4,0,0,2|2|2|2|0|0|0|0|0|0|0|0|0|0|0|0|0|0|0|0,2.17|2.17|2.17|2.17|0.00|0.00|0.00|0.00|0.00|0.00|0.00|0.00|0.00|0.00|0.00|0.00|0.00|0.00|0.00|0.00
87,10.84,8,16,0,4,0,0,2|2|2|2|0|0|0|0|0|0|0|0|0|0|0|0|0|0|0|0,2.17|2.17|2.17|2.17|0.00|0.00|0.00|0.00|0.00|0.00|0.00|0.00|0.00|0.00|0.00|0.00|0.00|0.00|0.00|0.00
89,10.84,8,16,0,4,0,0,2|2|2|2|0|0|0|0|0|0|0|0|0|0|0|0|0|0|0|0,2.17|2.17|2.17|2.17|0.00|0.00|0.00|0.00|0.00|0.00|0.00|0.00|0.00|0.00|0.00|0.00|0.00|0.00|0.00|0.00
90,10.84,8,16,0,4,0,0,2|2|2|2|0|0|0|0|0|0|0|0|0|0|0|0|0|0|0|0,2.17|2.17|2.17|2.17|0.00|0.00|0.00|0.00|0.00|0.00|0.00|0.00|0.00|0.00|0.00|0.00|0.00|0.00|0.00|0.00
92,10.84,8,16,0,4,0,0,2|2|2|2|0|0|0|0|0|0|0|0|0|0|0|0|0|0|0|0,2.17|2.17|2.17|2.17|0.00|0.00|0.00|0.00|0.00|0.00|0.00|0.00|0.00|0.00|0.00|0.00|0.00|0.00|0.00|0.00
94,10.84,8,16,0,4,0,0,2|2|2|2|0|0|0|0|0|0|0|0|0|0|0|0|0|0|0|0,2.17|2.17|2.17|2.17|0.00|0.00|0.00|0.00|0.00|0.00|0.00|0.00|0.00|0.00|0.00|0.00|0.00|0.00|0.00|0.00
96,10.84,8,16,0,4,0,0,2|2|2|2|0|0|0|0|0|0|0|0|0|0|0|0|0|0|0|0,2.17|2.17|2.17|2.17|0.00|0.00|0.00|0.00|0.00|0.00|0.00|0.00|0.00|0.00|0.00|0.00|0.00|0.00|0.00|0.00
97,11.35,8,15,1,4,0,0,2|2|2|2|0|0|0|0|0|0|0|0|0|0|0|0|0|0|0|0,2.17|2.17|2.17|2.17|0.51|0.00|0.00|0.00|0.00|0.00|0.00|0.00|0.00|0.00|0.00|0.00|0.00|0.00|0.00|0.00
99,13.01,10,15,0,5,0,0,2|2|2|2|2|0|0|0|0|0|0|0|0|0|0|0|0|0|0|0,2.17|2.17|2.17|2.17|2.17|0.00|0.00|0.00|0.00|0.00|0.00|0.00|0.00|0.00|0.00|0.00|0.00|0.00|0.00|0.00
101,13.01,10,15,0,5,0,0,2|2|2|2|2|0|0|0|0|0|0|0|0|0|0|0|0|0|0|0,2.17|2.17|2.17|2.17|2.17|0.00|0.00|0.00|0.00|0.00|0.00|0.00|0.00|0.00|0.00|0.00|0.00|0.00|0.00|0.00
103,13.01,10,15,0,5,0,0,2|2|2|2|2|0|0|0|0|0|0|0|0|0|0|0|0|0|0|0,2.17|2.17|2.17|2.17|2.17|0.00|0.00|0.00|0.00|0.00|0.00|0.00|0.00|0.00|0.00|0.00|0.00|0.00|0.00|0.00
105,13.01,10,15,0,5,0,0,2|2|2|2|2|0|0|0|0|0|0|0|0|0|0|0|0|0|0|0,2.17|2.17|2.17|2.17|2.17|0.00|0.00|0.00|0.00|0.00|0.00|0.00|0.00|0.00|0.00|0.00|0.00|0.00|0.00|0.00
107,13.01,10,15,0,5,0,0,2|2|2|2|2|0|0|0|0|0|0|0|0|0|0|0|0|0|0|0,2.17|2.17|2.17|2.17|2.17|0.00|0.00|0.00|0.00|0.00|0.00|0.00|0.00|0.00|0.00|0.00|0.00|0.00|0.00|0.00
109,13.01,10,15,0,5,0,0,2|2|2|2|2|0|0|0|0|0|0|0|0|0|0|0|0|0|0|0,2.17|2.17|2.17|2.17|2.17|0.00|0.00|0.00|0.00|0.00|0.00|0.00|0.00|0.00|0.00|0.00|0.00|0.00|0.00|0.00
110,13.69,10,14,1,5,0,0,2|2|2|2|2|0|0|0|0|0|0|0|0|0|0|0|0|0|0|0,2.17|2.17|2.17|2.17|2.17|0.68|0.00|0.00|0.00|0.00|0.00|0.00|0.00|0.00|0.00|0.00|0.00|0.00|0.00|0.00
112,15.14,12,14,0,6,0,0,2|2|2|2|2|2|0|0|0|0|0|0|0|0|0|0|0|0|0|0,2.17|2.17|2.17|2.17|2.17|2.13|0.00|0.00|0.00|0.00|0.00|0.00|0.00|0.00|0.00|0.00|0.00|0.00|0.00|0.00
114,15.14,12,14,0,6,0,0,2|2|2|2|2|2|0|0|0|0|0|0|0|0|0|0|0|0|0|0,2.17|2.17|2.17|2.17|2.17|2.13|0.00|0.00|0.00|0.00|0.00|0.00|0.00|0.00|0.00|0.00|0.00|0.00|0.00|0.00
116,15.14,12,14,0,6,0,0,2|2|2|2|2|2|0|0|0|0|0|0|0|0|0|0|0|0|0|0,2.17|2.17|2.17|2.17|2.17|2.13|0.00|0.00|0.00|0.00|0.00|0.00|0.00|0.00|0.00|0.00|0.00|0.00|0.00|0.00
117,15.14,12,14,0,6,0,0,2|2|2|2|2|2|0|0|0|0|0|0|0|0|0|0|0|0|0|0,2.17|2.17|2.17|2.17|2.17|2.13|0.00|0.00|0.00|0.00|0.00|0.00|0.00|0.00|0.00|0.00|0.00|0.00|0.00|0.00
119,15.14,12,14,0,6,0,0,2|2|2|2|2|2|0|0|0|0|0|0|0|0|0|0|0|0|0|0,2.17|2.17|2.17|2.17|2.17|2.13|0.00|0.00|0.00|0.00|0.00|0.00|0.00|0.00|0.00|0.00|0.00|0.00|0.00|0.00
121,15.14,12,14,0,6,0,0,2|2|2|2|2|2|0|0|0|0|0|0|0|0|0|0|0|0|0|0,2.17|2.17|2.17|2.17|2.17|2.13|0.00|0.00|0.00|0.00|0.00|0.00|0.00|0.00|0.00|0.00|0.00|0.00|0.00|0.00
123,15.18,12,14,0,6,0,0,2|2|2|2|2|2|0|0|0|0|0|0|0|0|0|0|0|0|0|0,2.17|2.17|2.17|2.17|2.17|2.17|0.00|0.00|0.00|0.00|0.00|0.00|0.00|0.00|0.00|0.00|0.00|0.00|0.00|0.00
124,15.18,12,14,0,6,0,0,2|2|2|2|2|2|0|0|0|0|0|0|0|0|0|0|0|0|0|0,2.17|2.17|2.17|2.17|2.17|2.17|0.00|0.00|0.00|0.00|0.00|0.00|0.00|0.00|0.00|0.00|0.00|0.00|0.00|0.00
126,15.18,12,14,0,6,0,0,2|2|2|2|2|2|0|0|0|0|0|0|0|0|0|0|0|0|0|0,2.17|2.17|2.17|2.17|2.17|2.17|0.00|0.00|0.00|0.00|0.00|0.00|0.00|0.00|0.00|0.00|0.00|0.00|0.00|0.00
128,15.18,12,14,0,6,0,0,2|2|2|2|2|2|0|0|0|0|0|0|0|0|0|0|0|0|0|0,2.17|2.17|2.17|2.17|2.17|2.17|0.00|0.00|0.00|0.00|0.00|0.00|0.00|0.00|0.00|0.00|0.00|0.00|0.00|0.00
130,15.18,12,14,0,6,0,0,2|2|2|2|2|2|0|0|0|0|0|0|0|0|0|0|0|0|0|0,2.17|2.17|2.17|2.17|2.17|2.17|0.00|0.00|0.00|0.00|0.00|0.00|0.00|0.00|0.00|0.00|0.00|0.00|0.00|0.00
131,15.18,12,14,0,6,0,0,2|2|2|2|2|2|0|0|0|0|0|0|0|0|0|0|0|0|0|0,2.17|2.17|2.17|2.17|2.17|2.17|0.00|0.00|0.00|0.00|0.00|0.00|0.00|0.00|0.00|0.00|0.00|0.00|0.00|0.00
133,15.18,12,14,0,6,0,0,2|2|2|2|2|2|0|0|0|0|0|0|0|0|0|0|0|0|0|0,2.17|2.17|2.17|2.17|2.17|2.17|0.00|0.00|0.00|0.00|0.00|0.00|0.00|0.00|0.00|0.00|0.00|0.00|0.00|0.00
135,15.18,12,14,0,6,0,0,2|2|2|2|2|2|0|0|0|0|0|0|0|0|0|0|0|0|0|0,2.17|2.17|2.17|2.17|2.17|2.17|0.00|0.00|0.00|0.00|0.00|0.00|0.00|0.00|0.00|0.00|0.00|0.00|0.00|0.00
136,15.18,12,14,0,6,0,0,2|2|2|2|2|2|0|0|0|0|0|0|0|0|0|0|0|0|0|0,2.17|2.17|2.17|2.17|2.17|2.17|0.00|0.00|0.00|0.00|0.00|0.00|0.00|0.00|0.00|0.00|0.00|0.00|0.00|0.00
138,15.18,12,14,0,6,0,0,2|2|2|2|2|2|0|0|0|0|0|0|0|0|0|0|0|0|0|0,2.17|2.17|2.17|2.17|2.17|2.17|0.00|0.00|0.00|0.00|0.00|0.00|0.00|0.00|0.00|0.00|0.00|0.00|0.00|0.00
140,15.69,12,13,1,6,0,0,2|2|2|2|2|2|0|0|0|0|0|0|0|0|0|0|0|0|0|0,2.17|2.17|2.17|2.17|2.17|2.17|0.51|0.00|0.00|0.00|0.00|0.00|0.00|0.00|0.00|0.00|0.00|0.00|0.00|0.00
142,17.36,14,13,0,7,0,0,2|2|2|2|2|2|2|0|0|0|0|0|0|0|0|0|0|0|0|0,2.17|2.17|2.17|2.17|2.17|2.17|2.17|0.00|0.00|0.00|0.00|0.00|0.00|0.00|0.00|0.00|0.00|0.00|0.00|0.00
144,17.36,14,13,0,7,0,0,2|2|2|2|2|2|2|0|0|0|0|0|0|0|0|0|0|0|0|0,2.17|2.17|2.17|2.17|2.17|2.17|2.17|0.00|0.00|0.00|0.00|0.00|0.00|0.00|0.00|0.00|0.00|0.00|0.00|0.00
146,17.36,14,13,0,7,0,0,2|2|2|2|2|2|2|0|0|0|0|0|0|0|0|0|0|0|0|0,2.17|2.17|2.17|2.17|2.17|2.17|2.17|0.00|0.00|0.00|0.00|0.00|0.00|0.00|0.00|0.00|0.00|0.00|0.00|0.00
148,17.36,14,13,0,7,0,0,2|2|2|2|2|2|2|0|0|0|0|0|0|0|0|0|0|0|0|0,2.17|2.17|2.17|2.17|2.17|2.17|2.17|0.00|0.00|0.00|0.00|0.00|0.00|0.00|0.00|0.00|0.00|0.00|0.00|0.00
150,17.36,14,13,0,7,0,0,2|2|2|2|2|2|2|0|0|0|0|0|0|0|0|0|0|0|0|0,2.17|2.17|2.17|2.17|2.17|2.17|2.17|0.00|0.00|0.00|0.00|0.00|0.00|0.00|0.00|0.00|0.00|0.00|0.00|0.00
152,17.36,14,12,1,7,0,0,2|2|2|2|2|2|2|0|0|0|0|0|0|0|0|0|0|0|0|0,2.17|2.17|2.17|2.17|2.17|2.17|2.17|0.00|0.00|0.00|0.00|0.00|0.00|0.00|0.00|0.00|0.00|0.00|0.00|0.00
154,19.49,16,12,0,8,0,0,2|2|2|2|2|2|2|2|0|0|0|0|0|0|0|0|0|0|0|0,2.17|2.17|2.17|2.17|2.17|2.17|2.17|2.13|0.00|0.00|0.00|0.00|0.00|0.00|0.00|0.00|0.00|0.00|0.00|0.00
156,19.49,16,12,0,8,0,0,2|2|2|2|2|2|2|2|0|0|0|0|0|0|0|0|0|0|0|0,2.17|2.17|2.17|2.17|2.17|2.17|2.17|2.13|0.00|0.00|0.00|0.00|0.00|0.00|0.00|0.00|0.00|0.00|0.00|0.00
158,19.53,16,12,0,8,0,0,2|2|2|2|2|2|2|2|0|0|0|0|0|0|0|0|0|0|0|0,2.17|2.17|2.17|2.17|2.17|2.17|2.17|2.17|0.00|0.00|0.00|0.00|0.00|0.00|0.00|0.00|0.00|0.00|0.00|0.00
160,19.53,16,12,0,8,0,0,2|2|2|2|2|2|2|2|0|0|0|0|0|0|0|0|0|0|0|0,2.17|2.17|2.17|2.17|2.17|2.17|2.17|2.17|0.00|0.00|0.00|0.00|0.00|0.00|0.00|0.00|0.00|0.00|0.00|0.00
162,25.06,42,12,0,8,0,0,28|2|2|2|2|2|2|2|0|0|0|0|0|0|0|0|0|0|0|0,7.71|2.17|2.17|2.17|2.17|2.17|2.17|2.17|0.00|0.00|0.00|0.00|0.00|0.00|0.00|0.00|0.00|0.00|0.00|0.00
165,37.20,99,12,0,8,0,0,59|28|2|2|2|2|2|2|0|0|0|0|0|0|0|0|0|0|0|0,14.31|7.71|2.17|2.17|2.17|2.17|2.17|2.17|0.00|0.00|0.00|0.00|0.00|0.00|0.00|0.00|0.00|0.00|0.00|0.00
168,51.51,159,12,0,8,0,0,60|59|30|2|2|2|2|2|0|0|0|0|0|0|0|0|0|0|0|0,14.52|14.31|8.13|2.17|2.17|2.17|2.17|2.17|1.53|0.00|0.00|0.00|0.00|0.00|0.00|0.00|0.00|0.00|0.00|0.00
171,66.84,230,12,0,8,0,0,60|59|57|45|3|2|2|2|0|0|0|0|0|0|0|0|0|0|0|0,14.52|14.31|13.88|11.33|2.39|2.17|2.17|2.17|1.75|0.00|0.00|0.00|0.00|0.00|0.00|0.00|0.00|0.00|0.00|0.00
175,81.54,299,12,0,8,0,0,60|60|60|60|51|4|2|2|0|0|0|0|0|0|0|0|0|0|0|0,14.52|14.52|14.52|14.52|12.61|2.60|2.17|2.17|1.75|0.00|0.00|0.00|0.00|0.00|0.00|0.00|0.00|0.00|0.00|0.00
178,85.80,319,11,1,8,0,0,60|60|60|60|60|15|2|2|0|0|0|0|0|0|0|0|0|0|0|0,14.52|14.52|14.52|14.52|14.52|4.94|2.17|2.17|1.75|0.00|0.00|0.00|0.00|0.00|0.00|0.00|0.00|0.00|0.00|0.00
182,86.22,321,11,1,8,0,0,60|60|60|60|60|17|2|2|0|0|0|0|0|0|0|0|0|0|0|0,14.52|14.52|14.52|14.52|14.52|5.37|2.17|2.17|1.75|0.00|0.00|0.00|0.00|0.00|0.00|0.00|0.00|0.00|0.00|0.00
186,87.80,321,10,2,8,0,0,60|60|60|60|60|17|2|2|0|0|0|0|0|0|0|0|0|0|0|0,14.52|14.52|14.52|14.52|14.52|5.37|2.17|2.17|1.75|1.58|0.00|0.00|0.00|0.00|0.00|0.00|0.00|0.00|0.00|0.00
191,87.97,321,10,2,8,0,0,60|60|60|60|60|17|2|2|0|0|0|0|0|0|0|0|0|0|0|0,14.52|14.52|14.52|14.52|14.52|5.37|2.17|2.17|1.75|1.75|0.00|0.00|0.00|0.00|0.00|0.00|0.00|0.00|0.00|0.00
196,87.97,321,10,2,8,0,0,60|60|60|60|60|17|2|2|0|0|0|0|0|0|0|0|0|0|0|0,14.52|14.52|14.52|14.52|14.52|5.37|2.17|2.17|1.75|1.75|0.00|0.00|0.00|0.00|0.00|0.00|0.00|0.00|0.00|0.00
201,88.35,321,9,3,8,0,0,60|60|60|60|60|17|2|2|0|0|0|0|0|0|0|0|0|0|0|0,14.52|14.52|14.52|14.52|14.52|5.37|2.17|2.17|1.75|1.75|0.38|0.00|0.00|0.00|0.00|0.00|0.00|0.00|0.00|0.00
205,88.35,321,9,3,8,0,0,60|60|60|60|60|17|2|2|0|0|0|0|0|0|0|0|0|0|0|0,14.52|14.52|14.52|14.52|14.52|5.37|2.17|2.17|1.75|1.75|0.38|0.00|0.00|0.00|0.00|0.00|0.00|0.00|0.00|0.00
210,88.35,321,8,4,8,0,0,60|60|60|60|60|17|2|2|0|0|0|0|0|0|0|0|0|0|0|0,14.52|14.52|14.52|14.52|14.52|5.37|2.17|2.17|1.75|1.75|0.38|0.00|0.00|0.00|0.00|0.00|0.00|0.00|0.00|0.00
215,80.90,285,8,4,8,0,0,45|60|60|47|52|17|2|2|0|0|0|0|0|0|0|0|0|0|0|0,11.33|14.52|14.52|11.75|12.82|5.37|2.17|2.17|1.75|1.75|0.38|0.21|0.00|0.00|0.00|0.00|0.00|0.00|0.00|0.00
219,76.34,258,8,4,8,0,0,44|22|60|45|44|22|19|2|0|0|0|0|0|0|0|0|0|0|0|0,11.12|6.43|14.52|11.33|11.12|6.43|5.79|2.17|1.75|1.75|0.38|1.41|0.00|0.00|0.00|0.00|0.00|0.00|0.00|0.00
225,74.72,248,7,4,9,0,0,25|21|26|33|44|22|56|20|0|0|0|1|0|0|0|0|0|0|0|0,7.07|6.22|7.28|8.77|11.12|6.43|13.67|6.01|1.75|1.75|0.38|1.96|0.17|0.00|0.00|0.00|0.00|0.00|0.00|0.00
229,75.23,243,7,1,12,0,0,22|21|3|23|22|22|59|41|25|1|0|2|2|0|0|0|0|0|0|0,6.43|6.22|2.39|6.64|6.43|6.43|14.31|10.48|7.07|1.96|0.38|2.17|2.17|0.00|0.00|0.00|0.00|0.00|0.00|0.00
232,83.03,274,7,0,13,0,0,22|21|3|23|22|22|59|43|52|1|2|2|2|0|0|0|0|0|0|0,6.43|6.22|2.39|6.64|6.43|6.43|14.31|10.90|12.82|1.96|2.00|2.17|2.17|0.00|0.00|0.00|0.00|0.00|0.00|0.00
236,83.24,275,7,0,13,0,0,22|21|3|23|22|22|59|43|53|1|2|2|2|0|0|0|0|0|0|0,6.43|6.22|2.39|6.64|6.43|6.43|14.31|10.90|13.03|1.96|2.00|2.17|2.17|0.00|0.00|0.00|0.00|0.00|0.00|0.00
241,84.82,276,6,0,14,0,0,22|21|3|23|22|22|59|43|53|1|2|2|2|1|0|0|0|0|0|0,6.43|6.22|2.39|6.64|6.43|6.43|14.31|10.90|13.03|1.96|2.17|2.17|2.17|1.41|0.00|0.00|0.00|0.00|0.00|0.00
244,85.84,279,6,0,14,0,0,22|21|2|22|22|26|59|43|53|1|2|2|2|2|0|0|0|0|0|0,6.43|6.22|2.17|6.43|6.43|7.28|14.31|10.90|13.03|1.96|2.17|2.17|2.17|2.00|0.00|0.00|0.00|0.00|0.00|0.00
248,86.48,282,6,0,14,0,0,22|21|2|22|22|29|59|43|53|1|2|2|2|2|0|0|0|0|0|0,6.43|6.22|2.17|6.43|6.43|7.92|14.31|10.90|13.03|1.96|2.17|2.17|2.17|2.00|0.00|0.00|0.00|0.00|0.00|0.00
253,86.86,283,6,0,14,0,0,22|21|2|22|22|30|59|43|53|1|2|2|2|2|0|0|0|0|0|0,6.43|6.22|2.17|6.43|6.43|8.13|14.31|10.90|13.03|1.96|2.17|2.17|2.17|2.17|0.00|0.00|0.00|0.00|0.00|0.00
257,87.07,284,5,1,14,0,0,22|21|2|22|22|31|59|43|53|1|2|2|2|2|0|0|0|0|0|0,6.43|6.22|2.17|6.43|6.43|8.35|14.31|10.90|13.03|1.96|2.17|2.17|2.17|2.17|0.00|0.00|0.00|0.00|0.00|0.00
262,83.03,264,5,1,14,0,0,22|2|2|22|21|31|59|43|53|1|2|2|2|2|0|0|0|0|0|0,6.43|2.17|2.17|6.43|6.22|8.35|14.31|10.90|13.03|1.96|2.17|2.17|2.17|2.17|0.21|0.00|0.00|0.00|0.00|0.00
267,84.60,265,5,0,15,0,0,22|2|2|22|20|31|59|43|53|1|2|2|2|2|2|0|0|0|0|0,6.43|2.17|2.17|6.43|6.01|8.35|14.31|10.90|13.03|1.96|2.17|2.17|2.17|2.17|2.00|0.00|0.00|0.00|0.00|0.00
270,84.60,265,5,0,15,0,0,20|2|3|22|20|31|59|43|53|1|3|2|2|2|2|0|0|0|0|0,6.01|2.17|2.39|6.43|6.01|8.35|14.31|10.90|13.03|1.96|2.39|2.17|2.17|2.17|2.00|0.00|0.00|0.00|0.00|0.00
274,85.20,267,5,0,15,0,0,20|3|3|22|20|31|59|43|53|1|3|2|2|3|2|0|0|0|0|0,6.01|2.39|2.39|6.43|6.01|8.35|14.31|10.90|13.03|1.96|2.39|2.17|2.17|2.39|2.17|0.00|0.00|0.00|0.00|0.00
278,85.20,267,5,0,15,0,0,20|3|3|22|20|31|59|43|53|1|3|2|2|3|2|0|0|0|0|0,6.01|2.39|2.39|6.43|6.01|8.35|14.31|10.90|13.03|1.96|2.39|2.17|2.17|2.39|2.17|0.00|0.00|0.00|0.00|0.00
282,84.60,257,4,1,15,0,0,20|3|3|12|20|31|59|43|53|1|3|2|2|3|2|0|0|0|0|0,6.01|2.39|2.39|4.30|6.01|8.35|14.31|10.90|13.03|1.96|2.39|2.17|2.17|2.39|2.17|1.53|0.00|0.00|0.00|0.00
286,85.03,258,4,0,16,0,0,20|3|3|11|20|31|59|43|53|1|3|2|2|3|2|2|0|0|0|0,6.01|2.39|2.39|4.09|6.01|8.35|14.31|10.90|13.03|1.96|2.39|2.17|2.17|2.39|2.17|2.17|0.00|0.00|0.00|0.00
290,85.03,258,4,0,16,0,0,20|3|3|11|20|31|59|43|53|1|3|2|2|3|2|2|0|0|0|0,6.01|2.39|2.39|4.09|6.01|8.35|14.31|10.90|13.03|1.96|2.39|2.17|2.17|2.39|2.17|2.17|0.00|0.00|0.00|0.00
293,85.03,258,4,0,16,0,0,20|3|3|11|20|31|59|43|53|1|3|2|2|3|2|2|0|0|0|0,6.01|2.39|2.39|4.09|6.01|8.35|14.31|10.90|13.03|1.96|2.39|2.17|2.17|2.39|2.17|2.17|0.00|0.00|0.00|0.00
297,84.82,257,4,0,16,0,0,20|3|3|10|20|31|59|43|53|1|3|2|2|3|2|2|0|0|0|0,6.01|2.39|2.39|3.88|6.01|8.35|14.31|10.90|13.03|1.96|2.39|2.17|2.17|2.39|2.17|2.17|0.00|0.00|0.00|0.00
301,86.56,257,3,1,16,0,0,20|3|3|10|20|31|59|43|53|1|3|2|2|3|2|2|0|0|0|0,6.01|2.39|2.39|3.88|6.01|8.35|14.31|10.90|13.03|1.96|2.39|2.17|2.17|2.39|2.17|2.17|1.75|0.00|0.00|0.00
306,86.56,257,3,1,16,0,0,20|3|3|10|20|31|59|43|53|1|3|2|2|3|2|2|0|0|0|0,6.01|2.39|2.39|3.88|6.01|8.35|14.31|10.90|13.03|1.96|2.39|2.17|2.17|2.39|2.17|2.17|1.75|0.00|0.00|0.00
310,86.35,256,3,1,16,0,0,19|3|3|10|20|31|59|43|53|1|3|2|2|3|2|2|0|0|0|0,5.79|2.39|2.39|3.88|6.01|8.35|14.31|10.90|13.03|1.96|2.39|2.17|2.17|2.39|2.17|2.17|1.75|0.00|0.00|0.00
314,86.35,256,3,1,16,0,0,19|3|3|10|19|32|59|43|53|1|3|2|2|3|2|2|0|0|0|0,5.79|2.39|2.39|3.88|5.79|8.56|14.31|10.90|13.03|1.96|2.39|2.17|2.17|2.39|2.17|2.17|1.75|0.00|0.00|0.00
317,85.92,254,3,1,16,0,0,19|2|2|10|19|33|59|44|53|1|2|2|2|2|2|2|0|0|0|0,5.79|2.17|2.17|3.88|5.79|8.77|14.31|11.12|13.03|1.96|2.17|2.17|2.17|2.17|2.17|2.17|1.75|0.00|0.00|0.00
321,86.56,257,3,1,16,0,0,19|2|2|10|19|33|59|46|54|1|2|2|2|2|2|2|0|0|0|0,5.79|2.17|2.17|3.88|5.79|8.77|14.31|11.54|13.25|1.96|2.17|2.17|2.17|2.17|2.17|2.17|1.75|0.00|0.00|0.00
325,86.73,257,2,2,16,0,0,19|2|2|10|19|33|59|46|54|1|2|2|2|2|2|2|0|0|0|0,5.79|2.17|2.17|3.88|5.79|8.77|14.31|11.54|13.25|1.96|2.17|2.17|2.17|2.17|2.17|2.17|1.75|0.17|0.00|0.00
329,86.95,257,2,2,16,0,0,19|2|2|10|19|33|59|46|54|1|2|2|2|2|2|2|0|0|0|0,5.79|2.17|2.17|3.88|5.79|8.77|14.31|11.54|13.25|1.96|2.17|2.17|2.17|2.17|2.17|2.17|1.75|0.38|0.00|0.00
333,85.24,249,2,2,16,0,0,19|2|2|2|19|33|59|46|54|1|2|2|2|2|2|2|0|0|0|0,5.79|2.17|2.17|2.17|5.79|8.77|14.31|11.54|13.25|1.96|2.17|2.17|2.17|2.17|2.17|2.17|1.75|0.38|0.00|0.00
336,86.95,257,2,2,16,0,0,19|2|2|2|19|41|59|46|54|1|2|2|2|2|2|2|0|0|0|0,5.79|2.17|2.17|2.17|5.79|10.48|14.31|11.54|13.25|1.96|2.17|2.17|2.17|2.17|2.17|2.17|1.75|0.38|0.00|0.00
340,86.95,257,1,3,16,0,0,19|2|2|2|19|41|59|46|54|1|2|2|2|2|2|2|0|0|0|0,5.79|2.17|2.17|2.17|5.79|10.48|14.31|11.54|13.25|1.96|2.17|2.17|2.17|2.17|2.17|2.17|1.75|0.38|0.00|0.00
344,85.07,248,1,3,16,0,0,10|2|2|2|19|41|59|46|54|1|2|2|2|2|2|2|0|0|0|0,3.88|2.17|2.17|2.17|5.79|10.48|14.31|11.54|13.25|1.96|2.17|2.17|2.17|2.17|2.17|2.17|1.75|0.38|0.04|0.00
349,84.86,243,1,3,16,0,0,10|2|2|2|10|41|59|50|54|1|2|2|2|2|2|2|0|0|0|0,3.88|2.17|2.17|2.17|3.88|10.48|14.31|12.39|13.25|1.96|2.17|2.17|2.17|2.17|2.17|2.17|1.75|0.38|0.89|0.00
354,85.37,243,1,3,16,0,0,10|2|2|2|10|41|59|50|54|1|2|2|2|2|2|2|0|0|0|0,3.88|2.17|2.17|2.17|3.88|10.48|14.31|12.39|13.25|1.96|2.17|2.17|2.17|2.17|2.17|2.17|1.75|0.38|1.41|0.00
358,86.44,244,1,3,16,0,0,10|2|2|3|10|41|59|50|54|1|2|2|2|2|2|2|0|0|0|0,3.88|2.17|2.17|2.39|3.88|10.48|14.31|12.39|13.25|1.96|2.17|2.17|2.17|2.17|2.17|2.17|1.75|1.24|1.41|0.00
363,86.48,244,0,4,16,0,0,10|2|2|3|10|41|59|50|54|1|2|2|2|2|2|2|0|0|0|0,3.88|2.17|2.17|2.39|3.88|10.48|14.31|12.39|13.25|1.96|2.17|2.17|2.17|2.17|2.17|2.17|1.75|1.24|1.41|0.04
368,86.48,244,0,4,16,0,0,10|2|2|3|10|41|59|50|54|1|2|2|2|2|2|2|0|0|0|0,3.88|2.17|2.17|2.39|3.88|10.48|14.31|12.39|13.25|1.96|2.17|2.17|2.17|2.17|2.17|2.17|1.75|1.24|1.41|0.04
373,86.48,244,0,4,16,0,0,10|2|2|3|10|41|59|50|54|1|2|2|2|2|2|2|0|0|0|0,3.88|2.17|2.17|2.39|3.88|10.48|14.31|12.39|13.25|1.96|2.17|2.17|2.17|2.17|2.17|2.17|1.75|1.24|1.41|0.04
378,86.48,244,0,4,16,0,0,10|2|2|3|10|41|59|50|54|1|2|2|2|2|2|2|0|0|0|0,3.88|2.17|2.17|2.39|3.88|10.48|14.31|12.39|13.25|1.96|2.17|2.17|2.17|2.17|2.17|2.17|1.75|1.24|1.41|0.04
382,86.27,243,0,4,16,0,0,9|2|2|3|10|41|59|50|54|1|2|2|2|2|2|2|0|0|0|0,3.66|2.17|2.17|2.39|3.88|10.48|14.31|12.39|13.25|1.96|2.17|2.17|2.17|2.17|2.17|2.17|1.75|1.24|1.41|0.04
386,86.27,243,0,4,16,0,0,9|2|2|3|10|41|59|50|54|1|2|2|2|2|2|2|0|0|0|0,3.66|2.17|2.17|2.39|3.88|10.48|14.31|12.39|13.25|1.96|2.17|2.17|2.17|2.17|2.17|2.17|1.75|1.24|1.41|0.04
390,86.27,243,0,4,16,0,0,9|2|2|3|9|41|59|50|54|1|3|2|2|2|2|2|0|0|0|0,3.66|2.17|2.17|2.39|3.66|10.48|14.31|12.39|13.25|1.96|2.39|2.17|2.17|2.17|2.17|2.17|1.75|1.24|1.41|0.04
394,86.22,242,0,4,16,0,0,9|2|2|2|9|41|59|50|54|1|3|2|2|2|2|2|0|0|0|0,3.66|2.17|2.17|2.17|3.66|10.48|14.31|12.39|13.25|1.96|2.39|2.17|2.17|2.17|2.17|2.17|1.75|1.24|1.41|0.21
398,86.22,242,0,4,16,0,0,9|2|2|2|9|41|59|50|54|1|3|2|2|2|2|2|0|0|0|0,3.66|2.17|2.17|2.17|3.66|10.48|14.31|12.39|13.25|1.96|2.39|2.17|2.17|2.17|2.17|2.17|1.75|1.24|1.41|0.21
402,86.22,242,0,4,16,0,0,9|2|2|2|9|41|59|50|54|1|3|2|2|2|2|2|0|0|0|0,3.66|2.17|2.17|2.17|3.66|10.48|14.31|12.39|13.25|1.96|2.39|2.17|2.17|2.17|2.17|2.17|1.75|1.24|1.41|0.21
406,86.39,242,0,4,16,0,0,9|2|2|2|9|41|59|50|54|1|3|2|2|2|2|2|0|0|0|0,3.66|2.17|2.17|2.17|3.66|10.48|14.31|12.39|13.25|1.96|2.39|2.17|2.17|2.17|2.17|2.17|1.75|1.24|1.58|0.21
411,86.39,242,0,4,16,0,0,9|2|2|2|9|41|59|50|54|1|3|2|2|2|2|2|0|0|0|0,3.66|2.17|2.17|2.17|3.66|10.48|14.31|12.39|13.25|1.96|2.39|2.17|2.17|2.17|2.17|2.17|1.75|1.24|1.58|0.21
415,86.39,242,0,4,16,0,0,9|2|2|2|9|41|59|50|54|1|3|2|2|2|2|2|0|0|0|0,3.66|2.17|2.17|2.17|3.66|10.48|14.31|12.39|13.25|1.96|2.39|2.17|2.17|2.17|2.17|2.17|1.75|1.24|1.58|0.21
419,84.90,235,0,4,16,0,0,2|2|2|2|9|41|59|50|54|1|3|2|2|2|2|2|0|0|0|0,2.17|2.17|2.17|2.17|3.66|10.48|14.31|12.39|13.25|1.96|2.39|2.17|2.17|2.17|2.17|2.17|1.75|1.24|1.58|0.21
423,85.63,236,0,4,16,0,0,2|3|2|2|9|41|59|50|54|1|3|2|2|2|2|2|0|0|0|0,2.17|2.39|2.17|2.17|3.66|10.48|14.31|12.39|13.25|1.96|2.39|2.17|2.17|2.17|2.17|2.17|1.75|1.24|1.58|0.72
427,85.16,233,0,3,17,0,0,2|3|2|2|2|44|59|50|54|1|2|2|2|2|2|2|2|0|0|0,2.17|2.39|2.17|2.17|2.17|11.12|14.31|12.39|13.25|1.96|2.17|2.17|2.17|2.17|2.17|2.17|2.17|1.24|1.58|0.89
432,86.22,238,0,3,17,0,0,2|3|2|2|2|49|59|50|54|1|2|2|2|2|2|2|2|0|0|0,2.17|2.39|2.17|2.17|2.17|12.18|14.31|12.39|13.25|1.96|2.17|2.17|2.17|2.17|2.17|2.17|2.17|1.24|1.58|0.89
437,86.22,238,0,3,17,0,0,2|3|2|2|2|49|59|50|54|1|2|2|2|2|2|2|2|0|0|0,2.17|2.39|2.17|2.17|2.17|12.18|14.31|12.39|13.25|1.96|2.17|2.17|2.17|2.17|2.17|2.17|2.17|1.24|1.58|0.89
441,86.22,238,0,3,17,0,0,2|3|2|2|2|49|59|50|54|1|2|2|2|2|2|2|2|0|0|0,2.17|2.39|2.17|2.17|2.17|12.18|14.31|12.39|13.25|1.96|2.17|2.17|2.17|2.17|2.17|2.17|2.17|1.24|1.58|0.89
445,86.22,238,0,3,17,0,0,2|3|2|2|2|49|59|50|54|1|2|2|2|2|2|2|2|0|0|0,2.17|2.39|2.17|2.17|2.17|12.18|14.31|12.39|13.25|1.96|2.17|2.17|2.17|2.17|2.17|2.17|2.17|1.24|1.58|0.89
449,86.22,238,0,3,17,0,0,2|3|2|2|2|49|59|50|54|1|2|2|2|2|2|2|2|0|0|0,2.17|2.39|2.17|2.17|2.17|12.18|14.31|12.39|13.25|1.96|2.17|2.17|2.17|2.17|2.17|2.17|2.17|1.24|1.58|0.89
453,86.22,238,0,3,17,0,0,2|3|2|2|2|49|59|50|54|1|2|2|2|2|2|2|2|0|0|0,2.17|2.39|2.17|2.17|2.17|12.18|14.31|12.39|13.25|1.96|2.17|2.17|2.17|2.17|2.17|2.17|2.17|1.24|1.58|0.89
457,86.22,238,0,3,17,0,0,2|3|2|2|2|49|59|50|54|1|2|2|2|2|2|2|2|0|0|0,2.17|2.39|2.17|2.17|2.17|12.18|14.31|12.39|13.25|1.96|2.17|2.17|2.17|2.17|2.17|2.17|2.17|1.24|1.58|0.89
463,86.22,238,0,3,17,0,0,2|3|2|2|2|49|59|50|54|1|2|2|2|2|2|2|2|0|0|0,2.17|2.39|2.17|2.17|2.17|12.18|14.31|12.39|13.25|1.96|2.17|2.17|2.17|2.17|2.17|2.17|2.17|1.24|1.58|0.89
467,86.22,238,0,3,17,0,0,2|3|2|2|2|49|59|50|54|1|2|2|2|2|2|2|2|0|0|0,2.17|2.39|2.17|2.17|2.17|12.18|14.31|12.39|13.25|1.96|2.17|2.17|2.17|2.17|2.17|2.17|2.17|1.24|1.58|0.89
472,86.22,238,0,3,17,0,0,2|2|2|2|2|49|59|51|54|1|2|2|2|2|2|2|2|0|0|0,2.17|2.17|2.17|2.17|2.17|12.18|14.31|12.61|13.25|1.96|2.17|2.17|2.17|2.17|2.17|2.17|2.17|1.24|1.58|0.89
476,86.22,238,0,3,17,0,0,2|2|2|2|2|49|59|51|54|1|2|2|2|2|2|2|2|0|0|0,2.17|2.17|2.17|2.17|2.17|12.18|14.31|12.61|13.25|1.96|2.17|2.17|2.17|2.17|2.17|2.17|2.17|1.24|1.58|0.89
481,86.22,238,0,3,17,0,0,2|2|2|2|2|49|59|51|54|1|2|2|2|2|2|2|2|0|0|0,2.17|2.17|2.17|2.17|2.17|12.18|14.31|12.61|13.25|1.96|2.17|2.17|2.17|2.17|2.17|2.17|2.17|1.24|1.58|0.89
485,86.22,238,0,3,17,0,0,2|2|2|2|2|49|59|51|54|1|2|2|2|2|2|2|2|0|0|0,2.17|2.17|2.17|2.17|2.17|12.18|14.31|12.61|13.25|1.96|2.17|2.17|2.17|2.17|2.17|2.17|2.17|1.24|1.58|0.89
489,86.22,238,0,3,17,0,0,2|2|2|2|2|49|59|51|54|1|2|2|2|2|2|2|2|0|0|0,2.17|2.17|2.17|2.17|2.17|12.18|14.31|12.61|13.25|1.96|2.17|2.17|2.17|2.17|2.17|2.17|2.17|1.24|1.58|0.89
494,86.22,238,0,3,17,0,0,2|2|2|2|2|49|59|51|54|1|2|2|2|2|2|2|2|0|0|0,2.17|2.17|2.17|2.17|2.17|12.18|14.31|12.61|13.25|1.96|2.17|2.17|2.17|2.17|2.17|2.17|2.17|1.24|1.58|0.89
499,86.22,238,0,3,17,0,0,2|2|2|2|2|49|59|51|54|1|2|2|2|2|2|2|2|0|0|0,2.17|2.17|2.17|2.17|2.17|12.18|14.31|12.61|13.25|1.96|2.17|2.17|2.17|2.17|2.17|2.17|2.17|1.24|1.58|0.89
504,86.22,238,0,3,17,0,0,2|2|2|2|2|49|59|51|54|1|2|2|2|2|2|2|2|0|0|0,2.17|2.17|2.17|2.17|2.17|12.18|14.31|12.61|13.25|1.96|2.17|2.17|2.17|2.17|2.17|2.17|2.17|1.24|1.58|0.89
509,86.22,238,0,3,17,0,0,2|2|2|2|2|49|59|51|54|1|2|2|2|2|2|2|2|0|0|0,2.17|2.17|2.17|2.17|2.17|12.18|14.31|12.61|13.25|1.96|2.17|2.17|2.17|2.17|2.17|2.17|2.17|1.24|1.58|0.89
514,86.22,238,0,3,17,0,0,2|2|2|2|2|49|59|51|54|1|2|2|2|2|2|2|2|0|0|0,2.17|2.17|2.17|2.17|2.17|12.18|14.31|12.61|13.25|1.96|2.17|2.17|2.17|2.17|2.17|2.17|2.17|1.24|1.58|0.89
518,86.22,238,0,3,17,0,0,2|2|2|2|2|49|59|51|54|1|2|2|2|2|2|2|2|0|0|0,2.17|2.17|2.17|2.17|2.17|12.18|14.31|12.61|13.25|1.96|2.17|2.17|2.17|2.17|2.17|2.17|2.17|1.24|1.58|0.89
524,86.22,238,0,3,17,0,0,2|2|2|2|2|49|59|51|54|1|2|2|2|2|2|2|2|0|0|0,2.17|2.17|2.17|2.17|2.17|12.18|14.31|12.61|13.25|1.96|2.17|2.17|2.17|2.17|2.17|2.17|2.17|1.24|1.58|0.89
528,86.22,238,0,3,17,0,0,2|2|2|2|2|49|59|51|54|1|2|2|2|2|2|2|2|0|0|0,2.17|2.17|2.17|2.17|2.17|12.18|14.31|12.61|13.25|1.96|2.17|2.17|2.17|2.17|2.17|2.17|2.17|1.24|1.58|0.89
533,86.22,238,0,3,17,0,0,2|2|2|2|2|49|59|51|54|1|2|2|2|2|2|2|2|0|0|0,2.17|2.17|2.17|2.17|2.17|12.18|14.31|12.61|13.25|1.96|2.17|2.17|2.17|2.17|2.17|2.17|2.17|1.24|1.58|0.89
539,86.22,238,0,3,17,0,0,2|2|2|2|2|49|59|51|54|1|2|2|2|2|2|2|2|0|0|0,2.17|2.17|2.17|2.17|2.17|12.18|14.31|12.61|13.25|1.96|2.17|2.17|2.17|2.17|2.17|2.17|2.17|1.24|1.58|0.89
546,86.22,238,0,3,17,0,0,2|2|2|2|2|49|59|51|54|1|2|2|2|2|2|2|2|0|0|0,2.17|2.17|2.17|2.17|2.17|12.18|14.31|12.61|13.25|1.96|2.17|2.17|2.17|2.17|2.17|2.17|2.17|1.24|1.58|0.89
550,86.22,238,0,3,17,0,0,2|2|2|2|2|49|59|51|54|1|2|2|2|2|2|2|2|0|0|0,2.17|2.17|2.17|2.17|2.17|12.18|14.31|12.61|13.25|1.96|2.17|2.17|2.17|2.17|2.17|2.17|2.17|1.24|1.58|0.89
556,86.22,238,0,3,17,0,0,2|2|2|2|2|49|59|51|54|1|2|2|2|2|2|2|2|0|0|0,2.17|2.17|2.17|2.17|2.17|12.18|14.31|12.61|13.25|1.96|2.17|2.17|2.17|2.17|2.17|2.17|2.17|1.24|1.58|0.89
561,86.22,238,0,3,17,0,0,2|2|2|2|2|49|59|51|54|1|2|2|2|2|2|2|2|0|0|0,2.17|2.17|2.17|2.17|2.17|12.18|14.31|12.61|13.25|1.96|2.17|2.17|2.17|2.17|2.17|2.17|2.17|1.24|1.58|0.89
567,86.22,238,0,3,17,0,0,2|2|2|2|2|49|59|51|54|1|2|2|2|2|2|2|2|0|0|0,2.17|2.17|2.17|2.17|2.17|12.18|14.31|12.61|13.25|1.96|2.17|2.17|2.17|2.17|2.17|2.17|2.17|1.24|1.58|0.89
572,86.22,238,0,3,17,0,0,2|2|2|2|2|49|59|51|54|1|2|2|2|2|2|2|2|0|0|0,2.17|2.17|2.17|2.17|2.17|12.18|14.31|12.61|13.25|1.96|2.17|2.17|2.17|2.17|2.17|2.17|2.17|1.24|1.58|0.89
576,86.22,238,0,3,17,0,0,2|2|2|2|2|49|59|51|54|1|2|2|2|2|2|2|2|0|0|0,2.17|2.17|2.17|2.17|2.17|12.18|14.31|12.61|13.25|1.96|2.17|2.17|2.17|2.17|2.17|2.17|2.17|1.24|1.58|0.89
581,86.22,238,0,3,17,0,0,2|2|2|2|2|49|59|51|54|1|2|2|2|2|2|2|2|0|0|0,2.17|2.17|2.17|2.17|2.17|12.18|14.31|12.61|13.25|1.96|2.17|2.17|2.17|2.17|2.17|2.17|2.17|1.24|1.58|0.89
585,86.22,238,0,3,17,0,0,2|2|2|2|2|49|59|51|54|1|2|2|2|2|2|2|2|0|0|0,2.17|2.17|2.17|2.17|2.17|12.18|14.31|12.61|13.25|1.96|2.17|2.17|2.17|2.17|2.17|2.17|2.17|1.24|1.58|0.89
591,86.22,238,0,3,17,0,0,2|2|2|2|2|49|59|51|54|1|2|2|2|2|2|2|2|0|0|0,2.17|2.17|2.17|2.17|2.17|12.18|14.31|12.61|13.25|1.96|2.17|2.17|2.17|2.17|2.17|2.17|2.17|1.24|1.58|0.89
596,86.22,238,0,3,17,0,0,2|2|2|2|2|49|59|51|54|1|2|2|2|2|2|2|2|0|0|0,2.17|2.17|2.17|2.17|2.17|12.18|14.31|12.61|13.25|1.96|2.17|2.17|2.17|2.17|2.17|2.17|2.17|1.24|1.58|0.89
603,86.22,238,0,3,17,0,0,2|2|2|2|2|49|59|51|54|1|2|2|2|2|2|2|2|0|0|0,2.17|2.17|2.17|2.17|2.17|12.18|14.31|12.61|13.25|1.96|2.17|2.17|2.17|2.17|2.17|2.17|2.17|1.24|1.58|0.89
609,86.22,238,0,3,17,0,0,2|2|2|2|2|49|59|51|54|1|2|2|2|2|2|2|2|0|0|0,2.17|2.17|2.17|2.17|2.17|12.18|14.31|12.61|13.25|1.96|2.17|2.17|2.17|2.17|2.17|2.17|2.17|1.24|1.58|0.89
613,86.22,238,0,3,17,0,0,2|2|2|2|2|49|59|51|54|1|2|2|2|2|2|2|2|0|0|0,2.17|2.17|2.17|2.17|2.17|12.18|14.31|12.61|13.25|1.96|2.17|2.17|2.17|2.17|2.17|2.17|2.17|1.24|1.58|0.89
617,86.22,238,0,3,17,0,0,2|2|2|2|2|49|59|51|54|1|2|2|2|2|2|2|2|0|0|0,2.17|2.17|2.17|2.17|2.17|12.18|14.31|12.61|13.25|1.96|2.17|2.17|2.17|2.17|2.17|2.17|2.17|1.24|1.58|0.89
622,86.22,238,0,3,17,0,0,2|2|2|2|2|49|59|51|54|1|2|2|2|2|2|2|2|0|0|0,2.17|2.17|2.17|2.17|2.17|12.18|14.31|12.61|13.25|1.96|2.17|2.17|2.17|2.17|2.17|2.17|2.17|1.24|1.58|0.89
625,86.22,238,0,3,17,0,0,2|2|2|2|2|49|59|51|54|1|2|2|2|2|2|2|2|0|0|0,2.17|2.17|2.17|2.17|2.17|12.18|14.31|12.61|13.25|1.96|2.17|2.17|2.17|2.17|2.17|2.17|2.17|1.24|1.58|0.89
630,86.22,238,0,3,17,0,0,2|2|2|2|2|49|59|51|54|1|2|2|2|2|2|2|2|0|0|0,2.17|2.17|2.17|2.17|2.17|12.18|14.31|12.61|13.25|1.96|2.17|2.17|2.17|2.17|2.17|2.17|2.17|1.24|1.58|0.89
635,86.22,238,0,3,17,0,0,2|2|2|2|2|49|59|51|54|1|2|2|2|2|2|2|2|0|0|0,2.17|2.17|2.17|2.17|2.17|12.18|14.31|12.61|13.25|1.96|2.17|2.17|2.17|2.17|2.17|2.17|2.17|1.24|1.58|0.89
639,86.22,238,0,3,17,0,0,2|2|2|2|2|49|59|51|54|1|2|2|2|2|2|2|2|0|0|0,2.17|2.17|2.17|2.17|2.17|12.18|14.31|12.61|13.25|1.96|2.17|2.17|2.17|2.17|2.17|2.17|2.17|1.24|1.58|0.89
643,86.22,238,0,3,17,0,0,2|2|2|2|2|49|59|51|54|1|2|2|2|2|2|2|2|0|0|0,2.17|2.17|2.17|2.17|2.17|12.18|14.31|12.61|13.25|1.96|2.17|2.17|2.17|2.17|2.17|2.17|2.17|1.24|1.58|0.89
648,86.22,238,0,3,17,0,0,2|2|2|2|2|49|59|51|54|1|2|2|2|2|2|2|2|0|0|0,2.17|2.17|2.17|2.17|2.17|12.18|14.31|12.61|13.25|1.96|2.17|2.17|2.17|2.17|2.17|2.17|2.17|1.24|1.58|0.89
652,86.22,238,0,3,17,0,0,2|2|2|2|2|49|59|51|54|1|2|2|2|2|2|2|2|0|0|0,2.17|2.17|2.17|2.17|2.17|12.18|14.31|12.61|13.25|1.96|2.17|2.17|2.17|2.17|2.17|2.17|2.17|1.24|1.58|0.89
656,86.22,238,0,3,17,0,0,2|2|2|2|2|49|59|51|54|1|2|2|2|2|2|2|2|0|0|0,2.17|2.17|2.17|2.17|2.17|12.18|14.31|12.61|13.25|1.96|2.17|2.17|2.17|2.17|2.17|2.17|2.17|1.24|1.58|0.89
660,86.22,238,0,3,17,0,0,2|2|2|2|2|49|59|51|54|1|2|2|2|2|2|2|2|0|0|0,2.17|2.17|2.17|2.17|2.17|12.18|14.31|12.61|13.25|1.96|2.17|2.17|2.17|2.17|2.17|2.17|2.17|1.24|1.58|0.89
664,86.22,238,0,3,17,0,0,2|2|2|2|2|49|59|51|54|1|2|2|2|2|2|2|2|0|0|0,2.17|2.17|2.17|2.17|2.17|12.18|14.31|12.61|13.25|1.96|2.17|2.17|2.17|2.17|2.17|2.17|2.17|1.24|1.58|0.89
669,86.22,238,0,3,17,0,0,2|2|2|2|2|49|59|51|54|1|2|2|2|2|2|2|2|0|0|0,2.17|2.17|2.17|2.17|2.17|12.18|14.31|12.61|13.25|1.96|2.17|2.17|2.17|2.17|2.17|2.17|2.17|1.24|1.58|0.89
673,86.22,238,0,3,17,0,0,2|2|2|2|2|49|59|51|54|1|2|2|2|2|2|2|2|0|0|0,2.17|2.17|2.17|2.17|2.17|12.18|14.31|12.61|13.25|1.96|2.17|2.17|2.17|2.17|2.17|2.17|2.17|1.24|1.58|0.89
677,86.22,238,0,3,17,0,0,2|2|2|2|2|49|59|51|54|1|2|2|2|2|2|2|2|0|0|0,2.17|2.17|2.17|2.17|2.17|12.18|14.31|12.61|13.25|1.96|2.17|2.17|2.17|2.17|2.17|2.17|2.17|1.24|1.58|0.89
681,86.22,238,0,3,17,0,0,2|2|2|2|2|49|59|51|54|1|2|2|2|2|2|2|2|0|0|0,2.17|2.17|2.17|2.17|2.17|12.18|14.31|12.61|13.25|1.96|2.17|2.17|2.17|2.17|2.17|2.17|2.17|1.24|1.58|0.89
685,86.22,238,0,3,17,0,0,2|2|2|2|2|49|59|51|54|1|2|2|2|2|2|2|2|0|0|0,2.17|2.17|2.17|2.17|2.17|12.18|14.31|12.61|13.25|1.96|2.17|2.17|2.17|2.17|2.17|2.17|2.17|1.24|1.58|0.89
689,86.22,238,0,3,17,0,0,2|2|2|2|2|49|59|51|54|1|2|2|2|2|2|2|2|0|0|0,2.17|2.17|2.17|2.17|2.17|12.18|14.31|12.61|13.25|1.96|2.17|2.17|2.17|2.17|2.17|2.17|2.17|1.24|1.58|0.89
693,86.22,238,0,3,17,0,0,2|2|2|2|2|49|59|51|54|1|2|2|2|2|2|2|2|0|0|0,2.17|2.17|2.17|2.17|2.17|12.18|14.31|12.61|13.25|1.96|2.17|2.17|2.17|2.17|2.17|2.17|2.17|1.24|1.58|0.89
697,86.22,238,0,3,17,0,0,2|2|2|2|2|49|59|51|54|1|2|2|2|2|2|2|2|0|0|0,2.17|2.17|2.17|2.17|2.17|12.18|14.31|12.61|13.25|1.96|2.17|2.17|2.17|2.17|2.17|2.17|2.17|1.24|1.58|0.89
701,86.22,238,0,3,17,0,0,2|2|2|2|2|49|59|51|54|1|2|2|2|2|2|2|2|0|0|0,2.17|2.17|2.17|2.17|2.17|12.18|14.31|12.61|13.25|1.96|2.17|2.17|2.17|2.17|2.17|2.17|2.17|1.24|1.58|0.89
705,85.80,236,0,3,16,1,0,0|2|2|2|2|49|59|51|54|1|2|2|2|2|2|2|2|0|0|0,1.75|2.17|2.17|2.17|2.17|12.18|14.31|12.61|13.25|1.96|2.17|2.17|2.17|2.17|2.17|2.17|2.17|1.24|1.58|0.89
711,85.16,238,0,3,16,0,0,0|2|2|2|2|51|59|51|54|1|2|2|2|2|2|2|2|0|0|0,0.17|2.17|2.17|2.17|2.17|12.61|14.31|12.61|13.25|1.96|2.17|2.17|2.17|2.17|2.17|2.17|2.17|1.75|1.58|0.89
715,82.82,235,0,2,15,2,0,0|0|0|2|2|51|59|51|54|1|2|2|2|2|2|2|2|0|1|0,0.00|0.04|1.75|2.17|2.17|12.61|14.31|12.61|13.25|1.96|2.17|2.17|2.17|2.17|2.17|2.17|2.17|1.75|1.96|0.89
720,84.52,243,0,2,15,0,0,0|0|0|2|2|51|59|58|54|1|2|2|2|2|2|2|2|0|2|0,0.00|0.04|1.75|2.17|2.17|12.61|14.31|14.10|13.25|1.96|2.17|2.17|2.17|2.17|2.17|2.17|2.17|1.75|2.17|0.89
724,82.69,242,0,2,14,0,0,0|0|0|0|2|51|59|58|54|1|2|2|2|2|2|2|2|0|3|0,0.00|0.00|0.17|1.75|2.17|12.61|14.31|14.10|13.25|1.96|2.17|2.17|2.17|2.17|2.17|2.17|2.17|1.75|2.39|0.89
728,84.01,249,0,1,15,0,0,0|0|0|0|2|51|59|58|54|1|2|2|2|2|2|2|2|1|9|0,0.00|0.00|0.00|1.75|2.17|12.61|14.31|14.10|13.25|1.96|2.17|2.17|2.17|2.17|2.17|2.17|2.17|1.96|3.66|0.89
733,83.54,250,0,1,15,0,0,0|0|0|0|2|51|59|58|54|1|2|2|2|2|2|2|2|2|9|0,0.00|0.00|0.00|0.21|2.17|12.61|14.31|14.10|13.25|1.96|2.17|2.17|2.17|2.17|2.17|2.17|2.17|2.17|3.66|1.75
738,83.71,255,0,1,14,1,0,0|0|0|0|0|51|59|58|54|1|2|2|2|2|2|2|2|9|9|0,0.00|0.00|0.00|0.04|1.02|12.61|14.31|14.10|13.25|1.96|2.17|2.17|2.17|2.17|2.17|2.17|2.17|3.66|3.66|1.75
742,83.45,258,0,0,14,0,0,0|0|0|0|0|51|59|58|54|1|2|2|2|2|2|2|2|10|11|0,0.00|0.00|0.00|0.00|0.17|12.61|14.31|14.10|13.25|1.96|2.17|2.17|2.17|2.17|2.17|2.17|2.17|3.88|4.09|1.75
748,71.44,208,0,0,14,0,0,0|0|0|0|0|1|59|58|54|1|2|2|2|2|2|2|2|10|11|0,0.00|0.00|0.00|0.00|0.00|0.77|14.31|14.10|13.25|1.96|2.17|2.17|2.17|2.17|2.17|2.17|2.17|3.88|4.09|1.75
751,60.20,157,0,0,14,0,0,0|0|0|0|0|1|8|58|54|1|2|2|2|2|2|2|2|10|11|0,0.00|0.00|0.00|0.00|0.00|0.38|3.45|14.10|13.25|1.96|2.17|2.17|2.17|2.17|2.17|2.17|2.17|3.88|4.09|1.75
755,39.63,72,0,0,13,1,0,0|0|0|0|0|1|0|1|34|1|2|2|2|2|2|2|2|10|11|0,0.00|0.00|0.00|0.00|0.00|0.21|0.00|1.41|8.99|1.96|2.17|2.17|2.17|2.17|2.17|2.17|2.17|3.88|4.09|1.75
758,30.13,38,0,0,12,1,0,0|0|0|0|0|1|0|1|1|0|2|2|2|2|2|2|2|10|11|0,0.00|0.00|0.00|0.00|0.00|0.21|0.00|0.89|0.72|1.24|2.17|2.17|2.17|2.17|2.17|2.17|2.17|3.88|4.09|1.75
760,26.17,34,0,0,10,1,0,0|0|0|0|0|1|0|1|1|0|0|0|2|2|2|2|2|10|11|0,0.00|0.00|0.00|0.00|0.00|0.21|0.00|0.55|0.55|0.34|0.21|1.58|2.17|2.17|2.17|2.17|2.17|3.88|4.09|1.75
762,23.32,32,0,0,9,1,0,0|0|0|0|0|1|0|1|1|0|0|0|0|2|2|2|2|10|11|0,0.00|0.00|0.00|0.00|0.00|0.21|0.00|0.38|0.55|0.34|0.04|0.51|0.72|2.17|2.17|2.17|2.17|3.88|4.09|1.75
765,19.61,28,0,0,7,2,0,0|0|0|0|0|1|0|1|1|0|0|0|0|0|0|2|2|10|11|0,0.00|0.00|0.00|0.00|0.00|0.21|0.00|0.21|0.55|0.17|0.00|0.51|0.17|0.00|1.58|2.17|2.17|3.88|4.09|1.75
767,15.86,25,0,0,6,0,0,0|0|0|0|0|1|0|1|1|0|0|0|0|0|0|0|1|10|11|0,0.00|0.00|0.00|0.00|0.00|0.21|0.00|0.21|0.38|0.17|0.00|0.00|0.00|0.00|0.17|0.89|1.96|3.88|4.09|1.75
768,14.25,24,0,0,5,0,0,0|0|0|0|0|1|0|1|1|0|0|0|0|0|0|0|0|10|11|0,0.00|0.00|0.00|0.00|0.00|0.21|0.00|0.21|0.38|0.17|0.00|0.00|0.00|0.00|0.17|0.38|0.85|3.88|4.09|1.75
770,10.63,16,0,0,5,0,0,0|0|0|0|0|1|0|1|1|0|0|0|0|0|0|0|0|3|10|0,0.00|0.00|0.00|0.00|0.00|0.21|0.00|0.21|0.38|0.17|0.00|0.00|0.00|0.00|0.00|0.00|0.34|1.53|3.88|1.75
772,7.60,6,0,0,5,0,0,0|0|0|0|0|1|0|1|1|0|0|0|0|0|0|0|0|1|2|0,0.00|0.00|0.00|0.00|0.00|0.21|0.00|0.21|0.38|0.17|0.00|0.00|0.00|0.00|0.00|0.00|0.34|0.72|1.66|1.75
773,5.69,6,0,0,5,0,0,0|0|0|0|0|1|0|1|1|0|0|0|0|0|0|0|0|1|2|0,0.00|0.00|0.00|0.00|0.00|0.21|0.00|0.21|0.38|0.17|0.00|0.00|0.00|0.00|0.00|0.00|0.34|0.72|0.77|0.72
774,4.96,5,0,0,5,0,0,0|0|0|0|0|1|0|1|1|0|0|0|0|0|0|0|0|1|1|0,0.00|0.00|0.00|0.00|0.00|0.21|0.00|0.21|0.38|0.17|0.00|0.00|0.00|0.00|0.00|0.00|0.34|0.72|0.38|0.38
776,4.79,5,0,0,5,0,0,0|0|0|0|0|1|0|1|1|0|0|0|0|0|0|0|0|1|1|0,0.00|0.00|0.00|0.00|0.00|0.21|0.00|0.21|0.38|0.17|0.00|0.00|0.00|0.00|0.00|0.00|0.34|0.55|0.38|0.38
777,4.62,5,0,0,5,0,0,0|0|0|0|0|1|0|1|1|0|0|0|0|0|0|0|0|1|1|0,0.00|0.00|0.00|0.00|0.00|0.21|0.00|0.21|0.38|0.17|0.00|0.00|0.00|0.00|0.00|0.00|0.17|0.55|0.38|0.38
779,4.11,5,0,0,5,0,0,0|0|0|0|0|1|0|1|1|0|0|0|0|0|0|0|0|1|1|0,0.00|0.00|0.00|0.00|0.00|0.21|0.00|0.21|0.38|0.17|0.00|0.00|0.00|0.00|0.00|0.00|0.00|0.21|0.38|0.38
780,3.77,5,0,0,4,1,0,0|0|0|0|0|1|0|0|1|0|0|0|0|0|0|0|0|1|2|0,0.00|0.00|0.00|0.00|0.00|0.21|0.00|0.00|0.38|0.17|0.00|0.00|0.00|0.00|0.00|0.00|0.00|0.21|0.43|0.21
781,3.39,4,0,0,3,1,0,0|0|0|0|0|1|0|0|0|0|0|0|0|0|0|0|0|1|2|0,0.00|0.00|0.00|0.00|0.00|0.21|0.00|0.00|0.17|0.17|0.00|0.00|0.00|0.00|0.00|0.00|0.00|0.21|0.43|0.04
782,3.00,3,0,0,2,2,0,0|0|0|0|0|0|0|0|0|0|0|0|0|0|0|0|0|1|2|0,0.00|0.00|0.00|0.00|0.00|0.00|0.00|0.00|0.00|0.17|0.00|0.00|0.00|0.00|0.00|0.00|0.00|0.21|0.43|0.04
784,2.96,3,0,0,2,0,0,0|0|0|0|0|0|0|0|0|0|0|0|0|0|0|0|0|1|2|0,0.00|0.00|0.00|0.00|0.00|0.00|0.00|0.00|0.00|0.17|0.00|0.00|0.00|0.00|0.00|0.00|0.00|0.21|0.43|0.00
785,2.96,3,0,0,2,0,0,0|0|0|0|0|0|0|0|0|0|0|0|0|0|0|0|0|1|2|0,0.00|0.00|0.00|0.00|0.00|0.00|0.00|0.00|0.00|0.17|0.00|0.00|0.00|0.00|0.00|0.00|0.00|0.21|0.43|0.00
786,2.96,3,0,0,2,0,0,0|0|0|0|0|0|0|0|0|0|0|0|0|0|0|0|0|1|2|0,0.00|0.00|0.00|0.00|0.00|0.00|0.00|0.00|0.00|0.17|0.00|0.00|0.00|0.00|0.00|0.00|0.00|0.21|0.43|0.00
787,2.96,3,0,0,2,0,0,0|0|0|0|0|0|0|0|0|0|0|0|0|0|0|0|0|1|2|0,0.00|0.00|0.00|0.00|0.00|0.00|0.00|0.00|0.00|0.17|0.00|0.00|0.00|0.00|0.00|0.00|0.00|0.21|0.43|0.00
789,2.96,3,0,0,2,0,0,0|0|0|0|0|0|0|0|0|0|0|0|0|0|0|0|0|1|2|0,0.00|0.00|0.00|0.00|0.00|0.00|0.00|0.00|0.00|0.17|0.00|0.00|0.00|0.00|0.00|0.00|0.00|0.21|0.43|0.00
790,2.96,3,0,0,2,0,0,0|0|0|0|0|0|0|0|0|0|0|0|0|0|0|0|0|1|2|0,0.00|0.00|0.00|0.00|0.00|0.00|0.00|0.00|0.00|0.17|0.00|0.00|0.00|0.00|0.00|0.00|0.00|0.21|0.43|0.00
791,2.96,3,0,0,2,0,0,0|0|0|0|0|0|0|0|0|0|0|0|0|0|0|0|0|1|2|0,0.00|0.00|0.00|0.00|0.00|0.00|0.00|0.00|0.00|0.17|0.00|0.00|0.00|0.00|0.00|0.00|0.00|0.21|0.43|0.00
793,2.96,3,0,0,2,0,0,0|0|0|0|0|0|0|0|0|0|0|0|0|0|0|0|0|1|2|0,0.00|0.00|0.00|0.00|0.00|0.00|0.00|0.00|0.00|0.17|0.00|0.00|0.00|0.00|0.00|0.00|0.00|0.21|0.43|0.00
794,2.96,3,0,0,2,0,0,0|0|0|0|0|0|0|0|0|0|0|0|0|0|0|0|0|1|2|0,0.00|0.00|0.00|0.00|0.00|0.00|0.00|0.00|0.00|0.17|0.00|0.00|0.00|0.00|0.00|0.00|0.00|0.21|0.43|0.00
795,2.96,3,0,0,2,0,0,0|0|0|0|0|0|0|0|0|0|0|0|0|0|0|0|0|1|2|0,0.00|0.00|0.00|0.00|0.00|0.00|0.00|0.00|0.00|0.17|0.00|0.00|0.00|0.00|0.00|0.00|0.00|0.21|0.43|0.00
796,2.96,3,0,0,2,0,0,0|0|0|0|0|0|0|0|0|0|0|0|0|0|0|0|0|1|2|0,0.00|0.00|0.00|0.00|0.00|0.00|0.00|0.00|0.00|0.17|0.00|0.00|0.00|0.00|0.00|0.00|0.00|0.21|0.43|0.00
798,2.96,3,0,0,2,0,0,0|0|0|0|0|0|0|0|0|0|0|0|0|0|0|0|0|1|2|0,0.00|0.00|0.00|0.00|0.00|0.00|0.00|0.00|0.00|0.17|0.00|0.00|0.00|0.00|0.00|0.00|0.00|0.21|0.43|0.00
799,2.96,3,0,0,2,0,0,0|0|0|0|0|0|0|0|0|0|0|0|0|0|0|0|0|1|2|0,0.00|0.00|0.00|0.00|0.00|0.00|0.00|0.00|0.00|0.17|0.00|0.00|0.00|0.00|0.00|0.00|0.00|0.21|0.43|0.00
800,2.96,3,0,0,2,0,0,0|0|0|0|0|0|0|0|0|0|0|0|0|0|0|0|0|1|2|0,0.00|0.00|0.00|0.00|0.00|0.00|0.00|0.00|0.00|0.17|0.00|0.00|0.00|0.00|0.00|0.00|0.00|0.21|0.43|0.00
801,2.96,3,0,0,2,0,0,0|0|0|0|0|0|0|0|0|0|0|0|0|0|0|0|0|1|2|0,0.00|0.00|0.00|0.00|0.00|0.00|0.00|0.00|0.00|0.17|0.00|0.00|0.00|0.00|0.00|0.00|0.00|0.21|0.43|0.00
803,2.96,3,0,0,2,0,0,0|0|0|0|0|0|0|0|0|0|0|0|0|0|0|0|0|1|2|0,0.00|0.00|0.00|0.00|0.00|0.00|0.00|0.00|0.00|0.17|0.00|0.00|0.00|0.00|0.00|0.00|0.00|0.21|0.43|0.00
804,2.96,3,0,0,2,0,0,0|0|0|0|0|0|0|0|0|0|0|0|0|0|0|0|0|1|2|0,0.00|0.00|0.00|0.00|0.00|0.00|0.00|0.00|0.00|0.17|0.00|0.00|0.00|0.00|0.00|0.00|0.00|0.21|0.43|0.00
805,2.96,3,0,0,2,0,0,0|0|0|0|0|0|0|0|0|0|0|0|0|0|0|0|0|1|2|0,0.00|0.00|0.00|0.00|0.00|0.00|0.00|0.00|0.00|0.17|0.00|0.00|0.00|0.00|0.00|0.00|0.00|0.21|0.43|0.00
806,2.96,3,0,0,2,0,0,0|0|0|0|0|0|0|0|0|0|0|0|0|0|0|0|0|1|2|0,0.00|0.00|0.00|0.00|0.00|0.00|0.00|0.00|0.00|0.17|0.00|0.00|0.00|0.00|0.00|0.00|0.00|0.21|0.43|0.00
808,2.96,3,0,0,2,0,0,0|0|0|0|0|0|0|0|0|0|0|0|0|0|0|0|0|1|2|0,0.00|0.00|0.00|0.00|0.00|0.00|0.00|0.00|0.00|0.17|0.00|0.00|0.00|0.00|0.00|0.00|0.00|0.21|0.43|0.00
809,2.96,3,0,0,2,0,0,0|0|0|0|0|0|0|0|0|0|0|0|0|0|0|0|0|1|2|0,0.00|0.00|0.00|0.00|0.00|0.00|0.00|0.00|0.00|0.17|0.00|0.00|0.00|0.00|0.00|0.00|0.00|0.21|0.43|0.00
810,2.96,3,0,0,2,0,0,0|0|0|0|0|0|0|0|0|0|0|0|0|0|0|0|0|1|2|0,0.00|0.00|0.00|0.00|0.00|0.00|0.00|0.00|0.00|0.17|0.00|0.00|0.00|0.00|0.00|0.00|0.00|0.21|0.43|0.00
811,2.96,3,0,0,2,0,0,0|0|0|0|0|0|0|0|0|0|0|0|0|0|0|0|0|1|2|0,0.00|0.00|0.00|0.00|0.00|0.00|0.00|0.00|0.00|0.17|0.00|0.00|0.00|0.00|0.00|0.00|0.00|0.21|0.43|0.00
813,2.96,3,0,0,2,0,0,0|0|0|0|0|0|0|0|0|0|0|0|0|0|0|0|0|1|2|0,0.00|0.00|0.00|0.00|0.00|0.00|0.00|0.00|0.00|0.17|0.00|0.00|0.00|0.00|0.00|0.00|0.00|0.21|0.43|0.00
814,2.96,3,0,0,2,0,0,0|0|0|0|0|0|0|0|0|0|0|0|0|0|0|0|0|1|2|0,0.00|0.00|0.00|0.00|0.00|0.00|0.00|0.00|0.00|0.17|0.00|0.00|0.00|0.00|0.00|0.00|0.00|0.21|0.43|0.00
815,2.79,3,0,0,2,0,0,0|0|0|0|0|0|0|0|0|0|0|0|0|0|0|0|0|1|2|0,0.00|0.00|0.00|0.00|0.00|0.00|0.00|0.00|0.00|0.00|0.00|0.00|0.00|0.00|0.00|0.00|0.00|0.21|0.43|0.00
816,2.79,3,0,0,2,0,0,0|0|0|0|0|0|0|0|0|0|0|0|0|0|0|0|0|1|2|0,0.00|0.00|0.00|0.00|0.00|0.00|0.00|0.00|0.00|0.00|0.00|0.00|0.00|0.00|0.00|0.00|0.00|0.21|0.43|0.00
818,2.79,3,0,0,2,0,0,0|0|0|0|0|0|0|0|0|0|0|0|0|0|0|0|0|1|2|0,0.00|0.00|0.00|0.00|0.00|0.00|0.00|0.00|0.00|0.00|0.00|0.00|0.00|0.00|0.00|0.00|0.00|0.21|0.43|0.00
819,2.79,3,0,0,2,0,0,0|0|0|0|0|0|0|0|0|0|0|0|0|0|0|0|0|1|2|0,0.00|0.00|0.00|0.00|0.00|0.00|0.00|0.00|0.00|0.00|0.00|0.00|0.00|0.00|0.00|0.00|0.00|0.21|0.43|0.00
820,2.79,3,0,0,2,0,0,0|0|0|0|0|0|0|0|0|0|0|0|0|0|0|0|0|1|2|0,0.00|0.00|0.00|0.00|0.00|0.00|0.00|0.00|0.00|0.00|0.00|0.00|0.00|0.00|0.00|0.00|0.00|0.21|0.43|0.00
821,2.79,3,0,0,2,0,0,0|0|0|0|0|0|0|0|0|0|0|0|0|0|0|0|0|1|2|0,0.00|0.00|0.00|0.00|0.00|0.00|0.00|0.00|0.00|0.00|0.00|0.00|0.00|0.00|0.00|0.00|0.00|0.21|0.43|0.00
823,2.79,3,0,0,2,0,0,0|0|0|0|0|0|0|0|0|0|0|0|0|0|0|0|0|1|2|0,0.00|0.00|0.00|0.00|0.00|0.00|0.00|0.00|0.00|0.00|0.00|0.00|0.00|0.00|0.00|0.00|0.00|0.21|0.43|0.00
824,2.79,3,0,0,2,0,0,0|0|0|0|0|0|0|0|0|0|0|0|0|0|0|0|0|1|2|0,0.00|0.00|0.00|0.00|0.00|0.00|0.00|0.00|0.00|0.00|0.00|0.00|0.00|0.00|0.00|0.00|0.00|0.21|0.43|0.00
825,2.79,3,0,0,2,0,0,0|0|0|0|0|0|0|0|0|0|0|0|0|0|0|0|0|1|2|0,0.00|0.00|0.00|0.00|0.00|0.00|0.00|0.00|0.00|0.00|0.00|0.00|0.00|0.00|0.00|0.00|0.00|0.21|0.43|0.00
827,2.79,3,0,0,2,0,0,0|0|0|0|0|0|0|0|0|0|0|0|0|0|0|0|0|1|2|0,0.00|0.00|0.00|0.00|0.00|0.00|0.00|0.00|0.00|0.00|0.00|0.00|0.00|0.00|0.00|0.00|0.00|0.21|0.43|0.00
828,2.79,3,0,0,2,0,0,0|0|0|0|0|0|0|0|0|0|0|0|0|0|0|0|0|1|2|0,0.00|0.00|0.00|0.00|0.00|0.00|0.00|0.00|0.00|0.00|0.00|0.00|0.00|0.00|0.00|0.00|0.00|0.21|0.43|0.00
829,2.79,3,0,0,2,0,0,0|0|0|0|0|0|0|0|0|0|0|0|0|0|0|0|0|1|2|0,0.00|0.00|0.00|0.00|0.00|0.00|0.00|0.00|0.00|0.00|0.00|0.00|0.00|0.00|0.00|0.00|0.00|0.21|0.43|0.00
831,2.79,3,0,0,2,0,0,0|0|0|0|0|0|0|0|0|0|0|0|0|0|0|0|0|1|2|0,0.00|0.00|0.00|0.00|0.00|0.00|0.00|0.00|0.00|0.00|0.00|0.00|0.00|0.00|0.00|0.00|0.00|0.21|0.43|0.00
832,2.79,3,0,0,2,0,0,0|0|0|0|0|0|0|0|0|0|0|0|0|0|0|0|0|1|2|0,0.00|0.00|0.00|0.00|0.00|0.00|0.00|0.00|0.00|0.00|0.00|0.00|0.00|0.00|0.00|0.00|0.00|0.21|0.43|0.00
834,2.79,3,0,0,2,0,0,0|0|0|0|0|0|0|0|0|0|0|0|0|0|0|0|0|1|2|0,0.00|0.00|0.00|0.00|0.00|0.00|0.00|0.00|0.00|0.00|0.00|0.00|0.00|0.00|0.00|0.00|0.00|0.21|0.43|0.00
835,2.79,3,0,0,2,0,0,0|0|0|0|0|0|0|0|0|0|0|0|0|0|0|0|0|1|2|0,0.00|0.00|0.00|0.00|0.00|0.00|0.00|0.00|0.00|0.00|0.00|0.00|0.00|0.00|0.00|0.00|0.00|0.21|0.43|0.00
837,2.79,3,0,0,2,0,0,0|0|0|0|0|0|0|0|0|0|0|0|0|0|0|0|0|1|2|0,0.00|0.00|0.00|0.00|0.00|0.00|0.00|0.00|0.00|0.00|0.00|0.00|0.00|0.00|0.00|0.00|0.00|0.21|0.43|0.00
839,2.58,2,0,0,2,0,0,0|0|0|0|0|0|0|0|0|0|0|0|0|0|0|0|0|1|1|0,0.00|0.00|0.00|0.00|0.00|0.00|0.00|0.00|0.00|0.00|0.00|0.00|0.00|0.00|0.00|0.00|0.00|0.21|0.21|0.00
841,2.58,2,0,0,2,0,0,0|0|0|0|0|0|0|0|0|0|0|0|0|0|0|0|0|1|1|0,0.00|0.00|0.00|0.00|0.00|0.00|0.00|0.00|0.00|0.00|0.00|0.00|0.00|0.00|0.00|0.00|0.00|0.21|0.21|0.00
842,2.58,2,0,0,2,0,0,0|0|0|0|0|0|0|0|0|0|0|0|0|0|0|0|0|1|1|0,0.00|0.00|0.00|0.00|0.00|0.00|0.00|0.00|0.00|0.00|0.00|0.00|0.00|0.00|0.00|0.00|0.00|0.21|0.21|0.00
844,2.58,2,0,0,2,0,0,0|0|0|0|0|0|0|0|0|0|0|0|0|0|0|0|0|1|1|0,0.00|0.00|0.00|0.00|0.00|0.00|0.00|0.00|0.00|0.00|0.00|0.00|0.00|0.00|0.00|0.00|0.00|0.21|0.21|0.00
845,2.58,2,0,0,2,0,0,0|0|0|0|0|0|0|0|0|0|0|0|0|0|0|0|0|1|1|0,0.00|0.00|0.00|0.00|0.00|0.00|0.00|0.00|0.00|0.00|0.00|0.00|0.00|0.00|0.00|0.00|0.00|0.21|0.21|0.00
846,2.58,2,0,0,2,0,0,0|0|0|0|0|0|0|0|0|0|0|0|0|0|0|0|0|1|1|0,0.00|0.00|0.00|0.00|0.00|0.00|0.00|0.00|0.00|0.00|0.00|0.00|0.00|0.00|0.00|0.00|0.00|0.21|0.21|0.00
847,2.58,2,0,0,2,0,0,0|0|0|0|0|0|0|0|0|0|0|0|0|0|0|0|0|1|1|0,0.00|0.00|0.00|0.00|0.00|0.00|0.00|0.00|0.00|0.00|0.00|0.00|0.00|0.00|0.00|0.00|0.00|0.21|0.21|0.00
849,2.58,2,0,0,2,0,0,0|0|0|0|0|0|0|0|0|0|0|0|0|0|0|0|0|1|1|0,0.00|0.00|0.00|0.00|0.00|0.00|0.00|0.00|0.00|0.00|0.00|0.00|0.00|0.00|0.00|0.00|0.00|0.21|0.21|0.00
850,2.58,2,0,0,2,0,0,0|0|0|0|0|0|0|0|0|0|0|0|0|0|0|0|0|1|1|0,0.00|0.00|0.00|0.00|0.00|0.00|0.00|0.00|0.00|0.00|0.00|0.00|0.00|0.00|0.00|0.00|0.00|0.21|0.21|0.00
851,2.58,2,0,0,2,0,0,0|0|0|0|0|0|0|0|0|0|0|0|0|0|0|0|0|1|1|0,0.00|0.00|0.00|0.00|0.00|0.00|0.00|0.00|0.00|0.00|0.00|0.00|0.00|0.00|0.00|0.00|0.00|0.21|0.21|0.00
852,2.58,2,0,0,2,0,0,0|0|0|0|0|0|0|0|0|0|0|0|0|0|0|0|0|1|1|0,0.00|0.00|0.00|0.00|0.00|0.00|0.00|0.00|0.00|0.00|0.00|0.00|0.00|0.00|0.00|0.00|0.00|0.21|0.21|0.00
854,2.58,2,0,0,2,0,0,0|0|0|0|0|0|0|0|0|0|0|0|0|0|0|0|0|1|1|0,0.00|0.00|0.00|0.00|0.00|0.00|0.00|0.00|0.00|0.00|0.00|0.00|0.00|0.00|0.00|0.00|0.00|0.21|0.21|0.00
855,2.58,2,0,0,2,0,0,0|0|0|0|0|0|0|0|0|0|0|0|0|0|0|0|0|1|1|0,0.00|0.00|0.00|0.00|0.00|0.00|0.00|0.00|0.00|0.00|0.00|0.00|0.00|0.00|0.00|0.00|0.00|0.21|0.21|0.00
856,2.36,1,0,0,1,1,0,0|0|0|0|0|0|0|0|0|0|0|0|0|0|0|0|0|0|1|0,0.00|0.00|0.00|0.00|0.00|0.00|0.00|0.00|0.00|0.00|0.00|0.00|0.00|0.00|0.00|0.00|0.00|0.00|0.21|0.00
857,2.36,1,0,0,1,0,0,0|0|0|0|0|0|0|0|0|0|0|0|0|0|0|0|0|0|1|0,0.00|0.00|0.00|0.00|0.00|0.00|0.00|0.00|0.00|0.00|0.00|0.00|0.00|0.00|0.00|0.00|0.00|0.00|0.21|0.00
859,2.36,1,0,0,1,0,0,0|0|0|0|0|0|0|0|0|0|0|0|0|0|0|0|0|0|1|0,0.00|0.00|0.00|0.00|0.00|0.00|0.00|0.00|0.00|0.00|0.00|0.00|0.00|0.00|0.00|0.00|0.00|0.00|0.21|0.00
860,2.36,1,0,0,1,0,0,0|0|0|0|0|0|0|0|0|0|0|0|0|0|0|0|0|0|1|0,0.00|0.00|0.00|0.00|0.00|0.00|0.00|0.00|0.00|0.00|0.00|0.00|0.00|0.00|0.00|0.00|0.00|0.00|0.21|0.00
861,2.36,1,0,0,1,0,0,0|0|0|0|0|0|0|0|0|0|0|0|0|0|0|0|0|0|1|0,0.00|0.00|0.00|0.00|0.00|0.00|0.00|0.00|0.00|0.00|0.00|0.00|0.00|0.00|0.00|0.00|0.00|0.00|0.21|0.00
863,2.36,1,0,0,1,0,0,0|0|0|0|0|0|0|0|0|0|0|0|0|0|0|0|0|0|1|0,0.00|0.00|0.00|0.00|0.00|0.00|0.00|0.00|0.00|0.00|0.00|0.00|0.00|0.00|0.00|0.00|0.00|0.00|0.21|0.00
864,2.36,1,0,0,1,0,0,0|0|0|0|0|0|0|0|0|0|0|0|0|0|0|0|0|0|1|0,0.00|0.00|0.00|0.00|0.00|0.00|0.00|0.00|0.00|0.00|0.00|0.00|0.00|0.00|0.00|0.00|0.00|0.00|0.21|0.00
866,2.36,1,0,0,1,0,0,0|0|0|0|0|0|0|0|0|0|0|0|0|0|0|0|0|0|1|0,0.00|0.00|0.00|0.00|0.00|0.00|0.00|0.00|0.00|0.00|0.00|0.00|0.00|0.00|0.00|0.00|0.00|0.00|0.21|0.00
867,2.36,1,0,0,1,0,0,0|0|0|0|0|0|0|0|0|0|0|0|0|0|0|0|0|0|1|0,0.00|0.00|0.00|0.00|0.00|0.00|0.00|0.00|0.00|0.00|0.00|0.00|0.00|0.00|0.00|0.00|0.00|0.00|0.21|0.00
869,2.36,1,0,0,1,0,0,0|0|0|0|0|0|0|0|0|0|0|0|0|0|0|0|0|0|1|0,0.00|0.00|0.00|0.00|0.00|0.00|0.00|0.00|0.00|0.00|0.00|0.00|0.00|0.00|0.00|0.00|0.00|0.00|0.21|0.00
870,2.36,1,0,0,1,0,0,0|0|0|0|0|0|0|0|0|0|0|0|0|0|0|0|0|0|1|0,0.00|0.00|0.00|0.00|0.00|0.00|0.00|0.00|0.00|0.00|0.00|0.00|0.00|0.00|0.00|0.00|0.00|0.00|0.21|0.00
871,2.36,1,0,0,1,0,0,0|0|0|0|0|0|0|0|0|0|0|0|0|0|0|0|0|0|1|0,0.00|0.00|0.00|0.00|0.00|0.00|0.00|0.00|0.00|0.00|0.00|0.00|0.00|0.00|0.00|0.00|0.00|0.00|0.21|0.00
872,2.36,1,0,0,1,0,0,0|0|0|0|0|0|0|0|0|0|0|0|0|0|0|0|0|0|1|0,0.00|0.00|0.00|0.00|0.00|0.00|0.00|0.00|0.00|0.00|0.00|0.00|0.00|0.00|0.00|0.00|0.00|0.00|0.21|0.00
874,2.36,1,0,0,1,0,0,0|0|0|0|0|0|0|0|0|0|0|0|0|0|0|0|0|0|1|0,0.00|0.00|0.00|0.00|0.00|0.00|0.00|0.00|0.00|0.00|0.00|0.00|0.00|0.00|0.00|0.00|0.00|0.00|0.21|0.00
875,2.36,1,0,0,1,0,0,0|0|0|0|0|0|0|0|0|0|0|0|0|0|0|0|0|0|1|0,0.00|0.00|0.00|0.00|0.00|0.00|0.00|0.00|0.00|0.00|0.00|0.00|0.00|0.00|0.00|0.00|0.00|0.00|0.21|0.00
876,2.36,1,0,0,1,0,0,0|0|0|0|0|0|0|0|0|0|0|0|0|0|0|0|0|0|1|0,0.00|0.00|0.00|0.00|0.00|0.00|0.00|0.00|0.00|0.00|0.00|0.00|0.00|0.00|0.00|0.00|0.00|0.00|0.21|0.00
877,2.36,1,0,0,1,0,0,0|0|0|0|0|0|0|0|0|0|0|0|0|0|0|0|0|0|1|0,0.00|0.00|0.00|0.00|0.00|0.00|0.00|0.00|0.00|0.00|0.00|0.00|0.00|0.00|0.00|0.00|0.00|0.00|0.21|0.00
879,2.36,1,0,0,1,0,0,0|0|0|0|0|0|0|0|0|0|0|0|0|0|0|0|0|0|1|0,0.00|0.00|0.00|0.00|0.00|0.00|0.00|0.00|0.00|0.00|0.00|0.00|0.00|0.00|0.00|0.00|0.00|0.00|0.21|0.00
881,2.36,1,0,0,1,0,0,0|0|0|0|0|0|0|0|0|0|0|0|0|0|0|0|0|0|1|0,0.00|0.00|0.00|0.00|0.00|0.00|0.00|0.00|0.00|0.00|0.00|0.00|0.00|0.00|0.00|0.00|0.00|0.00|0.21|0.00
882,2.36,1,0,0,1,0,0,0|0|0|0|0|0|0|0|0|0|0|0|0|0|0|0|0|0|1|0,0.00|0.00|0.00|0.00|0.00|0.00|0.00|0.00|0.00|0.00|0.00|0.00|0.00|0.00|0.00|0.00|0.00|0.00|0.21|0.00
883,2.36,1,0,0,1,0,0,0|0|0|0|0|0|0|0|0|0|0|0|0|0|0|0|0|0|1|0,0.00|0.00|0.00|0.00|0.00|0.00|0.00|0.00|0.00|0.00|0.00|0.00|0.00|0.00|0.00|0.00|0.00|0.00|0.21|0.00
885,2.36,1,0,0,1,0,0,0|0|0|0|0|0|0|0|0|0|0|0|0|0|0|0|0|0|1|0,0.00|0.00|0.00|0.00|0.00|0.00|0.00|0.00|0.00|0.00|0.00|0.00|0.00|0.00|0.00|0.00|0.00|0.00|0.21|0.00
886,2.36,1,0,0,1,0,0,0|0|0|0|0|0|0|0|0|0|0|0|0|0|0|0|0|0|1|0,0.00|0.00|0.00|0.00|0.00|0.00|0.00|0.00|0.00|0.00|0.00|0.00|0.00|0.00|0.00|0.00|0.00|0.00|0.21|0.00
887,2.36,1,0,0,1,0,0,0|0|0|0|0|0|0|0|0|0|0|0|0|0|0|0|0|0|1|0,0.00|0.00|0.00|0.00|0.00|0.00|0.00|0.00|0.00|0.00|0.00|0.00|0.00|0.00|0.00|0.00|0.00|0.00|0.21|0.00
888,2.36,1,0,0,1,0,0,0|0|0|0|0|0|0|0|0|0|0|0|0|0|0|0|0|0|1|0,0.00|0.00|0.00|0.00|0.00|0.00|0.00|0.00|0.00|0.00|0.00|0.00|0.00|0.00|0.00|0.00|0.00|0.00|0.21|0.00
890,2.15,0,0,0,0,1,0,0|0|0|0|0|0|0|0|0|0|0|0|0|0|0|0|0|0|0|0,0.00|0.00|0.00|0.00|0.00|0.00|0.00|0.00|0.00|0.00|0.00|0.00|0.00|0.00|0.00|0.00|0.00|0.00|0.00|0.00
891,2.15,0,0,0,0,0,0,0|0|0|0|0|0|0|0|0|0|0|0|0|0|0|0|0|0|0|0,0.00|0.00|0.00|0.00|0.00|0.00|0.00|0.00|0.00|0.00|0.00|0.00|0.00|0.00|0.00|0.00|0.00|0.00|0.00|0.00
