0,24.81,42,8,0,7,5,0,0|0|0|2|0|0|0|0|0|0|1|22|8|4|3|0|2|0|0|0,0.00|0.00|0.00|0.43|0.17|0.34|0.17|0.17|0.38|0.68|1.96|6.43|3.45|2.60|2.39|0.72|2.17|0.55|0.04|0.00
2,19.14,29,8,0,6,3,0,0|0|0|2|0|0|0|0|0|0|0|10|8|4|3|0|2|0|0|0,0.00|0.00|0.00|0.43|0.00|0.00|0.17|0.00|0.38|0.17|0.21|3.71|3.45|2.60|2.39|0.72|2.17|0.55|0.04|0.00
4,13.95,13,8,0,6,2,0,0|0|0|2|0|0|0|0|0|0|0|1|1|4|3|0|2|0|0|0,0.00|0.00|0.00|0.43|0.00|0.00|0.00|0.00|0.21|0.00|0.21|0.89|1.58|2.60|2.39|0.72|2.17|0.55|0.04|0.00
6,11.31,9,8,0,5,2,0,0|0|0|2|0|0|0|0|0|0|0|1|0|1|3|0|2|0|0|0,0.00|0.00|0.00|0.43|0.00|0.00|0.00|0.00|0.00|0.00|0.17|0.89|0.85|0.94|2.39|0.72|2.17|0.55|0.04|0.00
7,9.09,5,8,0,3,3,0,0|0|0|2|0|0|0|0|0|0|0|1|0|0|0|0|2|0|0|0,0.00|0.00|0.00|0.43|0.00|0.00|0.00|0.00|0.00|0.00|0.17|0.89|0.85|0.04|1.06|0.72|2.17|0.55|0.04|0.00
9,7.52,5,7,1,3,1,0,0|0|0|2|0|0|0|0|0|0|0|1|0|0|0|0|2|0|0|0,0.00|0.00|0.00|0.43|0.00|0.00|0.00|0.00|0.00|0.00|0.00|0.55|0.68|0.04|0.55|0.34|2.17|0.55|0.04|0.00
11,6.54,3,7,1,2,2,0,0|0|0|2|0|0|0|0|0|0|0|1|0|0|0|0|0|0|0|0,1.53|0.00|0.00|0.43|0.00|0.00|0.00|0.00|0.00|0.00|0.00|0.38|0.17|0.04|0.55|0.17|0.51|0.55|0.04|0.00
12,6.20,5,7,0,3,2,0,2|0|0|2|0|0|0|0|0|0|0|1|0|0|0|0|0|0|0|0,2.13|0.00|0.00|0.43|0.00|0.00|0.00|0.00|0.00|0.00|0.00|0.38|0.00|0.00|0.51|0.17|0.34|0.04|0.04|0.00
14,5.98,5,7,0,3,1,0,2|0|0|2|0|0|0|0|0|0|0|1|0|0|0|0|0|0|0|0,2.17|0.00|0.00|0.43|0.00|0.00|0.00|0.00|0.00|0.00|0.00|0.21|0.00|0.00|0.51|0.17|0.34|0.00|0.00|0.00
15,5.98,5,7,0,3,1,0,2|0|0|2|0|0|0|0|0|0|0|1|0|0|0|0|0|0|0|0,2.17|0.00|0.00|0.43|0.00|0.00|0.00|0.00|0.00|0.00|0.00|0.21|0.00|0.00|0.51|0.17|0.34|0.00|0.00|0.00
16,5.98,5,7,0,3,0,0,2|0|0|2|0|0|0|0|0|0|0|1|0|0|0|0|0|0|0|0,2.17|0.00|0.00|0.43|0.00|0.00|0.00|0.00|0.00|0.00|0.00|0.21|0.00|0.00|0.51|0.17|0.34|0.00|0.00|0.00
18,4.96,5,7,0,3,0,0,2|0|0|2|0|0|0|0|0|0|0|1|0|0|0|0|0|0|0|0,2.17|0.00|0.00|0.43|0.00|0.00|0.00|0.00|0.00|0.00|0.00|0.21|0.00|0.00|0.00|0.00|0.00|0.00|0.00|0.00
19,4.96,5,7,0,3,0,0,2|0|0|2|0|0|0|0|0|0|0|1|0|0|0|0|0|0|0|0,2.17|0.00|0.00|0.43|0.00|0.00|0.00|0.00|0.00|0.00|0.00|0.21|0.00|0.00|0.00|0.00|0.00|0.00|0.00|0.00
20,4.96,5,7,0,3,0,0,2|0|0|2|0|0|0|0|0|0|0|1|0|0|0|0|0|0|0|0,2.17|0.00|0.00|0.43|0.00|0.00|0.00|0.00|0.00|0.00|0.00|0.21|0.00|0.00|0.00|0.00|0.00|0.00|0.00|0.00
22,4.96,5,7,0,3,0,0,2|0|0|2|0|0|0|0|0|0|0|1|0|0|0|0|0|0|0|0,2.17|0.00|0.00|0.43|0.00|0.00|0.00|0.00|0.00|0.00|0.00|0.21|0.00|0.00|0.00|0.00|0.00|0.00|0.00|0.00
23,4.96,5,7,0,3,0,0,2|0|0|2|0|0|0|0|0|0|0|1|0|0|0|0|0|0|0|0,2.17|0.00|0.00|0.43|0.00|0.00|0.00|0.00|0.00|0.00|0.00|0.21|0.00|0.00|0.00|0.00|0.00|0.00|0.00|0.00
25,4.96,5,7,0,3,0,0,2|0|0|2|0|0|0|0|0|0|0|1|0|0|0|0|0|0|0|0,2.17|0.00|0.00|0.43|0.00|0.00|0.00|0.00|0.00|0.00|0.00|0.21|0.00|0.00|0.00|0.00|0.00|0.00|0.00|0.00
26,4.96,5,6,1,3,0,0,2|0|0|2|0|0|0|0|0|0|0|1|0|0|0|0|0|0|0|0,2.17|0.00|0.00|0.43|0.00|0.00|0.00|0.00|0.00|0.00|0.00|0.21|0.00|0.00|0.00|0.00|0.00|0.00|0.00|0.00
27,5.81,5,6,1,3,0,0,2|0|0|2|0|0|0|0|0|0|0|1|0|0|0|0|0|0|0|0,2.17|0.85|0.00|0.43|0.00|0.00|0.00|0.00|0.00|0.00|0.00|0.21|0.00|0.00|0.00|0.00|0.00|0.00|0.00|0.00
29,6.75,7,6,0,4,0,0,2|2|0|2|0|0|0|0|0|0|0|1|0|0|0|0|0|0|0|0,2.17|1.79|0.00|0.43|0.00|0.00|0.00|0.00|0.00|0.00|0.00|0.21|0.00|0.00|0.00|0.00|0.00|0.00|0.00|0.00
30,7.09,7,6,0,4,0,0,2|2|0|2|0|0|0|0|0|0|0|1|0|0|0|0|0|0|0|0,2.17|2.13|0.00|0.43|0.00|0.00|0.00|0.00|0.00|0.00|0.00|0.21|0.00|0.00|0.00|0.00|0.00|0.00|0.00|0.00
32,7.09,7,6,0,4,0,0,2|2|0|2|0|0|0|0|0|0|0|1|0|0|0|0|0|0|0|0,2.17|2.13|0.00|0.43|0.00|0.00|0.00|0.00|0.00|0.00|0.00|0.21|0.00|0.00|0.00|0.00|0.00|0.00|0.00|0.00
33,7.09,7,6,0,4,0,0,2|2|0|2|0|0|0|0|0|0|0|1|0|0|0|0|0|0|0|0,2.17|2.13|0.00|0.43|0.00|0.00|0.00|0.00|0.00|0.00|0.00|0.21|0.00|0.00|0.00|0.00|0.00|0.00|0.00|0.00
34,7.09,7,6,0,4,0,0,2|2|0|2|0|0|0|0|0|0|0|1|0|0|0|0|0|0|0|0,2.17|2.13|0.00|0.43|0.00|0.00|0.00|0.00|0.00|0.00|0.00|0.21|0.00|0.00|0.00|0.00|0.00|0.00|0.00|0.00
36,6.88,6,6,0,4,0,0,2|2|0|1|0|0|0|0|0|0|0|1|0|0|0|0|0|0|0|0,2.17|2.13|0.00|0.21|0.00|0.00|0.00|0.00|0.00|0.00|0.00|0.21|0.00|0.00|0.00|0.00|0.00|0.00|0.00|0.00
37,7.09,7,6,0,4,0,0,3|2|0|1|0|0|0|0|0|0|0|1|0|0|0|0|0|0|0|0,2.39|2.13|0.00|0.21|0.00|0.00|0.00|0.00|0.00|0.00|0.00|0.21|0.00|0.00|0.00|0.00|0.00|0.00|0.00|0.00
39,12.20,31,6,0,3,1,0,27|3|0|0|0|0|0|0|0|0|0|1|0|0|0|0|0|0|0|0,7.50|2.34|0.00|0.00|0.00|0.00|0.00|0.00|0.00|0.00|0.00|0.21|0.00|0.00|0.00|0.00|0.00|0.00|0.00|0.00
41,21.15,73,6,0,3,1,0,53|19|0|0|0|0|0|0|0|0|0|1|0|0|0|0|0|0|0|0,13.03|5.75|0.00|0.00|0.00|0.00|0.00|0.00|0.00|0.00|0.00|0.21|0.00|0.00|0.00|0.00|0.00|0.00|0.00|0.00
43,27.53,103,6,0,3,0,0,57|45|0|0|0|0|0|0|0|0|0|1|0|0|0|0|0|0|0|0,13.88|11.29|0.00|0.00|0.00|0.00|0.00|0.00|0.00|0.00|0.00|0.21|0.00|0.00|0.00|0.00|0.00|0.00|0.00|0.00
45,29.88,114,6,0,3,0,0,58|55|0|0|0|0|0|0|0|0|0|1|0|0|0|0|0|0|0|0,14.10|13.42|0.00|0.00|0.00|0.00|0.00|0.00|0.00|0.00|0.00|0.21|0.00|0.00|0.00|0.00|0.00|0.00|0.00|0.00
47,30.52,117,6,0,3,0,0,59|57|0|0|0|0|0|0|0|0|0|1|0|0|0|0|0|0|0|0,14.31|13.84|0.00|0.00|0.00|0.00|0.00|0.00|0.00|0.00|0.00|0.21|0.00|0.00|0.00|0.00|0.00|0.00|0.00|0.00
49,30.94,119,6,0,3,0,0,59|59|0|0|0|0|0|0|0|0|0|1|0|0|0|0|0|0|0|0,14.31|14.27|0.00|0.00|0.00|0.00|0.00|0.00|0.00|0.00|0.00|0.21|0.00|0.00|0.00|0.00|0.00|0.00|0.00|0.00
51,30.94,119,6,0,3,0,0,59|59|0|0|0|0|0|0|0|0|0|1|0|0|0|0|0|0|0|0,14.31|14.27|0.00|0.00|0.00|0.00|0.00|0.00|0.00|0.00|0.00|0.21|0.00|0.00|0.00|0.00|0.00|0.00|0.00|0.00
53,31.37,121,6,0,3,0,0,60|60|0|0|0|0|0|0|0|0|0|1|0|0|0|0|0|0|0|0,14.52|14.48|0.00|0.00|0.00|0.00|0.00|0.00|0.00|0.00|0.00|0.21|0.00|0.00|0.00|0.00|0.00|0.00|0.00|0.00
55,31.37,121,6,0,3,0,0,60|60|0|0|0|0|0|0|0|0|0|1|0|0|0|0|0|0|0|0,14.52|14.48|0.00|0.00|0.00|0.00|0.00|0.00|0.00|0.00|0.00|0.21|0.00|0.00|0.00|0.00|0.00|0.00|0.00|0.00
57,31.37,121,5,1,3,0,0,60|60|0|0|0|0|0|0|0|0|0|1|0|0|0|0|0|0|0|0,14.52|14.48|0.00|0.00|0.00|0.00|0.00|0.00|0.00|0.00|0.00|0.21|0.00|0.00|0.00|0.00|0.00|0.00|0.00|0.00
60,32.69,123,5,0,4,0,0,60|60|2|0|0|0|0|0|0|0|0|1|0|0|0|0|0|0|0|0,14.52|14.48|1.32|0.00|0.00|0.00|0.00|0.00|0.00|0.00|0.00|0.21|0.00|0.00|0.00|0.00|0.00|0.00|0.00|0.00
63,33.20,123,5,0,4,0,0,60|60|2|0|0|0|0|0|0|0|0|1|0|0|0|0|0|0|0|0,14.52|14.48|1.83|0.00|0.00|0.00|0.00|0.00|0.00|0.00|0.00|0.21|0.00|0.00|0.00|0.00|0.00|0.00|0.00|0.00
66,41.50,162,5,0,4,0,0,60|60|41|0|0|0|0|0|0|0|0|1|0|0|0|0|0|0|0|0,14.52|14.48|10.14|0.00|0.00|0.00|0.00|0.00|0.00|0.00|0.00|0.21|0.00|0.00|0.00|0.00|0.00|0.00|0.00|0.00
69,43.16,169,5,0,4,0,0,60|60|48|0|0|0|0|0|0|0|0|1|0|0|0|0|0|0|0|0,14.52|14.48|11.80|0.00|0.00|0.00|0.00|0.00|0.00|0.00|0.00|0.21|0.00|0.00|0.00|0.00|0.00|0.00|0.00|0.00
73,45.29,179,5,0,4,0,0,60|60|58|0|0|0|0|0|0|0|0|1|0|0|0|0|0|0|0|0,14.52|14.48|13.93|0.00|0.00|0.00|0.00|0.00|0.00|0.00|0.00|0.21|0.00|0.00|0.00|0.00|0.00|0.00|0.00|0.00
76,45.08,178,5,0,3,1,0,60|60|58|0|0|0|0|0|0|0|0|0|0|0|0|0|0|0|0|0,14.52|14.48|13.93|0.00|0.00|0.00|0.00|0.00|0.00|0.00|0.00|0.00|0.00|0.00|0.00|0.00|0.00|0.00|0.00|0.00
78,45.29,179,5,0,3,0,0,60|60|59|0|0|0|0|0|0|0|0|0|0|0|0|0|0|0|0|0,14.52|14.48|14.14|0.00|0.00|0.00|0.00|0.00|0.00|0.00|0.00|0.00|0.00|0.00|0.00|0.00|0.00|0.00|0.00|0.00
81,45.29,179,5,0,3,0,0,60|60|59|0|0|0|0|0|0|0|0|0|0|0|0|0|0|0|0|0,14.52|14.48|14.14|0.00|0.00|0.00|0.00|0.00|0.00|0.00|0.00|0.00|0.00|0.00|0.00|0.00|0.00|0.00|0.00|0.00
84,46.87,180,5,0,4,0,0,60|60|59|1|0|0|0|0|0|0|0|0|0|0|0|0|0|0|0|0,14.52|14.48|14.14|1.58|0.00|0.00|0.00|0.00|0.00|0.00|0.00|0.00|0.00|0.00|0.00|0.00|0.00|0.00|0.00|0.00
87,47.04,180,5,0,4,0,0,60|60|59|1|0|0|0|0|0|0|0|0|0|0|0|0|0|0|0|0,14.52|14.48|14.14|1.75|0.00|0.00|0.00|0.00|0.00|0.00|0.00|0.00|0.00|0.00|0.00|0.00|0.00|0.00|0.00|0.00
89,47.04,180,5,0,4,0,0,60|60|59|1|0|0|0|0|0|0|0|0|0|0|0|0|0|0|0|0,14.52|14.48|14.14|1.75|0.00|0.00|0.00|0.00|0.00|0.00|0.00|0.00|0.00|0.00|0.00|0.00|0.00|0.00|0.00|0.00
93,47.42,180,5,0,4,0,0,60|60|59|1|0|0|0|0|0|0|0|0|0|0|0|0|0|0|0|0,14.52|14.52|14.31|1.92|0.00|0.00|0.00|0.00|0.00|0.00|0.00|0.00|0.00|0.00|0.00|0.00|0.00|0.00|0.00|0.00
95,47.42,180,5,0,4,0,0,60|60|59|1|0|0|0|0|0|0|0|0|0|0|0|0|0|0|0|0,14.52|14.52|14.31|1.92|0.00|0.00|0.00|0.00|0.00|0.00|0.00|0.00|0.00|0.00|0.00|0.00|0.00|0.00|0.00|0.00
98,47.42,180,5,0,4,0,0,60|60|59|1|0|0|0|0|0|0|0|0|0|0|0|0|0|0|0|0,14.52|14.52|14.31|1.92|0.00|0.00|0.00|0.00|0.00|0.00|0.00|0.00|0.00|0.00|0.00|0.00|0.00|0.00|0.00|0.00
101,48.66,181,4,0,5,0,0,60|60|59|1|1|0|0|0|0|0|0|0|0|0|0|0|0|0|0|0,14.52|14.52|14.31|1.92|1.24|0.00|0.00|0.00|0.00|0.00|0.00|0.00|0.00|0.00|0.00|0.00|0.00|0.00|0.00|0.00
104,49.21,181,4,0,5,0,0,60|60|59|1|1|0|0|0|0|0|0|0|0|0|0|0|0|0|0|0,14.52|14.52|14.31|1.92|1.79|0.00|0.00|0.00|0.00|0.00|0.00|0.00|0.00|0.00|0.00|0.00|0.00|0.00|0.00|0.00
106,49.43,182,4,0,5,0,0,60|60|59|1|2|0|0|0|0|0|0|0|0|0|0|0|0|0|0|0,14.52|14.52|14.31|1.92|2.00|0.00|0.00|0.00|0.00|0.00|0.00|0.00|0.00|0.00|0.00|0.00|0.00|0.00|0.00|0.00
109,51.51,191,4,0,5,0,0,60|60|59|1|11|0|0|0|0|0|0|0|0|0|0|0|0|0|0|0,14.52|14.52|14.31|1.92|4.09|0.00|0.00|0.00|0.00|0.00|0.00|0.00|0.00|0.00|0.00|0.00|0.00|0.00|0.00|0.00
112,57.90,221,4,0,5,0,0,60|60|59|1|41|0|0|0|0|0|0|0|0|0|0|0|0|0|0|0,14.52|14.52|14.31|1.92|10.48|0.00|0.00|0.00|0.00|0.00|0.00|0.00|0.00|0.00|0.00|0.00|0.00|0.00|0.00|0.00
115,59.18,227,4,0,5,0,0,60|60|59|1|47|0|0|0|0|0|0|0|0|0|0|0|0|0|0|0,14.52|14.52|14.31|1.92|11.75|0.00|0.00|0.00|0.00|0.00|0.00|0.00|0.00|0.00|0.00|0.00|0.00|0.00|0.00|0.00
118,60.24,232,4,0,5,0,0,60|60|59|2|51|0|0|0|0|0|0|0|0|0|0|0|0|0|0|0,14.52|14.52|14.31|2.13|12.61|0.00|0.00|0.00|0.00|0.00|0.00|0.00|0.00|0.00|0.00|0.00|0.00|0.00|0.00|0.00
120,60.88,235,4,0,5,0,0,60|60|59|2|54|0|0|0|0|0|0|0|0|0|0|0|0|0|0|0,14.52|14.52|14.31|2.13|13.25|0.00|0.00|0.00|0.00|0.00|0.00|0.00|0.00|0.00|0.00|0.00|0.00|0.00|0.00|0.00
123,62.37,242,4,0,5,0,0,60|60|60|6|56|0|0|0|0|0|0|0|0|0|0|0|0|0|0|0,14.52|14.52|14.52|2.98|13.67|0.00|0.00|0.00|0.00|0.00|0.00|0.00|0.00|0.00|0.00|0.00|0.00|0.00|0.00|0.00
126,70.46,280,4,0,5,0,0,60|60|60|43|57|0|0|0|0|0|0|0|0|0|0|0|0|0|0|0,14.52|14.52|14.52|10.86|13.88|0.00|0.00|0.00|0.00|0.00|0.00|0.00|0.00|0.00|0.00|0.00|0.00|0.00|0.00|0.00
130,71.74,286,4,0,5,0,0,60|60|60|49|57|0|0|0|0|0|0|0|0|0|0|0|0|0|0|0,14.52|14.52|14.52|12.14|13.88|0.00|0.00|0.00|0.00|0.00|0.00|0.00|0.00|0.00|0.00|0.00|0.00|0.00|0.00|0.00
133,72.81,291,4,0,5,0,0,60|60|60|52|59|0|0|0|0|0|0|0|0|0|0|0|0|0|0|0,14.52|14.52|14.52|12.78|14.31|0.00|0.00|0.00|0.00|0.00|0.00|0.00|0.00|0.00|0.00|0.00|0.00|0.00|0.00|0.00
136,73.28,293,4,0,5,0,0,60|60|60|54|59|0|0|0|0|0|0|0|0|0|0|0|0|0|0|0,14.52|14.52|14.52|13.25|14.31|0.00|0.00|0.00|0.00|0.00|0.00|0.00|0.00|0.00|0.00|0.00|0.00|0.00|0.00|0.00
140,74.13,297,4,0,5,0,0,60|60|60|58|59|0|0|0|0|0|0|0|0|0|0|0|0|0|0|0,14.52|14.52|14.52|14.10|14.31|0.00|0.00|0.00|0.00|0.00|0.00|0.00|0.00|0.00|0.00|0.00|0.00|0.00|0.00|0.00
144,74.13,297,4,0,5,0,0,60|60|60|58|59|0|0|0|0|0|0|0|0|0|0|0|0|0|0|0,14.52|14.52|14.52|14.10|14.31|0.00|0.00|0.00|0.00|0.00|0.00|0.00|0.00|0.00|0.00|0.00|0.00|0.00|0.00|0.00
147,74.13,297,4,0,5,0,0,60|60|60|58|59|0|0|0|0|0|0|0|0|0|0|0|0|0|0|0,14.52|14.52|14.52|14.10|14.31|0.00|0.00|0.00|0.00|0.00|0.00|0.00|0.00|0.00|0.00|0.00|0.00|0.00|0.00|0.00
150,74.34,298,4,0,5,0,0,60|60|60|59|59|0|0|0|0|0|0|0|0|0|0|0|0|0|0|0,14.52|14.52|14.52|14.31|14.31|0.00|0.00|0.00|0.00|0.00|0.00|0.00|0.00|0.00|0.00|0.00|0.00|0.00|0.00|0.00
154,74.34,298,4,0,5,0,0,60|60|60|59|59|0|0|0|0|0|0|0|0|0|0|0|0|0|0|0,14.52|14.52|14.52|14.31|14.31|0.00|0.00|0.00|0.00|0.00|0.00|0.00|0.00|0.00|0.00|0.00|0.00|0.00|0.00|0.00
157,74.34,298,4,0,5,0,0,60|60|60|59|59|0|0|0|0|0|0|0|0|0|0|0|0|0|0|0,14.52|14.52|14.52|14.31|14.31|0.00|0.00|0.00|0.00|0.00|0.00|0.00|0.00|0.00|0.00|0.00|0.00|0.00|0.00|0.00
160,74.34,298,4,0,5,0,0,60|60|60|59|59|0|0|0|0|0|0|0|0|0|0|0|0|0|0|0,14.52|14.52|14.52|14.31|14.31|0.00|0.00|0.00|0.00|0.00|0.00|0.00|0.00|0.00|0.00|0.00|0.00|0.00|0.00|0.00
164,74.34,298,4,0,5,0,0,60|60|60|59|59|0|0|0|0|0|0|0|0|0|0|0|0|0|0|0,14.52|14.52|14.52|14.31|14.31|0.00|0.00|0.00|0.00|0.00|0.00|0.00|0.00|0.00|0.00|0.00|0.00|0.00|0.00|0.00
167,74.34,298,4,0,5,0,0,60|60|60|59|59|0|0|0|0|0|0|0|0|0|0|0|0|0|0|0,14.52|14.52|14.52|14.31|14.31|0.00|0.00|0.00|0.00|0.00|0.00|0.00|0.00|0.00|0.00|0.00|0.00|0.00|0.00|0.00
170,74.34,298,4,0,5,0,0,60|60|60|59|59|0|0|0|0|0|0|0|0|0|0|0|0|0|0|0,14.52|14.52|14.52|14.31|14.31|0.00|0.00|0.00|0.00|0.00|0.00|0.00|0.00|0.00|0.00|0.00|0.00|0.00|0.00|0.00
174,74.34,298,4,0,5,0,0,60|60|60|59|59|0|0|0|0|0|0|0|0|0|0|0|0|0|0|0,14.52|14.52|14.52|14.31|14.31|0.00|0.00|0.00|0.00|0.00|0.00|0.00|0.00|0.00|0.00|0.00|0.00|0.00|0.00|0.00
177,74.34,298,4,0,5,0,0,60|60|60|59|59|0|0|0|0|0|0|0|0|0|0|0|0|0|0|0,14.52|14.52|14.52|14.31|14.31|0.00|0.00|0.00|0.00|0.00|0.00|0.00|0.00|0.00|0.00|0.00|0.00|0.00|0.00|0.00
180,74.34,298,4,0,5,0,0,60|60|60|59|59|0|0|0|0|0|0|0|0|0|0|0|0|0|0|0,14.52|14.52|14.52|14.31|14.31|0.00|0.00|0.00|0.00|0.00|0.00|0.00|0.00|0.00|0.00|0.00|0.00|0.00|0.00|0.00
184,74.55,299,4,0,5,0,0,60|60|60|59|60|0|0|0|0|0|0|0|0|0|0|0|0|0|0|0,14.52|14.52|14.52|14.31|14.52|0.00|0.00|0.00|0.00|0.00|0.00|0.00|0.00|0.00|0.00|0.00|0.00|0.00|0.00|0.00
187,76.13,300,4,1,5,0,0,60|60|60|60|60|0|0|0|0|0|0|0|0|0|0|0|0|0|0|0,14.52|14.52|14.52|14.52|14.52|1.36|0.00|0.00|0.00|0.00|0.00|0.00|0.00|0.00|0.00|0.00|0.00|0.00|0.00|0.00
190,76.51,301,4,0,6,0,0,60|60|60|60|60|1|0|0|0|0|0|0|0|0|0|0|0|0|0|0,14.52|14.52|14.52|14.52|14.52|1.75|0.00|0.00|0.00|0.00|0.00|0.00|0.00|0.00|0.00|0.00|0.00|0.00|0.00|0.00
193,78.00,307,4,0,6,0,0,60|60|60|60|60|7|0|0|0|0|0|0|0|0|0|0|0|0|0|0,14.52|14.52|14.52|14.52|14.52|3.24|0.00|0.00|0.00|0.00|0.00|0.00|0.00|0.00|0.00|0.00|0.00|0.00|0.00|0.00
197,84.18,336,4,0,6,0,0,60|60|60|60|60|36|0|0|0|0|0|0|0|0|0|0|0|0|0|0,14.52|14.52|14.52|14.52|14.52|9.41|0.00|0.00|0.00|0.00|0.00|0.00|0.00|0.00|0.00|0.00|0.00|0.00|0.00|0.00
200,84.60,338,4,0,6,0,0,60|60|60|60|60|38|0|0|0|0|0|0|0|0|0|0|0|0|0|0,14.52|14.52|14.52|14.52|14.52|9.84|0.00|0.00|0.00|0.00|0.00|0.00|0.00|0.00|0.00|0.00|0.00|0.00|0.00|0.00
204,85.46,342,4,0,6,0,0,60|60|60|60|60|42|0|0|0|0|0|0|0|0|0|0|0|0|0|0,14.52|14.52|14.52|14.52|14.52|10.69|0.00|0.00|0.00|0.00|0.00|0.00|0.00|0.00|0.00|0.00|0.00|0.00|0.00|0.00
207,85.46,342,4,0,6,0,0,60|60|60|60|60|42|0|0|0|0|0|0|0|0|0|0|0|0|0|0,14.52|14.52|14.52|14.52|14.52|10.69|0.00|0.00|0.00|0.00|0.00|0.00|0.00|0.00|0.00|0.00|0.00|0.00|0.00|0.00
211,85.88,344,4,0,6,0,0,60|60|60|60|60|44|0|0|0|0|0|0|0|0|0|0|0|0|0|0,14.52|14.52|14.52|14.52|14.52|11.12|0.00|0.00|0.00|0.00|0.00|0.00|0.00|0.00|0.00|0.00|0.00|0.00|0.00|0.00
215,86.09,345,4,0,6,0,0,60|60|60|60|60|45|0|0|0|0|0|0|0|0|0|0|0|0|0|0,14.52|14.52|14.52|14.52|14.52|11.33|0.00|0.00|0.00|0.00|0.00|0.00|0.00|0.00|0.00|0.00|0.00|0.00|0.00|0.00
219,86.09,345,4,0,6,0,0,60|60|60|60|60|45|0|0|0|0|0|0|0|0|0|0|0|0|0|0,14.52|14.52|14.52|14.52|14.52|11.33|0.00|0.00|0.00|0.00|0.00|0.00|0.00|0.00|0.00|0.00|0.00|0.00|0.00|0.00
222,86.09,345,4,0,6,0,0,60|60|60|60|60|45|0|0|0|0|0|0|0|0|0|0|0|0|0|0,14.52|14.52|14.52|14.52|14.52|11.33|0.00|0.00|0.00|0.00|0.00|0.00|0.00|0.00|0.00|0.00|0.00|0.00|0.00|0.00
226,86.09,345,4,0,6,0,0,60|60|60|60|60|45|0|0|0|0|0|0|0|0|0|0|0|0|0|0,14.52|14.52|14.52|14.52|14.52|11.33|0.00|0.00|0.00|0.00|0.00|0.00|0.00|0.00|0.00|0.00|0.00|0.00|0.00|0.00
231,86.09,345,4,0,6,0,0,60|60|60|60|60|45|0|0|0|0|0|0|0|0|0|0|0|0|0|0,14.52|14.52|14.52|14.52|14.52|11.33|0.00|0.00|0.00|0.00|0.00|0.00|0.00|0.00|0.00|0.00|0.00|0.00|0.00|0.00
235,86.09,345,4,0,6,0,0,60|60|60|60|60|45|0|0|0|0|0|0|0|0|0|0|0|0|0|0,14.52|14.52|14.52|14.52|14.52|11.33|0.00|0.00|0.00|0.00|0.00|0.00|0.00|0.00|0.00|0.00|0.00|0.00|0.00|0.00
239,86.09,345,4,0,6,0,0,60|60|60|60|60|45|0|0|0|0|0|0|0|0|0|0|0|0|0|0,14.52|14.52|14.52|14.52|14.52|11.33|0.00|0.00|0.00|0.00|0.00|0.00|0.00|0.00|0.00|0.00|0.00|0.00|0.00|0.00
243,86.09,345,4,0,6,0,0,60|60|60|60|60|45|0|0|0|0|0|0|0|0|0|0|0|0|0|0,14.52|14.52|14.52|14.52|14.52|11.33|0.00|0.00|0.00|0.00|0.00|0.00|0.00|0.00|0.00|0.00|0.00|0.00|0.00|0.00
246,86.09,345,4,0,6,0,0,60|60|60|60|60|45|0|0|0|0|0|0|0|0|0|0|0|0|0|0,14.52|14.52|14.52|14.52|14.52|11.33|0.00|0.00|0.00|0.00|0.00|0.00|0.00|0.00|0.00|0.00|0.00|0.00|0.00|0.00
250,86.09,345,4,0,6,0,0,60|60|60|60|60|45|0|0|0|0|0|0|0|0|0|0|0|0|0|0,14.52|14.52|14.52|14.52|14.52|11.33|0.00|0.00|0.00|0.00|0.00|0.00|0.00|0.00|0.00|0.00|0.00|0.00|0.00|0.00
254,87.29,345,4,1,6,0,0,60|60|60|60|60|45|0|0|0|0|0|0|0|0|0|0|0|0|0|0,14.52|14.52|14.52|14.52|14.52|11.33|1.19|0.00|0.00|0.00|0.00|0.00|0.00|0.00|0.00|0.00|0.00|0.00|0.00|0.00
258,87.33,345,4,1,6,0,0,60|60|60|60|60|45|0|0|0|0|0|0|0|0|0|0|0|0|0|0,14.52|14.52|14.52|14.52|14.52|11.33|1.24|0.00|0.00|0.00|0.00|0.00|0.00|0.00|0.00|0.00|0.00|0.00|0.00|0.00
261,87.50,345,4,1,6,0,0,60|60|60|60|60|45|0|0|0|0|0|0|0|0|0|0|0|0|0|0,14.52|14.52|14.52|14.52|14.52|11.33|1.41|0.00|0.00|0.00|0.00|0.00|0.00|0.00|0.00|0.00|0.00|0.00|0.00|0.00
266,87.84,345,4,1,6,0,0,60|60|60|60|60|45|0|0|0|0|0|0|0|0|0|0|0|0|0|0,14.52|14.52|14.52|14.52|14.52|11.33|1.75|0.00|0.00|0.00|0.00|0.00|0.00|0.00|0.00|0.00|0.00|0.00|0.00|0.00
270,87.84,345,4,2,6,0,0,60|60|60|60|60|45|0|0|0|0|0|0|0|0|0|0|0|0|0|0,14.52|14.52|14.52|14.52|14.52|11.33|1.75|0.00|0.00|0.00|0.00|0.00|0.00|0.00|0.00|0.00|0.00|0.00|0.00|0.00
275,87.88,345,4,2,6,0,0,60|60|60|60|60|45|0|0|0|0|0|0|0|0|0|0|0|0|0|0,14.52|14.52|14.52|14.52|14.52|11.33|1.75|0.04|0.00|0.00|0.00|0.00|0.00|0.00|0.00|0.00|0.00|0.00|0.00|0.00
279,87.88,345,4,2,6,0,0,60|60|60|60|60|45|0|0|0|0|0|0|0|0|0|0|0|0|0|0,14.52|14.52|14.52|14.52|14.52|11.33|1.75|0.04|0.00|0.00|0.00|0.00|0.00|0.00|0.00|0.00|0.00|0.00|0.00|0.00
283,87.88,345,4,2,6,0,0,60|60|60|60|60|45|0|0|0|0|0|0|0|0|0|0|0|0|0|0,14.52|14.52|14.52|14.52|14.52|11.33|1.75|0.04|0.00|0.00|0.00|0.00|0.00|0.00|0.00|0.00|0.00|0.00|0.00|0.00
286,87.88,345,4,2,6,0,0,60|60|60|60|60|45|0|0|0|0|0|0|0|0|0|0|0|0|0|0,14.52|14.52|14.52|14.52|14.52|11.33|1.75|0.04|0.00|0.00|0.00|0.00|0.00|0.00|0.00|0.00|0.00|0.00|0.00|0.00
290,87.88,345,4,2,6,0,0,60|60|60|60|60|45|0|0|0|0|0|0|0|0|0|0|0|0|0|0,14.52|14.52|14.52|14.52|14.52|11.33|1.75|0.04|0.00|0.00|0.00|0.00|0.00|0.00|0.00|0.00|0.00|0.00|0.00|0.00
293,87.88,345,4,2,6,0,0,60|60|60|60|60|45|0|0|0|0|0|0|0|0|0|0|0|0|0|0,14.52|14.52|14.52|14.52|14.52|11.33|1.75|0.04|0.00|0.00|0.00|0.00|0.00|0.00|0.00|0.00|0.00|0.00|0.00|0.00
297,87.88,345,4,2,6,0,0,60|60|60|60|60|45|0|0|0|0|0|0|0|0|0|0|0|0|0|0,14.52|14.52|14.52|14.52|14.52|11.33|1.75|0.04|0.00|0.00|0.00|0.00|0.00|0.00|0.00|0.00|0.00|0.00|0.00|0.00
301,87.88,345,4,2,6,0,0,60|60|60|60|60|45|0|0|0|0|0|0|0|0|0|0|0|0|0|0,14.52|14.52|14.52|14.52|14.52|11.33|1.75|0.04|0.00|0.00|0.00|0.00|0.00|0.00|0.00|0.00|0.00|0.00|0.00|0.00
304,87.88,345,4,3,6,0,0,60|60|60|60|60|45|0|0|0|0|0|0|0|0|0|0|0|0|0|0,14.52|14.52|14.52|14.52|14.52|11.33|1.75|0.04|0.00|0.00|0.00|0.00|0.00|0.00|0.00|0.00|0.00|0.00|0.00|0.00
308,87.93,345,4,3,6,0,0,60|60|60|60|60|45|0|0|0|0|0|0|0|0|0|0|0|0|0|0,14.52|14.52|14.52|14.52|14.52|11.33|1.75|0.04|0.04|0.00|0.00|0.00|0.00|0.00|0.00|0.00|0.00|0.00|0.00|0.00
311,87.93,345,4,3,6,0,0,60|60|60|60|60|45|0|0|0|0|0|0|0|0|0|0|0|0|0|0,14.52|14.52|14.52|14.52|14.52|11.33|1.75|0.04|0.04|0.00|0.00|0.00|0.00|0.00|0.00|0.00|0.00|0.00|0.00|0.00
315,87.93,345,4,3,6,0,0,60|60|60|60|60|45|0|0|0|0|0|0|0|0|0|0|0|0|0|0,14.52|14.52|14.52|14.52|14.52|11.33|1.75|0.04|0.04|0.00|0.00|0.00|0.00|0.00|0.00|0.00|0.00|0.00|0.00|0.00
319,87.93,345,4,4,6,0,0,60|60|60|60|60|45|0|0|0|0|0|0|0|0|0|0|0|0|0|0,14.52|14.52|14.52|14.52|14.52|11.33|1.75|0.04|0.04|0.00|0.00|0.00|0.00|0.00|0.00|0.00|0.00|0.00|0.00|0.00
323,87.97,345,4,4,6,0,0,60|60|60|60|60|45|0|0|0|0|0|0|0|0|0|0|0|0|0|0,14.52|14.52|14.52|14.52|14.52|11.33|1.75|0.04|0.04|0.04|0.00|0.00|0.00|0.00|0.00|0.00|0.00|0.00|0.00|0.00
327,87.97,345,4,4,6,0,0,60|60|60|60|60|45|0|0|0|0|0|0|0|0|0|0|0|0|0|0,14.52|14.52|14.52|14.52|14.52|11.33|1.75|0.04|0.04|0.04|0.00|0.00|0.00|0.00|0.00|0.00|0.00|0.00|0.00|0.00
331,87.97,345,4,4,6,0,0,60|60|60|60|60|45|0|0|0|0|0|0|0|0|0|0|0|0|0|0,14.52|14.52|14.52|14.52|14.52|11.33|1.75|0.04|0.04|0.04|0.00|0.00|0.00|0.00|0.00|0.00|0.00|0.00|0.00|0.00
335,87.97,345,4,5,6,0,0,60|60|60|60|60|45|0|0|0|0|0|0|0|0|0|0|0|0|0|0,14.52|14.52|14.52|14.52|14.52|11.33|1.75|0.04|0.04|0.04|0.00|0.00|0.00|0.00|0.00|0.00|0.00|0.00|0.00|0.00
339,88.01,345,4,5,6,0,0,60|60|60|60|60|45|0|0|0|0|0|0|0|0|0|0|0|0|0|0,14.52|14.52|14.52|14.52|14.52|11.33|1.75|0.04|0.04|0.04|0.04|0.00|0.00|0.00|0.00|0.00|0.00|0.00|0.00|0.00
343,88.01,345,4,5,6,0,0,60|60|60|60|60|45|0|0|0|0|0|0|0|0|0|0|0|0|0|0,14.52|14.52|14.52|14.52|14.52|11.33|1.75|0.04|0.04|0.04|0.04|0.00|0.00|0.00|0.00|0.00|0.00|0.00|0.00|0.00
348,88.01,345,4,5,6,0,0,60|60|60|60|60|45|0|0|0|0|0|0|0|0|0|0|0|0|0|0,14.52|14.52|14.52|14.52|14.52|11.33|1.75|0.04|0.04|0.04|0.04|0.00|0.00|0.00|0.00|0.00|0.00|0.00|0.00|0.00
351,86.95,340,4,5,6,0,0,60|59|58|59|59|45|0|0|0|0|0|0|0|0|0|0|0|0|0|0,14.52|14.31|14.10|14.31|14.31|11.33|1.75|0.04|0.04|0.04|0.04|0.00|0.00|0.00|0.00|0.00|0.00|0.00|0.00|0.00
355,86.52,338,4,5,6,0,0,59|58|58|59|59|45|0|0|0|0|0|0|0|0|0|0|0|0|0|0,14.31|14.10|14.10|14.31|14.31|11.33|1.75|0.04|0.04|0.04|0.04|0.00|0.00|0.00|0.00|0.00|0.00|0.00|0.00|0.00
359,86.52,338,4,5,6,0,0,59|58|58|59|59|45|0|0|0|0|0|0|0|0|0|0|0|0|0|0,14.31|14.10|14.10|14.31|14.31|11.33|1.75|0.04|0.04|0.04|0.04|0.00|0.00|0.00|0.00|0.00|0.00|0.00|0.00|0.00
362,86.52,338,4,5,6,0,0,59|58|58|59|59|45|0|0|0|0|0|0|0|0|0|0|0|0|0|0,14.31|14.10|14.10|14.31|14.31|11.33|1.75|0.04|0.04|0.04|0.04|0.00|0.00|0.00|0.00|0.00|0.00|0.00|0.00|0.00
366,87.20,338,4,5,6,0,0,59|58|58|59|59|45|0|0|0|0|0|0|0|0|0|0|0|0|0|0,14.31|14.10|14.10|14.31|14.31|11.33|1.75|0.04|0.04|0.04|0.72|0.00|0.00|0.00|0.00|0.00|0.00|0.00|0.00|0.00
370,87.20,338,4,5,6,0,0,59|58|58|59|59|45|0|0|0|0|0|0|0|0|0|0|0|0|0|0,14.31|14.10|14.10|14.31|14.31|11.33|1.75|0.04|0.04|0.04|0.72|0.00|0.00|0.00|0.00|0.00|0.00|0.00|0.00|0.00
374,87.20,338,4,5,6,0,0,59|58|58|59|59|45|0|0|0|0|0|0|0|0|0|0|0|0|0|0,14.31|14.10|14.10|14.31|14.31|11.33|1.75|0.04|0.04|0.04|0.72|0.00|0.00|0.00|0.00|0.00|0.00|0.00|0.00|0.00
378,87.54,338,4,5,6,0,0,59|58|58|59|59|45|0|0|0|0|0|0|0|0|0|0|0|0|0|0,14.31|14.10|14.10|14.31|14.31|11.33|1.75|0.04|0.04|0.04|1.06|0.00|0.00|0.00|0.00|0.00|0.00|0.00|0.00|0.00
381,87.88,338,4,5,6,0,0,59|58|58|59|59|45|0|0|0|0|0|0|0|0|0|0|0|0|0|0,14.31|14.10|14.10|14.31|14.31|11.33|1.75|0.04|0.04|0.04|1.41|0.00|0.00|0.00|0.00|0.00|0.00|0.00|0.00|0.00
385,85.33,326,4,5,6,0,0,59|58|58|59|47|45|0|0|0|0|0|0|0|0|0|0|0|0|0|0,14.31|14.10|14.10|14.31|11.75|11.33|1.75|0.04|0.04|0.04|1.41|0.00|0.00|0.00|0.00|0.00|0.00|0.00|0.00|0.00
389,85.33,326,4,5,6,0,0,59|58|58|59|47|45|0|0|0|0|0|0|0|0|0|0|0|0|0|0,14.31|14.10|14.10|14.31|11.75|11.33|1.75|0.04|0.04|0.04|1.41|0.00|0.00|0.00|0.00|0.00|0.00|0.00|0.00|0.00
392,85.33,326,4,4,7,0,0,59|58|58|59|46|45|1|0|0|0|0|0|0|0|0|0|0|0|0|0,14.31|14.10|14.10|14.31|11.54|11.33|1.96|0.04|0.04|0.04|1.41|0.00|0.00|0.00|0.00|0.00|0.00|0.00|0.00|0.00
397,85.24,320,4,4,7,0,0,56|57|57|57|46|45|2|0|0|0|0|0|0|0|0|0|0|0|0|0,13.67|13.88|13.88|13.88|11.54|11.33|2.17|1.24|0.04|0.04|1.41|0.00|0.00|0.00|0.00|0.00|0.00|0.00|0.00|0.00
400,85.46,321,4,3,8,0,0,56|57|56|56|46|45|4|1|0|0|0|0|0|0|0|0|0|0|0|0,13.67|13.88|13.67|13.67|11.54|11.33|2.60|1.45|0.04|0.04|1.41|0.00|0.00|0.00|0.00|0.00|0.00|0.00|0.00|0.00
404,86.22,323,4,4,8,0,0,56|56|56|56|46|45|7|1|0|0|0|0|0|0|0|0|0|0|0|0,13.67|13.67|13.67|13.67|11.54|11.33|3.24|1.79|0.04|0.04|1.41|0.00|0.00|0.00|0.00|0.00|0.00|0.00|0.00|0.00
407,87.29,327,4,4,8,0,0,56|56|56|56|46|45|11|1|0|0|0|0|0|0|0|0|0|0|0|0,13.67|13.67|13.67|13.67|11.54|11.33|4.09|1.96|0.04|0.04|1.41|0.04|0.00|0.00|0.00|0.00|0.00|0.00|0.00|0.00
411,87.07,326,4,4,8,0,0,56|56|56|56|45|45|11|1|0|0|0|0|0|0|0|0|0|0|0|0,13.67|13.67|13.67|13.67|11.33|11.33|4.09|1.96|0.04|0.04|1.41|0.04|0.00|0.00|0.00|0.00|0.00|0.00|0.00|0.00
415,87.03,325,4,4,8,0,0,56|55|56|56|45|45|11|1|0|0|0|0|0|0|0|0|0|0|0|0,13.67|13.46|13.67|13.67|11.33|11.33|4.09|1.96|0.04|0.04|1.58|0.04|0.00|0.00|0.00|0.00|0.00|0.00|0.00|0.00
418,87.03,325,4,4,8,0,0,56|55|56|56|45|45|11|1|0|0|0|0|0|0|0|0|0|0|0|0,13.67|13.46|13.67|13.67|11.33|11.33|4.09|1.96|0.04|0.04|1.58|0.04|0.00|0.00|0.00|0.00|0.00|0.00|0.00|0.00
423,87.20,325,4,4,8,0,0,56|55|56|56|45|45|11|1|0|0|0|0|0|0|0|0|0|0|0|0,13.67|13.46|13.67|13.67|11.33|11.33|4.09|1.96|0.04|0.04|1.58|0.21|0.00|0.00|0.00|0.00|0.00|0.00|0.00|0.00
427,87.42,326,4,5,8,0,0,56|55|56|57|45|45|11|1|0|0|0|0|0|0|0|0|0|0|0|0,13.67|13.46|13.67|13.88|11.33|11.33|4.09|1.96|0.04|0.04|1.58|0.21|0.00|0.00|0.00|0.00|0.00|0.00|0.00|0.00
431,87.46,326,4,5,8,0,0,56|55|56|57|45|45|11|1|0|0|0|0|0|0|0|0|0|0|0|0,13.67|13.46|13.67|13.88|11.33|11.33|4.09|1.96|0.04|0.04|1.58|0.21|0.04|0.00|0.00|0.00|0.00|0.00|0.00|0.00
436,87.46,326,4,5,8,0,0,56|55|56|57|45|45|11|1|0|0|0|0|0|0|0|0|0|0|0|0,13.67|13.46|13.67|13.88|11.33|11.33|4.09|1.96|0.04|0.04|1.58|0.21|0.04|0.00|0.00|0.00|0.00|0.00|0.00|0.00
440,85.92,318,4,5,8,0,0,56|55|51|57|45|45|8|1|0|0|0|0|0|0|0|0|0|0|0|0,13.67|13.46|12.61|13.88|11.33|11.33|3.45|1.96|0.04|0.04|1.58|0.38|0.04|0.00|0.00|0.00|0.00|0.00|0.00|0.00
445,84.14,308,4,5,8,0,0,56|55|50|57|34|50|5|1|0|0|0|0|0|0|0|0|0|0|0|0,13.67|13.46|12.39|13.88|8.99|12.39|2.81|1.96|0.21|0.21|1.58|0.38|0.04|0.00|0.00|0.00|0.00|0.00|0.00|0.00
449,85.88,313,4,4,9,0,0,56|55|50|57|34|53|5|1|0|2|0|0|0|0|0|0|0|0|0|0,13.67|13.46|12.39|13.88|8.99|13.03|2.81|1.96|0.21|1.32|1.58|0.38|0.04|0.00|0.00|0.00|0.00|0.00|0.00|0.00
453,86.61,314,4,4,9,0,0,56|55|50|57|34|54|5|1|0|2|0|0|0|0|0|0|0|0|0|0,13.67|13.46|12.39|13.88|8.99|13.25|2.81|1.96|0.21|1.83|1.58|0.38|0.04|0.00|0.00|0.00|0.00|0.00|0.00|0.00
456,85.29,307,4,4,9,0,0,56|47|50|57|34|54|5|2|0|2|0|0|0|0|0|0|0|0|0|0,13.67|11.75|12.39|13.88|8.99|13.25|2.81|2.17|0.21|1.83|1.58|0.38|0.21|0.00|0.00|0.00|0.00|0.00|0.00|0.00
460,86.31,307,4,3,10,0,0,56|46|49|57|34|54|5|2|0|2|2|0|0|0|0|0|0|0|0|0,13.67|11.54|12.18|13.88|8.99|13.25|2.81|2.17|1.06|1.83|2.17|0.38|0.21|0.00|0.00|0.00|0.00|0.00|0.00|0.00
464,86.31,307,4,3,10,0,0,56|45|49|57|34|55|5|2|0|2|2|0|0|0|0|0|0|0|0|0,13.67|11.33|12.18|13.88|8.99|13.46|2.81|2.17|1.06|1.83|2.17|0.38|0.21|0.00|0.00|0.00|0.00|0.00|0.00|0.00
467,86.31,307,4,3,10,0,0,56|45|49|57|34|55|5|2|0|2|2|0|0|0|0|0|0|0|0|0,13.67|11.33|12.18|13.88|8.99|13.46|2.81|2.17|1.06|1.83|2.17|0.38|0.21|0.00|0.00|0.00|0.00|0.00|0.00|0.00
471,86.95,310,4,3,10,0,0,56|45|50|57|34|55|5|3|0|3|2|0|0|0|0|0|0|0|0|0,13.67|11.33|12.39|13.88|8.99|13.46|2.81|2.39|1.06|2.04|2.17|0.38|0.21|0.00|0.00|0.00|0.00|0.00|0.00|0.00
475,86.95,310,4,3,10,0,0,56|45|50|57|34|55|5|3|0|3|2|0|0|0|0|0|0|0|0|0,13.67|11.33|12.39|13.88|8.99|13.46|2.81|2.39|1.06|2.04|2.17|0.38|0.21|0.00|0.00|0.00|0.00|0.00|0.00|0.00
479,86.95,310,4,3,10,0,0,56|45|50|57|34|55|5|3|0|3|2|0|0|0|0|0|0|0|0|0,13.67|11.33|12.39|13.88|8.99|13.46|2.81|2.39|1.06|2.04|2.17|0.38|0.21|0.00|0.00|0.00|0.00|0.00|0.00|0.00
482,87.29,310,4,3,10,0,0,56|45|50|57|34|55|5|3|0|3|2|0|0|0|0|0|0|0|0|0,13.67|11.33|12.39|13.88|8.99|13.46|2.81|2.39|1.06|2.39|2.17|0.38|0.21|0.00|0.00|0.00|0.00|0.00|0.00|0.00
487,87.29,310,4,3,10,0,0,56|45|50|57|34|55|5|3|0|3|2|0|0|0|0|0|0|0|0|0,13.67|11.33|12.39|13.88|8.99|13.46|2.81|2.39|1.06|2.39|2.17|0.38|0.21|0.00|0.00|0.00|0.00|0.00|0.00|0.00
491,87.29,310,4,3,10,0,0,56|45|50|57|34|55|5|3|0|3|2|0|0|0|0|0|0|0|0|0,13.67|11.33|12.39|13.88|8.99|13.46|2.81|2.39|1.06|2.39|2.17|0.38|0.21|0.00|0.00|0.00|0.00|0.00|0.00|0.00
497,87.29,310,4,3,10,0,0,56|45|50|57|34|55|5|3|0|3|2|0|0|0|0|0|0|0|0|0,13.67|11.33|12.39|13.88|8.99|13.46|2.81|2.39|1.06|2.39|2.17|0.38|0.21|0.00|0.00|0.00|0.00|0.00|0.00|0.00
502,87.33,310,4,4,10,0,0,56|45|50|57|34|55|5|3|0|3|2|0|0|0|0|0|0|0|0|0,13.67|11.33|12.39|13.88|8.99|13.46|2.81|2.39|1.06|2.39|2.17|0.38|0.21|0.04|0.00|0.00|0.00|0.00|0.00|0.00
506,87.33,310,4,4,10,0,0,56|45|50|57|34|55|5|3|0|3|2|0|0|0|0|0|0|0|0|0,13.67|11.33|12.39|13.88|8.99|13.46|2.81|2.39|1.06|2.39|2.17|0.38|0.21|0.04|0.00|0.00|0.00|0.00|0.00|0.00
510,87.33,310,4,4,10,0,0,56|45|50|57|34|55|5|3|0|3|2|0|0|0|0|0|0|0|0|0,13.67|11.33|12.39|13.88|8.99|13.46|2.81|2.39|1.06|2.39|2.17|0.38|0.21|0.04|0.00|0.00|0.00|0.00|0.00|0.00
515,87.33,310,4,5,10,0,0,56|45|50|57|34|55|5|3|0|3|2|0|0|0|0|0|0|0|0|0,13.67|11.33|12.39|13.88|8.99|13.46|2.81|2.39|1.06|2.39|2.17|0.38|0.21|0.04|0.00|0.00|0.00|0.00|0.00|0.00
519,87.37,310,4,5,10,0,0,56|45|50|57|34|55|5|3|0|3|2|0|0|0|0|0|0|0|0|0,13.67|11.33|12.39|13.88|8.99|13.46|2.81|2.39|1.06|2.39|2.17|0.38|0.21|0.04|0.04|0.00|0.00|0.00|0.00|0.00
524,87.37,310,4,5,10,0,0,56|45|50|57|34|55|5|3|0|3|2|0|0|0|0|0|0|0|0|0,13.67|11.33|12.39|13.88|8.99|13.46|2.81|2.39|1.06|2.39|2.17|0.38|0.21|0.04|0.04|0.00|0.00|0.00|0.00|0.00
528,87.37,310,4,5,10,0,0,56|45|50|57|34|55|5|3|0|3|2|0|0|0|0|0|0|0|0|0,13.67|11.33|12.39|13.88|8.99|13.46|2.81|2.39|1.06|2.39|2.17|0.38|0.21|0.04|0.04|0.00|0.00|0.00|0.00|0.00
532,85.03,299,4,5,10,0,0,56|36|50|57|34|55|3|3|0|3|2|0|0|0|0|0|0|0|0|0,13.67|9.41|12.39|13.88|8.99|13.46|2.39|2.39|1.06|2.39|2.17|0.38|0.21|0.04|0.04|0.00|0.00|0.00|0.00|0.00
536,86.31,297,3,6,10,0,0,56|35|50|57|34|55|2|3|0|3|2|0|0|0|0|0|0|0|0|0,13.67|9.20|12.39|13.88|8.99|13.46|2.17|2.39|1.06|2.39|2.17|1.58|0.21|0.04|0.04|0.51|0.00|0.00|0.00|0.00
540,86.69,297,3,6,10,0,0,56|35|50|57|34|55|2|3|0|3|2|0|0|0|0|0|0|0|0|0,13.67|9.20|12.39|13.88|8.99|13.46|2.17|2.39|1.06|2.39|2.17|1.58|0.21|0.04|0.04|0.89|0.00|0.00|0.00|0.00
543,86.69,297,3,6,10,0,0,56|35|50|57|34|55|2|3|0|3|2|0|0|0|0|0|0|0|0|0,13.67|9.20|12.39|13.88|8.99|13.46|2.17|2.39|1.06|2.39|2.17|1.58|0.21|0.04|0.04|0.89|0.00|0.00|0.00|0.00
547,86.86,297,3,6,10,0,0,56|35|50|57|34|55|2|3|0|3|2|0|0|0|0|0|0|0|0|0,13.67|9.20|12.39|13.88|8.99|13.46|2.17|2.39|1.06|2.39|2.17|1.58|0.21|0.04|0.04|1.06|0.00|0.00|0.00|0.00
551,86.86,297,3,6,10,0,0,56|35|50|57|34|55|2|3|0|3|2|0|0|0|0|0|0|0|0|0,13.67|9.20|12.39|13.88|8.99|13.46|2.17|2.39|1.06|2.39|2.17|1.58|0.21|0.04|0.04|1.06|0.00|0.00|0.00|0.00
554,87.03,297,3,6,10,0,0,56|35|50|57|34|55|2|3|0|3|2|0|0|0|0|0|0|0|0|0,13.67|9.20|12.39|13.88|8.99|13.46|2.17|2.39|1.06|2.39|2.17|1.75|0.21|0.04|0.04|1.06|0.00|0.00|0.00|0.00
558,87.03,297,3,6,10,0,0,56|35|50|57|34|55|2|3|0|3|2|0|0|0|0|0|0|0|0|0,13.67|9.20|12.39|13.88|8.99|13.46|2.17|2.39|1.06|2.39|2.17|1.75|0.21|0.04|0.04|1.06|0.00|0.00|0.00|0.00
562,87.03,297,3,6,10,0,0,56|35|50|57|34|55|2|3|0|3|2|0|0|0|0|0|0|0|0|0,13.67|9.20|12.39|13.88|8.99|13.46|2.17|2.39|1.06|2.39|2.17|1.75|0.21|0.04|0.04|1.06|0.00|0.00|0.00|0.00
565,87.03,297,3,7,10,0,0,56|35|50|57|34|55|2|3|0|3|2|0|0|0|0|0|0|0|0|0,13.67|9.20|12.39|13.88|8.99|13.46|2.17|2.39|1.06|2.39|2.17|1.75|0.21|0.04|0.04|1.06|0.00|0.00|0.00|0.00
569,87.07,297,3,7,10,0,0,56|35|50|57|34|55|2|3|0|3|2|0|0|0|0|0|0|0|0|0,13.67|9.20|12.39|13.88|8.99|13.46|2.17|2.39|1.06|2.39|2.17|1.75|0.21|0.04|0.04|1.06|0.04|0.00|0.00|0.00
573,83.80,276,3,7,10,0,0,56|14|50|57|34|55|2|3|0|3|2|0|0|0|0|0|0|0|0|0,13.67|4.73|12.39|13.88|8.99|13.46|2.17|2.39|1.06|2.39|2.17|1.75|0.21|0.04|0.04|1.06|1.24|0.00|0.00|0.00
577,84.77,275,3,7,10,0,0,56|13|50|57|34|55|2|3|0|3|2|0|0|0|0|0|0|0|0|0,13.67|4.51|12.39|13.88|8.99|13.46|2.17|2.39|1.06|2.39|2.17|1.75|0.21|0.04|1.06|1.06|1.41|0.00|0.00|0.00
581,86.09,278,3,6,11,0,0,56|13|50|57|34|56|2|3|0|3|2|0|0|0|2|0|0|0|0|0,13.67|4.51|12.39|13.88|8.99|13.67|2.17|2.39|1.06|2.39|2.17|1.75|0.38|0.04|2.00|1.06|1.41|0.00|0.00|0.00
585,86.09,278,3,6,11,0,0,56|13|50|57|34|56|2|3|0|3|2|0|0|0|2|0|0|0|0|0,13.67|4.51|12.39|13.88|8.99|13.67|2.17|2.39|1.06|2.39|2.17|1.75|0.38|0.04|2.00|1.06|1.41|0.00|0.00|0.00
589,86.27,278,3,6,11,0,0,56|13|50|57|34|56|2|3|0|3|2|0|0|0|2|0|0|0|0|0,13.67|4.51|12.39|13.88|8.99|13.67|2.17|2.39|1.06|2.39|2.17|1.75|0.38|0.04|2.17|1.06|1.41|0.00|0.00|0.00
593,86.31,278,2,7,11,0,0,56|13|50|57|34|56|2|3|0|3|2|0|0|0|2|0|0|0|0|0,13.67|4.51|12.39|13.88|8.99|13.67|2.17|2.39|1.06|2.39|2.17|1.75|0.38|0.04|2.17|1.06|1.41|0.04|0.00|0.00
597,86.31,278,2,7,11,0,0,56|13|50|57|34|56|2|3|0|3|2|0|0|0|2|0|0|0|0|0,13.67|4.51|12.39|13.88|8.99|13.67|2.17|2.39|1.06|2.39|2.17|1.75|0.38|0.04|2.17|1.06|1.41|0.04|0.00|0.00
601,86.48,278,2,7,11,0,0,56|13|50|57|34|56|2|3|0|3|2|0|0|0|2|0|0|0|0|0,13.67|4.51|12.39|13.88|8.99|13.67|2.17|2.39|1.06|2.39|2.17|1.75|0.38|0.04|2.17|1.24|1.41|0.04|0.00|0.00
604,86.48,278,2,7,11,0,0,56|13|50|57|34|56|2|3|0|3|2|0|0|0|2|0|0|0|0|0,13.67|4.51|12.39|13.88|8.99|13.67|2.17|2.39|1.06|2.39|2.17|1.75|0.38|0.04|2.17|1.24|1.41|0.04|0.00|0.00
608,86.48,278,1,8,11,0,0,56|13|50|57|34|56|2|3|0|3|2|0|0|0|2|0|0|0|0|0,13.67|4.51|12.39|13.88|8.99|13.67|2.17|2.39|1.06|2.39|2.17|1.75|0.38|0.04|2.17|1.24|1.41|0.04|0.00|0.00
612,85.16,270,1,8,11,0,0,56|5|50|57|34|56|2|3|0|3|2|0|0|0|2|0|0|0|0|0,13.67|2.81|12.39|13.88|8.99|13.67|2.17|2.39|1.41|2.39|2.17|1.75|0.38|0.04|2.17|1.24|1.41|0.04|0.04|0.00
616,86.14,273,1,7,12,0,0,56|5|50|57|34|56|2|3|2|4|2|0|0|0|2|0|0|0|0|0,13.67|2.81|12.39|13.88|8.99|13.67|2.17|2.39|2.17|2.60|2.17|1.75|0.38|0.04|2.17|1.24|1.41|0.04|0.04|0.00
620,86.14,273,1,7,12,0,0,56|5|50|57|34|56|2|3|2|4|2|0|0|0|2|0|0|0|0|0,13.67|2.81|12.39|13.88|8.99|13.67|2.17|2.39|2.17|2.60|2.17|1.75|0.38|0.04|2.17|1.24|1.41|0.04|0.04|0.00
624,86.14,273,0,8,12,0,0,56|5|50|57|34|56|2|3|2|4|2|0|0|0|2|0|0|0|0|0,13.67|2.81|12.39|13.88|8.99|13.67|2.17|2.39|2.17|2.60|2.17|1.75|0.38|0.04|2.17|1.24|1.41|0.04|0.04|0.00
628,86.39,274,0,8,12,0,0,56|5|50|57|34|56|2|4|2|4|2|0|0|0|2|0|0|0|0|0,13.67|2.81|12.39|13.88|8.99|13.67|2.17|2.60|2.17|2.60|2.17|1.75|0.38|0.04|2.17|1.24|1.41|0.04|0.04|0.04
631,86.39,274,0,8,12,0,0,56|5|50|57|34|56|2|4|2|4|2|0|0|0|2|0|0|0|0|0,13.67|2.81|12.39|13.88|8.99|13.67|2.17|2.60|2.17|2.60|2.17|1.75|0.38|0.04|2.17|1.24|1.41|0.04|0.04|0.04
635,86.39,274,0,8,12,0,0,56|5|50|57|34|56|2|4|2|4|2|0|0|0|2|0|0|0|0|0,13.67|2.81|12.39|13.88|8.99|13.67|2.17|2.60|2.17|2.60|2.17|1.75|0.38|0.04|2.17|1.24|1.41|0.04|0.04|0.04
639,86.39,274,0,8,12,0,0,56|5|50|57|34|56|2|4|2|4|2|0|0|0|2|0|0|0|0|0,13.67|2.81|12.39|13.88|8.99|13.67|2.17|2.60|2.17|2.60|2.17|1.75|0.38|0.04|2.17|1.24|1.41|0.04|0.04|0.04
643,86.39,274,0,8,12,0,0,56|5|50|57|34|56|2|4|2|4|2|0|0|0|2|0|0|0|0|0,13.67|2.81|12.39|13.88|8.99|13.67|2.17|2.60|2.17|2.60|2.17|1.75|0.38|0.04|2.17|1.24|1.41|0.04|0.04|0.04
647,86.39,274,0,8,12,0,0,56|5|50|57|34|56|2|4|2|4|2|0|0|0|2|0|0|0|0|0,13.67|2.81|12.39|13.88|8.99|13.67|2.17|2.60|2.17|2.60|2.17|1.75|0.38|0.04|2.17|1.24|1.41|0.04|0.04|0.04
650,86.18,273,0,8,12,0,0,56|4|50|57|34|57|2|4|2|3|2|0|0|0|2|0|0|0|0|0,13.67|2.60|12.39|13.88|8.99|13.88|2.17|2.60|2.17|2.39|2.17|1.75|0.38|0.04|2.17|1.24|1.41|0.04|0.04|0.04
654,86.39,274,0,7,13,0,0,58|2|50|57|34|57|2|4|2|2|2|2|0|0|2|0|0|0|0|0,14.10|2.17|12.39|13.88|8.99|13.88|2.17|2.60|2.17|2.17|2.17|2.17|0.38|0.04|2.17|1.24|1.41|0.04|0.04|0.04
658,86.39,274,0,7,13,0,0,58|2|50|57|34|57|2|4|2|2|2|2|0|0|2|0|0|0|0|0,14.10|2.17|12.39|13.88|8.99|13.88|2.17|2.60|2.17|2.17|2.17|2.17|0.38|0.04|2.17|1.24|1.41|0.04|0.04|0.04
662,86.56,274,0,7,13,0,0,58|2|50|58|34|57|2|3|2|2|2|2|0|0|2|0|0|0|0|0,14.10|2.17|12.39|14.10|8.99|13.88|2.17|2.39|2.17|2.17|2.17|2.17|0.38|0.04|2.17|1.41|1.41|0.04|0.04|0.04
666,86.56,274,0,7,13,0,0,58|2|50|58|34|57|2|3|2|2|2|2|0|0|2|0|0|0|0|0,14.10|2.17|12.39|14.10|8.99|13.88|2.17|2.39|2.17|2.17|2.17|2.17|0.38|0.04|2.17|1.41|1.41|0.04|0.04|0.04
671,86.56,274,0,7,13,0,0,58|2|50|58|34|57|2|3|2|2|2|2|0|0|2|0|0|0|0|0,14.10|2.17|12.39|14.10|8.99|13.88|2.17|2.39|2.17|2.17|2.17|2.17|0.38|0.04|2.17|1.41|1.41|0.04|0.04|0.04
675,86.56,274,0,7,13,0,0,58|2|50|58|34|57|2|3|2|2|2|2|0|0|2|0|0|0|0|0,14.10|2.17|12.39|14.10|8.99|13.88|2.17|2.39|2.17|2.17|2.17|2.17|0.38|0.04|2.17|1.41|1.41|0.04|0.04|0.04
679,86.56,274,0,7,13,0,0,58|2|50|58|34|57|2|3|2|2|2|2|0|0|2|0|0|0|0|0,14.10|2.17|12.39|14.10|8.99|13.88|2.17|2.39|2.17|2.17|2.17|2.17|0.38|0.04|2.17|1.41|1.41|0.04|0.04|0.04
683,86.56,274,0,7,13,0,0,58|2|50|58|34|57|2|3|2|2|2|2|0|0|2|0|0|0|0|0,14.10|2.17|12.39|14.10|8.99|13.88|2.17|2.39|2.17|2.17|2.17|2.17|0.38|0.04|2.17|1.41|1.41|0.04|0.04|0.04
686,86.56,274,0,7,13,0,0,58|2|50|58|34|57|2|3|2|2|2|2|0|0|2|0|0|0|0|0,14.10|2.17|12.39|14.10|8.99|13.88|2.17|2.39|2.17|2.17|2.17|2.17|0.38|0.04|2.17|1.41|1.41|0.04|0.04|0.04
690,86.56,274,0,7,13,0,0,58|2|50|58|34|57|2|3|2|2|2|2|0|0|2|0|0|0|0|0,14.10|2.17|12.39|14.10|8.99|13.88|2.17|2.39|2.17|2.17|2.17|2.17|0.38|0.04|2.17|1.41|1.41|0.04|0.04|0.04
694,86.56,274,0,7,13,0,0,58|2|50|58|34|57|2|3|2|2|2|2|0|0|2|0|0|0|0|0,14.10|2.17|12.39|14.10|8.99|13.88|2.17|2.39|2.17|2.17|2.17|2.17|0.38|0.04|2.17|1.41|1.41|0.04|0.04|0.04
698,81.24,249,0,7,13,0,0,58|2|50|33|34|57|2|3|2|2|2|2|0|0|2|0|0|0|0|0,14.10|2.17|12.39|8.77|8.99|13.88|2.17|2.39|2.17|2.17|2.17|2.17|0.38|0.04|2.17|1.41|1.41|0.04|0.04|0.04
702,82.65,250,0,7,13,0,0,58|2|50|33|34|58|2|3|2|2|2|2|0|0|2|0|0|0|0|0,14.10|2.17|12.39|8.77|8.99|14.10|2.17|2.39|2.17|2.17|2.17|2.17|1.58|0.04|2.17|1.41|1.41|0.04|0.04|0.04
706,85.12,260,0,5,15,0,0,58|2|50|32|36|60|2|3|3|3|2|3|2|0|2|0|2|0|0|0,14.10|2.17|12.39|8.56|9.41|14.52|2.17|2.39|2.39|2.39|2.17|2.39|2.17|0.04|2.17|1.41|2.00|0.04|0.04|0.04
710,85.97,264,0,5,15,0,0,58|2|54|32|36|60|2|3|3|3|2|3|2|0|2|0|2|0|0|0,14.10|2.17|13.25|8.56|9.41|14.52|2.17|2.39|2.39|2.39|2.17|2.39|2.17|0.04|2.17|1.41|2.00|0.04|0.04|0.04
714,85.54,262,0,5,15,0,0,58|2|54|31|36|60|2|2|3|3|2|3|2|0|2|0|2|0|0|0,14.10|2.17|13.25|8.35|9.41|14.52|2.17|2.17|2.39|2.39|2.17|2.39|2.17|0.04|2.17|1.41|2.00|0.04|0.04|0.04
718,86.05,262,0,5,15,0,0,58|2|54|31|36|60|2|2|3|3|2|3|2|0|2|0|2|0|0|0,14.10|2.17|13.25|8.35|9.41|14.52|2.17|2.17|2.39|2.39|2.17|2.39|2.17|0.04|2.17|1.41|2.17|0.38|0.04|0.04
721,86.05,262,0,5,15,0,0,58|2|54|31|36|60|2|2|3|3|2|3|2|0|2|0|2|0|0|0,14.10|2.17|13.25|8.35|9.41|14.52|2.17|2.17|2.39|2.39|2.17|2.39|2.17|0.04|2.17|1.41|2.17|0.38|0.04|0.04
725,86.05,262,0,5,15,0,0,58|2|54|31|36|60|2|2|3|3|2|3|2|0|2|0|2|0|0|0,14.10|2.17|13.25|8.35|9.41|14.52|2.17|2.17|2.39|2.39|2.17|2.39|2.17|0.04|2.17|1.41|2.17|0.38|0.04|0.04
729,86.05,262,0,5,15,0,0,58|2|54|31|36|60|2|2|3|3|2|3|2|0|2|0|2|0|0|0,14.10|2.17|13.25|8.35|9.41|14.52|2.17|2.17|2.39|2.39|2.17|2.39|2.17|0.04|2.17|1.41|2.17|0.38|0.04|0.04
733,85.84,261,0,5,15,0,0,58|2|54|30|36|60|2|2|3|3|2|3|2|0|2|0|2|0|0|0,14.10|2.17|13.25|8.13|9.41|14.52|2.17|2.17|2.39|2.39|2.17|2.39|2.17|0.04|2.17|1.41|2.17|0.38|0.04|0.04
737,85.80,260,0,5,15,0,0,58|2|54|30|36|60|2|2|3|3|2|2|2|0|2|0|2|0|0|0,14.10|2.17|13.25|8.13|9.41|14.52|2.17|2.17|2.39|2.39|2.17|2.17|2.17|0.04|2.17|1.41|2.17|0.38|0.21|0.04
741,85.80,260,0,5,15,0,0,58|2|54|30|36|60|2|2|3|3|2|2|2|0|2|0|2|0|0|0,14.10|2.17|13.25|8.13|9.41|14.52|2.17|2.17|2.39|2.39|2.17|2.17|2.17|0.04|2.17|1.41|2.17|0.38|0.21|0.04
745,85.97,260,0,5,15,0,0,58|2|54|30|36|60|2|2|3|3|2|2|2|0|2|0|2|0|0|0,14.10|2.17|13.25|8.13|9.41|14.52|2.17|2.17|2.39|2.39|2.17|2.17|2.17|0.21|2.17|1.41|2.17|0.38|0.21|0.04
750,85.97,260,0,5,15,0,0,58|2|54|30|36|60|2|2|3|3|2|2|2|0|2|0|2|0|0|0,14.10|2.17|13.25|8.13|9.41|14.52|2.17|2.17|2.39|2.39|2.17|2.17|2.17|0.21|2.17|1.41|2.17|0.38|0.21|0.04
754,85.97,260,0,5,15,0,0,58|2|54|30|36|60|2|2|3|3|2|2|2|0|2|0|2|0|0|0,14.10|2.17|13.25|8.13|9.41|14.52|2.17|2.17|2.39|2.39|2.17|2.17|2.17|0.21|2.17|1.41|2.17|0.38|0.21|0.04
758,85.75,259,0,5,15,0,0,58|2|54|30|36|59|2|2|3|3|2|2|2|0|2|0|2|0|0|0,14.10|2.17|13.25|8.13|9.41|14.31|2.17|2.17|2.39|2.39|2.17|2.17|2.17|0.21|2.17|1.41|2.17|0.38|0.21|0.04
762,85.88,258,0,5,15,0,0,58|2|54|30|35|59|2|2|3|3|2|2|2|0|2|0|2|0|0|0,14.10|2.17|13.25|8.13|9.20|14.31|2.17|2.17|2.39|2.39|2.17|2.17|2.17|0.38|2.17|1.41|2.17|0.38|0.38|0.04
766,85.67,257,0,5,15,0,0,58|2|54|30|35|59|2|2|3|2|2|2|2|0|2|0|2|0|0|0,14.10|2.17|13.25|8.13|9.20|14.31|2.17|2.17|2.39|2.17|2.17|2.17|2.17|0.38|2.17|1.41|2.17|0.38|0.38|0.04
769,85.88,258,0,5,15,0,0,58|2|55|30|35|59|2|2|3|2|2|2|2|0|2|0|2|0|0|0,14.10|2.17|13.46|8.13|9.20|14.31|2.17|2.17|2.39|2.17|2.17|2.17|2.17|0.38|2.17|1.41|2.17|0.38|0.38|0.04
773,85.88,258,0,5,15,0,0,58|2|55|30|35|59|2|2|3|2|2|2|2|0|2|0|2|0|0|0,14.10|2.17|13.46|8.13|9.20|14.31|2.17|2.17|2.39|2.17|2.17|2.17|2.17|0.38|2.17|1.41|2.17|0.38|0.38|0.04
777,85.88,258,0,5,15,0,0,58|2|55|30|35|59|2|2|3|2|2|2|2|0|2|0|2|0|0|0,14.10|2.17|13.46|8.13|9.20|14.31|2.17|2.17|2.39|2.17|2.17|2.17|2.17|0.38|2.17|1.41|2.17|0.38|0.38|0.04
781,85.67,257,0,5,15,0,0,58|2|55|29|35|59|2|2|3|2|2|2|2|0|2|0|2|0|0|0,14.10|2.17|13.46|7.92|9.20|14.31|2.17|2.17|2.39|2.17|2.17|2.17|2.17|0.38|2.17|1.41|2.17|0.38|0.38|0.04
786,85.63,256,0,5,15,0,0,58|2|55|29|35|59|2|2|2|2|2|2|2|0|2|0|2|0|0|0,14.10|2.17|13.46|7.92|9.20|14.31|2.17|2.17|2.17|2.17|2.17|2.17|2.17|0.38|2.17|1.58|2.17|0.38|0.38|0.04
790,85.84,257,0,5,15,0,0,59|2|55|29|35|59|2|2|2|2|2|2|2|0|2|0|2|0|0|0,14.31|2.17|13.46|7.92|9.20|14.31|2.17|2.17|2.17|2.17|2.17|2.17|2.17|0.38|2.17|1.58|2.17|0.38|0.38|0.04
794,85.84,257,0,5,15,0,0,59|2|55|29|35|59|2|2|2|2|2|2|2|0|2|0|2|0|0|0,14.31|2.17|13.46|7.92|9.20|14.31|2.17|2.17|2.17|2.17|2.17|2.17|2.17|0.38|2.17|1.58|2.17|0.38|0.38|0.04
798,85.84,257,0,5,15,0,0,59|2|55|29|35|59|2|2|2|2|2|2|2|0|2|0|2|0|0|0,14.31|2.17|13.46|7.92|9.20|14.31|2.17|2.17|2.17|2.17|2.17|2.17|2.17|0.38|2.17|1.58|2.17|0.38|0.38|0.04
801,85.84,257,0,5,15,0,0,59|2|55|29|35|59|2|2|2|2|2|2|2|0|2|0|2|0|0|0,14.31|2.17|13.46|7.92|9.20|14.31|2.17|2.17|2.17|2.17|2.17|2.17|2.17|0.38|2.17|1.58|2.17|0.38|0.38|0.04
805,85.84,257,0,5,15,0,0,59|2|55|29|35|59|2|2|2|2|2|2|2|0|2|0|2|0|0|0,14.31|2.17|13.46|7.92|9.20|14.31|2.17|2.17|2.17|2.17|2.17|2.17|2.17|0.38|2.17|1.58|2.17|0.38|0.38|0.04
809,85.84,257,0,5,15,0,0,59|2|55|29|35|59|2|2|2|2|2|2|2|0|2|0|2|0|0|0,14.31|2.17|13.46|7.92|9.20|14.31|2.17|2.17|2.17|2.17|2.17|2.17|2.17|0.38|2.17|1.58|2.17|0.38|0.38|0.04
813,85.84,257,0,5,15,0,0,59|2|55|29|35|59|2|2|2|2|2|2|2|0|2|0|2|0|0|0,14.31|2.17|13.46|7.92|9.20|14.31|2.17|2.17|2.17|2.17|2.17|2.17|2.17|0.38|2.17|1.58|2.17|0.38|0.38|0.04
817,85.84,257,0,5,15,0,0,59|2|55|29|35|59|2|2|2|2|2|2|2|0|2|0|2|0|0|0,14.31|2.17|13.46|7.92|9.20|14.31|2.17|2.17|2.17|2.17|2.17|2.17|2.17|0.38|2.17|1.58|2.17|0.38|0.38|0.04
821,85.84,257,0,5,15,0,0,59|2|55|29|35|59|2|2|2|2|2|2|2|0|2|0|2|0|0|0,14.31|2.17|13.46|7.92|9.20|14.31|2.17|2.17|2.17|2.17|2.17|2.17|2.17|0.38|2.17|1.58|2.17|0.38|0.38|0.04
824,85.84,257,0,5,15,0,0,59|2|55|29|35|59|2|2|2|2|2|2|2|0|2|0|2|0|0|0,14.31|2.17|13.46|7.92|9.20|14.31|2.17|2.17|2.17|2.17|2.17|2.17|2.17|0.38|2.17|1.58|2.17|0.38|0.38|0.04
828,85.63,256,0,5,15,0,0,58|2|55|29|35|59|2|2|2|2|2|2|2|0|2|0|2|0|0|0,14.10|2.17|13.46|7.92|9.20|14.31|2.17|2.17|2.17|2.17|2.17|2.17|2.17|0.38|2.17|1.58|2.17|0.38|0.38|0.04
832,85.84,257,0,5,15,0,0,58|2|56|29|35|59|2|2|2|2|2|2|2|0|2|0|2|0|0|0,14.10|2.17|13.67|7.92|9.20|14.31|2.17|2.17|2.17|2.17|2.17|2.17|2.17|0.38|2.17|1.58|2.17|0.38|0.38|0.04
836,85.41,255,0,5,15,0,0,58|2|56|29|34|58|2|2|2|2|2|2|2|0|2|0|2|0|0|0,14.10|2.17|13.67|7.92|8.99|14.10|2.17|2.17|2.17|2.17|2.17|2.17|2.17|0.38|2.17|1.58|2.17|0.38|0.38|0.04
840,85.63,256,0,5,15,0,0,58|2|58|28|34|58|2|2|2|2|2|2|2|0|2|0|2|0|0|0,14.10|2.17|14.10|7.71|8.99|14.10|2.17|2.17|2.17|2.17|2.17|2.17|2.17|0.38|2.17|1.58|2.17|0.38|0.38|0.04
844,85.84,257,0,5,15,0,0,59|2|58|28|34|58|2|2|2|2|2|2|2|0|2|0|2|0|0|0,14.31|2.17|14.10|7.71|8.99|14.10|2.17|2.17|2.17|2.17|2.17|2.17|2.17|0.38|2.17|1.58|2.17|0.38|0.38|0.04
847,85.84,257,0,5,15,0,0,59|2|58|28|34|58|2|2|2|2|2|2|2|0|2|0|2|0|0|0,14.31|2.17|14.10|7.71|8.99|14.10|2.17|2.17|2.17|2.17|2.17|2.17|2.17|0.38|2.17|1.58|2.17|0.38|0.38|0.04
851,85.84,257,0,5,15,0,0,59|2|58|28|34|58|2|2|2|2|2|2|2|0|2|0|2|0|0|0,14.31|2.17|14.10|7.71|8.99|14.10|2.17|2.17|2.17|2.17|2.17|2.17|2.17|0.38|2.17|1.58|2.17|0.38|0.38|0.04
855,85.84,257,0,5,15,0,0,59|2|58|28|34|58|2|2|2|2|2|2|2|0|2|0|2|0|0|0,14.31|2.17|14.10|7.71|8.99|14.10|2.17|2.17|2.17|2.17|2.17|2.17|2.17|0.38|2.17|1.58|2.17|0.38|0.38|0.04
859,85.84,257,0,5,15,0,0,59|2|58|28|34|58|2|2|2|2|2|2|2|0|2|0|2|0|0|0,14.31|2.17|14.10|7.71|8.99|14.10|2.17|2.17|2.17|2.17|2.17|2.17|2.17|0.38|2.17|1.58|2.17|0.38|0.38|0.04
863,85.84,257,0,5,15,0,0,59|2|58|28|34|58|2|2|2|2|2|2|2|0|2|0|2|0|0|0,14.31|2.17|14.10|7.71|8.99|14.10|2.17|2.17|2.17|2.17|2.17|2.17|2.17|0.38|2.17|1.58|2.17|0.38|0.38|0.04
867,85.84,257,0,5,15,0,0,59|2|58|28|34|58|2|2|2|2|2|2|2|0|2|0|2|0|0|0,14.31|2.17|14.10|7.71|8.99|14.10|2.17|2.17|2.17|2.17|2.17|2.17|2.17|0.38|2.17|1.58|2.17|0.38|0.38|0.04
871,85.84,257,0,5,15,0,0,59|2|58|28|34|58|2|2|2|2|2|2|2|0|2|0|2|0|0|0,14.31|2.17|14.10|7.71|8.99|14.10|2.17|2.17|2.17|2.17|2.17|2.17|2.17|0.38|2.17|1.58|2.17|0.38|0.38|0.04
875,85.84,257,0,5,15,0,0,59|2|58|28|34|58|2|2|2|2|2|2|2|0|2|0|2|0|0|0,14.31|2.17|14.10|7.71|8.99|14.10|2.17|2.17|2.17|2.17|2.17|2.17|2.17|0.38|2.17|1.58|2.17|0.38|0.38|0.04
879,85.84,257,0,5,15,0,0,59|2|58|28|34|58|2|2|2|2|2|2|2|0|2|0|2|0|0|0,14.31|2.17|14.10|7.71|8.99|14.10|2.17|2.17|2.17|2.17|2.17|2.17|2.17|0.38|2.17|1.58|2.17|0.38|0.38|0.04
883,85.84,257,0,5,15,0,0,59|2|58|28|34|58|2|2|2|2|2|2|2|0|2|0|2|0|0|0,14.31|2.17|14.10|7.71|8.99|14.10|2.17|2.17|2.17|2.17|2.17|2.17|2.17|0.38|2.17|1.58|2.17|0.38|0.38|0.04
887,85.84,257,0,5,15,0,0,59|2|58|28|34|57|3|2|2|2|2|2|2|0|2|0|2|0|0|0,14.31|2.17|14.10|7.71|8.99|13.88|2.39|2.17|2.17|2.17|2.17|2.17|2.17|0.38|2.17|1.58|2.17|0.38|0.38|0.04
891,85.84,257,0,5,15,0,0,59|2|58|28|34|57|3|2|2|2|2|2|2|0|2|0|2|0|0|0,14.31|2.17|14.10|7.71|8.99|13.88|2.39|2.17|2.17|2.17|2.17|2.17|2.17|0.38|2.17|1.58|2.17|0.38|0.38|0.04
895,85.84,257,0,5,15,0,0,59|2|58|28|34|57|3|2|2|2|2|2|2|0|2|0|2|0|0|0,14.31|2.17|14.10|7.71|8.99|13.88|2.39|2.17|2.17|2.17|2.17|2.17|2.17|0.38|2.17|1.58|2.17|0.38|0.38|0.04
899,85.84,257,0,5,15,0,0,59|2|58|28|34|57|3|2|2|2|2|2|2|0|2|0|2|0|0|0,14.31|2.17|14.10|7.71|8.99|13.88|2.39|2.17|2.17|2.17|2.17|2.17|2.17|0.38|2.17|1.58|2.17|0.38|0.38|0.04
903,85.84,257,0,5,15,0,0,59|2|58|28|34|57|3|2|2|2|2|2|2|0|2|0|2|0|0|0,14.31|2.17|14.10|7.71|8.99|13.88|2.39|2.17|2.17|2.17|2.17|2.17|2.17|0.38|2.17|1.58|2.17|0.38|0.38|0.04
907,85.84,257,0,5,15,0,0,59|2|58|28|34|57|3|2|2|2|2|2|2|0|2|0|2|0|0|0,14.31|2.17|14.10|7.71|8.99|13.88|2.39|2.17|2.17|2.17|2.17|2.17|2.17|0.38|2.17|1.58|2.17|0.38|0.38|0.04
911,85.84,257,0,5,15,0,0,59|2|58|28|34|57|3|2|2|2|2|2|2|0|2|0|2|0|0|0,14.31|2.17|14.10|7.71|8.99|13.88|2.39|2.17|2.17|2.17|2.17|2.17|2.17|0.38|2.17|1.58|2.17|0.38|0.38|0.04
915,85.84,257,0,5,15,0,0,59|2|58|28|34|57|3|2|2|2|2|2|2|0|2|0|2|0|0|0,14.31|2.17|14.10|7.71|8.99|13.88|2.39|2.17|2.17|2.17|2.17|2.17|2.17|0.38|2.17|1.58|2.17|0.38|0.38|0.04
918,85.63,256,0,5,15,0,0,59|2|58|28|34|56|3|2|2|2|2|2|2|0|2|0|2|0|0|0,14.31|2.17|14.10|7.71|8.99|13.67|2.39|2.17|2.17|2.17|2.17|2.17|2.17|0.38|2.17|1.58|2.17|0.38|0.38|0.04
922,85.63,256,0,5,15,0,0,59|2|58|28|34|56|3|2|2|2|2|2|2|0|2|0|2|0|0|0,14.31|2.17|14.10|7.71|8.99|13.67|2.39|2.17|2.17|2.17|2.17|2.17|2.17|0.38|2.17|1.58|2.17|0.38|0.38|0.04
926,85.63,256,0,5,15,0,0,59|2|58|28|34|56|3|2|2|2|2|2|2|0|2|0|2|0|0|0,14.31|2.17|14.10|7.71|8.99|13.67|2.39|2.17|2.17|2.17|2.17|2.17|2.17|0.38|2.17|1.58|2.17|0.38|0.38|0.04
930,85.63,256,0,5,15,0,0,59|2|58|28|34|56|3|2|2|2|2|2|2|0|2|0|2|0|0|0,14.31|2.17|14.10|7.71|8.99|13.67|2.39|2.17|2.17|2.17|2.17|2.17|2.17|0.38|2.17|1.58|2.17|0.38|0.38|0.04
934,85.63,256,0,5,15,0,0,59|2|58|28|34|56|3|2|2|2|2|2|2|0|2|0|2|0|0|0,14.31|2.17|14.10|7.71|8.99|13.67|2.39|2.17|2.17|2.17|2.17|2.17|2.17|0.38|2.17|1.58|2.17|0.38|0.38|0.04
938,85.84,257,0,5,15,0,0,59|2|58|28|34|56|3|2|3|2|2|2|2|0|2|0|2|0|0|0,14.31|2.17|14.10|7.71|8.99|13.67|2.39|2.17|2.39|2.17|2.17|2.17|2.17|0.38|2.17|1.58|2.17|0.38|0.38|0.04
942,85.84,257,0,5,15,0,0,59|2|58|28|34|56|3|2|3|2|2|2|2|0|2|0|2|0|0|0,14.31|2.17|14.10|7.71|8.99|13.67|2.39|2.17|2.39|2.17|2.17|2.17|2.17|0.38|2.17|1.58|2.17|0.38|0.38|0.04
946,85.84,257,0,5,15,0,0,59|2|58|28|34|56|3|2|3|2|2|2|2|0|2|0|2|0|0|0,14.31|2.17|14.10|7.71|8.99|13.67|2.39|2.17|2.39|2.17|2.17|2.17|2.17|0.38|2.17|1.58|2.17|0.38|0.38|0.04
950,85.84,257,0,5,15,0,0,59|2|58|28|34|56|3|2|3|2|2|2|2|0|2|0|2|0|0|0,14.31|2.17|14.10|7.71|8.99|13.67|2.39|2.17|2.39|2.17|2.17|2.17|2.17|0.38|2.17|1.58|2.17|0.38|0.38|0.04
954,85.84,257,0,4,15,0,0,59|2|58|28|34|56|3|2|3|2|2|2|2|0|2|0|2|0|0|0,14.31|2.17|14.10|7.71|8.99|13.67|2.39|2.17|2.39|2.17|2.17|2.17|2.17|0.38|2.17|1.58|2.17|0.38|0.38|0.04
958,85.84,257,0,2,15,0,0,59|2|58|28|34|56|3|2|3|2|2|2|2|0|2|0|2|0|0|0,14.31|2.17|14.10|7.71|8.99|13.67|2.39|2.17|2.39|2.17|2.17|2.17|2.17|0.38|2.17|1.58|2.17|0.38|0.38|0.04
962,81.58,237,0,0,15,0,0,39|2|58|28|34|56|3|2|3|2|2|2|2|0|2|0|2|0|0|0,10.05|2.17|14.10|7.71|8.99|13.67|2.39|2.17|2.39|2.17|2.17|2.17|2.17|0.38|2.17|1.58|2.17|0.38|0.38|0.04
967,57.56,139,0,0,13,1,0,0|0|1|28|34|56|3|2|3|2|2|2|2|0|2|0|2|0|0|0,0.17|0.51|1.62|7.71|8.99|13.67|2.39|2.17|2.39|2.17|2.17|2.17|2.17|0.38|2.17|1.58|2.17|0.38|0.38|0.04
970,41.46,77,0,0,12,2,0,0|0|1|0|0|56|3|2|3|2|2|2|2|0|2|0|2|0|0|0,0.17|0.34|0.60|0.04|1.75|13.67|2.39|2.17|2.39|2.17|2.17|2.17|2.17|0.38|2.17|1.58|2.17|0.38|0.38|0.04
973,26.21,19,0,0,12,2,0,0|0|1|0|0|1|0|2|3|2|2|2|2|0|2|0|2|0|0|0,0.00|0.17|0.26|0.04|0.55|0.94|1.75|2.17|2.39|2.17|2.17|2.17|2.17|0.38|2.17|1.58|2.17|0.38|0.38|0.04
976,22.64,16,0,0,11,1,0,0|0|1|0|0|0|0|0|3|2|2|2|2|0|2|0|2|0|0|0,0.00|0.00|0.21|0.00|0.55|0.34|0.17|1.02|2.39|2.17|2.17|2.17|2.17|0.38|2.17|1.58|2.17|0.38|0.38|0.04
978,18.38,13,0,0,9,1,0,0|0|1|0|0|0|0|0|0|2|2|2|2|0|2|0|2|0|0|0,0.00|0.00|0.21|0.00|0.21|0.00|0.00|0.51|0.34|1.32|2.17|2.17|2.17|0.38|2.17|1.58|2.17|0.38|0.38|0.04
980,16.25,9,0,0,8,1,0,0|0|1|0|0|0|0|0|0|0|0|2|2|0|2|0|2|0|0|0,0.00|0.00|0.21|0.00|0.21|0.00|0.00|0.34|0.34|0.34|1.19|2.17|2.17|0.38|2.17|1.58|2.17|0.38|0.38|0.04
981,12.50,6,0,0,6,0,0,0|0|1|0|0|0|0|0|0|0|0|0|1|0|2|0|2|0|0|0,0.00|0.00|0.21|0.00|0.00|0.00|0.00|0.00|0.34|0.17|0.17|0.38|1.96|0.38|2.17|1.58|2.17|0.38|0.38|0.04
983,10.20,5,0,0,4,0,0,0|0|1|0|0|0|0|0|0|0|0|0|0|0|2|0|2|0|0|0,0.00|0.00|0.21|0.00|0.00|0.00|0.00|0.00|0.17|0.17|0.17|0.04|0.17|0.38|2.17|1.58|2.17|0.38|0.38|0.04
985,9.60,4,0,0,4,0,0,0|0|1|0|0|0|0|0|0|0|0|0|0|0|1|0|2|0|0|0,0.00|0.00|0.21|0.00|0.00|0.00|0.00|0.00|0.17|0.17|0.17|0.04|0.00|0.17|1.96|1.58|2.17|0.38|0.38|0.04
986,7.26,3,0,0,2,0,0,0|0|1|0|0|0|0|0|0|0|0|0|0|0|0|0|2|0|0|0,0.00|0.00|0.21|0.00|0.00|0.00|0.00|0.00|0.00|0.00|0.17|0.00|0.00|0.17|0.00|1.58|2.17|0.38|0.38|0.04
988,4.54,1,0,0,2,0,0,0|0|1|0|0|0|0|0|0|0|0|0|0|0|0|0|0|0|0|0,0.00|0.00|0.21|0.00|0.00|0.00|0.00|0.00|0.00|0.00|0.00|0.00|0.00|0.17|0.00|0.17|1.02|0.38|0.38|0.04
990,3.17,1,0,0,1,0,0,0|0|1|0|0|0|0|0|0|0|0|0|0|0|0|0|0|0|0|0,0.00|0.00|0.21|0.00|0.00|0.00|0.00|0.00|0.00|0.00|0.00|0.00|0.00|0.00|0.00|0.00|0.17|0.21|0.38|0.04
991,3.13,1,0,0,1,0,0,0|0|1|0|0|0|0|0|0|0|0|0|0|0|0|0|0|0|0|0,0.00|0.00|0.21|0.00|0.00|0.00|0.00|0.00|0.00|0.00|0.00|0.00|0.00|0.00|0.00|0.00|0.17|0.17|0.38|0.04
992,2.92,1,0,0,1,0,0,0|0|1|0|0|0|0|0|0|0|0|0|0|0|0|0|0|0|0|0,0.00|0.00|0.21|0.00|0.00|0.00|0.00|0.00|0.00|0.00|0.00|0.00|0.00|0.00|0.00|0.00|0.17|0.17|0.17|0.04
994,2.88,1,0,0,1,0,0,0|0|1|0|0|0|0|0|0|0|0|0|0|0|0|0|0|0|0|0,0.00|0.00|0.21|0.00|0.00|0.00|0.00|0.00|0.00|0.00|0.00|0.00|0.00|0.00|0.00|0.00|0.17|0.17|0.17|0.00
995,2.49,0,0,0,0,1,0,0|0|0|0|0|0|0|0|0|0|0|0|0|0|0|0|0|0|0|0,0.00|0.00|0.00|0.00|0.00|0.00|0.00|0.00|0.00|0.00|0.00|0.00|0.00|0.00|0.00|0.00|0.17|0.17|0.00|0.00
997,2.49,0,0,0,0,0,0,0|0|0|0|0|0|0|0|0|0|0|0|0|0|0|0|0|0|0|0,0.00|0.00|0.00|0.00|0.00|0.00|0.00|0.00|0.00|0.00|0.00|0.00|0.00|0.00|0.00|0.00|0.17|0.17|0.00|0.00
