0,2.15,0,20,0,0,0,0,0|0|0|0|0|0|0|0|0|0|0|0|0|0|0|0|0|0|0|0,0.00|0.00|0.00|0.00|0.00|0.00|0.00|0.00|0.00|0.00|0.00|0.00|0.00|0.00|0.00|0.00|0.00|0.00|0.00|0.00
1,2.15,0,20,0,0,0,0,0|0|0|0|0|0|0|0|0|0|0|0|0|0|0|0|0|0|0|0,0.00|0.00|0.00|0.00|0.00|0.00|0.00|0.00|0.00|0.00|0.00|0.00|0.00|0.00|0.00|0.00|0.00|0.00|0.00|0.00
3,2.15,0,20,0,0,0,0,0|0|0|0|0|0|0|0|0|0|0|0|0|0|0|0|0|0|0|0,0.00|0.00|0.00|0.00|0.00|0.00|0.00|0.00|0.00|0.00|0.00|0.00|0.00|0.00|0.00|0.00|0.00|0.00|0.00|0.00
4,2.15,0,20,0,0,0,0,0|0|0|0|0|0|0|0|0|0|0|0|0|0|0|0|0|0|0|0,0.00|0.00|0.00|0.00|0.00|0.00|0.00|0.00|0.00|0.00|0.00|0.00|0.00|0.00|0.00|0.00|0.00|0.00|0.00|0.00
5,2.15,0,20,0,0,0,0,0|0|0|0|0|0|0|0|0|0|0|0|0|0|0|0|0|0|0|0,0.00|0.00|0.00|0.00|0.00|0.00|0.00|0.00|0.00|0.00|0.00|0.00|0.00|0.00|0.00|0.00|0.00|0.00|0.00|0.00
7,2.15,0,20,0,0,0,0,0|0|0|0|0|0|0|0|0|0|0|0|0|0|0|0|0|0|0|0,0.00|0.00|0.00|0.00|0.00|0.00|0.00|0.00|0.00|0.00|0.00|0.00|0.00|0.00|0.00|0.00|0.00|0.00|0.00|0.00
8,2.15,0,20,0,0,0,0,0|0|0|0|0|0|0|0|0|0|0|0|0|0|0|0|0|0|0|0,0.00|0.00|0.00|0.00|0.00|0.00|0.00|0.00|0.00|0.00|0.00|0.00|0.00|0.00|0.00|0.00|0.00|0.00|0.00|0.00
9,2.15,0,20,0,0,0,0,0|0|0|0|0|0|0|0|0|0|0|0|0|0|0|0|0|0|0|0,0.00|0.00|0.00|0.00|0.00|0.00|0.00|0.00|0.00|0.00|0.00|0.00|0.00|0.00|0.00|0.00|0.00|0.00|0.00|0.00
11,2.15,0,19,1,0,0,0,0|0|0|0|0|0|0|0|0|0|0|0|0|0|0|0|0|0|0|0,0.00|0.00|0.00|0.00|0.00|0.00|0.00|0.00|0.00|0.00|0.00|0.00|0.00|0.00|0.00|0.00|0.00|0.00|0.00|0.00
12,3.90,1,19,0,1,0,0,1|0|0|0|0|0|0|0|0|0|0|0|0|0|0|0|0|0|0|0,1.75|0.00|0.00|0.00|0.00|0.00|0.00|0.00|0.00|0.00|0.00|0.00|0.00|0.00|0.00|0.00|0.00|0.00|0.00|0.00
13,4.11,2,19,0,1,0,0,2|0|0|0|0|0|0|0|0|0|0|0|0|0|0|0|0|0|0|0,1.96|0.00|0.00|0.00|0.00|0.00|0.00|0.00|0.00|0.00|0.00|0.00|0.00|0.00|0.00|0.00|0.00|0.00|0.00|0.00
15,4.28,2,19,0,1,0,0,2|0|0|0|0|0|0|0|0|0|0|0|0|0|0|0|0|0|0|0,2.13|0.00|0.00|0.00|0.00|0.00|0.00|0.00|0.00|0.00|0.00|0.00|0.00|0.00|0.00|0.00|0.00|0.00|0.00|0.00
16,4.32,2,19,0,1,0,0,2|0|0|0|0|0|0|0|0|0|0|0|0|0|0|0|0|0|0|0,2.17|0.00|0.00|0.00|0.00|0.00|0.00|0.00|0.00|0.00|0.00|0.00|0.00|0.00|0.00|0.00|0.00|0.00|0.00|0.00
18,4.32,2,19,0,1,0,0,2|0|0|0|0|0|0|0|0|0|0|0|0|0|0|0|0|0|0|0,2.17|0.00|0.00|0.00|0.00|0.00|0.00|0.00|0.00|0.00|0.00|0.00|0.00|0.00|0.00|0.00|0.00|0.00|0.00|0.00
19,4.32,2,19,0,1,0,0,2|0|0|0|0|0|0|0|0|0|0|0|0|0|0|0|0|0|0|0,2.17|0.00|0.00|0.00|0.00|0.00|0.00|0.00|0.00|0.00|0.00|0.00|0.00|0.00|0.00|0.00|0.00|0.00|0.00|0.00
21,4.32,2,19,0,1,0,0,2|0|0|0|0|0|0|0|0|0|0|0|0|0|0|0|0|0|0|0,2.17|0.00|0.00|0.00|0.00|0.00|0.00|0.00|0.00|0.00|0.00|0.00|0.00|0.00|0.00|0.00|0.00|0.00|0.00|0.00
22,4.32,2,19,0,1,0,0,2|0|0|0|0|0|0|0|0|0|0|0|0|0|0|0|0|0|0|0,2.17|0.00|0.00|0.00|0.00|0.00|0.00|0.00|0.00|0.00|0.00|0.00|0.00|0.00|0.00|0.00|0.00|0.00|0.00|0.00
23,4.32,2,19,0,1,0,0,2|0|0|0|0|0|0|0|0|0|0|0|0|0|0|0|0|0|0|0,2.17|0.00|0.00|0.00|0.00|0.00|0.00|0.00|0.00|0.00|0.00|0.00|0.00|0.00|0.00|0.00|0.00|0.00|0.00|0.00
25,4.32,2,19,0,1,0,0,2|0|0|0|0|0|0|0|0|0|0|0|0|0|0|0|0|0|0|0,2.17|0.00|0.00|0.00|0.00|0.00|0.00|0.00|0.00|0.00|0.00|0.00|0.00|0.00|0.00|0.00|0.00|0.00|0.00|0.00
27,4.32,2,18,1,1,0,0,2|0|0|0|0|0|0|0|0|0|0|0|0|0|0|0|0|0|0|0,2.17|0.00|0.00|0.00|0.00|0.00|0.00|0.00|0.00|0.00|0.00|0.00|0.00|0.00|0.00|0.00|0.00|0.00|0.00|0.00
28,5.86,2,18,1,1,0,0,2|0|0|0|0|0|0|0|0|0|0|0|0|0|0|0|0|0|0|0,2.17|1.53|0.00|0.00|0.00|0.00|0.00|0.00|0.00|0.00|0.00|0.00|0.00|0.00|0.00|0.00|0.00|0.00|0.00|0.00
30,6.50,4,18,0,2,0,0,2|2|0|0|0|0|0|0|0|0|0|0|0|0|0|0|0|0|0|0,2.17|2.17|0.00|0.00|0.00|0.00|0.00|0.00|0.00|0.00|0.00|0.00|0.00|0.00|0.00|0.00|0.00|0.00|0.00|0.00
32,6.50,4,18,0,2,0,0,2|2|0|0|0|0|0|0|0|0|0|0|0|0|0|0|0|0|0|0,2.17|2.17|0.00|0.00|0.00|0.00|0.00|0.00|0.00|0.00|0.00|0.00|0.00|0.00|0.00|0.00|0.00|0.00|0.00|0.00
33,6.50,4,18,0,2,0,0,2|2|0|0|0|0|0|0|0|0|0|0|0|0|0|0|0|0|0|0,2.17|2.17|0.00|0.00|0.00|0.00|0.00|0.00|0.00|0.00|0.00|0.00|0.00|0.00|0.00|0.00|0.00|0.00|0.00|0.00
35,6.50,4,18,0,2,0,0,2|2|0|0|0|0|0|0|0|0|0|0|0|0|0|0|0|0|0|0,2.17|2.17|0.00|0.00|0.00|0.00|0.00|0.00|0.00|0.00|0.00|0.00|0.00|0.00|0.00|0.00|0.00|0.00|0.00|0.00
37,6.50,4,18,0,2,0,0,2|2|0|0|0|0|0|0|0|0|0|0|0|0|0|0|0|0|0|0,2.17|2.17|0.00|0.00|0.00|0.00|0.00|0.00|0.00|0.00|0.00|0.00|0.00|0.00|0.00|0.00|0.00|0.00|0.00|0.00
38,6.50,4,18,0,2,0,0,2|2|0|0|0|0|0|0|0|0|0|0|0|0|0|0|0|0|0|0,2.17|2.17|0.00|0.00|0.00|0.00|0.00|0.00|0.00|0.00|0.00|0.00|0.00|0.00|0.00|0.00|0.00|0.00|0.00|0.00
40,6.50,4,18,0,2,0,0,2|2|0|0|0|0|0|0|0|0|0|0|0|0|0|0|0|0|0|0,2.17|2.17|0.00|0.00|0.00|0.00|0.00|0.00|0.00|0.00|0.00|0.00|0.00|0.00|0.00|0.00|0.00|0.00|0.00|0.00
42,6.50,4,18,0,2,0,0,2|2|0|0|0|0|0|0|0|0|0|0|0|0|0|0|0|0|0|0,2.17|2.17|0.00|0.00|0.00|0.00|0.00|0.00|0.00|0.00|0.00|0.00|0.00|0.00|0.00|0.00|0.00|0.00|0.00|0.00
44,6.50,4,17,1,2,0,0,2|2|0|0|0|0|0|0|0|0|0|0|0|0|0|0|0|0|0|0,2.17|2.17|0.00|0.00|0.00|0.00|0.00|0.00|0.00|0.00|0.00|0.00|0.00|0.00|0.00|0.00|0.00|0.00|0.00|0.00
46,7.94,5,17,0,3,0,0,2|2|1|0|0|0|0|0|0|0|0|0|0|0|0|0|0|0|0|0,2.17|2.17|1.45|0.00|0.00|0.00|0.00|0.00|0.00|0.00|0.00|0.00|0.00|0.00|0.00|0.00|0.00|0.00|0.00|0.00
48,8.67,6,17,0,3,0,0,2|2|2|0|0|0|0|0|0|0|0|0|0|0|0|0|0|0|0|0,2.17|2.17|2.17|0.00|0.00|0.00|0.00|0.00|0.00|0.00|0.00|0.00|0.00|0.00|0.00|0.00|0.00|0.00|0.00|0.00
49,8.67,6,17,0,3,0,0,2|2|2|0|0|0|0|0|0|0|0|0|0|0|0|0|0|0|0|0,2.17|2.17|2.17|0.00|0.00|0.00|0.00|0.00|0.00|0.00|0.00|0.00|0.00|0.00|0.00|0.00|0.00|0.00|0.00|0.00
51,8.67,6,17,0,3,0,0,2|2|2|0|0|0|0|0|0|0|0|0|0|0|0|0|0|0|0|0,2.17|2.17|2.17|0.00|0.00|0.00|0.00|0.00|0.00|0.00|0.00|0.00|0.00|0.00|0.00|0.00|0.00|0.00|0.00|0.00
53,8.67,6,17,0,3,0,0,2|2|2|0|0|0|0|0|0|0|0|0|0|0|0|0|0|0|0|0,2.17|2.17|2.17|0.00|0.00|0.00|0.00|0.00|0.00|0.00|0.00|0.00|0.00|0.00|0.00|0.00|0.00|0.00|0.00|0.00
55,8.67,6,17,0,3,0,0,2|2|2|0|0|0|0|0|0|0|0|0|0|0|0|0|0|0|0|0,2.17|2.17|2.17|0.00|0.00|0.00|0.00|0.00|0.00|0.00|0.00|0.00|0.00|0.00|0.00|0.00|0.00|0.00|0.00|0.00
56,8.67,6,17,0,3,0,0,2|2|2|0|0|0|0|0|0|0|0|0|0|0|0|0|0|0|0|0,2.17|2.17|2.17|0.00|0.00|0.00|0.00|0.00|0.00|0.00|0.00|0.00|0.00|0.00|0.00|0.00|0.00|0.00|0.00|0.00
58,8.67,6,17,0,3,0,0,2|2|2|0|0|0|0|0|0|0|0|0|0|0|0|0|0|0|0|0,2.17|2.17|2.17|0.00|0.00|0.00|0.00|0.00|0.00|0.00|0.00|0.00|0.00|0.00|0.00|0.00|0.00|0.00|0.00|0.00
59,8.67,6,17,0,3,0,0,2|2|2|0|0|0|0|0|0|0|0|0|0|0|0|0|0|0|0|0,2.17|2.17|2.17|0.00|0.00|0.00|0.00|0.00|0.00|0.00|0.00|0.00|0.00|0.00|0.00|0.00|0.00|0.00|0.00|0.00
62,10.24,7,16,0,4,0,0,2|2|2|1|0|0|0|0|0|0|0|0|0|0|0|0|0|0|0|0,2.17|2.17|2.17|1.58|0.00|0.00|0.00|0.00|0.00|0.00|0.00|0.00|0.00|0.00|0.00|0.00|0.00|0.00|0.00|0.00
63,10.41,7,16,0,4,0,0,2|2|2|1|0|0|0|0|0|0|0|0|0|0|0|0|0|0|0|0,2.17|2.17|2.17|1.75|0.00|0.00|0.00|0.00|0.00|0.00|0.00|0.00|0.00|0.00|0.00|0.00|0.00|0.00|0.00|0.00
65,10.63,7,16,0,4,0,0,2|2|2|1|0|0|0|0|0|0|0|0|0|0|0|0|0|0|0|0,2.17|2.17|2.17|1.96|0.00|0.00|0.00|0.00|0.00|0.00|0.00|0.00|0.00|0.00|0.00|0.00|0.00|0.00|0.00|0.00
68,10.84,8,16,0,4,0,0,2|2|2|2|0|0|0|0|0|0|0|0|0|0|0|0|0|0|0|0,2.17|2.17|2.17|2.17|0.00|0.00|0.00|0.00|0.00|0.00|0.00|0.00|0.00|0.00|0.00|0.00|0.00|0.00|0.00|0.00
71,10.84,8,16,0,4,0,0,2|2|2|2|0|0|0|0|0|0|0|0|0|0|0|0|0|0|0|0,2.17|2.17|2.17|2.17|0.00|0.00|0.00|0.00|0.00|0.00|0.00|0.00|0.00|0.00|0.00|0.00|0.00|0.00|0.00|0.00
73,10.84,8,16,0,4,0,0,2|2|2|2|0|0|0|0|0|0|0|0|0|0|0|0|0|0|0|0,2.17|2.17|2.17|2.17|0.00|0.00|0.00|0.00|0.00|0.00|0.00|0.00|0.00|0.00|0.00|0.00|0.00|0.00|0.00|0.00
75,10.84,8,15,1,4,0,0,2|2|2|2|0|0|0|0|0|0|0|0|0|0|0|0|0|0|0|0,2.17|2.17|2.17|2.17|0.00|0.00|0.00|0.00|0.00|0.00|0.00|0.00|0.00|0.00|0.00|0.00|0.00|0.00|0.00|0.00
77,12.80,10,15,0,5,0,0,2|2|2|2|2|0|0|0|0|0|0|0|0|0|0|0|0|0|0|0,2.17|2.17|2.17|2.17|1.96|0.00|0.00|0.00|0.00|0.00|0.00|0.00|0.00|0.00|0.00|0.00|0.00|0.00|0.00|0.00
80,13.01,10,15,0,5,0,0,2|2|2|2|2|0|0|0|0|0|0|0|0|0|0|0|0|0|0|0,2.17|2.17|2.17|2.17|2.17|0.00|0.00|0.00|0.00|0.00|0.00|0.00|0.00|0.00|0.00|0.00|0.00|0.00|0.00|0.00
82,13.01,10,15,0,5,0,0,2|2|2|2|2|0|0|0|0|0|0|0|0|0|0|0|0|0|0|0,2.17|2.17|2.17|2.17|2.17|0.00|0.00|0.00|0.00|0.00|0.00|0.00|0.00|0.00|0.00|0.00|0.00|0.00|0.00|0.00
84,13.01,10,15,0,5,0,0,2|2|2|2|2|0|0|0|0|0|0|0|0|0|0|0|0|0|0|0,2.17|2.17|2.17|2.17|2.17|0.00|0.00|0.00|0.00|0.00|0.00|0.00|0.00|0.00|0.00|0.00|0.00|0.00|0.00|0.00
86,13.01,10,15,0,5,0,0,2|2|2|2|2|0|0|0|0|0|0|0|0|0|0|0|0|0|0|0,2.17|2.17|2.17|2.17|2.17|0.00|0.00|0.00|0.00|0.00|0.00|0.00|0.00|0.00|0.00|0.00|0.00|0.00|0.00|0.00
88,13.01,10,15,0,5,0,0,2|2|2|2|2|0|0|0|0|0|0|0|0|0|0|0|0|0|0|0,2.17|2.17|2.17|2.17|2.17|0.00|0.00|0.00|0.00|0.00|0.00|0.00|0.00|0.00|0.00|0.00|0.00|0.00|0.00|0.00
91,13.01,10,15,0,5,0,0,2|2|2|2|2|0|0|0|0|0|0|0|0|0|0|0|0|0|0|0,2.17|2.17|2.17|2.17|2.17|0.00|0.00|0.00|0.00|0.00|0.00|0.00|0.00|0.00|0.00|0.00|0.00|0.00|0.00|0.00
92,13.01,10,14,1,5,0,0,2|2|2|2|2|0|0|0|0|0|0|0|0|0|0|0|0|0|0|0,2.17|2.17|2.17|2.17|2.17|0.00|0.00|0.00|0.00|0.00|0.00|0.00|0.00|0.00|0.00|0.00|0.00|0.00|0.00|0.00
95,14.37,10,14,1,5,0,0,2|2|2|2|2|0|0|0|0|0|0|0|0|0|0|0|0|0|0|0,2.17|2.17|2.17|2.17|2.17|1.36|0.00|0.00|0.00|0.00|0.00|0.00|0.00|0.00|0.00|0.00|0.00|0.00|0.00|0.00
96,15.01,12,14,0,6,0,0,2|2|2|2|2|2|0|0|0|0|0|0|0|0|0|0|0|0|0|0,2.17|2.17|2.17|2.17|2.17|2.00|0.00|0.00|0.00|0.00|0.00|0.00|0.00|0.00|0.00|0.00|0.00|0.00|0.00|0.00
98,15.18,12,14,0,6,0,0,2|2|2|2|2|2|0|0|0|0|0|0|0|0|0|0|0|0|0|0,2.17|2.17|2.17|2.17|2.17|2.17|0.00|0.00|0.00|0.00|0.00|0.00|0.00|0.00|0.00|0.00|0.00|0.00|0.00|0.00
100,15.18,12,14,0,6,0,0,2|2|2|2|2|2|0|0|0|0|0|0|0|0|0|0|0|0|0|0,2.17|2.17|2.17|2.17|2.17|2.17|0.00|0.00|0.00|0.00|0.00|0.00|0.00|0.00|0.00|0.00|0.00|0.00|0.00|0.00
103,15.18,12,14,0,6,0,0,2|2|2|2|2|2|0|0|0|0|0|0|0|0|0|0|0|0|0|0,2.17|2.17|2.17|2.17|2.17|2.17|0.00|0.00|0.00|0.00|0.00|0.00|0.00|0.00|0.00|0.00|0.00|0.00|0.00|0.00
105,15.18,12,14,0,6,0,0,2|2|2|2|2|2|0|0|0|0|0|0|0|0|0|0|0|0|0|0,2.17|2.17|2.17|2.17|2.17|2.17|0.00|0.00|0.00|0.00|0.00|0.00|0.00|0.00|0.00|0.00|0.00|0.00|0.00|0.00
107,15.18,12,14,0,6,0,0,2|2|2|2|2|2|0|0|0|0|0|0|0|0|0|0|0|0|0|0,2.17|2.17|2.17|2.17|2.17|2.17|0.00|0.00|0.00|0.00|0.00|0.00|0.00|0.00|0.00|0.00|0.00|0.00|0.00|0.00
109,15.18,12,13,1,6,0,0,2|2|2|2|2|2|0|0|0|0|0|0|0|0|0|0|0|0|0|0,2.17|2.17|2.17|2.17|2.17|2.17|0.00|0.00|0.00|0.00|0.00|0.00|0.00|0.00|0.00|0.00|0.00|0.00|0.00|0.00
111,17.31,14,13,0,7,0,0,2|2|2|2|2|2|2|0|0|0|0|0|0|0|0|0|0|0|0|0,2.17|2.17|2.17|2.17|2.17|2.17|2.13|0.00|0.00|0.00|0.00|0.00|0.00|0.00|0.00|0.00|0.00|0.00|0.00|0.00
114,17.36,14,13,0,7,0,0,2|2|2|2|2|2|2|0|0|0|0|0|0|0|0|0|0|0|0|0,2.17|2.17|2.17|2.17|2.17|2.17|2.17|0.00|0.00|0.00|0.00|0.00|0.00|0.00|0.00|0.00|0.00|0.00|0.00|0.00
116,17.36,14,13,0,7,0,0,2|2|2|2|2|2|2|0|0|0|0|0|0|0|0|0|0|0|0|0,2.17|2.17|2.17|2.17|2.17|2.17|2.17|0.00|0.00|0.00|0.00|0.00|0.00|0.00|0.00|0.00|0.00|0.00|0.00|0.00
119,17.36,14,13,0,7,0,0,2|2|2|2|2|2|2|0|0|0|0|0|0|0|0|0|0|0|0|0,2.17|2.17|2.17|2.17|2.17|2.17|2.17|0.00|0.00|0.00|0.00|0.00|0.00|0.00|0.00|0.00|0.00|0.00|0.00|0.00
121,17.36,14,13,0,7,0,0,2|2|2|2|2|2|2|0|0|0|0|0|0|0|0|0|0|0|0|0,2.17|2.17|2.17|2.17|2.17|2.17|2.17|0.00|0.00|0.00|0.00|0.00|0.00|0.00|0.00|0.00|0.00|0.00|0.00|0.00
123,17.36,14,13,0,7,0,0,2|2|2|2|2|2|2|0|0|0|0|0|0|0|0|0|0|0|0|0,2.17|2.17|2.17|2.17|2.17|2.17|2.17|0.00|0.00|0.00|0.00|0.00|0.00|0.00|0.00|0.00|0.00|0.00|0.00|0.00
125,17.36,14,13,0,7,0,0,2|2|2|2|2|2|2|0|0|0|0|0|0|0|0|0|0|0|0|0,2.17|2.17|2.17|2.17|2.17|2.17|2.17|0.00|0.00|0.00|0.00|0.00|0.00|0.00|0.00|0.00|0.00|0.00|0.00|0.00
127,17.36,14,13,0,7,0,0,2|2|2|2|2|2|2|0|0|0|0|0|0|0|0|0|0|0|0|0,2.17|2.17|2.17|2.17|2.17|2.17|2.17|0.00|0.00|0.00|0.00|0.00|0.00|0.00|0.00|0.00|0.00|0.00|0.00|0.00
129,18.04,14,12,1,7,0,0,2|2|2|2|2|2|2|0|0|0|0|0|0|0|0|0|0|0|0|0,2.17|2.17|2.17|2.17|2.17|2.17|2.17|0.68|0.00|0.00|0.00|0.00|0.00|0.00|0.00|0.00|0.00|0.00|0.00|0.00
131,18.93,14,12,1,7,0,0,2|2|2|2|2|2|2|0|0|0|0|0|0|0|0|0|0|0|0|0,2.17|2.17|2.17|2.17|2.17|2.17|2.17|1.58|0.00|0.00|0.00|0.00|0.00|0.00|0.00|0.00|0.00|0.00|0.00|0.00
133,19.10,14,12,1,7,0,0,2|2|2|2|2|2|2|0|0|0|0|0|0|0|0|0|0|0|0|0,2.17|2.17|2.17|2.17|2.17|2.17|2.17|1.75|0.00|0.00|0.00|0.00|0.00|0.00|0.00|0.00|0.00|0.00|0.00|0.00
135,19.53,16,12,0,8,0,0,2|2|2|2|2|2|2|2|0|0|0|0|0|0|0|0|0|0|0|0,2.17|2.17|2.17|2.17|2.17|2.17|2.17|2.17|0.00|0.00|0.00|0.00|0.00|0.00|0.00|0.00|0.00|0.00|0.00|0.00
137,19.53,16,12,0,8,0,0,2|2|2|2|2|2|2|2|0|0|0|0|0|0|0|0|0|0|0|0,2.17|2.17|2.17|2.17|2.17|2.17|2.17|2.17|0.00|0.00|0.00|0.00|0.00|0.00|0.00|0.00|0.00|0.00|0.00|0.00
139,19.53,16,12,0,8,0,0,2|2|2|2|2|2|2|2|0|0|0|0|0|0|0|0|0|0|0|0,2.17|2.17|2.17|2.17|2.17|2.17|2.17|2.17|0.00|0.00|0.00|0.00|0.00|0.00|0.00|0.00|0.00|0.00|0.00|0.00
140,19.53,16,12,0,8,0,0,2|2|2|2|2|2|2|2|0|0|0|0|0|0|0|0|0|0|0|0,2.17|2.17|2.17|2.17|2.17|2.17|2.17|2.17|0.00|0.00|0.00|0.00|0.00|0.00|0.00|0.00|0.00|0.00|0.00|0.00
143,22.93,32,12,0,8,0,0,18|2|2|2|2|2|2|2|0|0|0|0|0|0|0|0|0|0|0|0,5.58|2.17|2.17|2.17|2.17|2.17|2.17|2.17|0.00|0.00|0.00|0.00|0.00|0.00|0.00|0.00|0.00|0.00|0.00|0.00
146,32.09,75,12,0,8,0,0,52|11|2|2|2|2|2|2|0|0|0|0|0|0|0|0|0|0|0|0,12.82|4.09|2.17|2.17|2.17|2.17|2.17|2.17|0.00|0.00|0.00|0.00|0.00|0.00|0.00|0.00|0.00|0.00|0.00|0.00
149,48.96,147,12,0,8,0,0,58|55|24|2|2|2|2|2|0|0|0|0|0|0|0|0|0|0|0|0,14.10|13.46|6.86|2.17|2.17|2.17|2.17|2.17|1.53|0.00|0.00|0.00|0.00|0.00|0.00|0.00|0.00|0.00|0.00|0.00
152,60.92,203,12,0,8,0,0,60|58|55|22|2|2|2|2|0|0|0|0|0|0|0|0|0|0|0|0,14.52|14.10|13.46|6.43|2.17|2.17|2.17|2.17|1.58|0.00|0.00|0.00|0.00|0.00|0.00|0.00|0.00|0.00|0.00|0.00
156,75.79,272,12,0,8,0,0,60|58|59|51|36|4|2|2|0|0|0|0|0|0|0|0|0|0|0|0,14.52|14.10|14.31|12.61|9.41|2.60|2.17|2.17|1.75|0.00|0.00|0.00|0.00|0.00|0.00|0.00|0.00|0.00|0.00|0.00
161,82.82,305,11,1,8,0,0,60|60|59|57|54|11|2|2|0|0|0|0|0|0|0|0|0|0|0|0,14.52|14.52|14.31|13.88|13.25|4.09|2.17|2.17|1.75|0.00|0.00|0.00|0.00|0.00|0.00|0.00|0.00|0.00|0.00|0.00
166,83.45,308,11,1,8,0,0,60|60|59|57|57|11|2|2|0|0|0|0|0|0|0|0|0|0|0|0,14.52|14.52|14.31|13.88|13.88|4.09|2.17|2.17|1.75|0.00|0.00|0.00|0.00|0.00|0.00|0.00|0.00|0.00|0.00|0.00
170,85.54,313,11,1,8,0,0,60|60|59|59|59|12|2|2|0|0|0|0|0|0|0|0|0|0|0|0,14.52|14.52|14.31|14.31|14.31|4.30|2.17|2.17|1.75|1.02|0.00|0.00|0.00|0.00|0.00|0.00|0.00|0.00|0.00|0.00
175,86.14,315,10,2,8,0,0,60|60|60|60|59|12|2|2|0|0|0|0|0|0|0|0|0|0|0|0,14.52|14.52|14.52|14.52|14.31|4.30|2.17|2.17|1.75|1.19|0.00|0.00|0.00|0.00|0.00|0.00|0.00|0.00|0.00|0.00
179,86.35,315,10,2,8,0,0,60|60|60|60|59|12|2|2|0|0|0|0|0|0|0|0|0|0|0|0,14.52|14.52|14.52|14.52|14.31|4.30|2.17|2.17|1.75|1.41|0.00|0.00|0.00|0.00|0.00|0.00|0.00|0.00|0.00|0.00
183,86.52,315,10,2,8,0,0,60|60|60|60|59|12|2|2|0|0|0|0|0|0|0|0|0|0|0|0,14.52|14.52|14.52|14.52|14.31|4.30|2.17|2.17|1.75|1.58|0.00|0.00|0.00|0.00|0.00|0.00|0.00|0.00|0.00|0.00
188,86.69,315,10,2,8,0,0,60|60|60|60|59|12|2|2|0|0|0|0|0|0|0|0|0|0|0|0,14.52|14.52|14.52|14.52|14.31|4.30|2.17|2.17|1.75|1.75|0.00|0.00|0.00|0.00|0.00|0.00|0.00|0.00|0.00|0.00
194,86.69,315,9,3,8,0,0,60|60|60|60|59|12|2|2|0|0|0|0|0|0|0|0|0|0|0|0,14.52|14.52|14.52|14.52|14.31|4.30|2.17|2.17|1.75|1.75|0.00|0.00|0.00|0.00|0.00|0.00|0.00|0.00|0.00|0.00
200,75.92,258,9,1,10,0,0,28|28|60|60|59|12|6|2|1|0|2|0|0|0|0|0|0|0|0|0,7.71|7.71|14.52|14.52|14.31|4.30|3.02|2.17|1.96|1.75|1.79|0.00|0.00|0.00|0.00|0.00|0.00|0.00|0.00|0.00
204,85.63,302,9,1,10,0,0,26|26|60|60|59|12|51|5|1|0|2|0|0|0|0|0|0|0|0|0,7.28|7.28|14.52|14.52|14.31|4.30|12.61|2.81|1.96|1.75|2.13|0.00|0.00|0.00|0.00|0.00|0.00|0.00|0.00|0.00
209,80.13,276,9,1,10,0,0,26|25|60|28|59|12|55|8|1|0|2|0|0|0|0|0|0|0|0|0,7.28|7.07|14.52|7.71|14.31|4.30|13.46|3.45|1.96|1.75|2.17|0.00|0.00|0.00|0.00|0.00|0.00|0.00|0.00|0.00
213,65.23,206,9,1,10,0,0,26|25|8|5|59|12|58|8|3|0|2|0|0|0|0|0|0|0|0|0,7.28|7.07|3.45|2.81|14.31|4.30|14.10|3.45|2.39|1.75|2.17|0.00|0.00|0.00|0.00|0.00|0.00|0.00|0.00|0.00
217,66.38,204,8,1,11,0,0,26|25|4|3|60|12|59|8|3|0|2|2|0|0|0|0|0|0|0|0,7.28|7.07|2.60|2.39|14.52|4.30|14.31|3.45|2.39|1.75|2.17|2.00|0.00|0.00|0.00|0.00|0.00|0.00|0.00|0.00
222,66.16,203,8,1,11,0,0,26|25|2|3|60|13|59|8|3|0|2|2|0|0|0|0|0|0|0|0,7.28|7.07|2.17|2.39|14.52|4.51|14.31|3.45|2.39|1.75|2.17|2.00|0.00|0.00|0.00|0.00|0.00|0.00|0.00|0.00
226,68.72,215,8,1,11,0,0,25|25|2|3|60|26|59|8|3|0|2|2|0|0|0|0|0|0|0|0,7.07|7.07|2.17|2.39|14.52|7.28|14.31|3.45|2.39|1.75|2.17|2.00|0.00|0.00|0.00|0.00|0.00|0.00|0.00|0.00
230,74.68,243,8,1,11,0,0,24|24|2|2|60|55|60|8|4|0|2|2|0|0|0|0|0|0|0|0,6.86|6.86|2.17|2.17|14.52|13.46|14.52|3.45|2.60|1.75|2.17|2.00|0.00|0.00|0.00|0.00|0.00|0.00|0.00|0.00
234,75.11,245,8,1,11,0,0,24|24|2|2|60|57|60|8|4|0|2|2|0|0|0|0|0|0|0|0,6.86|6.86|2.17|2.17|14.52|13.88|14.52|3.45|2.60|1.75|2.17|2.00|0.00|0.00|0.00|0.00|0.00|0.00|0.00|0.00
237,82.65,278,7,2,11,0,0,24|24|2|2|60|58|60|39|5|0|2|2|0|0|0|0|0|0|0|0,6.86|6.86|2.17|2.17|14.52|14.10|14.52|10.05|2.81|1.75|2.17|2.00|0.51|0.00|0.00|0.00|0.00|0.00|0.00|0.00
242,84.73,286,7,2,11,0,0,24|24|2|2|60|58|60|47|5|0|2|2|0|0|0|0|0|0|0|0,6.86|6.86|2.17|2.17|14.52|14.10|14.52|11.75|2.81|1.75|2.17|2.00|0.89|0.00|0.00|0.00|0.00|0.00|0.00|0.00
246,83.24,279,7,2,11,0,0,23|24|2|2|47|58|60|53|6|0|2|2|0|0|0|0|0|0|0|0,6.64|6.86|2.17|2.17|11.75|14.10|14.52|13.03|3.02|1.75|2.17|2.00|0.89|0.00|0.00|0.00|0.00|0.00|0.00|0.00
252,82.47,273,7,1,12,0,0,23|23|2|2|36|58|60|58|6|0|2|2|1|0|0|0|0|0|0|0,6.64|6.64|2.17|2.17|9.41|14.10|14.52|14.10|3.02|1.75|2.17|2.00|1.62|0.00|0.00|0.00|0.00|0.00|0.00|0.00
255,83.88,278,7,1,12,0,0,23|24|3|3|36|58|60|58|6|0|3|2|2|0|0|0|0|0|0|0,6.64|6.86|2.39|2.39|9.41|14.10|14.52|14.10|3.02|1.75|2.39|2.00|2.17|0.00|0.00|0.00|0.00|0.00|0.00|0.00
260,85.54,280,6,1,13,0,0,23|24|3|3|36|58|60|58|6|0|3|2|2|2|0|0|0|0|0|0,6.64|6.86|2.39|2.39|9.41|14.10|14.52|14.10|3.02|1.75|2.39|2.00|2.17|1.66|0.00|0.00|0.00|0.00|0.00|0.00
265,83.11,267,6,1,13,0,0,23|24|3|3|36|58|47|58|6|0|3|2|2|2|0|0|0|0|0|0,6.64|6.86|2.39|2.39|9.41|14.10|11.75|14.10|3.02|1.75|2.39|2.00|2.17|2.00|0.00|0.00|0.00|0.00|0.00|0.00
269,83.50,268,6,1,13,0,0,23|24|3|3|36|58|45|58|6|0|3|3|3|3|0|0|0|0|0|0,6.64|6.86|2.39|2.39|9.41|14.10|11.33|14.10|3.02|1.75|2.39|2.21|2.39|2.39|0.00|0.00|0.00|0.00|0.00|0.00
274,83.71,269,6,1,13,0,0,23|24|3|3|36|58|45|58|6|0|3|3|4|3|0|0|0|0|0|0,6.64|6.86|2.39|2.39|9.41|14.10|11.33|14.10|3.02|1.75|2.39|2.21|2.60|2.39|0.00|0.00|0.00|0.00|0.00|0.00
278,85.12,270,5,2,13,0,0,23|24|3|3|36|58|45|59|6|0|3|3|4|3|0|0|0|0|0|0,6.64|6.86|2.39|2.39|9.41|14.10|11.33|14.31|3.02|1.75|2.39|2.39|2.60|2.39|1.02|0.00|0.00|0.00|0.00|0.00
282,86.14,273,5,1,14,0,0,23|24|3|3|36|59|45|59|6|0|3|4|4|3|1|0|0|0|0|0,6.64|6.86|2.39|2.39|9.41|14.31|11.33|14.31|3.02|1.75|2.39|2.60|2.60|2.39|1.62|0.00|0.00|0.00|0.00|0.00
286,86.31,273,5,1,14,0,0,23|24|3|3|36|59|45|59|6|0|3|4|4|3|1|0|0|0|0|0,6.64|6.86|2.39|2.39|9.41|14.31|11.33|14.31|3.02|1.75|2.39|2.60|2.60|2.39|1.79|0.00|0.00|0.00|0.00|0.00
290,85.63,269,5,1,14,0,0,22|23|3|2|36|59|45|59|6|0|2|4|4|3|1|0|0|0|0|0,6.43|6.64|2.39|2.17|9.41|14.31|11.33|14.31|3.02|1.75|2.17|2.60|2.60|2.39|1.96|0.00|0.00|0.00|0.00|0.00
295,85.63,269,4,2,14,0,0,22|23|2|2|35|60|45|59|6|0|2|4|4|3|2|0|0|0|0|0,6.43|6.64|2.17|2.17|9.20|14.52|11.33|14.31|3.02|1.75|2.17|2.60|2.60|2.39|2.17|0.00|0.00|0.00|0.00|0.00
299,86.86,274,4,2,14,0,0,22|23|2|2|34|60|45|59|12|0|2|4|4|3|2|0|0|0|0|0,6.43|6.64|2.17|2.17|8.99|14.52|11.33|14.31|4.30|1.75|2.17|2.60|2.60|2.39|2.17|0.17|0.00|0.00|0.00|0.00
304,87.07,275,4,2,14,0,0,22|23|2|2|34|60|45|59|13|0|2|4|4|3|2|0|0|0|0|0,6.43|6.64|2.17|2.17|8.99|14.52|11.33|14.31|4.51|1.75|2.17|2.60|2.60|2.39|2.17|0.17|0.00|0.00|0.00|0.00
308,85.16,266,4,2,14,0,0,22|23|2|2|34|60|37|60|13|0|2|4|3|2|2|0|0|0|0|0,6.43|6.64|2.17|2.17|8.99|14.52|9.63|14.52|4.51|1.75|2.17|2.60|2.39|2.17|2.17|0.17|0.00|0.00|0.00|0.00
313,86.69,273,4,2,14,0,0,22|23|2|2|34|60|35|60|22|0|2|4|3|2|2|0|0|0|0|0,6.43|6.64|2.17|2.17|8.99|14.52|9.20|14.52|6.43|1.75|2.17|2.60|2.39|2.17|2.17|0.21|0.00|0.00|0.00|0.00
317,87.12,275,3,3,14,0,0,22|23|2|2|34|60|35|60|25|0|2|3|3|2|2|0|0|0|0|0,6.43|6.64|2.17|2.17|8.99|14.52|9.20|14.52|7.07|1.75|2.17|2.39|2.39|2.17|2.17|0.21|0.00|0.00|0.00|0.00
322,87.33,275,3,3,14,0,0,22|23|2|2|34|60|35|60|25|0|2|3|3|2|2|0|0|0|0|0,6.43|6.64|2.17|2.17|8.99|14.52|9.20|14.52|7.07|1.75|2.17|2.39|2.39|2.17|2.17|0.21|0.21|0.00|0.00|0.00
327,84.95,259,3,3,14,0,0,17|18|2|2|34|53|35|60|26|0|2|3|3|2|2|0|0|0|0|0,5.37|5.58|2.17|2.17|8.99|13.03|9.20|14.52|7.28|1.75|2.17|2.39|2.39|2.17|2.17|0.38|1.06|0.00|0.00|0.00
333,86.52,264,3,3,14,0,0,17|18|2|2|34|43|35|60|41|0|2|3|3|2|2|0|0|0|0|0,5.37|5.58|2.17|2.17|8.99|10.90|9.20|14.52|10.48|1.75|2.17|2.39|2.39|2.17|2.17|0.89|1.06|0.00|0.00|0.00
338,84.82,252,2,4,14,0,0,19|18|3|2|17|43|35|60|41|0|4|3|3|2|2|0|0|0|0|0,5.79|5.58|2.39|2.17|5.37|10.90|9.20|14.52|10.48|1.75|2.60|2.39|2.39|2.17|2.17|0.89|1.41|0.51|0.00|0.00
342,86.65,258,2,4,14,0,0,20|19|3|5|17|42|35|60|42|0|5|3|3|2|2|0|0|0|0|0,6.01|5.79|2.39|2.81|5.37|10.69|9.20|14.52|10.69|1.75|2.81|2.39|2.39|2.17|2.17|0.89|1.41|1.06|0.00|0.00
347,85.54,252,2,4,14,0,0,20|19|3|5|17|41|35|56|42|0|5|2|3|2|2|0|0|0|0|0,6.01|5.79|2.39|2.81|5.37|10.48|9.20|13.67|10.69|1.75|2.81|2.17|2.39|2.17|2.17|0.89|1.41|1.24|0.00|0.00
351,85.67,251,2,3,15,0,0,20|19|3|5|17|41|33|56|42|0|5|2|3|2|2|0|1|0|0|0,6.01|5.79|2.39|2.81|5.37|10.48|8.77|13.67|10.69|1.75|2.81|2.17|2.39|2.17|2.17|0.89|1.79|1.41|0.00|0.00
356,86.01,251,2,3,15,0,0,20|19|3|5|17|41|33|56|42|0|5|2|3|2|2|0|1|0|0|0,6.01|5.79|2.39|2.81|5.37|10.48|8.77|13.67|10.69|1.75|2.81|2.17|2.39|2.17|2.17|0.89|1.79|1.75|0.00|0.00
360,86.44,253,2,3,15,0,0,20|21|3|5|17|41|33|56|42|0|5|2|3|2|2|0|1|0|0|0,6.01|6.22|2.39|2.81|5.37|10.48|8.77|13.67|10.69|1.75|2.81|2.17|2.39|2.17|2.17|0.89|1.79|1.75|0.00|0.00
363,86.44,253,1,4,15,0,0,20|21|3|5|17|41|33|56|42|0|5|2|3|2|2|0|1|0|0|0,6.01|6.22|2.39|2.81|5.37|10.48|8.77|13.67|10.69|1.75|2.81|2.17|2.39|2.17|2.17|0.89|1.79|1.75|0.00|0.00
367,86.44,253,1,4,15,0,0,20|21|3|5|17|41|33|56|42|0|5|2|3|2|2|0|1|0|0|0,6.01|6.22|2.39|2.81|5.37|10.48|8.77|13.67|10.69|1.75|2.81|2.17|2.39|2.17|2.17|0.89|1.79|1.75|0.00|0.00
371,86.48,253,1,4,15,0,0,20|21|3|5|17|42|33|56|42|0|5|2|2|2|2|0|1|0|0|0,6.01|6.22|2.39|2.81|5.37|10.69|8.77|13.67|10.69|1.75|2.81|2.17|2.17|2.17|2.17|0.89|1.79|1.75|0.04|0.00
375,85.84,250,1,4,15,0,0,18|21|3|5|17|42|33|56|42|0|4|2|2|2|2|0|1|0|0|0,5.58|6.22|2.39|2.81|5.37|10.69|8.77|13.67|10.69|1.75|2.60|2.17|2.17|2.17|2.17|0.89|1.79|1.75|0.04|0.00
379,85.92,248,1,4,15,0,0,18|21|3|4|16|42|33|56|42|0|4|2|2|2|2|0|1|0|0|0,5.58|6.22|2.39|2.60|5.15|10.69|8.77|13.67|10.69|1.75|2.60|2.17|2.17|2.17|2.17|0.89|1.79|1.75|0.55|0.00
382,85.92,248,1,4,15,0,0,18|21|3|4|16|42|33|55|42|0|4|2|2|2|2|0|2|0|0|0,5.58|6.22|2.39|2.60|5.15|10.69|8.77|13.46|10.69|1.75|2.60|2.17|2.17|2.17|2.17|0.89|2.00|1.75|0.55|0.00
386,86.14,249,1,4,15,0,0,18|21|3|4|16|43|33|55|42|0|4|2|2|2|2|0|2|0|0|0,5.58|6.22|2.39|2.60|5.15|10.90|8.77|13.46|10.69|1.75|2.60|2.17|2.17|2.17|2.17|0.89|2.00|1.75|0.55|0.00
390,86.14,249,0,5,15,0,0,18|21|3|4|16|43|33|55|42|0|4|2|2|2|2|0|2|0|0|0,5.58|6.22|2.39|2.60|5.15|10.90|8.77|13.46|10.69|1.75|2.60|2.17|2.17|2.17|2.17|0.89|2.00|1.75|0.55|0.00
394,85.97,248,0,5,15,0,0,18|21|3|4|16|43|32|55|42|0|4|2|2|2|2|0|2|0|0|0,5.58|6.22|2.39|2.60|5.15|10.90|8.56|13.46|10.69|1.75|2.60|2.17|2.17|2.17|2.17|0.89|2.00|1.75|0.55|0.04
398,86.14,248,0,5,15,0,0,18|21|3|4|16|43|32|55|42|0|4|2|2|2|2|0|2|0|0|0,5.58|6.22|2.39|2.60|5.15|10.90|8.56|13.46|10.69|1.75|2.60|2.17|2.17|2.17|2.17|0.89|2.00|1.75|0.55|0.21
402,86.14,248,0,5,15,0,0,18|21|3|4|16|43|32|55|42|0|4|2|2|2|2|0|2|0|0|0,5.58|6.22|2.39|2.60|5.15|10.90|8.56|13.46|10.69|1.75|2.60|2.17|2.17|2.17|2.17|0.89|2.00|1.75|0.55|0.21
406,86.14,248,0,5,15,0,0,18|21|3|4|16|43|32|55|42|0|4|2|2|2|2|0|2|0|0|0,5.58|6.22|2.39|2.60|5.15|10.90|8.56|13.46|10.69|1.75|2.60|2.17|2.17|2.17|2.17|0.89|2.00|1.75|0.55|0.21
409,85.71,246,0,5,15,0,0,17|21|3|4|16|43|32|55|42|0|3|2|2|2|2|0|2|0|0|0,5.37|6.22|2.39|2.60|5.15|10.90|8.56|13.46|10.69|1.75|2.39|2.17|2.17|2.17|2.17|0.89|2.00|1.75|0.55|0.21
413,84.22,239,0,5,15,0,0,11|21|3|4|16|43|32|55|42|0|2|2|2|2|2|0|2|0|0|0,4.09|6.22|2.39|2.60|5.15|10.90|8.56|13.46|10.69|1.75|2.17|2.17|2.17|2.17|2.17|0.89|2.00|1.75|0.55|0.21
417,83.80,237,0,5,15,0,0,11|21|3|2|16|43|32|55|42|0|2|2|2|2|2|0|2|0|0|0,4.09|6.22|2.39|2.17|5.15|10.90|8.56|13.46|10.69|1.75|2.17|2.17|2.17|2.17|2.17|0.89|2.00|1.75|0.55|0.21
421,84.95,236,0,4,16,0,0,11|21|3|2|13|47|32|52|42|0|2|2|2|2|2|1|2|0|0|0,4.09|6.22|2.39|2.17|4.51|11.75|8.56|12.82|10.69|1.75|2.17|2.17|2.17|2.17|2.17|1.62|2.17|1.75|0.55|0.89
424,85.33,237,0,4,16,0,0,11|21|3|2|13|47|32|52|43|0|2|2|2|2|2|1|2|0|0|0,4.09|6.22|2.39|2.17|4.51|11.75|8.56|12.82|10.90|1.75|2.17|2.17|2.17|2.17|2.17|1.79|2.17|1.75|0.55|0.89
428,85.71,238,0,4,16,0,0,11|21|3|2|13|47|32|52|43|0|2|2|2|2|2|2|2|0|0|0,4.09|6.22|2.39|2.17|4.51|11.75|8.56|12.82|10.90|1.75|2.17|2.17|2.17|2.17|2.17|2.17|2.17|1.75|0.55|0.89
432,85.92,239,0,4,16,0,0,11|21|3|2|13|48|32|52|43|0|2|2|2|2|2|2|2|0|0|0,4.09|6.22|2.39|2.17|4.51|11.97|8.56|12.82|10.90|1.75|2.17|2.17|2.17|2.17|2.17|2.17|2.17|1.75|0.55|0.89
436,85.92,239,0,4,16,0,0,11|21|3|2|13|48|32|52|43|0|2|2|2|2|2|2|2|0|0|0,4.09|6.22|2.39|2.17|4.51|11.97|8.56|12.82|10.90|1.75|2.17|2.17|2.17|2.17|2.17|2.17|2.17|1.75|0.55|0.89
440,85.92,239,0,4,16,0,0,11|21|3|2|13|48|32|52|43|0|2|2|2|2|2|2|2|0|0|0,4.09|6.22|2.39|2.17|4.51|11.97|8.56|12.82|10.90|1.75|2.17|2.17|2.17|2.17|2.17|2.17|2.17|1.75|0.55|0.89
443,85.92,239,0,4,16,0,0,11|21|3|2|13|48|32|52|43|0|2|2|2|2|2|2|2|0|0|0,4.09|6.22|2.39|2.17|4.51|11.97|8.56|12.82|10.90|1.75|2.17|2.17|2.17|2.17|2.17|2.17|2.17|1.75|0.55|0.89
447,85.92,239,0,4,16,0,0,11|21|3|2|13|48|32|52|43|0|2|2|2|2|2|2|2|0|0|0,4.09|6.22|2.39|2.17|4.51|11.97|8.56|12.82|10.90|1.75|2.17|2.17|2.17|2.17|2.17|2.17|2.17|1.75|0.55|0.89
451,85.07,235,0,4,16,0,0,6|21|3|2|13|49|31|52|44|0|2|2|2|2|2|2|2|0|0|0,3.02|6.22|2.39|2.17|4.51|12.18|8.35|12.82|11.12|1.75|2.17|2.17|2.17|2.17|2.17|2.17|2.17|1.75|0.55|0.89
455,86.22,238,0,4,16,0,0,6|21|3|2|13|49|31|52|47|0|2|2|2|2|2|2|2|0|0|0,3.02|6.22|2.39|2.17|4.51|12.18|8.35|12.82|11.75|1.75|2.17|2.17|2.17|2.17|2.17|2.17|2.17|1.75|0.55|1.41
459,86.01,237,0,4,16,0,0,6|21|3|2|13|49|31|51|47|0|2|2|2|2|2|2|2|0|0|0,3.02|6.22|2.39|2.17|4.51|12.18|8.35|12.61|11.75|1.75|2.17|2.17|2.17|2.17|2.17|2.17|2.17|1.75|0.55|1.41
462,86.22,238,0,3,17,0,0,6|21|3|2|13|49|31|51|47|0|2|2|2|2|2|2|2|1|0|0,3.02|6.22|2.39|2.17|4.51|12.18|8.35|12.61|11.75|1.75|2.17|2.17|2.17|2.17|2.17|2.17|2.17|1.96|0.55|1.41
466,86.01,237,0,3,17,0,0,6|21|3|2|12|49|31|51|47|0|2|2|2|2|2|2|2|1|0|0,3.02|6.22|2.39|2.17|4.30|12.18|8.35|12.61|11.75|1.75|2.17|2.17|2.17|2.17|2.17|2.17|2.17|1.96|0.55|1.41
470,86.01,237,0,3,17,0,0,6|21|3|2|12|49|31|51|47|0|2|2|2|2|2|2|2|1|0|0,3.02|6.22|2.39|2.17|4.30|12.18|8.35|12.61|11.75|1.75|2.17|2.17|2.17|2.17|2.17|2.17|2.17|1.96|0.55|1.41
474,86.01,237,0,3,17,0,0,6|21|3|2|12|49|31|51|47|0|2|2|2|2|2|2|2|1|0|0,3.02|6.22|2.39|2.17|4.30|12.18|8.35|12.61|11.75|1.75|2.17|2.17|2.17|2.17|2.17|2.17|2.17|1.96|0.55|1.41
478,86.01,237,0,3,17,0,0,6|21|3|2|12|49|31|51|47|0|2|2|2|2|2|2|2|1|0|0,3.02|6.22|2.39|2.17|4.30|12.18|8.35|12.61|11.75|1.75|2.17|2.17|2.17|2.17|2.17|2.17|2.17|1.96|0.55|1.41
481,86.01,237,0,3,17,0,0,6|21|3|2|12|49|31|51|47|0|2|2|2|2|2|2|2|1|0|0,3.02|6.22|2.39|2.17|4.30|12.18|8.35|12.61|11.75|1.75|2.17|2.17|2.17|2.17|2.17|2.17|2.17|1.96|0.55|1.41
485,86.01,237,0,3,17,0,0,6|21|3|2|12|49|31|51|47|0|2|2|2|2|2|2|2|1|0|0,3.02|6.22|2.39|2.17|4.30|12.18|8.35|12.61|11.75|1.75|2.17|2.17|2.17|2.17|2.17|2.17|2.17|1.96|0.55|1.41
489,86.01,237,0,3,17,0,0,6|21|3|2|12|49|31|51|47|0|2|2|2|2|2|2|2|1|0|0,3.02|6.22|2.39|2.17|4.30|12.18|8.35|12.61|11.75|1.75|2.17|2.17|2.17|2.17|2.17|2.17|2.17|1.96|0.55|1.41
493,86.01,237,0,3,17,0,0,6|21|3|2|12|49|31|51|47|0|2|2|2|2|2|2|2|1|0|0,3.02|6.22|2.39|2.17|4.30|12.18|8.35|12.61|11.75|1.75|2.17|2.17|2.17|2.17|2.17|2.17|2.17|1.96|0.55|1.41
497,86.01,237,0,3,17,0,0,6|21|3|2|12|49|31|51|47|0|2|2|2|2|2|2|2|1|0|0,3.02|6.22|2.39|2.17|4.30|12.18|8.35|12.61|11.75|1.75|2.17|2.17|2.17|2.17|2.17|2.17|2.17|1.96|0.55|1.41
501,86.01,237,0,3,17,0,0,6|21|3|2|12|49|31|51|47|0|2|2|2|2|2|2|2|1|0|0,3.02|6.22|2.39|2.17|4.30|12.18|8.35|12.61|11.75|1.75|2.17|2.17|2.17|2.17|2.17|2.17|2.17|1.96|0.55|1.41
505,86.01,237,0,3,17,0,0,6|21|3|2|12|49|31|51|47|0|2|2|2|2|2|2|2|1|0|0,3.02|6.22|2.39|2.17|4.30|12.18|8.35|12.61|11.75|1.75|2.17|2.17|2.17|2.17|2.17|2.17|2.17|1.96|0.55|1.41
509,86.01,237,0,3,17,0,0,6|21|3|2|12|49|31|51|47|0|2|2|2|2|2|2|2|1|0|0,3.02|6.22|2.39|2.17|4.30|12.18|8.35|12.61|11.75|1.75|2.17|2.17|2.17|2.17|2.17|2.17|2.17|1.96|0.55|1.41
512,86.01,237,0,3,17,0,0,6|21|3|2|12|49|31|51|47|0|2|2|2|2|2|2|2|1|0|0,3.02|6.22|2.39|2.17|4.30|12.18|8.35|12.61|11.75|1.75|2.17|2.17|2.17|2.17|2.17|2.17|2.17|1.96|0.55|1.41
516,86.01,237,0,3,17,0,0,6|21|3|2|12|49|31|51|47|0|2|2|2|2|2|2|2|1|0|0,3.02|6.22|2.39|2.17|4.30|12.18|8.35|12.61|11.75|1.75|2.17|2.17|2.17|2.17|2.17|2.17|2.17|1.96|0.55|1.41
520,86.01,237,0,3,17,0,0,6|21|3|2|12|49|31|51|47|0|2|2|2|2|2|2|2|1|0|0,3.02|6.22|2.39|2.17|4.30|12.18|8.35|12.61|11.75|1.75|2.17|2.17|2.17|2.17|2.17|2.17|2.17|1.96|0.55|1.41
524,86.01,237,0,3,17,0,0,6|21|3|2|12|49|31|51|47|0|2|2|2|2|2|2|2|1|0|0,3.02|6.22|2.39|2.17|4.30|12.18|8.35|12.61|11.75|1.75|2.17|2.17|2.17|2.17|2.17|2.17|2.17|1.96|0.55|1.41
529,86.22,238,0,3,17,0,0,6|21|3|2|12|49|31|52|47|0|2|2|2|2|2|2|2|1|0|0,3.02|6.22|2.39|2.17|4.30|12.18|8.35|12.82|11.75|1.75|2.17|2.17|2.17|2.17|2.17|2.17|2.17|1.96|0.55|1.41
533,86.22,238,0,3,17,0,0,6|21|3|2|12|49|31|52|47|0|2|2|2|2|2|2|2|1|0|0,3.02|6.22|2.39|2.17|4.30|12.18|8.35|12.82|11.75|1.75|2.17|2.17|2.17|2.17|2.17|2.17|2.17|1.96|0.55|1.41
536,86.22,238,0,3,17,0,0,6|21|3|2|12|49|31|52|47|0|2|2|2|2|2|2|2|1|0|0,3.02|6.22|2.39|2.17|4.30|12.18|8.35|12.82|11.75|1.75|2.17|2.17|2.17|2.17|2.17|2.17|2.17|1.96|0.55|1.41
540,86.22,238,0,3,17,0,0,6|21|3|2|12|49|31|52|47|0|2|2|2|2|2|2|2|1|0|0,3.02|6.22|2.39|2.17|4.30|12.18|8.35|12.82|11.75|1.75|2.17|2.17|2.17|2.17|2.17|2.17|2.17|1.96|0.55|1.41
544,86.22,238,0,3,17,0,0,6|21|3|2|12|49|31|52|47|0|2|2|2|2|2|2|2|1|0|0,3.02|6.22|2.39|2.17|4.30|12.18|8.35|12.82|11.75|1.75|2.17|2.17|2.17|2.17|2.17|2.17|2.17|1.96|0.55|1.41
548,86.22,238,0,3,17,0,0,6|21|3|2|12|49|31|52|47|0|2|2|2|2|2|2|2|1|0|0,3.02|6.22|2.39|2.17|4.30|12.18|8.35|12.82|11.75|1.75|2.17|2.17|2.17|2.17|2.17|2.17|2.17|1.96|0.55|1.41
551,86.22,238,0,3,17,0,0,6|21|3|2|12|49|31|52|47|0|2|2|2|2|2|2|2|1|0|0,3.02|6.22|2.39|2.17|4.30|12.18|8.35|12.82|11.75|1.75|2.17|2.17|2.17|2.17|2.17|2.17|2.17|1.96|0.55|1.41
555,86.22,238,0,3,17,0,0,6|21|3|2|12|49|31|52|47|0|2|2|2|2|2|2|2|1|0|0,3.02|6.22|2.39|2.17|4.30|12.18|8.35|12.82|11.75|1.75|2.17|2.17|2.17|2.17|2.17|2.17|2.17|1.96|0.55|1.41
559,86.22,238,0,3,17,0,0,6|21|3|2|12|49|31|52|47|0|2|2|2|2|2|2|2|1|0|0,3.02|6.22|2.39|2.17|4.30|12.18|8.35|12.82|11.75|1.75|2.17|2.17|2.17|2.17|2.17|2.17|2.17|1.96|0.55|1.41
563,86.22,238,0,3,17,0,0,6|21|3|2|12|49|31|52|47|0|2|2|2|2|2|2|2|1|0|0,3.02|6.22|2.39|2.17|4.30|12.18|8.35|12.82|11.75|1.75|2.17|2.17|2.17|2.17|2.17|2.17|2.17|1.96|0.55|1.41
566,86.22,238,0,3,17,0,0,6|21|3|2|12|49|31|52|47|0|2|2|2|2|2|2|2|1|0|0,3.02|6.22|2.39|2.17|4.30|12.18|8.35|12.82|11.75|1.75|2.17|2.17|2.17|2.17|2.17|2.17|2.17|1.96|0.55|1.41
570,86.22,238,0,3,17,0,0,6|21|3|2|12|49|31|52|47|0|2|2|2|2|2|2|2|1|0|0,3.02|6.22|2.39|2.17|4.30|12.18|8.35|12.82|11.75|1.75|2.17|2.17|2.17|2.17|2.17|2.17|2.17|1.96|0.55|1.41
574,86.22,238,0,3,17,0,0,6|21|3|2|12|49|31|52|47|0|2|2|2|2|2|2|2|1|0|0,3.02|6.22|2.39|2.17|4.30|12.18|8.35|12.82|11.75|1.75|2.17|2.17|2.17|2.17|2.17|2.17|2.17|1.96|0.55|1.41
578,86.22,238,0,3,17,0,0,6|21|3|2|12|49|31|52|47|0|2|2|2|2|2|2|2|1|0|0,3.02|6.22|2.39|2.17|4.30|12.18|8.35|12.82|11.75|1.75|2.17|2.17|2.17|2.17|2.17|2.17|2.17|1.96|0.55|1.41
582,86.22,238,0,3,17,0,0,6|21|3|2|12|49|31|52|47|0|2|2|2|2|2|2|2|1|0|0,3.02|6.22|2.39|2.17|4.30|12.18|8.35|12.82|11.75|1.75|2.17|2.17|2.17|2.17|2.17|2.17|2.17|1.96|0.55|1.41
585,86.22,238,0,3,17,0,0,6|21|3|2|12|49|31|52|47|0|2|2|2|2|2|2|2|1|0|0,3.02|6.22|2.39|2.17|4.30|12.18|8.35|12.82|11.75|1.75|2.17|2.17|2.17|2.17|2.17|2.17|2.17|1.96|0.55|1.41
589,86.22,238,0,3,17,0,0,6|21|3|2|12|49|31|52|47|0|2|2|2|2|2|2|2|1|0|0,3.02|6.22|2.39|2.17|4.30|12.18|8.35|12.82|11.75|1.75|2.17|2.17|2.17|2.17|2.17|2.17|2.17|1.96|0.55|1.41
593,86.22,238,0,3,17,0,0,6|21|3|2|12|49|31|52|47|0|2|2|2|2|2|2|2|1|0|0,3.02|6.22|2.39|2.17|4.30|12.18|8.35|12.82|11.75|1.75|2.17|2.17|2.17|2.17|2.17|2.17|2.17|1.96|0.55|1.41
597,86.22,238,0,3,17,0,0,6|21|3|2|12|49|31|52|47|0|2|2|2|2|2|2|2|1|0|0,3.02|6.22|2.39|2.17|4.30|12.18|8.35|12.82|11.75|1.75|2.17|2.17|2.17|2.17|2.17|2.17|2.17|1.96|0.55|1.41
601,86.22,238,0,3,17,0,0,6|21|3|2|12|49|31|52|47|0|2|2|2|2|2|2|2|1|0|0,3.02|6.22|2.39|2.17|4.30|12.18|8.35|12.82|11.75|1.75|2.17|2.17|2.17|2.17|2.17|2.17|2.17|1.96|0.55|1.41
605,86.22,238,0,3,17,0,0,6|21|3|2|12|49|31|52|47|0|2|2|2|2|2|2|2|1|0|0,3.02|6.22|2.39|2.17|4.30|12.18|8.35|12.82|11.75|1.75|2.17|2.17|2.17|2.17|2.17|2.17|2.17|1.96|0.55|1.41
608,86.22,238,0,3,17,0,0,6|21|3|2|12|49|31|52|47|0|2|2|2|2|2|2|2|1|0|0,3.02|6.22|2.39|2.17|4.30|12.18|8.35|12.82|11.75|1.75|2.17|2.17|2.17|2.17|2.17|2.17|2.17|1.96|0.55|1.41
612,86.22,238,0,3,17,0,0,6|21|3|2|12|49|31|52|47|0|2|2|2|2|2|2|2|1|0|0,3.02|6.22|2.39|2.17|4.30|12.18|8.35|12.82|11.75|1.75|2.17|2.17|2.17|2.17|2.17|2.17|2.17|1.96|0.55|1.41
616,86.22,238,0,3,17,0,0,6|21|3|2|12|49|31|52|47|0|2|2|2|2|2|2|2|1|0|0,3.02|6.22|2.39|2.17|4.30|12.18|8.35|12.82|11.75|1.75|2.17|2.17|2.17|2.17|2.17|2.17|2.17|1.96|0.55|1.41
620,86.22,238,0,3,17,0,0,6|21|3|2|12|49|31|52|47|0|2|2|2|2|2|2|2|1|0|0,3.02|6.22|2.39|2.17|4.30|12.18|8.35|12.82|11.75|1.75|2.17|2.17|2.17|2.17|2.17|2.17|2.17|1.96|0.55|1.41
624,86.22,238,0,3,17,0,0,6|21|3|2|12|49|31|52|47|0|2|2|2|2|2|2|2|1|0|0,3.02|6.22|2.39|2.17|4.30|12.18|8.35|12.82|11.75|1.75|2.17|2.17|2.17|2.17|2.17|2.17|2.17|1.96|0.55|1.41
627,86.22,238,0,3,17,0,0,6|21|3|2|12|49|31|52|47|0|2|2|2|2|2|2|2|1|0|0,3.02|6.22|2.39|2.17|4.30|12.18|8.35|12.82|11.75|1.75|2.17|2.17|2.17|2.17|2.17|2.17|2.17|1.96|0.55|1.41
632,86.22,238,0,3,17,0,0,6|21|3|2|12|49|31|52|47|0|2|2|2|2|2|2|2|1|0|0,3.02|6.22|2.39|2.17|4.30|12.18|8.35|12.82|11.75|1.75|2.17|2.17|2.17|2.17|2.17|2.17|2.17|1.96|0.55|1.41
636,86.22,238,0,3,17,0,0,6|21|3|2|12|49|31|52|47|0|2|2|2|2|2|2|2|1|0|0,3.02|6.22|2.39|2.17|4.30|12.18|8.35|12.82|11.75|1.75|2.17|2.17|2.17|2.17|2.17|2.17|2.17|1.96|0.55|1.41
640,86.22,238,0,3,17,0,0,6|21|3|2|12|49|31|52|47|0|2|2|2|2|2|2|2|1|0|0,3.02|6.22|2.39|2.17|4.30|12.18|8.35|12.82|11.75|1.75|2.17|2.17|2.17|2.17|2.17|2.17|2.17|1.96|0.55|1.41
644,86.22,238,0,3,17,0,0,6|21|3|2|12|49|31|52|47|0|2|2|2|2|2|2|2|1|0|0,3.02|6.22|2.39|2.17|4.30|12.18|8.35|12.82|11.75|1.75|2.17|2.17|2.17|2.17|2.17|2.17|2.17|1.96|0.55|1.41
647,86.22,238,0,3,17,0,0,6|21|3|2|12|49|31|52|47|0|2|2|2|2|2|2|2|1|0|0,3.02|6.22|2.39|2.17|4.30|12.18|8.35|12.82|11.75|1.75|2.17|2.17|2.17|2.17|2.17|2.17|2.17|1.96|0.55|1.41
651,86.22,238,0,3,17,0,0,6|21|3|2|12|49|31|52|47|0|2|2|2|2|2|2|2|1|0|0,3.02|6.22|2.39|2.17|4.30|12.18|8.35|12.82|11.75|1.75|2.17|2.17|2.17|2.17|2.17|2.17|2.17|1.96|0.55|1.41
655,86.22,238,0,3,17,0,0,6|21|3|2|12|49|31|52|47|0|2|2|2|2|2|2|2|1|0|0,3.02|6.22|2.39|2.17|4.30|12.18|8.35|12.82|11.75|1.75|2.17|2.17|2.17|2.17|2.17|2.17|2.17|1.96|0.55|1.41
659,86.22,238,0,3,17,0,0,6|21|3|2|12|49|31|52|47|0|2|2|2|2|2|2|2|1|0|0,3.02|6.22|2.39|2.17|4.30|12.18|8.35|12.82|11.75|1.75|2.17|2.17|2.17|2.17|2.17|2.17|2.17|1.96|0.55|1.41
662,86.22,238,0,3,17,0,0,6|21|3|2|12|49|31|52|47|0|2|2|2|2|2|2|2|1|0|0,3.02|6.22|2.39|2.17|4.30|12.18|8.35|12.82|11.75|1.75|2.17|2.17|2.17|2.17|2.17|2.17|2.17|1.96|0.55|1.41
666,86.22,238,0,3,17,0,0,6|21|3|2|12|49|31|52|47|0|2|2|2|2|2|2|2|1|0|0,3.02|6.22|2.39|2.17|4.30|12.18|8.35|12.82|11.75|1.75|2.17|2.17|2.17|2.17|2.17|2.17|2.17|1.96|0.55|1.41
670,86.22,238,0,3,17,0,0,6|21|3|2|12|49|31|52|47|0|2|2|2|2|2|2|2|1|0|0,3.02|6.22|2.39|2.17|4.30|12.18|8.35|12.82|11.75|1.75|2.17|2.17|2.17|2.17|2.17|2.17|2.17|1.96|0.55|1.41
674,86.22,238,0,3,17,0,0,6|21|3|2|12|49|31|52|47|0|2|2|2|2|2|2|2|1|0|0,3.02|6.22|2.39|2.17|4.30|12.18|8.35|12.82|11.75|1.75|2.17|2.17|2.17|2.17|2.17|2.17|2.17|1.96|0.55|1.41
678,86.22,238,0,3,17,0,0,6|21|3|2|12|49|31|52|47|0|2|2|2|2|2|2|2|1|0|0,3.02|6.22|2.39|2.17|4.30|12.18|8.35|12.82|11.75|1.75|2.17|2.17|2.17|2.17|2.17|2.17|2.17|1.96|0.55|1.41
682,86.22,238,0,3,17,0,0,6|21|3|2|12|49|31|52|47|0|2|2|2|2|2|2|2|1|0|0,3.02|6.22|2.39|2.17|4.30|12.18|8.35|12.82|11.75|1.75|2.17|2.17|2.17|2.17|2.17|2.17|2.17|1.96|0.55|1.41
685,86.22,238,0,3,17,0,0,6|21|3|2|12|49|31|52|47|0|2|2|2|2|2|2|2|1|0|0,3.02|6.22|2.39|2.17|4.30|12.18|8.35|12.82|11.75|1.75|2.17|2.17|2.17|2.17|2.17|2.17|2.17|1.96|0.55|1.41
689,86.22,238,0,3,17,0,0,6|21|3|2|12|49|31|52|47|0|2|2|2|2|2|2|2|1|0|0,3.02|6.22|2.39|2.17|4.30|12.18|8.35|12.82|11.75|1.75|2.17|2.17|2.17|2.17|2.17|2.17|2.17|1.96|0.55|1.41
693,86.22,238,0,3,17,0,0,6|21|3|2|12|49|31|52|47|0|2|2|2|2|2|2|2|1|0|0,3.02|6.22|2.39|2.17|4.30|12.18|8.35|12.82|11.75|1.75|2.17|2.17|2.17|2.17|2.17|2.17|2.17|1.96|0.55|1.41
697,86.22,238,0,3,17,0,0,6|21|3|2|12|49|31|52|47|0|2|2|2|2|2|2|2|1|0|0,3.02|6.22|2.39|2.17|4.30|12.18|8.35|12.82|11.75|1.75|2.17|2.17|2.17|2.17|2.17|2.17|2.17|1.96|0.55|1.41
701,86.22,238,0,3,17,0,0,6|21|3|2|12|49|31|52|47|0|2|2|2|2|2|2|2|1|0|0,3.02|6.22|2.39|2.17|4.30|12.18|8.35|12.82|11.75|1.75|2.17|2.17|2.17|2.17|2.17|2.17|2.17|1.96|0.55|1.41
704,86.22,238,0,3,17,0,0,6|21|3|2|12|49|31|52|47|0|2|2|2|2|2|2|2|1|0|0,3.02|6.22|2.39|2.17|4.30|12.18|8.35|12.82|11.75|1.75|2.17|2.17|2.17|2.17|2.17|2.17|2.17|1.96|0.55|1.41
708,86.22,238,0,3,17,0,0,6|21|3|2|12|49|31|52|47|0|2|2|2|2|2|2|2|1|0|0,3.02|6.22|2.39|2.17|4.30|12.18|8.35|12.82|11.75|1.75|2.17|2.17|2.17|2.17|2.17|2.17|2.17|1.96|0.55|1.41
712,86.22,238,0,3,17,0,0,6|21|3|2|12|49|31|52|47|0|2|2|2|2|2|2|2|1|0|0,3.02|6.22|2.39|2.17|4.30|12.18|8.35|12.82|11.75|1.75|2.17|2.17|2.17|2.17|2.17|2.17|2.17|1.96|0.55|1.41
716,86.22,238,0,2,17,0,0,6|21|3|2|12|49|31|52|47|0|2|2|2|2|2|2|2|1|0|0,3.02|6.22|2.39|2.17|4.30|12.18|8.35|12.82|11.75|1.75|2.17|2.17|2.17|2.17|2.17|2.17|2.17|1.96|0.55|1.41
720,86.22,238,0,2,17,0,0,6|21|3|2|12|49|31|52|47|0|2|2|2|2|2|2|2|1|0|0,3.02|6.22|2.39|2.17|4.30|12.18|8.35|12.82|11.75|1.75|2.17|2.17|2.17|2.17|2.17|2.17|2.17|1.96|0.55|1.41
724,86.22,238,0,2,17,0,0,6|21|3|2|12|49|31|52|47|0|2|2|2|2|2|2|2|1|0|0,3.02|6.22|2.39|2.17|4.30|12.18|8.35|12.82|11.75|1.75|2.17|2.17|2.17|2.17|2.17|2.17|2.17|1.96|0.55|1.41
727,86.22,238,0,2,17,0,0,6|21|3|2|12|49|31|52|47|0|2|2|2|2|2|2|2|1|0|0,3.02|6.22|2.39|2.17|4.30|12.18|8.35|12.82|11.75|1.75|2.17|2.17|2.17|2.17|2.17|2.17|2.17|1.96|0.55|1.41
731,80.18,217,0,0,16,0,0,0|6|3|2|12|49|31|52|47|0|2|2|2|2|2|2|2|1|0|0,0.17|3.02|2.39|2.17|4.30|12.18|8.35|12.82|11.75|1.75|2.17|2.17|2.17|2.17|2.17|2.17|2.17|1.96|0.55|1.41
735,74.94,207,0,0,14,2,0,0|0|0|1|12|49|31|52|47|0|2|2|2|2|2|2|2|1|0|0,0.17|0.17|0.21|1.96|4.30|12.18|8.35|12.82|11.75|1.75|2.17|2.17|2.17|2.17|2.17|2.17|2.17|1.96|0.55|1.41
738,64.97,175,0,0,12,3,0,0|0|0|0|0|30|31|52|47|0|2|2|2|2|2|2|2|1|0|0,0.00|0.17|0.21|0.34|0.17|8.13|8.35|12.82|11.75|1.75|2.17|2.17|2.17|2.17|2.17|2.17|2.17|1.96|0.55|1.41
742,49.51,117,0,0,12,3,0,0|0|0|0|0|3|1|51|47|0|2|2|2|2|2|2|2|1|0|0,0.00|0.00|0.04|0.00|0.00|0.64|1.45|12.61|11.75|1.75|2.17|2.17|2.17|2.17|2.17|2.17|2.17|1.96|0.55|1.41
745,27.53,24,0,0,11,2,0,0|0|0|0|0|1|0|2|6|0|2|2|2|2|2|2|2|1|0|0,0.00|0.00|0.00|0.00|0.00|0.21|0.34|0.94|3.02|1.75|2.17|2.17|2.17|2.17|2.17|2.17|2.17|1.96|0.55|1.41
747,23.45,16,0,0,10,2,0,0|0|0|0|0|1|0|1|0|0|1|2|2|2|2|2|2|1|0|0,0.00|0.00|0.00|0.00|0.00|0.21|0.17|0.38|0.72|0.89|1.96|2.17|2.17|2.17|2.17|2.17|2.17|1.96|0.55|1.41
749,20.00,13,0,0,8,2,0,0|0|0|0|0|1|0|1|0|0|0|0|2|2|2|2|2|1|0|0,0.00|0.00|0.00|0.00|0.00|0.21|0.17|0.38|0.38|0.17|0.17|1.58|2.17|2.17|2.17|2.17|2.17|1.96|0.55|1.41
751,16.12,11,0,0,7,2,0,0|0|0|0|0|1|0|1|0|0|0|0|0|2|2|2|2|1|0|0,0.00|0.00|0.00|0.00|0.00|0.21|0.00|0.21|0.21|0.00|0.17|0.00|0.55|2.17|2.17|2.17|2.17|1.96|0.55|1.41
753,13.65,8,0,0,6,0,0,0|0|0|0|0|1|0|1|0|0|0|0|0|0|1|2|2|1|0|0,0.00|0.00|0.00|0.00|0.00|0.21|0.00|0.21|0.00|0.00|0.00|0.00|0.17|0.68|1.96|2.17|2.17|1.96|0.55|1.41
754,11.44,5,0,0,4,1,0,0|0|0|0|0|1|0|1|0|0|0|0|0|0|0|0|2|1|0|0,0.00|0.00|0.00|0.00|0.00|0.21|0.00|0.21|0.00|0.00|0.00|0.00|0.17|0.00|0.85|1.75|2.17|1.96|0.55|1.41
756,8.88,2,0,0,2,3,0,0|0|0|0|0|0|0|1|0|0|0|0|0|0|0|0|0|1|0|0,0.00|0.00|0.00|0.00|0.00|0.00|0.00|0.21|0.00|0.00|0.00|0.00|0.00|0.00|0.17|0.68|1.75|1.96|0.55|1.41
758,6.71,0,0,0,0,3,0,0|0|0|0|0|0|0|0|0|0|0|0|0|0|0|0|0|0|0|0,0.00|0.00|0.00|0.00|0.00|0.00|0.00|0.00|0.00|0.00|0.00|0.00|0.00|0.00|0.17|0.34|0.34|1.75|0.55|1.41
759,5.47,0,0,0,0,2,0,0|0|0|0|0|0|0|0|0|0|0|0|0|0|0|0|0|0|0|0,0.00|0.00|0.00|0.00|0.00|0.00|0.00|0.00|0.00|0.00|0.00|0.00|0.00|0.00|0.17|0.34|0.34|0.51|0.55|1.41
760,4.96,0,0,0,0,2,0,0|0|0|0|0|0|0|0|0|0|0|0|0|0|0|0|0|0|0|0,0.00|0.00|0.00|0.00|0.00|0.00|0.00|0.00|0.00|0.00|0.00|0.00|0.00|0.00|0.17|0.34|0.17|0.34|0.38|1.41
762,3.51,0,0,0,0,2,0,0|0|0|0|0|0|0|0|0|0|0|0|0|0|0|0|0|0|0|0,0.00|0.00|0.00|0.00|0.00|0.00|0.00|0.00|0.00|0.00|0.00|0.00|0.00|0.00|0.00|0.17|0.17|0.34|0.00|0.68
763,3.17,0,0,0,0,1,0,0|0|0|0|0|0|0|0|0|0|0|0|0|0|0|0|0|0|0|0,0.00|0.00|0.00|0.00|0.00|0.00|0.00|0.00|0.00|0.00|0.00|0.00|0.00|0.00|0.00|0.17|0.17|0.34|0.00|0.34
764,2.83,0,0,0,0,1,0,0|0|0|0|0|0|0|0|0|0|0|0|0|0|0|0|0|0|0|0,0.00|0.00|0.00|0.00|0.00|0.00|0.00|0.00|0.00|0.00|0.00|0.00|0.00|0.00|0.00|0.17|0.00|0.17|0.00|0.34
766,2.49,0,0,0,0,1,0,0|0|0|0|0|0|0|0|0|0|0|0|0|0|0|0|0|0|0|0,0.00|0.00|0.00|0.00|0.00|0.00|0.00|0.00|0.00|0.00|0.00|0.00|0.00|0.00|0.00|0.00|0.00|0.00|0.00|0.34
767,2.15,0,0,0,0,0,0,0|0|0|0|0|0|0|0|0|0|0|0|0|0|0|0|0|0|0|0,0.00|0.00|0.00|0.00|0.00|0.00|0.00|0.00|0.00|0.00|0.00|0.00|0.00|0.00|0.00|0.00|0.00|0.00|0.00|0.00
