0,2.11,0,20,0,0,0,0,0|0|0|0|0|0|0|0|0|0|0|0|0|0|0|0|0|0|0|0,0.00|0.00|0.00|0.00|0.00|0.00|0.00|0.00|0.00|0.00|0.00|0.00|0.00|0.00|0.00|0.00|0.00|0.00|0.00|0.00
1,2.11,0,20,0,0,0,0,0|0|0|0|0|0|0|0|0|0|0|0|0|0|0|0|0|0|0|0,0.00|0.00|0.00|0.00|0.00|0.00|0.00|0.00|0.00|0.00|0.00|0.00|0.00|0.00|0.00|0.00|0.00|0.00|0.00|0.00
2,2.11,0,20,0,0,0,0,0|0|0|0|0|0|0|0|0|0|0|0|0|0|0|0|0|0|0|0,0.00|0.00|0.00|0.00|0.00|0.00|0.00|0.00|0.00|0.00|0.00|0.00|0.00|0.00|0.00|0.00|0.00|0.00|0.00|0.00
3,2.11,0,20,0,0,0,0,0|0|0|0|0|0|0|0|0|0|0|0|0|0|0|0|0|0|0|0,0.00|0.00|0.00|0.00|0.00|0.00|0.00|0.00|0.00|0.00|0.00|0.00|0.00|0.00|0.00|0.00|0.00|0.00|0.00|0.00
5,2.11,0,20,0,0,0,0,0|0|0|0|0|0|0|0|0|0|0|0|0|0|0|0|0|0|0|0,0.00|0.00|0.00|0.00|0.00|0.00|0.00|0.00|0.00|0.00|0.00|0.00|0.00|0.00|0.00|0.00|0.00|0.00|0.00|0.00
6,2.11,0,20,0,0,0,0,0|0|0|0|0|0|0|0|0|0|0|0|0|0|0|0|0|0|0|0,0.00|0.00|0.00|0.00|0.00|0.00|0.00|0.00|0.00|0.00|0.00|0.00|0.00|0.00|0.00|0.00|0.00|0.00|0.00|0.00
7,2.11,0,20,0,0,0,0,0|0|0|0|0|0|0|0|0|0|0|0|0|0|0|0|0|0|0|0,0.00|0.00|0.00|0.00|0.00|0.00|0.00|0.00|0.00|0.00|0.00|0.00|0.00|0.00|0.00|0.00|0.00|0.00|0.00|0.00
9,2.11,0,20,0,0,0,0,0|0|0|0|0|0|0|0|0|0|0|0|0|0|0|0|0|0|0|0,0.00|0.00|0.00|0.00|0.00|0.00|0.00|0.00|0.00|0.00|0.00|0.00|0.00|0.00|0.00|0.00|0.00|0.00|0.00|0.00
10,2.11,0,20,0,0,0,0,0|0|0|0|0|0|0|0|0|0|0|0|0|0|0|0|0|0|0|0,0.00|0.00|0.00|0.00|0.00|0.00|0.00|0.00|0.00|0.00|0.00|0.00|0.00|0.00|0.00|0.00|0.00|0.00|0.00|0.00
11,2.11,0,20,0,0,0,0,0|0|0|0|0|0|0|0|0|0|0|0|0|0|0|0|0|0|0|0,0.00|0.00|0.00|0.00|0.00|0.00|0.00|0.00|0.00|0.00|0.00|0.00|0.00|0.00|0.00|0.00|0.00|0.00|0.00|0.00
13,2.11,0,20,0,0,0,0,0|0|0|0|0|0|0|0|0|0|0|0|0|0|0|0|0|0|0|0,0.00|0.00|0.00|0.00|0.00|0.00|0.00|0.00|0.00|0.00|0.00|0.00|0.00|0.00|0.00|0.00|0.00|0.00|0.00|0.00
14,2.11,0,20,0,0,0,0,0|0|0|0|0|0|0|0|0|0|0|0|0|0|0|0|0|0|0|0,0.00|0.00|0.00|0.00|0.00|0.00|0.00|0.00|0.00|0.00|0.00|0.00|0.00|0.00|0.00|0.00|0.00|0.00|0.00|0.00
15,2.11,0,20,0,0,0,0,0|0|0|0|0|0|0|0|0|0|0|0|0|0|0|0|0|0|0|0,0.00|0.00|0.00|0.00|0.00|0.00|0.00|0.00|0.00|0.00|0.00|0.00|0.00|0.00|0.00|0.00|0.00|0.00|0.00|0.00
17,2.11,0,19,1,0,0,0,0|0|0|0|0|0|0|0|0|0|0|0|0|0|0|0|0|0|0|0,0.00|0.00|0.00|0.00|0.00|0.00|0.00|0.00|0.00|0.00|0.00|0.00|0.00|0.00|0.00|0.00|0.00|0.00|0.00|0.00
18,2.79,0,19,1,0,0,0,0|0|0|0|0|0|0|0|0|0|0|0|0|0|0|0|0|0|0|0,0.68|0.00|0.00|0.00|0.00|0.00|0.00|0.00|0.00|0.00|0.00|0.00|0.00|0.00|0.00|0.00|0.00|0.00|0.00|0.00
20,8.20,22,19,0,1,0,0,22|0|0|0|0|0|0|0|0|0|0|0|0|0|0|0|0|0|0|0,6.09|0.00|0.00|0.00|0.00|0.00|0.00|0.00|0.00|0.00|0.00|0.00|0.00|0.00|0.00|0.00|0.00|0.00|0.00|0.00
21,13.22,44,19,0,1,0,0,44|0|0|0|0|0|0|0|0|0|0|0|0|0|0|0|0|0|0|0,11.12|0.00|0.00|0.00|0.00|0.00|0.00|0.00|0.00|0.00|0.00|0.00|0.00|0.00|0.00|0.00|0.00|0.00|0.00|0.00
23,15.35,54,19,0,1,0,0,54|0|0|0|0|0|0|0|0|0|0|0|0|0|0|0|0|0|0|0,13.25|0.00|0.00|0.00|0.00|0.00|0.00|0.00|0.00|0.00|0.00|0.00|0.00|0.00|0.00|0.00|0.00|0.00|0.00|0.00
24,15.99,57,19,0,1,0,0,57|0|0|0|0|0|0|0|0|0|0|0|0|0|0|0|0|0|0|0,13.88|0.00|0.00|0.00|0.00|0.00|0.00|0.00|0.00|0.00|0.00|0.00|0.00|0.00|0.00|0.00|0.00|0.00|0.00|0.00
26,15.99,57,19,0,1,0,0,57|0|0|0|0|0|0|0|0|0|0|0|0|0|0|0|0|0|0|0,13.88|0.00|0.00|0.00|0.00|0.00|0.00|0.00|0.00|0.00|0.00|0.00|0.00|0.00|0.00|0.00|0.00|0.00|0.00|0.00
28,16.42,59,19,0,1,0,0,59|0|0|0|0|0|0|0|0|0|0|0|0|0|0|0|0|0|0|0,14.31|0.00|0.00|0.00|0.00|0.00|0.00|0.00|0.00|0.00|0.00|0.00|0.00|0.00|0.00|0.00|0.00|0.00|0.00|0.00
29,16.42,59,19,0,1,0,0,59|0|0|0|0|0|0|0|0|0|0|0|0|0|0|0|0|0|0|0,14.31|0.00|0.00|0.00|0.00|0.00|0.00|0.00|0.00|0.00|0.00|0.00|0.00|0.00|0.00|0.00|0.00|0.00|0.00|0.00
31,16.63,60,19,0,1,0,0,60|0|0|0|0|0|0|0|0|0|0|0|0|0|0|0|0|0|0|0,14.52|0.00|0.00|0.00|0.00|0.00|0.00|0.00|0.00|0.00|0.00|0.00|0.00|0.00|0.00|0.00|0.00|0.00|0.00|0.00
33,16.63,60,19,0,1,0,0,60|0|0|0|0|0|0|0|0|0|0|0|0|0|0|0|0|0|0|0,14.52|0.00|0.00|0.00|0.00|0.00|0.00|0.00|0.00|0.00|0.00|0.00|0.00|0.00|0.00|0.00|0.00|0.00|0.00|0.00
34,16.63,60,19,0,1,0,0,60|0|0|0|0|0|0|0|0|0|0|0|0|0|0|0|0|0|0|0,14.52|0.00|0.00|0.00|0.00|0.00|0.00|0.00|0.00|0.00|0.00|0.00|0.00|0.00|0.00|0.00|0.00|0.00|0.00|0.00
36,16.63,60,19,0,1,0,0,60|0|0|0|0|0|0|0|0|0|0|0|0|0|0|0|0|0|0|0,14.52|0.00|0.00|0.00|0.00|0.00|0.00|0.00|0.00|0.00|0.00|0.00|0.00|0.00|0.00|0.00|0.00|0.00|0.00|0.00
38,16.63,60,19,0,1,0,0,60|0|0|0|0|0|0|0|0|0|0|0|0|0|0|0|0|0|0|0,14.52|0.00|0.00|0.00|0.00|0.00|0.00|0.00|0.00|0.00|0.00|0.00|0.00|0.00|0.00|0.00|0.00|0.00|0.00|0.00
39,16.63,60,19,0,1,0,0,60|0|0|0|0|0|0|0|0|0|0|0|0|0|0|0|0|0|0|0,14.52|0.00|0.00|0.00|0.00|0.00|0.00|0.00|0.00|0.00|0.00|0.00|0.00|0.00|0.00|0.00|0.00|0.00|0.00|0.00
41,18.16,60,18,1,1,0,0,60|0|0|0|0|0|0|0|0|0|0|0|0|0|0|0|0|0|0|0,14.52|1.53|0.00|0.00|0.00|0.00|0.00|0.00|0.00|0.00|0.00|0.00|0.00|0.00|0.00|0.00|0.00|0.00|0.00|0.00
43,24.08,87,18,0,2,0,0,60|27|0|0|0|0|0|0|0|0|0|0|0|0|0|0|0|0|0|0,14.52|7.45|0.00|0.00|0.00|0.00|0.00|0.00|0.00|0.00|0.00|0.00|0.00|0.00|0.00|0.00|0.00|0.00|0.00|0.00
45,30.52,117,18,0,2,0,0,60|57|0|0|0|0|0|0|0|0|0|0|0|0|0|0|0|0|0|0,14.52|13.88|0.00|0.00|0.00|0.00|0.00|0.00|0.00|0.00|0.00|0.00|0.00|0.00|0.00|0.00|0.00|0.00|0.00|0.00
47,30.94,119,18,0,2,0,0,60|59|0|0|0|0|0|0|0|0|0|0|0|0|0|0|0|0|0|0,14.52|14.31|0.00|0.00|0.00|0.00|0.00|0.00|0.00|0.00|0.00|0.00|0.00|0.00|0.00|0.00|0.00|0.00|0.00|0.00
48,31.15,120,18,0,2,0,0,60|60|0|0|0|0|0|0|0|0|0|0|0|0|0|0|0|0|0|0,14.52|14.52|0.00|0.00|0.00|0.00|0.00|0.00|0.00|0.00|0.00|0.00|0.00|0.00|0.00|0.00|0.00|0.00|0.00|0.00
50,31.15,120,18,0,2,0,0,60|60|0|0|0|0|0|0|0|0|0|0|0|0|0|0|0|0|0|0,14.52|14.52|0.00|0.00|0.00|0.00|0.00|0.00|0.00|0.00|0.00|0.00|0.00|0.00|0.00|0.00|0.00|0.00|0.00|0.00
52,31.15,120,18,0,2,0,0,60|60|0|0|0|0|0|0|0|0|0|0|0|0|0|0|0|0|0|0,14.52|14.52|0.00|0.00|0.00|0.00|0.00|0.00|0.00|0.00|0.00|0.00|0.00|0.00|0.00|0.00|0.00|0.00|0.00|0.00
54,31.15,120,18,0,2,0,0,60|60|0|0|0|0|0|0|0|0|0|0|0|0|0|0|0|0|0|0,14.52|14.52|0.00|0.00|0.00|0.00|0.00|0.00|0.00|0.00|0.00|0.00|0.00|0.00|0.00|0.00|0.00|0.00|0.00|0.00
56,31.15,120,18,0,2,0,0,60|60|0|0|0|0|0|0|0|0|0|0|0|0|0|0|0|0|0|0,14.52|14.52|0.00|0.00|0.00|0.00|0.00|0.00|0.00|0.00|0.00|0.00|0.00|0.00|0.00|0.00|0.00|0.00|0.00|0.00
58,31.15,120,18,0,2,0,0,60|60|0|0|0|0|0|0|0|0|0|0|0|0|0|0|0|0|0|0,14.52|14.52|0.00|0.00|0.00|0.00|0.00|0.00|0.00|0.00|0.00|0.00|0.00|0.00|0.00|0.00|0.00|0.00|0.00|0.00
60,31.15,120,18,0,2,0,0,60|60|0|0|0|0|0|0|0|0|0|0|0|0|0|0|0|0|0|0,14.52|14.52|0.00|0.00|0.00|0.00|0.00|0.00|0.00|0.00|0.00|0.00|0.00|0.00|0.00|0.00|0.00|0.00|0.00|0.00
62,31.15,120,18,0,2,0,0,60|60|0|0|0|0|0|0|0|0|0|0|0|0|0|0|0|0|0|0,14.52|14.52|0.00|0.00|0.00|0.00|0.00|0.00|0.00|0.00|0.00|0.00|0.00|0.00|0.00|0.00|0.00|0.00|0.00|0.00
64,31.15,120,18,0,2,0,0,60|60|0|0|0|0|0|0|0|0|0|0|0|0|0|0|0|0|0|0,14.52|14.52|0.00|0.00|0.00|0.00|0.00|0.00|0.00|0.00|0.00|0.00|0.00|0.00|0.00|0.00|0.00|0.00|0.00|0.00
66,31.15,120,17,1,2,0,0,60|60|0|0|0|0|0|0|0|0|0|0|0|0|0|0|0|0|0|0,14.52|14.52|0.00|0.00|0.00|0.00|0.00|0.00|0.00|0.00|0.00|0.00|0.00|0.00|0.00|0.00|0.00|0.00|0.00|0.00
69,40.10,154,17,0,3,0,0,60|60|34|0|0|0|0|0|0|0|0|0|0|0|0|0|0|0|0|0,14.52|14.52|8.94|0.00|0.00|0.00|0.00|0.00|0.00|0.00|0.00|0.00|0.00|0.00|0.00|0.00|0.00|0.00|0.00|0.00
71,43.97,172,17,0,3,0,0,60|60|52|0|0|0|0|0|0|0|0|0|0|0|0|0|0|0|0|0,14.52|14.52|12.82|0.00|0.00|0.00|0.00|0.00|0.00|0.00|0.00|0.00|0.00|0.00|0.00|0.00|0.00|0.00|0.00|0.00
74,45.04,177,17,0,3,0,0,60|60|57|0|0|0|0|0|0|0|0|0|0|0|0|0|0|0|0|0,14.52|14.52|13.88|0.00|0.00|0.00|0.00|0.00|0.00|0.00|0.00|0.00|0.00|0.00|0.00|0.00|0.00|0.00|0.00|0.00
76,45.04,177,17,0,3,0,0,60|60|57|0|0|0|0|0|0|0|0|0|0|0|0|0|0|0|0|0,14.52|14.52|13.88|0.00|0.00|0.00|0.00|0.00|0.00|0.00|0.00|0.00|0.00|0.00|0.00|0.00|0.00|0.00|0.00|0.00
79,45.46,179,17,0,3,0,0,60|60|59|0|0|0|0|0|0|0|0|0|0|0|0|0|0|0|0|0,14.52|14.52|14.31|0.00|0.00|0.00|0.00|0.00|0.00|0.00|0.00|0.00|0.00|0.00|0.00|0.00|0.00|0.00|0.00|0.00
81,45.46,179,17,0,3,0,0,60|60|59|0|0|0|0|0|0|0|0|0|0|0|0|0|0|0|0|0,14.52|14.52|14.31|0.00|0.00|0.00|0.00|0.00|0.00|0.00|0.00|0.00|0.00|0.00|0.00|0.00|0.00|0.00|0.00|0.00
83,45.46,179,17,0,3,0,0,60|60|59|0|0|0|0|0|0|0|0|0|0|0|0|0|0|0|0|0,14.52|14.52|14.31|0.00|0.00|0.00|0.00|0.00|0.00|0.00|0.00|0.00|0.00|0.00|0.00|0.00|0.00|0.00|0.00|0.00
86,45.46,179,17,0,3,0,0,60|60|59|0|0|0|0|0|0|0|0|0|0|0|0|0|0|0|0|0,14.52|14.52|14.31|0.00|0.00|0.00|0.00|0.00|0.00|0.00|0.00|0.00|0.00|0.00|0.00|0.00|0.00|0.00|0.00|0.00
88,45.46,179,17,0,3,0,0,60|60|59|0|0|0|0|0|0|0|0|0|0|0|0|0|0|0|0|0,14.52|14.52|14.31|0.00|0.00|0.00|0.00|0.00|0.00|0.00|0.00|0.00|0.00|0.00|0.00|0.00|0.00|0.00|0.00|0.00
90,45.46,179,17,0,3,0,0,60|60|59|0|0|0|0|0|0|0|0|0|0|0|0|0|0|0|0|0,14.52|14.52|14.31|0.00|0.00|0.00|0.00|0.00|0.00|0.00|0.00|0.00|0.00|0.00|0.00|0.00|0.00|0.00|0.00|0.00
93,47.17,183,16,0,4,0,0,60|60|59|4|0|0|0|0|0|0|0|0|0|0|0|0|0|0|0|0,14.52|14.52|14.31|1.70|0.00|0.00|0.00|0.00|0.00|0.00|0.00|0.00|0.00|0.00|0.00|0.00|0.00|0.00|0.00|0.00
95,54.96,218,16,0,4,0,0,60|60|59|39|0|0|0|0|0|0|0|0|0|0|0|0|0|0|0|0,14.52|14.52|14.31|9.50|0.00|0.00|0.00|0.00|0.00|0.00|0.00|0.00|0.00|0.00|0.00|0.00|0.00|0.00|0.00|0.00
98,57.90,230,16,0,4,0,0,60|60|59|51|0|0|0|0|0|0|0|0|0|0|0|0|0|0|0|0,14.52|14.52|14.31|12.44|0.00|0.00|0.00|0.00|0.00|0.00|0.00|0.00|0.00|0.00|0.00|0.00|0.00|0.00|0.00|0.00
101,59.56,237,16,0,4,0,0,60|60|59|58|0|0|0|0|0|0|0|0|0|0|0|0|0|0|0|0,14.52|14.52|14.31|14.10|0.00|0.00|0.00|0.00|0.00|0.00|0.00|0.00|0.00|0.00|0.00|0.00|0.00|0.00|0.00|0.00
104,59.56,237,16,0,4,0,0,60|60|59|58|0|0|0|0|0|0|0|0|0|0|0|0|0|0|0|0,14.52|14.52|14.31|14.10|0.00|0.00|0.00|0.00|0.00|0.00|0.00|0.00|0.00|0.00|0.00|0.00|0.00|0.00|0.00|0.00
106,59.77,238,16,0,4,0,0,60|60|59|59|0|0|0|0|0|0|0|0|0|0|0|0|0|0|0|0,14.52|14.52|14.31|14.31|0.00|0.00|0.00|0.00|0.00|0.00|0.00|0.00|0.00|0.00|0.00|0.00|0.00|0.00|0.00|0.00
109,59.77,238,16,0,4,0,0,60|60|59|59|0|0|0|0|0|0|0|0|0|0|0|0|0|0|0|0,14.52|14.52|14.31|14.31|0.00|0.00|0.00|0.00|0.00|0.00|0.00|0.00|0.00|0.00|0.00|0.00|0.00|0.00|0.00|0.00
111,59.77,238,16,0,4,0,0,60|60|59|59|0|0|0|0|0|0|0|0|0|0|0|0|0|0|0|0,14.52|14.52|14.31|14.31|0.00|0.00|0.00|0.00|0.00|0.00|0.00|0.00|0.00|0.00|0.00|0.00|0.00|0.00|0.00|0.00
114,59.77,238,16,0,4,0,0,60|60|59|59|0|0|0|0|0|0|0|0|0|0|0|0|0|0|0|0,14.52|14.52|14.31|14.31|0.00|0.00|0.00|0.00|0.00|0.00|0.00|0.00|0.00|0.00|0.00|0.00|0.00|0.00|0.00|0.00
117,59.77,238,16,0,4,0,0,60|60|59|59|0|0|0|0|0|0|0|0|0|0|0|0|0|0|0|0,14.52|14.52|14.31|14.31|0.00|0.00|0.00|0.00|0.00|0.00|0.00|0.00|0.00|0.00|0.00|0.00|0.00|0.00|0.00|0.00
119,59.77,238,16,0,4,0,0,60|60|59|59|0|0|0|0|0|0|0|0|0|0|0|0|0|0|0|0,14.52|14.52|14.31|14.31|0.00|0.00|0.00|0.00|0.00|0.00|0.00|0.00|0.00|0.00|0.00|0.00|0.00|0.00|0.00|0.00
122,60.84,239,15,0,5,0,0,60|60|59|59|1|0|0|0|0|0|0|0|0|0|0|0|0|0|0|0,14.52|14.52|14.31|14.31|1.06|0.00|0.00|0.00|0.00|0.00|0.00|0.00|0.00|0.00|0.00|0.00|0.00|0.00|0.00|0.00
125,70.64,281,15,0,5,0,0,60|60|60|59|42|0|0|0|0|0|0|0|0|0|0|0|0|0|0|0,14.52|14.52|14.52|14.31|10.65|0.00|0.00|0.00|0.00|0.00|0.00|0.00|0.00|0.00|0.00|0.00|0.00|0.00|0.00|0.00
128,73.87,296,15,0,5,0,0,60|60|60|60|56|0|0|0|0|0|0|0|0|0|0|0|0|0|0|0,14.52|14.52|14.52|14.52|13.67|0.00|0.00|0.00|0.00|0.00|0.00|0.00|0.00|0.00|0.00|0.00|0.00|0.00|0.00|0.00
131,74.51,299,15,0,5,0,0,60|60|60|60|59|0|0|0|0|0|0|0|0|0|0|0|0|0|0|0,14.52|14.52|14.52|14.52|14.31|0.00|0.00|0.00|0.00|0.00|0.00|0.00|0.00|0.00|0.00|0.00|0.00|0.00|0.00|0.00
134,74.72,300,15,0,5,0,0,60|60|60|60|60|0|0|0|0|0|0|0|0|0|0|0|0|0|0|0,14.52|14.52|14.52|14.52|14.52|0.00|0.00|0.00|0.00|0.00|0.00|0.00|0.00|0.00|0.00|0.00|0.00|0.00|0.00|0.00
137,74.72,300,15,0,5,0,0,60|60|60|60|60|0|0|0|0|0|0|0|0|0|0|0|0|0|0|0,14.52|14.52|14.52|14.52|14.52|0.00|0.00|0.00|0.00|0.00|0.00|0.00|0.00|0.00|0.00|0.00|0.00|0.00|0.00|0.00
140,74.72,300,15,0,5,0,0,60|60|60|60|60|0|0|0|0|0|0|0|0|0|0|0|0|0|0|0,14.52|14.52|14.52|14.52|14.52|0.00|0.00|0.00|0.00|0.00|0.00|0.00|0.00|0.00|0.00|0.00|0.00|0.00|0.00|0.00
143,74.72,300,15,0,5,0,0,60|60|60|60|60|0|0|0|0|0|0|0|0|0|0|0|0|0|0|0,14.52|14.52|14.52|14.52|14.52|0.00|0.00|0.00|0.00|0.00|0.00|0.00|0.00|0.00|0.00|0.00|0.00|0.00|0.00|0.00
146,74.72,300,14,1,5,0,0,60|60|60|60|60|0|0|0|0|0|0|0|0|0|0|0|0|0|0|0,14.52|14.52|14.52|14.52|14.52|0.00|0.00|0.00|0.00|0.00|0.00|0.00|0.00|0.00|0.00|0.00|0.00|0.00|0.00|0.00
150,80.52,320,14,0,6,0,0,60|60|60|60|60|20|0|0|0|0|0|0|0|0|0|0|0|0|0|0,14.52|14.52|14.52|14.52|14.52|5.79|0.00|0.00|0.00|0.00|0.00|0.00|0.00|0.00|0.00|0.00|0.00|0.00|0.00|0.00
153,84.99,340,14,0,6,0,0,60|60|60|60|60|40|0|0|0|0|0|0|0|0|0|0|0|0|0|0,14.52|14.52|14.52|14.52|14.52|10.26|0.00|0.00|0.00|0.00|0.00|0.00|0.00|0.00|0.00|0.00|0.00|0.00|0.00|0.00
156,86.05,345,14,0,6,0,0,60|60|60|60|60|45|0|0|0|0|0|0|0|0|0|0|0|0|0|0,14.52|14.52|14.52|14.52|14.52|11.33|0.00|0.00|0.00|0.00|0.00|0.00|0.00|0.00|0.00|0.00|0.00|0.00|0.00|0.00
159,86.05,345,14,0,6,0,0,60|60|60|60|60|45|0|0|0|0|0|0|0|0|0|0|0|0|0|0,14.52|14.52|14.52|14.52|14.52|11.33|0.00|0.00|0.00|0.00|0.00|0.00|0.00|0.00|0.00|0.00|0.00|0.00|0.00|0.00
163,86.27,346,14,0,6,0,0,60|60|60|60|60|46|0|0|0|0|0|0|0|0|0|0|0|0|0|0,14.52|14.52|14.52|14.52|14.52|11.54|0.00|0.00|0.00|0.00|0.00|0.00|0.00|0.00|0.00|0.00|0.00|0.00|0.00|0.00
166,86.27,346,14,0,6,0,0,60|60|60|60|60|46|0|0|0|0|0|0|0|0|0|0|0|0|0|0,14.52|14.52|14.52|14.52|14.52|11.54|0.00|0.00|0.00|0.00|0.00|0.00|0.00|0.00|0.00|0.00|0.00|0.00|0.00|0.00
170,86.27,346,14,0,6,0,0,60|60|60|60|60|46|0|0|0|0|0|0|0|0|0|0|0|0|0|0,14.52|14.52|14.52|14.52|14.52|11.54|0.00|0.00|0.00|0.00|0.00|0.00|0.00|0.00|0.00|0.00|0.00|0.00|0.00|0.00
173,86.27,346,14,0,6,0,0,60|60|60|60|60|46|0|0|0|0|0|0|0|0|0|0|0|0|0|0,14.52|14.52|14.52|14.52|14.52|11.54|0.00|0.00|0.00|0.00|0.00|0.00|0.00|0.00|0.00|0.00|0.00|0.00|0.00|0.00
176,86.27,346,14,0,6,0,0,60|60|60|60|60|46|0|0|0|0|0|0|0|0|0|0|0|0|0|0,14.52|14.52|14.52|14.52|14.52|11.54|0.00|0.00|0.00|0.00|0.00|0.00|0.00|0.00|0.00|0.00|0.00|0.00|0.00|0.00
179,86.27,346,14,0,6,0,0,60|60|60|60|60|46|0|0|0|0|0|0|0|0|0|0|0|0|0|0,14.52|14.52|14.52|14.52|14.52|11.54|0.00|0.00|0.00|0.00|0.00|0.00|0.00|0.00|0.00|0.00|0.00|0.00|0.00|0.00
183,86.27,346,13,1,6,0,0,60|60|60|60|60|46|0|0|0|0|0|0|0|0|0|0|0|0|0|0,14.52|14.52|14.52|14.52|14.52|11.54|0.00|0.00|0.00|0.00|0.00|0.00|0.00|0.00|0.00|0.00|0.00|0.00|0.00|0.00
187,87.63,346,13,1,6,0,0,60|60|60|60|60|46|0|0|0|0|0|0|0|0|0|0|0|0|0|0,14.52|14.52|14.52|14.52|14.52|11.54|1.36|0.00|0.00|0.00|0.00|0.00|0.00|0.00|0.00|0.00|0.00|0.00|0.00|0.00
190,87.84,346,13,1,6,0,0,60|60|60|60|60|46|0|0|0|0|0|0|0|0|0|0|0|0|0|0,14.52|14.52|14.52|14.52|14.52|11.54|1.58|0.00|0.00|0.00|0.00|0.00|0.00|0.00|0.00|0.00|0.00|0.00|0.00|0.00
194,88.01,346,13,1,6,0,0,60|60|60|60|60|46|0|0|0|0|0|0|0|0|0|0|0|0|0|0,14.52|14.52|14.52|14.52|14.52|11.54|1.75|0.00|0.00|0.00|0.00|0.00|0.00|0.00|0.00|0.00|0.00|0.00|0.00|0.00
197,88.01,346,13,1,6,0,0,60|60|60|60|60|46|0|0|0|0|0|0|0|0|0|0|0|0|0|0,14.52|14.52|14.52|14.52|14.52|11.54|1.75|0.00|0.00|0.00|0.00|0.00|0.00|0.00|0.00|0.00|0.00|0.00|0.00|0.00
201,88.01,346,13,1,6,0,0,60|60|60|60|60|46|0|0|0|0|0|0|0|0|0|0|0|0|0|0,14.52|14.52|14.52|14.52|14.52|11.54|1.75|0.00|0.00|0.00|0.00|0.00|0.00|0.00|0.00|0.00|0.00|0.00|0.00|0.00
204,88.01,346,13,1,6,0,0,60|60|60|60|60|46|0|0|0|0|0|0|0|0|0|0|0|0|0|0,14.52|14.52|14.52|14.52|14.52|11.54|1.75|0.00|0.00|0.00|0.00|0.00|0.00|0.00|0.00|0.00|0.00|0.00|0.00|0.00
208,88.01,346,13,1,6,0,0,60|60|60|60|60|46|0|0|0|0|0|0|0|0|0|0|0|0|0|0,14.52|14.52|14.52|14.52|14.52|11.54|1.75|0.00|0.00|0.00|0.00|0.00|0.00|0.00|0.00|0.00|0.00|0.00|0.00|0.00
212,88.01,346,12,2,6,0,0,60|60|60|60|60|46|0|0|0|0|0|0|0|0|0|0|0|0|0|0,14.52|14.52|14.52|14.52|14.52|11.54|1.75|0.00|0.00|0.00|0.00|0.00|0.00|0.00|0.00|0.00|0.00|0.00|0.00|0.00
215,88.05,346,12,2,6,0,0,60|60|60|60|60|46|0|0|0|0|0|0|0|0|0|0|0|0|0|0,14.52|14.52|14.52|14.52|14.52|11.54|1.75|0.04|0.00|0.00|0.00|0.00|0.00|0.00|0.00|0.00|0.00|0.00|0.00|0.00
220,88.05,346,12,2,6,0,0,60|60|60|60|60|46|0|0|0|0|0|0|0|0|0|0|0|0|0|0,14.52|14.52|14.52|14.52|14.52|11.54|1.75|0.04|0.00|0.00|0.00|0.00|0.00|0.00|0.00|0.00|0.00|0.00|0.00|0.00
224,88.05,346,12,2,6,0,0,60|60|60|60|60|46|0|0|0|0|0|0|0|0|0|0|0|0|0|0,14.52|14.52|14.52|14.52|14.52|11.54|1.75|0.04|0.00|0.00|0.00|0.00|0.00|0.00|0.00|0.00|0.00|0.00|0.00|0.00
229,88.05,346,12,2,6,0,0,60|60|60|60|60|46|0|0|0|0|0|0|0|0|0|0|0|0|0|0,14.52|14.52|14.52|14.52|14.52|11.54|1.75|0.04|0.00|0.00|0.00|0.00|0.00|0.00|0.00|0.00|0.00|0.00|0.00|0.00
233,88.05,346,12,2,6,0,0,60|60|60|60|60|46|0|0|0|0|0|0|0|0|0|0|0|0|0|0,14.52|14.52|14.52|14.52|14.52|11.54|1.75|0.04|0.00|0.00|0.00|0.00|0.00|0.00|0.00|0.00|0.00|0.00|0.00|0.00
237,88.05,346,12,2,6,0,0,60|60|60|60|60|46|0|0|0|0|0|0|0|0|0|0|0|0|0|0,14.52|14.52|14.52|14.52|14.52|11.54|1.75|0.04|0.00|0.00|0.00|0.00|0.00|0.00|0.00|0.00|0.00|0.00|0.00|0.00
241,88.05,346,12,2,6,0,0,60|60|60|60|60|46|0|0|0|0|0|0|0|0|0|0|0|0|0|0,14.52|14.52|14.52|14.52|14.52|11.54|1.75|0.04|0.00|0.00|0.00|0.00|0.00|0.00|0.00|0.00|0.00|0.00|0.00|0.00
245,88.05,346,12,2,6,0,0,60|60|60|60|60|46|0|0|0|0|0|0|0|0|0|0|0|0|0|0,14.52|14.52|14.52|14.52|14.52|11.54|1.75|0.04|0.00|0.00|0.00|0.00|0.00|0.00|0.00|0.00|0.00|0.00|0.00|0.00
249,88.05,346,12,2,6,0,0,60|60|60|60|60|46|0|0|0|0|0|0|0|0|0|0|0|0|0|0,14.52|14.52|14.52|14.52|14.52|11.54|1.75|0.04|0.00|0.00|0.00|0.00|0.00|0.00|0.00|0.00|0.00|0.00|0.00|0.00
252,88.05,346,12,2,6,0,0,60|60|60|60|60|46|0|0|0|0|0|0|0|0|0|0|0|0|0|0,14.52|14.52|14.52|14.52|14.52|11.54|1.75|0.04|0.00|0.00|0.00|0.00|0.00|0.00|0.00|0.00|0.00|0.00|0.00|0.00
256,88.05,346,11,3,6,0,0,60|60|60|60|60|46|0|0|0|0|0|0|0|0|0|0|0|0|0|0,14.52|14.52|14.52|14.52|14.52|11.54|1.75|0.04|0.00|0.00|0.00|0.00|0.00|0.00|0.00|0.00|0.00|0.00|0.00|0.00
261,88.10,346,11,3,6,0,0,60|60|60|60|60|46|0|0|0|0|0|0|0|0|0|0|0|0|0|0,14.52|14.52|14.52|14.52|14.52|11.54|1.75|0.04|0.04|0.00|0.00|0.00|0.00|0.00|0.00|0.00|0.00|0.00|0.00|0.00
265,88.10,346,11,3,6,0,0,60|60|60|60|60|46|0|0|0|0|0|0|0|0|0|0|0|0|0|0,14.52|14.52|14.52|14.52|14.52|11.54|1.75|0.04|0.04|0.00|0.00|0.00|0.00|0.00|0.00|0.00|0.00|0.00|0.00|0.00
270,88.10,346,11,3,6,0,0,60|60|60|60|60|46|0|0|0|0|0|0|0|0|0|0|0|0|0|0,14.52|14.52|14.52|14.52|14.52|11.54|1.75|0.04|0.04|0.00|0.00|0.00|0.00|0.00|0.00|0.00|0.00|0.00|0.00|0.00
274,88.10,346,11,3,6,0,0,60|60|60|60|60|46|0|0|0|0|0|0|0|0|0|0|0|0|0|0,14.52|14.52|14.52|14.52|14.52|11.54|1.75|0.04|0.04|0.00|0.00|0.00|0.00|0.00|0.00|0.00|0.00|0.00|0.00|0.00
279,88.10,346,11,3,6,0,0,60|60|60|60|60|46|0|0|0|0|0|0|0|0|0|0|0|0|0|0,14.52|14.52|14.52|14.52|14.52|11.54|1.75|0.04|0.04|0.00|0.00|0.00|0.00|0.00|0.00|0.00|0.00|0.00|0.00|0.00
283,88.10,346,11,3,6,0,0,60|60|60|60|60|46|0|0|0|0|0|0|0|0|0|0|0|0|0|0,14.52|14.52|14.52|14.52|14.52|11.54|1.75|0.04|0.04|0.00|0.00|0.00|0.00|0.00|0.00|0.00|0.00|0.00|0.00|0.00
288,88.10,346,11,3,6,0,0,60|60|60|60|60|46|0|0|0|0|0|0|0|0|0|0|0|0|0|0,14.52|14.52|14.52|14.52|14.52|11.54|1.75|0.04|0.04|0.00|0.00|0.00|0.00|0.00|0.00|0.00|0.00|0.00|0.00|0.00
292,88.10,346,10,4,6,0,0,60|60|60|60|60|46|0|0|0|0|0|0|0|0|0|0|0|0|0|0,14.52|14.52|14.52|14.52|14.52|11.54|1.75|0.04|0.04|0.00|0.00|0.00|0.00|0.00|0.00|0.00|0.00|0.00|0.00|0.00
296,88.14,346,10,4,6,0,0,60|60|60|60|60|46|0|0|0|0|0|0|0|0|0|0|0|0|0|0,14.52|14.52|14.52|14.52|14.52|11.54|1.75|0.04|0.04|0.04|0.00|0.00|0.00|0.00|0.00|0.00|0.00|0.00|0.00|0.00
301,88.14,346,10,4,6,0,0,60|60|60|60|60|46|0|0|0|0|0|0|0|0|0|0|0|0|0|0,14.52|14.52|14.52|14.52|14.52|11.54|1.75|0.04|0.04|0.04|0.00|0.00|0.00|0.00|0.00|0.00|0.00|0.00|0.00|0.00
305,88.14,346,10,4,6,0,0,60|60|60|60|60|46|0|0|0|0|0|0|0|0|0|0|0|0|0|0,14.52|14.52|14.52|14.52|14.52|11.54|1.75|0.04|0.04|0.04|0.00|0.00|0.00|0.00|0.00|0.00|0.00|0.00|0.00|0.00
309,88.14,346,10,4,6,0,0,60|60|60|60|60|46|0|0|0|0|0|0|0|0|0|0|0|0|0|0,14.52|14.52|14.52|14.52|14.52|11.54|1.75|0.04|0.04|0.04|0.00|0.00|0.00|0.00|0.00|0.00|0.00|0.00|0.00|0.00
314,88.14,346,10,4,6,0,0,60|60|60|60|60|46|0|0|0|0|0|0|0|0|0|0|0|0|0|0,14.52|14.52|14.52|14.52|14.52|11.54|1.75|0.04|0.04|0.04|0.00|0.00|0.00|0.00|0.00|0.00|0.00|0.00|0.00|0.00
318,88.14,346,10,4,6,0,0,60|60|60|60|60|46|0|0|0|0|0|0|0|0|0|0|0|0|0|0,14.52|14.52|14.52|14.52|14.52|11.54|1.75|0.04|0.04|0.04|0.00|0.00|0.00|0.00|0.00|0.00|0.00|0.00|0.00|0.00
322,88.14,346,10,4,6,0,0,60|60|60|60|60|46|0|0|0|0|0|0|0|0|0|0|0|0|0|0,14.52|14.52|14.52|14.52|14.52|11.54|1.75|0.04|0.04|0.04|0.00|0.00|0.00|0.00|0.00|0.00|0.00|0.00|0.00|0.00
326,88.14,346,9,5,6,0,0,60|60|60|60|60|46|0|0|0|0|0|0|0|0|0|0|0|0|0|0,14.52|14.52|14.52|14.52|14.52|11.54|1.75|0.04|0.04|0.04|0.00|0.00|0.00|0.00|0.00|0.00|0.00|0.00|0.00|0.00
331,88.18,346,9,5,6,0,0,60|60|60|60|60|46|0|0|0|0|0|0|0|0|0|0|0|0|0|0,14.52|14.52|14.52|14.52|14.52|11.54|1.75|0.04|0.04|0.04|0.04|0.00|0.00|0.00|0.00|0.00|0.00|0.00|0.00|0.00
336,88.18,346,9,5,6,0,0,60|60|60|60|60|46|0|0|0|0|0|0|0|0|0|0|0|0|0|0,14.52|14.52|14.52|14.52|14.52|11.54|1.75|0.04|0.04|0.04|0.04|0.00|0.00|0.00|0.00|0.00|0.00|0.00|0.00|0.00
340,88.18,346,9,5,6,0,0,60|60|60|60|60|46|0|0|0|0|0|0|0|0|0|0|0|0|0|0,14.52|14.52|14.52|14.52|14.52|11.54|1.75|0.04|0.04|0.04|0.04|0.00|0.00|0.00|0.00|0.00|0.00|0.00|0.00|0.00
344,88.18,346,9,5,6,0,0,60|60|60|60|60|46|0|0|0|0|0|0|0|0|0|0|0|0|0|0,14.52|14.52|14.52|14.52|14.52|11.54|1.75|0.04|0.04|0.04|0.04|0.00|0.00|0.00|0.00|0.00|0.00|0.00|0.00|0.00
349,88.18,346,9,5,6,0,0,60|60|60|60|60|46|0|0|0|0|0|0|0|0|0|0|0|0|0|0,14.52|14.52|14.52|14.52|14.52|11.54|1.75|0.04|0.04|0.04|0.04|0.00|0.00|0.00|0.00|0.00|0.00|0.00|0.00|0.00
354,88.18,346,9,5,6,0,0,60|60|60|60|60|46|0|0|0|0|0|0|0|0|0|0|0|0|0|0,14.52|14.52|14.52|14.52|14.52|11.54|1.75|0.04|0.04|0.04|0.04|0.00|0.00|0.00|0.00|0.00|0.00|0.00|0.00|0.00
358,88.18,346,8,6,6,0,0,60|60|60|60|60|46|0|0|0|0|0|0|0|0|0|0|0|0|0|0,14.52|14.52|14.52|14.52|14.52|11.54|1.75|0.04|0.04|0.04|0.04|0.00|0.00|0.00|0.00|0.00|0.00|0.00|0.00|0.00
363,88.22,346,8,6,6,0,0,60|60|60|60|60|46|0|0|0|0|0|0|0|0|0|0|0|0|0|0,14.52|14.52|14.52|14.52|14.52|11.54|1.75|0.04|0.04|0.04|0.04|0.04|0.00|0.00|0.00|0.00|0.00|0.00|0.00|0.00
368,88.22,346,8,6,6,0,0,60|60|60|60|60|46|0|0|0|0|0|0|0|0|0|0|0|0|0|0,14.52|14.52|14.52|14.52|14.52|11.54|1.75|0.04|0.04|0.04|0.04|0.04|0.00|0.00|0.00|0.00|0.00|0.00|0.00|0.00
373,88.22,346,8,6,6,0,0,60|60|60|60|60|46|0|0|0|0|0|0|0|0|0|0|0|0|0|0,14.52|14.52|14.52|14.52|14.52|11.54|1.75|0.04|0.04|0.04|0.04|0.04|0.00|0.00|0.00|0.00|0.00|0.00|0.00|0.00
378,88.22,346,8,6,6,0,0,60|60|60|60|60|46|0|0|0|0|0|0|0|0|0|0|0|0|0|0,14.52|14.52|14.52|14.52|14.52|11.54|1.75|0.04|0.04|0.04|0.04|0.04|0.00|0.00|0.00|0.00|0.00|0.00|0.00|0.00
382,88.22,346,8,6,6,0,0,60|60|60|60|60|46|0|0|0|0|0|0|0|0|0|0|0|0|0|0,14.52|14.52|14.52|14.52|14.52|11.54|1.75|0.04|0.04|0.04|0.04|0.04|0.00|0.00|0.00|0.00|0.00|0.00|0.00|0.00
387,88.22,346,8,6,6,0,0,60|60|60|60|60|46|0|0|0|0|0|0|0|0|0|0|0|0|0|0,14.52|14.52|14.52|14.52|14.52|11.54|1.75|0.04|0.04|0.04|0.04|0.04|0.00|0.00|0.00|0.00|0.00|0.00|0.00|0.00
392,88.27,346,7,7,6,0,0,60|60|60|60|60|46|0|0|0|0|0|0|0|0|0|0|0|0|0|0,14.52|14.52|14.52|14.52|14.52|11.54|1.75|0.04|0.04|0.04|0.04|0.04|0.04|0.00|0.00|0.00|0.00|0.00|0.00|0.00
397,88.27,346,7,7,6,0,0,60|60|60|60|60|46|0|0|0|0|0|0|0|0|0|0|0|0|0|0,14.52|14.52|14.52|14.52|14.52|11.54|1.75|0.04|0.04|0.04|0.04|0.04|0.04|0.00|0.00|0.00|0.00|0.00|0.00|0.00
402,88.27,346,7,7,6,0,0,60|60|60|60|60|46|0|0|0|0|0|0|0|0|0|0|0|0|0|0,14.52|14.52|14.52|14.52|14.52|11.54|1.75|0.04|0.04|0.04|0.04|0.04|0.04|0.00|0.00|0.00|0.00|0.00|0.00|0.00
408,88.27,346,7,7,6,0,0,60|60|60|60|60|46|0|0|0|0|0|0|0|0|0|0|0|0|0|0,14.52|14.52|14.52|14.52|14.52|11.54|1.75|0.04|0.04|0.04|0.04|0.04|0.04|0.00|0.00|0.00|0.00|0.00|0.00|0.00
413,88.27,346,7,7,6,0,0,60|60|60|60|60|46|0|0|0|0|0|0|0|0|0|0|0|0|0|0,14.52|14.52|14.52|14.52|14.52|11.54|1.75|0.04|0.04|0.04|0.04|0.04|0.04|0.00|0.00|0.00|0.00|0.00|0.00|0.00
418,88.27,346,7,7,6,0,0,60|60|60|60|60|46|0|0|0|0|0|0|0|0|0|0|0|0|0|0,14.52|14.52|14.52|14.52|14.52|11.54|1.75|0.04|0.04|0.04|0.04|0.04|0.04|0.00|0.00|0.00|0.00|0.00|0.00|0.00
424,88.27,346,6,8,6,0,0,60|60|60|60|60|46|0|0|0|0|0|0|0|0|0|0|0|0|0|0,14.52|14.52|14.52|14.52|14.52|11.54|1.75|0.04|0.04|0.04|0.04|0.04|0.04|0.00|0.00|0.00|0.00|0.00|0.00|0.00
429,88.31,346,6,8,6,0,0,60|60|60|60|60|46|0|0|0|0|0|0|0|0|0|0|0|0|0|0,14.52|14.52|14.52|14.52|14.52|11.54|1.75|0.04|0.04|0.04|0.04|0.04|0.04|0.04|0.00|0.00|0.00|0.00|0.00|0.00
434,88.31,346,6,8,6,0,0,60|60|60|60|60|46|0|0|0|0|0|0|0|0|0|0|0|0|0|0,14.52|14.52|14.52|14.52|14.52|11.54|1.75|0.04|0.04|0.04|0.04|0.04|0.04|0.04|0.00|0.00|0.00|0.00|0.00|0.00
439,88.31,346,6,8,6,0,0,60|60|60|60|60|46|0|0|0|0|0|0|0|0|0|0|0|0|0|0,14.52|14.52|14.52|14.52|14.52|11.54|1.75|0.04|0.04|0.04|0.04|0.04|0.04|0.04|0.00|0.00|0.00|0.00|0.00|0.00
445,88.31,346,6,8,6,0,0,60|60|60|60|60|46|0|0|0|0|0|0|0|0|0|0|0|0|0|0,14.52|14.52|14.52|14.52|14.52|11.54|1.75|0.04|0.04|0.04|0.04|0.04|0.04|0.04|0.00|0.00|0.00|0.00|0.00|0.00
450,88.31,346,6,8,6,0,0,60|60|60|60|60|46|0|0|0|0|0|0|0|0|0|0|0|0|0|0,14.52|14.52|14.52|14.52|14.52|11.54|1.75|0.04|0.04|0.04|0.04|0.04|0.04|0.04|0.00|0.00|0.00|0.00|0.00|0.00
456,88.31,346,6,8,6,0,0,60|60|60|60|60|46|0|0|0|0|0|0|0|0|0|0|0|0|0|0,14.52|14.52|14.52|14.52|14.52|11.54|1.75|0.04|0.04|0.04|0.04|0.04|0.04|0.04|0.00|0.00|0.00|0.00|0.00|0.00
461,88.31,346,6,8,6,0,0,60|60|60|60|60|46|0|0|0|0|0|0|0|0|0|0|0|0|0|0,14.52|14.52|14.52|14.52|14.52|11.54|1.75|0.04|0.04|0.04|0.04|0.04|0.04|0.04|0.00|0.00|0.00|0.00|0.00|0.00
466,88.31,346,5,9,6,0,0,60|60|60|60|60|46|0|0|0|0|0|0|0|0|0|0|0|0|0|0,14.52|14.52|14.52|14.52|14.52|11.54|1.75|0.04|0.04|0.04|0.04|0.04|0.04|0.04|0.00|0.00|0.00|0.00|0.00|0.00
472,88.35,346,5,9,6,0,0,60|60|60|60|60|46|0|0|0|0|0|0|0|0|0|0|0|0|0|0,14.52|14.52|14.52|14.52|14.52|11.54|1.75|0.04|0.04|0.04|0.04|0.04|0.04|0.04|0.04|0.00|0.00|0.00|0.00|0.00
478,88.35,346,5,9,6,0,0,60|60|60|60|60|46|0|0|0|0|0|0|0|0|0|0|0|0|0|0,14.52|14.52|14.52|14.52|14.52|11.54|1.75|0.04|0.04|0.04|0.04|0.04|0.04|0.04|0.04|0.00|0.00|0.00|0.00|0.00
483,88.35,346,5,9,6,0,0,60|60|60|60|60|46|0|0|0|0|0|0|0|0|0|0|0|0|0|0,14.52|14.52|14.52|14.52|14.52|11.54|1.75|0.04|0.04|0.04|0.04|0.04|0.04|0.04|0.04|0.00|0.00|0.00|0.00|0.00
489,88.35,346,5,9,6,0,0,60|60|60|60|60|46|0|0|0|0|0|0|0|0|0|0|0|0|0|0,14.52|14.52|14.52|14.52|14.52|11.54|1.75|0.04|0.04|0.04|0.04|0.04|0.04|0.04|0.04|0.00|0.00|0.00|0.00|0.00
494,88.35,346,4,10,6,0,0,60|60|60|60|60|46|0|0|0|0|0|0|0|0|0|0|0|0|0|0,14.52|14.52|14.52|14.52|14.52|11.54|1.75|0.04|0.04|0.04|0.04|0.04|0.04|0.04|0.04|0.00|0.00|0.00|0.00|0.00
500,88.39,346,4,10,6,0,0,60|60|60|60|60|46|0|0|0|0|0|0|0|0|0|0|0|0|0|0,14.52|14.52|14.52|14.52|14.52|11.54|1.75|0.04|0.04|0.04|0.04|0.04|0.04|0.04|0.04|0.04|0.00|0.00|0.00|0.00
506,88.39,346,4,10,6,0,0,60|60|60|60|60|46|0|0|0|0|0|0|0|0|0|0|0|0|0|0,14.52|14.52|14.52|14.52|14.52|11.54|1.75|0.04|0.04|0.04|0.04|0.04|0.04|0.04|0.04|0.04|0.00|0.00|0.00|0.00
512,88.39,346,4,10,6,0,0,60|60|60|60|60|46|0|0|0|0|0|0|0|0|0|0|0|0|0|0,14.52|14.52|14.52|14.52|14.52|11.54|1.75|0.04|0.04|0.04|0.04|0.04|0.04|0.04|0.04|0.04|0.00|0.00|0.00|0.00
517,88.39,346,4,10,6,0,0,60|60|60|60|60|46|0|0|0|0|0|0|0|0|0|0|0|0|0|0,14.52|14.52|14.52|14.52|14.52|11.54|1.75|0.04|0.04|0.04|0.04|0.04|0.04|0.04|0.04|0.04|0.00|0.00|0.00|0.00
523,88.39,346,4,10,6,0,0,60|60|60|60|60|46|0|0|0|0|0|0|0|0|0|0|0|0|0|0,14.52|14.52|14.52|14.52|14.52|11.54|1.75|0.04|0.04|0.04|0.04|0.04|0.04|0.04|0.04|0.04|0.00|0.00|0.00|0.00
529,88.39,346,4,10,6,0,0,60|60|60|60|60|46|0|0|0|0|0|0|0|0|0|0|0|0|0|0,14.52|14.52|14.52|14.52|14.52|11.54|1.75|0.04|0.04|0.04|0.04|0.04|0.04|0.04|0.04|0.04|0.00|0.00|0.00|0.00
534,88.44,346,3,11,6,0,0,60|60|60|60|60|46|0|0|0|0|0|0|0|0|0|0|0|0|0|0,14.52|14.52|14.52|14.52|14.52|11.54|1.75|0.04|0.04|0.04|0.04|0.04|0.04|0.04|0.04|0.04|0.04|0.00|0.00|0.00
540,88.44,346,3,11,6,0,0,60|60|60|60|60|46|0|0|0|0|0|0|0|0|0|0|0|0|0|0,14.52|14.52|14.52|14.52|14.52|11.54|1.75|0.04|0.04|0.04|0.04|0.04|0.04|0.04|0.04|0.04|0.04|0.00|0.00|0.00
546,88.44,346,3,11,6,0,0,60|60|60|60|60|46|0|0|0|0|0|0|0|0|0|0|0|0|0|0,14.52|14.52|14.52|14.52|14.52|11.54|1.75|0.04|0.04|0.04|0.04|0.04|0.04|0.04|0.04|0.04|0.04|0.00|0.00|0.00
552,88.44,346,3,11,6,0,0,60|60|60|60|60|46|0|0|0|0|0|0|0|0|0|0|0|0|0|0,14.52|14.52|14.52|14.52|14.52|11.54|1.75|0.04|0.04|0.04|0.04|0.04|0.04|0.04|0.04|0.04|0.04|0.00|0.00|0.00
558,88.44,346,3,11,6,0,0,60|60|60|60|60|46|0|0|0|0|0|0|0|0|0|0|0|0|0|0,14.52|14.52|14.52|14.52|14.52|11.54|1.75|0.04|0.04|0.04|0.04|0.04|0.04|0.04|0.04|0.04|0.04|0.00|0.00|0.00
564,88.44,346,2,12,6,0,0,60|60|60|60|60|46|0|0|0|0|0|0|0|0|0|0|0|0|0|0,14.52|14.52|14.52|14.52|14.52|11.54|1.75|0.04|0.04|0.04|0.04|0.04|0.04|0.04|0.04|0.04|0.04|0.00|0.00|0.00
570,88.44,346,2,12,6,0,0,60|60|60|60|60|46|0|0|0|0|0|0|0|0|0|0|0|0|0|0,14.52|14.52|14.52|14.52|14.52|11.54|1.75|0.04|0.04|0.04|0.04|0.04|0.04|0.04|0.04|0.04|0.04|0.00|0.00|0.00
577,88.48,346,2,12,6,0,0,60|60|60|60|60|46|0|0|0|0|0|0|0|0|0|0|0|0|0|0,14.52|14.52|14.52|14.52|14.52|11.54|1.75|0.04|0.04|0.04|0.04|0.04|0.04|0.04|0.04|0.04|0.04|0.04|0.00|0.00
583,88.48,346,2,12,6,0,0,60|60|60|60|60|46|0|0|0|0|0|0|0|0|0|0|0|0|0|0,14.52|14.52|14.52|14.52|14.52|11.54|1.75|0.04|0.04|0.04|0.04|0.04|0.04|0.04|0.04|0.04|0.04|0.04|0.00|0.00
589,88.48,346,2,12,6,0,0,60|60|60|60|60|46|0|0|0|0|0|0|0|0|0|0|0|0|0|0,14.52|14.52|14.52|14.52|14.52|11.54|1.75|0.04|0.04|0.04|0.04|0.04|0.04|0.04|0.04|0.04|0.04|0.04|0.00|0.00
595,88.52,346,1,13,6,0,0,60|60|60|60|60|46|0|0|0|0|0|0|0|0|0|0|0|0|0|0,14.52|14.52|14.52|14.52|14.52|11.54|1.75|0.04|0.04|0.04|0.04|0.04|0.04|0.04|0.04|0.04|0.04|0.04|0.04|0.00
602,88.52,346,1,13,6,0,0,60|60|60|60|60|46|0|0|0|0|0|0|0|0|0|0|0|0|0|0,14.52|14.52|14.52|14.52|14.52|11.54|1.75|0.04|0.04|0.04|0.04|0.04|0.04|0.04|0.04|0.04|0.04|0.04|0.04|0.00
610,88.52,346,1,13,6,0,0,60|60|60|60|60|46|0|0|0|0|0|0|0|0|0|0|0|0|0|0,14.52|14.52|14.52|14.52|14.52|11.54|1.75|0.04|0.04|0.04|0.04|0.04|0.04|0.04|0.04|0.04|0.04|0.04|0.04|0.00
617,88.52,346,1,13,6,0,0,60|60|60|60|60|46|0|0|0|0|0|0|0|0|0|0|0|0|0|0,14.52|14.52|14.52|14.52|14.52|11.54|1.75|0.04|0.04|0.04|0.04|0.04|0.04|0.04|0.04|0.04|0.04|0.04|0.04|0.00
623,88.52,346,0,14,6,0,0,60|60|60|60|60|46|0|0|0|0|0|0|0|0|0|0|0|0|0|0,14.52|14.52|14.52|14.52|14.52|11.54|1.75|0.04|0.04|0.04|0.04|0.04|0.04|0.04|0.04|0.04|0.04|0.04|0.04|0.00
630,88.52,346,0,14,6,0,0,60|60|60|60|60|46|0|0|0|0|0|0|0|0|0|0|0|0|0|0,14.52|14.52|14.52|14.52|14.52|11.54|1.75|0.04|0.04|0.04|0.04|0.04|0.04|0.04|0.04|0.04|0.04|0.04|0.04|0.00
637,88.57,346,0,14,6,0,0,60|60|60|60|60|46|0|0|0|0|0|0|0|0|0|0|0|0|0|0,14.52|14.52|14.52|14.52|14.52|11.54|1.75|0.04|0.04|0.04|0.04|0.04|0.04|0.04|0.04|0.04|0.04|0.04|0.04|0.04
643,88.57,346,0,14,6,0,0,60|60|60|60|60|46|0|0|0|0|0|0|0|0|0|0|0|0|0|0,14.52|14.52|14.52|14.52|14.52|11.54|1.75|0.04|0.04|0.04|0.04|0.04|0.04|0.04|0.04|0.04|0.04|0.04|0.04|0.04
650,88.57,346,0,14,6,0,0,60|60|60|60|60|46|0|0|0|0|0|0|0|0|0|0|0|0|0|0,14.52|14.52|14.52|14.52|14.52|11.54|1.75|0.04|0.04|0.04|0.04|0.04|0.04|0.04|0.04|0.04|0.04|0.04|0.04|0.04
657,88.57,346,0,14,6,0,0,60|60|60|60|60|46|0|0|0|0|0|0|0|0|0|0|0|0|0|0,14.52|14.52|14.52|14.52|14.52|11.54|1.75|0.04|0.04|0.04|0.04|0.04|0.04|0.04|0.04|0.04|0.04|0.04|0.04|0.04
664,88.57,346,0,14,6,0,0,60|60|60|60|60|46|0|0|0|0|0|0|0|0|0|0|0|0|0|0,14.52|14.52|14.52|14.52|14.52|11.54|1.75|0.04|0.04|0.04|0.04|0.04|0.04|0.04|0.04|0.04|0.04|0.04|0.04|0.04
670,88.57,346,0,14,6,0,0,60|60|60|60|60|46|0|0|0|0|0|0|0|0|0|0|0|0|0|0,14.52|14.52|14.52|14.52|14.52|11.54|1.75|0.04|0.04|0.04|0.04|0.04|0.04|0.04|0.04|0.04|0.04|0.04|0.04|0.04
677,88.57,346,0,14,6,0,0,60|60|60|60|60|46|0|0|0|0|0|0|0|0|0|0|0|0|0|0,14.52|14.52|14.52|14.52|14.52|11.54|1.75|0.04|0.04|0.04|0.04|0.04|0.04|0.04|0.04|0.04|0.04|0.04|0.04|0.04
684,88.57,346,0,14,6,0,0,60|60|60|60|60|46|0|0|0|0|0|0|0|0|0|0|0|0|0|0,14.52|14.52|14.52|14.52|14.52|11.54|1.75|0.04|0.04|0.04|0.04|0.04|0.04|0.04|0.04|0.04|0.04|0.04|0.04|0.04
691,88.57,346,0,14,6,0,0,60|60|60|60|60|46|0|0|0|0|0|0|0|0|0|0|0|0|0|0,14.52|14.52|14.52|14.52|14.52|11.54|1.75|0.04|0.04|0.04|0.04|0.04|0.04|0.04|0.04|0.04|0.04|0.04|0.04|0.04
698,88.57,346,0,14,6,0,0,60|60|60|60|60|46|0|0|0|0|0|0|0|0|0|0|0|0|0|0,14.52|14.52|14.52|14.52|14.52|11.54|1.75|0.04|0.04|0.04|0.04|0.04|0.04|0.04|0.04|0.04|0.04|0.04|0.04|0.04
704,88.57,346,0,14,6,0,0,60|60|60|60|60|46|0|0|0|0|0|0|0|0|0|0|0|0|0|0,14.52|14.52|14.52|14.52|14.52|11.54|1.75|0.04|0.04|0.04|0.04|0.04|0.04|0.04|0.04|0.04|0.04|0.04|0.04|0.04
711,88.57,346,0,14,6,0,0,60|60|60|60|60|46|0|0|0|0|0|0|0|0|0|0|0|0|0|0,14.52|14.52|14.52|14.52|14.52|11.54|1.75|0.04|0.04|0.04|0.04|0.04|0.04|0.04|0.04|0.04|0.04|0.04|0.04|0.04
718,88.57,346,0,14,6,0,0,60|60|60|60|60|46|0|0|0|0|0|0|0|0|0|0|0|0|0|0,14.52|14.52|14.52|14.52|14.52|11.54|1.75|0.04|0.04|0.04|0.04|0.04|0.04|0.04|0.04|0.04|0.04|0.04|0.04|0.04
726,88.57,346,0,14,6,0,0,60|60|60|60|60|46|0|0|0|0|0|0|0|0|0|0|0|0|0|0,14.52|14.52|14.52|14.52|14.52|11.54|1.75|0.04|0.04|0.04|0.04|0.04|0.04|0.04|0.04|0.04|0.04|0.04|0.04|0.04
733,88.57,346,0,14,6,0,0,60|60|60|60|60|46|0|0|0|0|0|0|0|0|0|0|0|0|0|0,14.52|14.52|14.52|14.52|14.52|11.54|1.75|0.04|0.04|0.04|0.04|0.04|0.04|0.04|0.04|0.04|0.04|0.04|0.04|0.04
739,88.57,346,0,14,6,0,0,60|60|60|60|60|46|0|0|0|0|0|0|0|0|0|0|0|0|0|0,14.52|14.52|14.52|14.52|14.52|11.54|1.75|0.04|0.04|0.04|0.04|0.04|0.04|0.04|0.04|0.04|0.04|0.04|0.04|0.04
747,88.57,346,0,14,6,0,0,60|60|60|60|60|46|0|0|0|0|0|0|0|0|0|0|0|0|0|0,14.52|14.52|14.52|14.52|14.52|11.54|1.75|0.04|0.04|0.04|0.04|0.04|0.04|0.04|0.04|0.04|0.04|0.04|0.04|0.04
755,88.57,346,0,14,6,0,0,60|60|60|60|60|46|0|0|0|0|0|0|0|0|0|0|0|0|0|0,14.52|14.52|14.52|14.52|14.52|11.54|1.75|0.04|0.04|0.04|0.04|0.04|0.04|0.04|0.04|0.04|0.04|0.04|0.04|0.04
764,88.57,346,0,14,6,0,0,60|60|60|60|60|46|0|0|0|0|0|0|0|0|0|0|0|0|0|0,14.52|14.52|14.52|14.52|14.52|11.54|1.75|0.04|0.04|0.04|0.04|0.04|0.04|0.04|0.04|0.04|0.04|0.04|0.04|0.04
772,88.57,346,0,14,6,0,0,60|60|60|60|60|46|0|0|0|0|0|0|0|0|0|0|0|0|0|0,14.52|14.52|14.52|14.52|14.52|11.54|1.75|0.04|0.04|0.04|0.04|0.04|0.04|0.04|0.04|0.04|0.04|0.04|0.04|0.04
780,88.57,346,0,14,6,0,0,60|60|60|60|60|46|0|0|0|0|0|0|0|0|0|0|0|0|0|0,14.52|14.52|14.52|14.52|14.52|11.54|1.75|0.04|0.04|0.04|0.04|0.04|0.04|0.04|0.04|0.04|0.04|0.04|0.04|0.04
788,88.57,346,0,14,6,0,0,60|60|60|60|60|46|0|0|0|0|0|0|0|0|0|0|0|0|0|0,14.52|14.52|14.52|14.52|14.52|11.54|1.75|0.04|0.04|0.04|0.04|0.04|0.04|0.04|0.04|0.04|0.04|0.04|0.04|0.04
796,88.57,346,0,14,6,0,0,60|60|60|60|60|46|0|0|0|0|0|0|0|0|0|0|0|0|0|0,14.52|14.52|14.52|14.52|14.52|11.54|1.75|0.04|0.04|0.04|0.04|0.04|0.04|0.04|0.04|0.04|0.04|0.04|0.04|0.04
803,88.57,346,0,14,6,0,0,60|60|60|60|60|46|0|0|0|0|0|0|0|0|0|0|0|0|0|0,14.52|14.52|14.52|14.52|14.52|11.54|1.75|0.04|0.04|0.04|0.04|0.04|0.04|0.04|0.04|0.04|0.04|0.04|0.04|0.04
811,88.57,346,0,14,6,0,0,60|60|60|60|60|46|0|0|0|0|0|0|0|0|0|0|0|0|0|0,14.52|14.52|14.52|14.52|14.52|11.54|1.75|0.04|0.04|0.04|0.04|0.04|0.04|0.04|0.04|0.04|0.04|0.04|0.04|0.04
819,88.57,346,0,14,6,0,0,60|60|60|60|60|46|0|0|0|0|0|0|0|0|0|0|0|0|0|0,14.52|14.52|14.52|14.52|14.52|11.54|1.75|0.04|0.04|0.04|0.04|0.04|0.04|0.04|0.04|0.04|0.04|0.04|0.04|0.04
826,88.57,346,0,14,6,0,0,60|60|60|60|60|46|0|0|0|0|0|0|0|0|0|0|0|0|0|0,14.52|14.52|14.52|14.52|14.52|11.54|1.75|0.04|0.04|0.04|0.04|0.04|0.04|0.04|0.04|0.04|0.04|0.04|0.04|0.04
834,88.57,346,0,14,6,0,0,60|60|60|60|60|46|0|0|0|0|0|0|0|0|0|0|0|0|0|0,14.52|14.52|14.52|14.52|14.52|11.54|1.75|0.04|0.04|0.04|0.04|0.04|0.04|0.04|0.04|0.04|0.04|0.04|0.04|0.04
841,88.57,346,0,14,6,0,0,60|60|60|60|60|46|0|0|0|0|0|0|0|0|0|0|0|0|0|0,14.52|14.52|14.52|14.52|14.52|11.54|1.75|0.04|0.04|0.04|0.04|0.04|0.04|0.04|0.04|0.04|0.04|0.04|0.04|0.04
849,88.57,346,0,14,6,0,0,60|60|60|60|60|46|0|0|0|0|0|0|0|0|0|0|0|0|0|0,14.52|14.52|14.52|14.52|14.52|11.54|1.75|0.04|0.04|0.04|0.04|0.04|0.04|0.04|0.04|0.04|0.04|0.04|0.04|0.04
856,88.57,346,0,14,6,0,0,60|60|60|60|60|46|0|0|0|0|0|0|0|0|0|0|0|0|0|0,14.52|14.52|14.52|14.52|14.52|11.54|1.75|0.04|0.04|0.04|0.04|0.04|0.04|0.04|0.04|0.04|0.04|0.04|0.04|0.04
864,88.57,346,0,14,6,0,0,60|60|60|60|60|46|0|0|0|0|0|0|0|0|0|0|0|0|0|0,14.52|14.52|14.52|14.52|14.52|11.54|1.75|0.04|0.04|0.04|0.04|0.04|0.04|0.04|0.04|0.04|0.04|0.04|0.04|0.04
872,88.57,346,0,14,6,0,0,60|60|60|60|60|46|0|0|0|0|0|0|0|0|0|0|0|0|0|0,14.52|14.52|14.52|14.52|14.52|11.54|1.75|0.04|0.04|0.04|0.04|0.04|0.04|0.04|0.04|0.04|0.04|0.04|0.04|0.04
880,88.57,346,0,14,6,0,0,60|60|60|60|60|46|0|0|0|0|0|0|0|0|0|0|0|0|0|0,14.52|14.52|14.52|14.52|14.52|11.54|1.75|0.04|0.04|0.04|0.04|0.04|0.04|0.04|0.04|0.04|0.04|0.04|0.04|0.04
888,88.57,346,0,14,6,0,0,60|60|60|60|60|46|0|0|0|0|0|0|0|0|0|0|0|0|0|0,14.52|14.52|14.52|14.52|14.52|11.54|1.75|0.04|0.04|0.04|0.04|0.04|0.04|0.04|0.04|0.04|0.04|0.04|0.04|0.04
895,88.57,346,0,14,6,0,0,60|60|60|60|60|46|0|0|0|0|0|0|0|0|0|0|0|0|0|0,14.52|14.52|14.52|14.52|14.52|11.54|1.75|0.04|0.04|0.04|0.04|0.04|0.04|0.04|0.04|0.04|0.04|0.04|0.04|0.04
902,88.57,346,0,14,6,0,0,60|60|60|60|60|46|0|0|0|0|0|0|0|0|0|0|0|0|0|0,14.52|14.52|14.52|14.52|14.52|11.54|1.75|0.04|0.04|0.04|0.04|0.04|0.04|0.04|0.04|0.04|0.04|0.04|0.04|0.04
911,88.57,346,0,14,6,0,0,60|60|60|60|60|46|0|0|0|0|0|0|0|0|0|0|0|0|0|0,14.52|14.52|14.52|14.52|14.52|11.54|1.75|0.04|0.04|0.04|0.04|0.04|0.04|0.04|0.04|0.04|0.04|0.04|0.04|0.04
919,88.57,346,0,14,6,0,0,60|60|60|60|60|46|0|0|0|0|0|0|0|0|0|0|0|0|0|0,14.52|14.52|14.52|14.52|14.52|11.54|1.75|0.04|0.04|0.04|0.04|0.04|0.04|0.04|0.04|0.04|0.04|0.04|0.04|0.04
926,88.57,346,0,14,6,0,0,60|60|60|60|60|46|0|0|0|0|0|0|0|0|0|0|0|0|0|0,14.52|14.52|14.52|14.52|14.52|11.54|1.75|0.04|0.04|0.04|0.04|0.04|0.04|0.04|0.04|0.04|0.04|0.04|0.04|0.04
934,88.57,346,0,14,6,0,0,60|60|60|60|60|46|0|0|0|0|0|0|0|0|0|0|0|0|0|0,14.52|14.52|14.52|14.52|14.52|11.54|1.75|0.04|0.04|0.04|0.04|0.04|0.04|0.04|0.04|0.04|0.04|0.04|0.04|0.04
941,88.57,346,0,10,6,0,0,60|60|60|60|60|46|0|0|0|0|0|0|0|0|0|0|0|0|0|0,14.52|14.52|14.52|14.52|14.52|11.54|1.75|0.04|0.04|0.04|0.04|0.04|0.04|0.04|0.04|0.04|0.04|0.04|0.04|0.04
948,88.57,346,0,2,6,0,0,60|60|60|60|60|46|0|0|0|0|0|0|0|0|0|0|0|0|0|0,14.52|14.52|14.52|14.52|14.52|11.54|1.75|0.04|0.04|0.04|0.04|0.04|0.04|0.04|0.04|0.04|0.04|0.04|0.04|0.04
952,88.57,346,0,0,6,0,0,60|60|60|60|60|46|0|0|0|0|0|0|0|0|0|0|0|0|0|0,14.52|14.52|14.52|14.52|14.52|11.54|1.75|0.04|0.04|0.04|0.04|0.04|0.04|0.04|0.04|0.04|0.04|0.04|0.04|0.04
956,88.57,346,0,0,6,0,0,60|60|60|60|60|46|0|0|0|0|0|0|0|0|0|0|0|0|0|0,14.52|14.52|14.52|14.52|14.52|11.54|1.75|0.04|0.04|0.04|0.04|0.04|0.04|0.04|0.04|0.04|0.04|0.04|0.04|0.04
960,88.57,346,0,0,6,0,0,60|60|60|60|60|46|0|0|0|0|0|0|0|0|0|0|0|0|0|0,14.52|14.52|14.52|14.52|14.52|11.54|1.75|0.04|0.04|0.04|0.04|0.04|0.04|0.04|0.04|0.04|0.04|0.04|0.04|0.04
964,82.82,319,0,0,6,0,0,34|59|60|60|60|46|0|0|0|0|0|0|0|0|0|0|0|0|0|0,8.99|14.31|14.52|14.52|14.52|11.54|1.75|0.04|0.04|0.04|0.04|0.04|0.04|0.04|0.04|0.04|0.04|0.04|0.04|0.04
968,18.08,41,0,0,4,2,0,1|0|0|2|4|34|0|0|0|0|0|0|0|0|0|0|0|0|0|0,0.38|0.00|0.21|1.66|2.43|8.99|1.75|0.04|0.04|0.04|0.04|0.04|0.04|0.04|0.04|0.04|0.04|0.04|0.04|0.04
971,5.64,3,0,0,3,3,0,1|0|0|1|0|1|0|0|0|0|0|0|0|0|0|0|0|0|0|0,0.38|0.00|0.21|0.77|0.34|0.43|0.85|0.04|0.04|0.04|0.04|0.04|0.04|0.04|0.04|0.04|0.04|0.04|0.04|0.04
973,4.71,3,0,0,3,3,0,1|0|0|1|0|1|0|0|0|0|0|0|0|0|0|0|0|0|0|0,0.38|0.00|0.21|0.60|0.17|0.43|0.34|0.00|0.00|0.04|0.04|0.04|0.04|0.04|0.04|0.04|0.04|0.04|0.04|0.04
974,4.32,3,0,0,3,2,0,1|0|0|1|0|1|0|0|0|0|0|0|0|0|0|0|0|0|0|0,0.38|0.00|0.17|0.60|0.17|0.38|0.17|0.00|0.00|0.00|0.00|0.00|0.04|0.04|0.04|0.04|0.04|0.04|0.04|0.04
976,3.77,3,0,0,3,2,0,1|0|0|1|0|1|0|0|0|0|0|0|0|0|0|0|0|0|0|0,0.21|0.00|0.17|0.55|0.00|0.21|0.17|0.00|0.00|0.00|0.00|0.00|0.04|0.04|0.04|0.04|0.04|0.04|0.04|0.04
977,3.00,3,0,0,3,2,0,1|0|0|1|0|1|0|0|0|0|0|0|0|0|0|0|0|0|0|0,0.21|0.00|0.00|0.21|0.00|0.21|0.00|0.00|0.00|0.00|0.00|0.00|0.04|0.00|0.00|0.04|0.04|0.04|0.04|0.04
979,2.92,3,0,0,3,0,0,1|0|0|1|0|1|0|0|0|0|0|0|0|0|0|0|0|0|0|0,0.21|0.00|0.00|0.21|0.00|0.21|0.00|0.00|0.00|0.00|0.00|0.00|0.04|0.00|0.00|0.00|0.00|0.04|0.04|0.04
980,2.83,3,0,0,3,0,0,1|0|0|1|0|1|0|0|0|0|0|0|0|0|0|0|0|0|0|0,0.21|0.00|0.00|0.21|0.00|0.21|0.00|0.00|0.00|0.00|0.00|0.00|0.04|0.00|0.00|0.00|0.00|0.00|0.00|0.04
981,2.36,1,0,0,1,2,0,0|0|0|1|0|0|0|0|0|0|0|0|0|0|0|0|0|0|0|0,0.00|0.00|0.00|0.21|0.00|0.00|0.00|0.00|0.00|0.00|0.00|0.00|0.04|0.00|0.00|0.00|0.00|0.00|0.00|0.00
983,2.15,0,0,0,0,1,0,0|0|0|0|0|0|0|0|0|0|0|0|0|0|0|0|0|0|0|0,0.00|0.00|0.00|0.00|0.00|0.00|0.00|0.00|0.00|0.00|0.00|0.00|0.04|0.00|0.00|0.00|0.00|0.00|0.00|0.00
984,2.11,0,0,0,0,1,0,0|0|0|0|0|0|0|0|0|0|0|0|0|0|0|0|0|0|0|0,0.00|0.00|0.00|0.00|0.00|0.00|0.00|0.00|0.00|0.00|0.00|0.00|0.00|0.00|0.00|0.00|0.00|0.00|0.00|0.00
985,2.11,0,0,0,0,1,0,0|0|0|0|0|0|0|0|0|0|0|0|0|0|0|0|0|0|0|0,0.00|0.00|0.00|0.00|0.00|0.00|0.00|0.00|0.00|0.00|0.00|0.00|0.00|0.00|0.00|0.00|0.00|0.00|0.00|0.00
987,2.11,0,0,0,0,1,0,0|0|0|0|0|0|0|0|0|0|0|0|0|0|0|0|0|0|0|0,0.00|0.00|0.00|0.00|0.00|0.00|0.00|0.00|0.00|0.00|0.00|0.00|0.00|0.00|0.00|0.00|0.00|0.00|0.00|0.00
988,2.11,0,0,0,0,1,0,0|0|0|0|0|0|0|0|0|0|0|0|0|0|0|0|0|0|0|0,0.00|0.00|0.00|0.00|0.00|0.00|0.00|0.00|0.00|0.00|0.00|0.00|0.00|0.00|0.00|0.00|0.00|0.00|0.00|0.00
989,2.11,0,0,0,0,1,0,0|0|0|0|0|0|0|0|0|0|0|0|0|0|0|0|0|0|0|0,0.00|0.00|0.00|0.00|0.00|0.00|0.00|0.00|0.00|0.00|0.00|0.00|0.00|0.00|0.00|0.00|0.00|0.00|0.00|0.00
990,2.11,0,0,0,0,0,0,0|0|0|0|0|0|0|0|0|0|0|0|0|0|0|0|0|0|0|0,0.00|0.00|0.00|0.00|0.00|0.00|0.00|0.00|0.00|0.00|0.00|0.00|0.00|0.00|0.00|0.00|0.00|0.00|0.00|0.00
