0,2.15,0,20,0,0,0,0,0|0|0|0|0|0|0|0|0|0|0|0|0|0|0|0|0|0|0|0,0.00|0.00|0.00|0.00|0.00|0.00|0.00|0.00|0.00|0.00|0.00|0.00|0.00|0.00|0.00|0.00|0.00|0.00|0.00|0.00
2,2.15,0,20,0,0,0,0,0|0|0|0|0|0|0|0|0|0|0|0|0|0|0|0|0|0|0|0,0.00|0.00|0.00|0.00|0.00|0.00|0.00|0.00|0.00|0.00|0.00|0.00|0.00|0.00|0.00|0.00|0.00|0.00|0.00|0.00
3,2.15,0,20,0,0,0,0,0|0|0|0|0|0|0|0|0|0|0|0|0|0|0|0|0|0|0|0,0.00|0.00|0.00|0.00|0.00|0.00|0.00|0.00|0.00|0.00|0.00|0.00|0.00|0.00|0.00|0.00|0.00|0.00|0.00|0.00
4,2.15,0,20,0,0,0,0,0|0|0|0|0|0|0|0|0|0|0|0|0|0|0|0|0|0|0|0,0.00|0.00|0.00|0.00|0.00|0.00|0.00|0.00|0.00|0.00|0.00|0.00|0.00|0.00|0.00|0.00|0.00|0.00|0.00|0.00
6,2.15,0,20,0,0,0,0,0|0|0|0|0|0|0|0|0|0|0|0|0|0|0|0|0|0|0|0,0.00|0.00|0.00|0.00|0.00|0.00|0.00|0.00|0.00|0.00|0.00|0.00|0.00|0.00|0.00|0.00|0.00|0.00|0.00|0.00
7,2.15,0,20,0,0,0,0,0|0|0|0|0|0|0|0|0|0|0|0|0|0|0|0|0|0|0|0,0.00|0.00|0.00|0.00|0.00|0.00|0.00|0.00|0.00|0.00|0.00|0.00|0.00|0.00|0.00|0.00|0.00|0.00|0.00|0.00
8,2.15,0,20,0,0,0,0,0|0|0|0|0|0|0|0|0|0|0|0|0|0|0|0|0|0|0|0,0.00|0.00|0.00|0.00|0.00|0.00|0.00|0.00|0.00|0.00|0.00|0.00|0.00|0.00|0.00|0.00|0.00|0.00|0.00|0.00
10,2.15,0,20,0,0,0,0,0|0|0|0|0|0|0|0|0|0|0|0|0|0|0|0|0|0|0|0,0.00|0.00|0.00|0.00|0.00|0.00|0.00|0.00|0.00|0.00|0.00|0.00|0.00|0.00|0.00|0.00|0.00|0.00|0.00|0.00
11,2.15,0,20,0,0,0,0,0|0|0|0|0|0|0|0|0|0|0|0|0|0|0|0|0|0|0|0,0.00|0.00|0.00|0.00|0.00|0.00|0.00|0.00|0.00|0.00|0.00|0.00|0.00|0.00|0.00|0.00|0.00|0.00|0.00|0.00
13,2.15,0,20,0,0,0,0,0|0|0|0|0|0|0|0|0|0|0|0|0|0|0|0|0|0|0|0,0.00|0.00|0.00|0.00|0.00|0.00|0.00|0.00|0.00|0.00|0.00|0.00|0.00|0.00|0.00|0.00|0.00|0.00|0.00|0.00
14,2.15,0,19,1,0,0,0,0|0|0|0|0|0|0|0|0|0|0|0|0|0|0|0|0|0|0|0,0.00|0.00|0.00|0.00|0.00|0.00|0.00|0.00|0.00|0.00|0.00|0.00|0.00|0.00|0.00|0.00|0.00|0.00|0.00|0.00
16,4.11,2,19,0,1,0,0,2|0|0|0|0|0|0|0|0|0|0|0|0|0|0|0|0|0|0|0,1.96|0.00|0.00|0.00|0.00|0.00|0.00|0.00|0.00|0.00|0.00|0.00|0.00|0.00|0.00|0.00|0.00|0.00|0.00|0.00
18,4.54,3,19,0,1,0,0,3|0|0|0|0|0|0|0|0|0|0|0|0|0|0|0|0|0|0|0,2.39|0.00|0.00|0.00|0.00|0.00|0.00|0.00|0.00|0.00|0.00|0.00|0.00|0.00|0.00|0.00|0.00|0.00|0.00|0.00
20,11.78,37,19,0,1,0,0,37|0|0|0|0|0|0|0|0|0|0|0|0|0|0|0|0|0|0|0,9.63|0.00|0.00|0.00|0.00|0.00|0.00|0.00|0.00|0.00|0.00|0.00|0.00|0.00|0.00|0.00|0.00|0.00|0.00|0.00
22,15.82,56,19,0,1,0,0,56|0|0|0|0|0|0|0|0|0|0|0|0|0|0|0|0|0|0|0,13.67|0.00|0.00|0.00|0.00|0.00|0.00|0.00|0.00|0.00|0.00|0.00|0.00|0.00|0.00|0.00|0.00|0.00|0.00|0.00
23,16.25,58,19,0,1,0,0,58|0|0|0|0|0|0|0|0|0|0|0|0|0|0|0|0|0|0|0,14.10|0.00|0.00|0.00|0.00|0.00|0.00|0.00|0.00|0.00|0.00|0.00|0.00|0.00|0.00|0.00|0.00|0.00|0.00|0.00
25,16.46,59,19,0,1,0,0,59|0|0|0|0|0|0|0|0|0|0|0|0|0|0|0|0|0|0|0,14.31|0.00|0.00|0.00|0.00|0.00|0.00|0.00|0.00|0.00|0.00|0.00|0.00|0.00|0.00|0.00|0.00|0.00|0.00|0.00
27,16.67,60,19,0,1,0,0,60|0|0|0|0|0|0|0|0|0|0|0|0|0|0|0|0|0|0|0,14.52|0.00|0.00|0.00|0.00|0.00|0.00|0.00|0.00|0.00|0.00|0.00|0.00|0.00|0.00|0.00|0.00|0.00|0.00|0.00
30,17.36,60,18,1,1,0,0,60|0|0|0|0|0|0|0|0|0|0|0|0|0|0|0|0|0|0|0,14.52|0.68|0.00|0.00|0.00|0.00|0.00|0.00|0.00|0.00|0.00|0.00|0.00|0.00|0.00|0.00|0.00|0.00|0.00|0.00
32,18.46,62,18,0,2,0,0,60|2|0|0|0|0|0|0|0|0|0|0|0|0|0|0|0|0|0|0,14.52|1.79|0.00|0.00|0.00|0.00|0.00|0.00|0.00|0.00|0.00|0.00|0.00|0.00|0.00|0.00|0.00|0.00|0.00|0.00
34,18.85,62,18,0,2,0,0,60|2|0|0|0|0|0|0|0|0|0|0|0|0|0|0|0|0|0|0,14.52|2.17|0.00|0.00|0.00|0.00|0.00|0.00|0.00|0.00|0.00|0.00|0.00|0.00|0.00|0.00|0.00|0.00|0.00|0.00
36,18.85,62,18,0,2,0,0,60|2|0|0|0|0|0|0|0|0|0|0|0|0|0|0|0|0|0|0,14.52|2.17|0.00|0.00|0.00|0.00|0.00|0.00|0.00|0.00|0.00|0.00|0.00|0.00|0.00|0.00|0.00|0.00|0.00|0.00
38,19.27,64,18,0,2,0,0,60|4|0|0|0|0|0|0|0|0|0|0|0|0|0|0|0|0|0|0,14.52|2.60|0.00|0.00|0.00|0.00|0.00|0.00|0.00|0.00|0.00|0.00|0.00|0.00|0.00|0.00|0.00|0.00|0.00|0.00
41,27.58,103,18,0,2,0,0,60|43|0|0|0|0|0|0|0|0|0|0|0|0|0|0|0|0|0|0,14.52|10.90|0.00|0.00|0.00|0.00|0.00|0.00|0.00|0.00|0.00|0.00|0.00|0.00|0.00|0.00|0.00|0.00|0.00|0.00
43,30.13,115,18,0,2,0,0,60|55|0|0|0|0|0|0|0|0|0|0|0|0|0|0|0|0|0|0,14.52|13.46|0.00|0.00|0.00|0.00|0.00|0.00|0.00|0.00|0.00|0.00|0.00|0.00|0.00|0.00|0.00|0.00|0.00|0.00
46,30.56,117,18,0,2,0,0,60|57|0|0|0|0|0|0|0|0|0|0|0|0|0|0|0|0|0|0,14.52|13.88|0.00|0.00|0.00|0.00|0.00|0.00|0.00|0.00|0.00|0.00|0.00|0.00|0.00|0.00|0.00|0.00|0.00|0.00
48,30.77,118,18,0,2,0,0,60|58|0|0|0|0|0|0|0|0|0|0|0|0|0|0|0|0|0|0,14.52|14.10|0.00|0.00|0.00|0.00|0.00|0.00|0.00|0.00|0.00|0.00|0.00|0.00|0.00|0.00|0.00|0.00|0.00|0.00
50,31.20,120,18,0,2,0,0,60|60|0|0|0|0|0|0|0|0|0|0|0|0|0|0|0|0|0|0,14.52|14.52|0.00|0.00|0.00|0.00|0.00|0.00|0.00|0.00|0.00|0.00|0.00|0.00|0.00|0.00|0.00|0.00|0.00|0.00
52,31.20,120,18,0,2,0,0,60|60|0|0|0|0|0|0|0|0|0|0|0|0|0|0|0|0|0|0,14.52|14.52|0.00|0.00|0.00|0.00|0.00|0.00|0.00|0.00|0.00|0.00|0.00|0.00|0.00|0.00|0.00|0.00|0.00|0.00
55,31.20,120,18,0,2,0,0,60|60|0|0|0|0|0|0|0|0|0|0|0|0|0|0|0|0|0|0,14.52|14.52|0.00|0.00|0.00|0.00|0.00|0.00|0.00|0.00|0.00|0.00|0.00|0.00|0.00|0.00|0.00|0.00|0.00|0.00
57,31.20,120,18,0,2,0,0,60|60|0|0|0|0|0|0|0|0|0|0|0|0|0|0|0|0|0|0,14.52|14.52|0.00|0.00|0.00|0.00|0.00|0.00|0.00|0.00|0.00|0.00|0.00|0.00|0.00|0.00|0.00|0.00|0.00|0.00
60,32.94,121,17,0,3,0,0,60|60|1|0|0|0|0|0|0|0|0|0|0|0|0|0|0|0|0|0,14.52|14.52|1.75|0.00|0.00|0.00|0.00|0.00|0.00|0.00|0.00|0.00|0.00|0.00|0.00|0.00|0.00|0.00|0.00|0.00
63,33.37,122,17,0,3,0,0,60|60|2|0|0|0|0|0|0|0|0|0|0|0|0|0|0|0|0|0,14.52|14.52|2.17|0.00|0.00|0.00|0.00|0.00|0.00|0.00|0.00|0.00|0.00|0.00|0.00|0.00|0.00|0.00|0.00|0.00
66,33.37,122,17,0,3,0,0,60|60|2|0|0|0|0|0|0|0|0|0|0|0|0|0|0|0|0|0,14.52|14.52|2.17|0.00|0.00|0.00|0.00|0.00|0.00|0.00|0.00|0.00|0.00|0.00|0.00|0.00|0.00|0.00|0.00|0.00
68,34.86,129,17,0,3,0,0,60|60|9|0|0|0|0|0|0|0|0|0|0|0|0|0|0|0|0|0,14.52|14.52|3.66|0.00|0.00|0.00|0.00|0.00|0.00|0.00|0.00|0.00|0.00|0.00|0.00|0.00|0.00|0.00|0.00|0.00
71,43.16,168,17,0,3,0,0,60|60|48|0|0|0|0|0|0|0|0|0|0|0|0|0|0|0|0|0,14.52|14.52|11.97|0.00|0.00|0.00|0.00|0.00|0.00|0.00|0.00|0.00|0.00|0.00|0.00|0.00|0.00|0.00|0.00|0.00
74,44.44,174,17,0,3,0,0,60|60|54|0|0|0|0|0|0|0|0|0|0|0|0|0|0|0|0|0,14.52|14.52|13.25|0.00|0.00|0.00|0.00|0.00|0.00|0.00|0.00|0.00|0.00|0.00|0.00|0.00|0.00|0.00|0.00|0.00
77,44.44,174,16,1,3,0,0,60|60|54|0|0|0|0|0|0|0|0|0|0|0|0|0|0|0|0|0,14.52|14.52|13.25|0.00|0.00|0.00|0.00|0.00|0.00|0.00|0.00|0.00|0.00|0.00|0.00|0.00|0.00|0.00|0.00|0.00
79,46.53,179,16,0,4,0,0,60|60|58|1|0|0|0|0|0|0|0|0|0|0|0|0|0|0|0|0,14.52|14.52|14.10|1.24|0.00|0.00|0.00|0.00|0.00|0.00|0.00|0.00|0.00|0.00|0.00|0.00|0.00|0.00|0.00|0.00
81,47.89,182,16,0,4,0,0,60|60|60|2|0|0|0|0|0|0|0|0|0|0|0|0|0|0|0|0,14.52|14.52|14.52|2.17|0.00|0.00|0.00|0.00|0.00|0.00|0.00|0.00|0.00|0.00|0.00|0.00|0.00|0.00|0.00|0.00
84,51.51,199,16,0,4,0,0,60|60|60|19|0|0|0|0|0|0|0|0|0|0|0|0|0|0|0|0,14.52|14.52|14.52|5.79|0.00|0.00|0.00|0.00|0.00|0.00|0.00|0.00|0.00|0.00|0.00|0.00|0.00|0.00|0.00|0.00
87,56.84,224,16,0,4,0,0,60|60|60|44|0|0|0|0|0|0|0|0|0|0|0|0|0|0|0|0,14.52|14.52|14.52|11.12|0.00|0.00|0.00|0.00|0.00|0.00|0.00|0.00|0.00|0.00|0.00|0.00|0.00|0.00|0.00|0.00
90,57.26,226,16,0,4,0,0,60|60|60|46|0|0|0|0|0|0|0|0|0|0|0|0|0|0|0|0,14.52|14.52|14.52|11.54|0.00|0.00|0.00|0.00|0.00|0.00|0.00|0.00|0.00|0.00|0.00|0.00|0.00|0.00|0.00|0.00
93,58.97,234,16,0,4,0,0,60|60|60|54|0|0|0|0|0|0|0|0|0|0|0|0|0|0|0|0,14.52|14.52|14.52|13.25|0.00|0.00|0.00|0.00|0.00|0.00|0.00|0.00|0.00|0.00|0.00|0.00|0.00|0.00|0.00|0.00
95,59.18,235,16,0,4,0,0,60|60|60|55|0|0|0|0|0|0|0|0|0|0|0|0|0|0|0|0,14.52|14.52|14.52|13.46|0.00|0.00|0.00|0.00|0.00|0.00|0.00|0.00|0.00|0.00|0.00|0.00|0.00|0.00|0.00|0.00
98,60.29,237,15,1,4,0,0,60|60|60|57|0|0|0|0|0|0|0|0|0|0|0|0|0|0|0|0,14.52|14.52|14.52|13.88|0.68|0.00|0.00|0.00|0.00|0.00|0.00|0.00|0.00|0.00|0.00|0.00|0.00|0.00|0.00|0.00
101,61.61,239,15,0,5,0,0,60|60|60|57|2|0|0|0|0|0|0|0|0|0|0|0|0|0|0|0,14.52|14.52|14.52|13.88|2.00|0.00|0.00|0.00|0.00|0.00|0.00|0.00|0.00|0.00|0.00|0.00|0.00|0.00|0.00|0.00
103,63.05,245,15,0,5,0,0,60|60|60|57|8|0|0|0|0|0|0|0|0|0|0|0|0|0|0|0,14.52|14.52|14.52|13.88|3.45|0.00|0.00|0.00|0.00|0.00|0.00|0.00|0.00|0.00|0.00|0.00|0.00|0.00|0.00|0.00
106,70.93,282,15,0,5,0,0,60|60|60|57|45|0|0|0|0|0|0|0|0|0|0|0|0|0|0|0,14.52|14.52|14.52|13.88|11.33|0.00|0.00|0.00|0.00|0.00|0.00|0.00|0.00|0.00|0.00|0.00|0.00|0.00|0.00|0.00
110,71.57,285,15,0,5,0,0,60|60|60|57|48|0|0|0|0|0|0|0|0|0|0|0|0|0|0|0,14.52|14.52|14.52|13.88|11.97|0.00|0.00|0.00|0.00|0.00|0.00|0.00|0.00|0.00|0.00|0.00|0.00|0.00|0.00|0.00
113,72.64,290,15,0,5,0,0,60|60|60|58|52|0|0|0|0|0|0|0|0|0|0|0|0|0|0|0,14.52|14.52|14.52|14.10|12.82|0.00|0.00|0.00|0.00|0.00|0.00|0.00|0.00|0.00|0.00|0.00|0.00|0.00|0.00|0.00
116,73.06,292,15,0,5,0,0,60|60|60|58|54|0|0|0|0|0|0|0|0|0|0|0|0|0|0|0,14.52|14.52|14.52|14.10|13.25|0.00|0.00|0.00|0.00|0.00|0.00|0.00|0.00|0.00|0.00|0.00|0.00|0.00|0.00|0.00
119,73.49,294,14,1,5,0,0,60|60|60|58|56|0|0|0|0|0|0|0|0|0|0|0|0|0|0|0,14.52|14.52|14.52|14.10|13.67|0.00|0.00|0.00|0.00|0.00|0.00|0.00|0.00|0.00|0.00|0.00|0.00|0.00|0.00|0.00
123,75.36,297,14,0,6,0,0,60|60|60|58|57|2|0|0|0|0|0|0|0|0|0|0|0|0|0|0,14.52|14.52|14.52|14.10|13.88|1.66|0.00|0.00|0.00|0.00|0.00|0.00|0.00|0.00|0.00|0.00|0.00|0.00|0.00|0.00
127,83.45,335,14,0,6,0,0,60|60|60|58|57|40|0|0|0|0|0|0|0|0|0|0|0|0|0|0,14.52|14.52|14.52|14.10|13.88|9.75|0.00|0.00|0.00|0.00|0.00|0.00|0.00|0.00|0.00|0.00|0.00|0.00|0.00|0.00
130,84.90,341,14,0,6,0,0,60|60|60|58|58|45|0|0|0|0|0|0|0|0|0|0|0|0|0|0,14.52|14.52|14.52|14.10|14.10|10.99|0.00|0.00|0.00|0.00|0.00|0.00|0.00|0.00|0.00|0.00|0.00|0.00|0.00|0.00
134,85.33,343,14,0,6,0,0,60|60|60|58|59|46|0|0|0|0|0|0|0|0|0|0|0|0|0|0,14.52|14.52|14.52|14.10|14.31|11.20|0.00|0.00|0.00|0.00|0.00|0.00|0.00|0.00|0.00|0.00|0.00|0.00|0.00|0.00
137,85.54,344,14,0,6,0,0,60|60|60|58|59|47|0|0|0|0|0|0|0|0|0|0|0|0|0|0,14.52|14.52|14.52|14.10|14.31|11.41|0.00|0.00|0.00|0.00|0.00|0.00|0.00|0.00|0.00|0.00|0.00|0.00|0.00|0.00
141,85.71,344,13,1,6,0,0,60|60|60|58|59|47|0|0|0|0|0|0|0|0|0|0|0|0|0|0,14.52|14.52|14.52|14.10|14.31|11.58|0.00|0.00|0.00|0.00|0.00|0.00|0.00|0.00|0.00|0.00|0.00|0.00|0.00|0.00
145,86.78,344,13,1,6,0,0,60|60|60|58|59|47|0|0|0|0|0|0|0|0|0|0|0|0|0|0,14.52|14.52|14.52|14.10|14.31|11.58|1.06|0.00|0.00|0.00|0.00|0.00|0.00|0.00|0.00|0.00|0.00|0.00|0.00|0.00
148,86.95,344,13,1,6,0,0,60|60|60|58|59|47|0|0|0|0|0|0|0|0|0|0|0|0|0|0,14.52|14.52|14.52|14.10|14.31|11.58|1.24|0.00|0.00|0.00|0.00|0.00|0.00|0.00|0.00|0.00|0.00|0.00|0.00|0.00
152,86.95,344,13,1,6,0,0,60|60|60|58|59|47|0|0|0|0|0|0|0|0|0|0|0|0|0|0,14.52|14.52|14.52|14.10|14.31|11.58|1.24|0.00|0.00|0.00|0.00|0.00|0.00|0.00|0.00|0.00|0.00|0.00|0.00|0.00
157,87.37,346,13,1,6,0,0,60|60|60|60|59|47|0|0|0|0|0|0|0|0|0|0|0|0|0|0,14.52|14.52|14.52|14.52|14.31|11.58|1.24|0.00|0.00|0.00|0.00|0.00|0.00|0.00|0.00|0.00|0.00|0.00|0.00|0.00
160,87.76,347,12,2,6,0,0,60|60|60|60|60|47|0|0|0|0|0|0|0|0|0|0|0|0|0|0,14.52|14.52|14.52|14.52|14.52|11.58|1.41|0.00|0.00|0.00|0.00|0.00|0.00|0.00|0.00|0.00|0.00|0.00|0.00|0.00
164,87.80,347,12,2,6,0,0,60|60|60|60|60|47|0|0|0|0|0|0|0|0|0|0|0|0|0|0,14.52|14.52|14.52|14.52|14.52|11.58|1.41|0.04|0.00|0.00|0.00|0.00|0.00|0.00|0.00|0.00|0.00|0.00|0.00|0.00
169,87.80,347,12,2,6,0,0,60|60|60|60|60|47|0|0|0|0|0|0|0|0|0|0|0|0|0|0,14.52|14.52|14.52|14.52|14.52|11.58|1.41|0.04|0.00|0.00|0.00|0.00|0.00|0.00|0.00|0.00|0.00|0.00|0.00|0.00
174,88.01,348,12,2,6,0,0,60|60|60|60|60|48|0|0|0|0|0|0|0|0|0|0|0|0|0|0,14.52|14.52|14.52|14.52|14.52|11.80|1.41|0.04|0.00|0.00|0.00|0.00|0.00|0.00|0.00|0.00|0.00|0.00|0.00|0.00
178,88.01,348,12,2,6,0,0,60|60|60|60|60|48|0|0|0|0|0|0|0|0|0|0|0|0|0|0,14.52|14.52|14.52|14.52|14.52|11.80|1.41|0.04|0.00|0.00|0.00|0.00|0.00|0.00|0.00|0.00|0.00|0.00|0.00|0.00
181,88.18,348,12,2,6,0,0,60|60|60|60|60|48|0|0|0|0|0|0|0|0|0|0|0|0|0|0,14.52|14.52|14.52|14.52|14.52|11.97|1.41|0.04|0.00|0.00|0.00|0.00|0.00|0.00|0.00|0.00|0.00|0.00|0.00|0.00
185,88.18,348,11,3,6,0,0,60|60|60|60|60|48|0|0|0|0|0|0|0|0|0|0|0|0|0|0,14.52|14.52|14.52|14.52|14.52|11.97|1.41|0.04|0.00|0.00|0.00|0.00|0.00|0.00|0.00|0.00|0.00|0.00|0.00|0.00
189,88.22,348,11,3,6,0,0,60|60|60|60|60|48|0|0|0|0|0|0|0|0|0|0|0|0|0|0,14.52|14.52|14.52|14.52|14.52|11.97|1.41|0.04|0.04|0.00|0.00|0.00|0.00|0.00|0.00|0.00|0.00|0.00|0.00|0.00
192,88.22,348,11,3,6,0,0,60|60|60|60|60|48|0|0|0|0|0|0|0|0|0|0|0|0|0|0,14.52|14.52|14.52|14.52|14.52|11.97|1.41|0.04|0.04|0.00|0.00|0.00|0.00|0.00|0.00|0.00|0.00|0.00|0.00|0.00
196,88.22,348,11,3,6,0,0,60|60|60|60|60|48|0|0|0|0|0|0|0|0|0|0|0|0|0|0,14.52|14.52|14.52|14.52|14.52|11.97|1.41|0.04|0.04|0.00|0.00|0.00|0.00|0.00|0.00|0.00|0.00|0.00|0.00|0.00
200,88.22,348,11,3,6,0,0,60|60|60|60|60|48|0|0|0|0|0|0|0|0|0|0|0|0|0|0,14.52|14.52|14.52|14.52|14.52|11.97|1.41|0.04|0.04|0.00|0.00|0.00|0.00|0.00|0.00|0.00|0.00|0.00|0.00|0.00
204,88.22,348,10,4,6,0,0,60|60|60|60|60|48|0|0|0|0|0|0|0|0|0|0|0|0|0|0,14.52|14.52|14.52|14.52|14.52|11.97|1.41|0.04|0.04|0.00|0.00|0.00|0.00|0.00|0.00|0.00|0.00|0.00|0.00|0.00
210,88.27,348,10,4,6,0,0,60|60|60|60|60|48|0|0|0|0|0|0|0|0|0|0|0|0|0|0,14.52|14.52|14.52|14.52|14.52|11.97|1.41|0.04|0.04|0.04|0.00|0.00|0.00|0.00|0.00|0.00|0.00|0.00|0.00|0.00
214,88.27,348,10,4,6,0,0,60|60|60|60|60|48|0|0|0|0|0|0|0|0|0|0|0|0|0|0,14.52|14.52|14.52|14.52|14.52|11.97|1.41|0.04|0.04|0.04|0.00|0.00|0.00|0.00|0.00|0.00|0.00|0.00|0.00|0.00
218,88.27,348,10,4,6,0,0,60|60|60|60|60|48|0|0|0|0|0|0|0|0|0|0|0|0|0|0,14.52|14.52|14.52|14.52|14.52|11.97|1.41|0.04|0.04|0.04|0.00|0.00|0.00|0.00|0.00|0.00|0.00|0.00|0.00|0.00
222,88.27,348,10,4,6,0,0,60|60|60|60|60|48|0|0|0|0|0|0|0|0|0|0|0|0|0|0,14.52|14.52|14.52|14.52|14.52|11.97|1.41|0.04|0.04|0.04|0.00|0.00|0.00|0.00|0.00|0.00|0.00|0.00|0.00|0.00
226,88.27,348,9,5,6,0,0,60|60|60|60|60|48|0|0|0|0|0|0|0|0|0|0|0|0|0|0,14.52|14.52|14.52|14.52|14.52|11.97|1.41|0.04|0.04|0.04|0.00|0.00|0.00|0.00|0.00|0.00|0.00|0.00|0.00|0.00
230,88.31,348,9,5,6,0,0,60|60|60|60|60|48|0|0|0|0|0|0|0|0|0|0|0|0|0|0,14.52|14.52|14.52|14.52|14.52|11.97|1.41|0.04|0.04|0.04|0.04|0.00|0.00|0.00|0.00|0.00|0.00|0.00|0.00|0.00
234,88.31,348,9,5,6,0,0,60|60|60|60|60|48|0|0|0|0|0|0|0|0|0|0|0|0|0|0,14.52|14.52|14.52|14.52|14.52|11.97|1.41|0.04|0.04|0.04|0.04|0.00|0.00|0.00|0.00|0.00|0.00|0.00|0.00|0.00
239,86.82,341,9,5,6,0,0,59|59|59|58|58|48|0|0|0|0|0|0|0|0|0|0|0|0|0|0,14.31|14.31|14.31|14.10|14.10|11.97|1.41|0.04|0.04|0.04|0.04|0.00|0.00|0.00|0.00|0.00|0.00|0.00|0.00|0.00
243,87.50,341,8,6,6,0,0,59|59|59|58|58|48|0|0|0|0|0|0|0|0|0|0|0|0|0|0,14.31|14.31|14.31|14.10|14.10|11.97|1.41|0.04|0.04|0.04|0.72|0.00|0.00|0.00|0.00|0.00|0.00|0.00|0.00|0.00
247,87.88,341,8,6,6,0,0,59|59|59|58|58|48|0|0|0|0|0|0|0|0|0|0|0|0|0|0,14.31|14.31|14.31|14.10|14.10|11.97|1.41|0.04|0.04|0.04|1.06|0.04|0.00|0.00|0.00|0.00|0.00|0.00|0.00|0.00
250,88.05,341,8,6,6,0,0,59|59|59|58|58|48|0|0|0|0|0|0|0|0|0|0|0|0|0|0,14.31|14.31|14.31|14.10|14.10|11.97|1.41|0.04|0.04|0.04|1.24|0.04|0.00|0.00|0.00|0.00|0.00|0.00|0.00|0.00
254,88.22,341,8,6,6,0,0,59|59|59|58|58|48|0|0|0|0|0|0|0|0|0|0|0|0|0|0,14.31|14.31|14.31|14.10|14.10|11.97|1.41|0.04|0.04|0.04|1.41|0.04|0.00|0.00|0.00|0.00|0.00|0.00|0.00|0.00
258,88.22,341,7,7,6,0,0,59|59|59|58|58|48|0|0|0|0|0|0|0|0|0|0|0|0|0|0,14.31|14.31|14.31|14.10|14.10|11.97|1.41|0.04|0.04|0.04|1.41|0.04|0.00|0.00|0.00|0.00|0.00|0.00|0.00|0.00
263,88.27,341,7,7,6,0,0,59|59|59|58|58|48|0|0|0|0|0|0|0|0|0|0|0|0|0|0,14.31|14.31|14.31|14.10|14.10|11.97|1.41|0.04|0.04|0.04|1.41|0.04|0.04|0.00|0.00|0.00|0.00|0.00|0.00|0.00
267,87.63,338,7,7,6,0,0,56|59|59|58|58|48|0|0|0|0|0|0|0|0|0|0|0|0|0|0,13.67|14.31|14.31|14.10|14.10|11.97|1.41|0.04|0.04|0.04|1.41|0.04|0.04|0.00|0.00|0.00|0.00|0.00|0.00|0.00
272,85.50,328,7,7,6,0,0,47|59|59|58|57|48|0|0|0|0|0|0|0|0|0|0|0|0|0|0,11.75|14.31|14.31|14.10|13.88|11.97|1.41|0.04|0.04|0.04|1.41|0.04|0.04|0.00|0.00|0.00|0.00|0.00|0.00|0.00
276,84.26,311,7,7,6,0,0,47|55|54|54|53|48|0|0|0|0|0|0|0|0|0|0|0|0|0|0,11.75|13.46|13.25|13.25|13.03|11.97|1.58|0.04|0.04|0.04|1.41|1.58|0.72|0.00|0.00|0.00|0.00|0.00|0.00|0.00
280,84.35,309,6,7,7,0,0,47|53|54|52|52|50|1|0|0|0|0|0|0|0|0|0|0|0|0|0,11.75|13.03|13.25|12.82|12.82|12.39|1.96|0.04|0.04|0.04|1.41|1.75|0.89|0.00|0.00|0.00|0.00|0.00|0.00|0.00
283,85.92,314,6,7,7,0,0,47|53|53|52|52|55|2|0|0|0|0|0|0|0|0|0|0|0|0|0,11.75|13.03|13.03|12.82|12.82|13.46|2.17|0.04|0.04|0.04|1.41|1.75|1.06|0.34|0.00|0.00|0.00|0.00|0.00|0.00
287,86.69,315,6,7,7,0,0,47|53|53|52|52|56|2|0|0|0|0|0|0|0|0|0|0|0|0|0,11.75|13.03|13.03|12.82|12.82|13.67|2.17|0.04|0.04|0.04|1.41|1.75|1.06|0.89|0.00|0.00|0.00|0.00|0.00|0.00
291,87.88,319,6,7,7,0,0,47|53|53|52|52|60|2|0|0|0|0|0|0|0|0|0|0|0|0|0,11.75|13.03|13.03|12.82|12.82|14.52|2.17|0.04|0.04|0.04|1.41|1.75|1.24|1.06|0.00|0.00|0.00|0.00|0.00|0.00
295,88.05,319,5,8,7,0,0,47|53|53|52|52|60|2|0|0|0|0|0|0|0|0|0|0|0|0|0,11.75|13.03|13.03|12.82|12.82|14.52|2.17|0.04|0.04|0.04|1.41|1.75|1.24|1.24|0.00|0.00|0.00|0.00|0.00|0.00
298,88.10,319,5,8,7,0,0,47|53|53|52|52|60|2|0|0|0|0|0|0|0|0|0|0|0|0|0,11.75|13.03|13.03|12.82|12.82|14.52|2.17|0.04|0.04|0.04|1.41|1.75|1.24|1.24|0.04|0.00|0.00|0.00|0.00|0.00
303,88.10,319,5,8,7,0,0,47|53|53|52|52|60|2|0|0|0|0|0|0|0|0|0|0|0|0|0,11.75|13.03|13.03|12.82|12.82|14.52|2.17|0.04|0.04|0.04|1.41|1.75|1.24|1.24|0.04|0.00|0.00|0.00|0.00|0.00
306,88.10,319,5,8,7,0,0,47|53|53|52|52|60|2|0|0|0|0|0|0|0|0|0|0|0|0|0,11.75|13.03|13.03|12.82|12.82|14.52|2.17|0.04|0.04|0.04|1.41|1.75|1.24|1.24|0.04|0.00|0.00|0.00|0.00|0.00
310,88.10,319,5,8,7,0,0,47|53|53|52|52|60|2|0|0|0|0|0|0|0|0|0|0|0|0|0,11.75|13.03|13.03|12.82|12.82|14.52|2.17|0.04|0.04|0.04|1.41|1.75|1.24|1.24|0.04|0.00|0.00|0.00|0.00|0.00
314,88.10,319,5,8,7,0,0,47|53|53|52|52|60|2|0|0|0|0|0|0|0|0|0|0|0|0|0,11.75|13.03|13.03|12.82|12.82|14.52|2.17|0.04|0.04|0.04|1.41|1.75|1.24|1.24|0.04|0.00|0.00|0.00|0.00|0.00
318,88.10,319,5,8,7,0,0,47|53|53|52|52|60|2|0|0|0|0|0|0|0|0|0|0|0|0|0,11.75|13.03|13.03|12.82|12.82|14.52|2.17|0.04|0.04|0.04|1.41|1.75|1.24|1.24|0.04|0.00|0.00|0.00|0.00|0.00
322,87.37,314,4,9,7,0,0,47|51|52|51|51|60|2|0|0|0|0|0|0|0|0|0|0|0|0|0,11.75|12.61|12.82|12.61|12.61|14.52|2.17|0.04|0.04|0.04|1.41|1.75|1.24|1.24|0.04|0.34|0.00|0.00|0.00|0.00
326,86.65,308,4,9,7,0,0,47|51|52|51|51|54|2|0|0|0|0|0|0|0|0|0|0|0|0|0,11.75|12.61|12.82|12.61|12.61|13.25|2.17|0.04|0.04|0.04|1.41|1.75|1.24|1.24|0.04|0.89|0.00|0.00|0.00|0.00
330,86.61,307,4,9,7,0,0,47|51|51|51|51|54|2|0|0|0|0|0|0|0|0|0|0|0|0|0,11.75|12.61|12.61|12.61|12.61|13.25|2.17|0.04|0.04|0.04|1.41|1.75|1.24|1.24|0.21|0.89|0.00|0.00|0.00|0.00
334,87.12,307,4,9,7,0,0,47|51|51|51|51|54|2|0|0|0|0|0|0|0|0|0|0|0|0|0,11.75|12.61|12.61|12.61|12.61|13.25|2.17|0.04|0.04|0.38|1.41|1.75|1.24|1.24|0.38|0.89|0.00|0.00|0.00|0.00
339,87.63,307,4,9,7,0,0,47|51|51|51|51|54|2|0|0|0|0|0|0|0|0|0|0|0|0|0,11.75|12.61|12.61|12.61|12.61|13.25|2.17|0.04|0.04|0.89|1.41|1.75|1.24|1.24|0.38|0.89|0.00|0.00|0.00|0.00
343,88.01,307,3,10,7,0,0,47|51|51|51|51|54|2|0|0|0|0|0|0|0|0|0|0|0|0|0,11.75|12.61|12.61|12.61|12.61|13.25|2.17|0.04|0.04|1.24|1.41|1.75|1.24|1.24|0.38|0.89|0.04|0.00|0.00|0.00
348,88.01,307,3,10,7,0,0,47|51|51|51|51|54|2|0|0|0|0|0|0|0|0|0|0|0|0|0,11.75|12.61|12.61|12.61|12.61|13.25|2.17|0.04|0.04|1.24|1.41|1.75|1.24|1.24|0.38|0.89|0.04|0.00|0.00|0.00
353,83.97,288,3,10,7,0,0,47|45|51|46|43|54|2|0|0|0|0|0|0|0|0|0|0|0|0|0,11.75|11.33|12.61|11.54|10.90|13.25|2.17|0.04|0.04|1.24|1.41|1.75|1.24|1.24|0.38|0.89|0.04|0.00|0.00|0.00
358,85.24,286,3,8,9,0,0,47|44|51|43|42|54|2|0|0|0|2|0|0|0|0|0|1|0|0|0,11.75|11.12|12.61|10.90|10.69|13.25|2.17|0.04|0.04|1.41|2.17|1.75|1.24|1.24|0.38|0.89|1.45|0.00|0.00|0.00
362,86.52,288,2,8,10,0,0,47|43|51|43|42|54|2|0|0|2|2|0|0|0|0|0|2|0|0|0,11.75|10.90|12.61|10.90|10.69|13.25|2.17|0.04|0.04|2.00|2.17|1.75|1.24|1.24|0.72|0.89|2.00|0.00|0.00|0.00
366,84.18,272,2,8,10,0,0,47|43|43|43|42|46|2|0|0|2|2|0|0|0|0|0|2|0|0|0,11.75|10.90|10.90|10.90|10.69|11.54|2.17|0.04|0.04|2.00|2.17|1.75|1.24|1.24|0.89|0.89|2.00|0.89|0.00|0.00
370,84.86,272,2,8,10,0,0,47|43|43|43|42|46|2|0|0|2|2|0|0|0|0|0|2|0|0|0,11.75|10.90|10.90|10.90|10.69|11.54|2.17|0.04|0.04|2.17|2.17|1.75|1.24|1.24|0.89|0.89|2.00|1.41|0.00|0.00
374,85.41,273,2,7,11,0,0,47|43|43|43|42|46|2|0|0|2|2|0|0|0|0|0|2|1|0|0,11.75|10.90|10.90|10.90|10.69|11.54|2.17|0.04|0.21|2.17|2.17|1.75|1.24|1.24|0.89|0.89|2.00|1.79|0.00|0.00
378,85.58,273,2,7,11,0,0,47|43|43|43|42|46|2|0|0|2|2|0|0|0|0|0|2|1|0|0,11.75|10.90|10.90|10.90|10.69|11.54|2.17|0.04|0.38|2.17|2.17|1.75|1.24|1.24|0.89|0.89|2.00|1.79|0.00|0.00
382,85.97,274,1,8,11,0,0,47|43|43|43|42|46|2|0|0|2|2|0|0|0|0|0|2|2|0|0,11.75|10.90|10.90|10.90|10.69|11.54|2.17|0.04|0.55|2.17|2.17|1.75|1.24|1.24|0.89|0.89|2.00|2.00|0.00|0.00
386,86.01,274,1,8,11,0,0,47|43|43|43|42|46|2|0|0|2|2|0|0|0|0|0|2|2|0|0,11.75|10.90|10.90|10.90|10.69|11.54|2.17|0.04|0.55|2.17|2.17|1.75|1.24|1.24|0.89|0.89|2.00|2.00|0.04|0.00
390,86.01,274,1,8,11,0,0,47|43|43|43|42|46|2|0|0|2|2|0|0|0|0|0|2|2|0|0,11.75|10.90|10.90|10.90|10.69|11.54|2.17|0.04|0.55|2.17|2.17|1.75|1.24|1.24|0.89|0.89|2.00|2.00|0.04|0.00
394,84.52,267,1,8,11,0,0,47|43|43|41|37|46|2|0|0|2|2|0|0|0|0|0|2|2|0|0,11.75|10.90|10.90|10.48|9.63|11.54|2.17|0.04|0.55|2.17|2.17|1.75|1.24|1.24|0.89|0.89|2.00|2.00|0.04|0.00
398,82.86,252,0,8,12,0,0,47|33|43|36|36|46|2|0|0|2|2|0|1|0|0|0|2|2|0|0,11.75|8.77|10.90|9.41|9.41|11.54|2.17|0.04|0.55|2.17|2.17|1.75|1.79|1.24|0.89|0.89|2.00|2.00|1.06|0.17
403,84.48,254,0,7,13,0,0,47|32|43|36|36|46|2|0|0|2|2|0|2|0|0|0|2|3|0|1,11.75|8.56|10.90|9.41|9.41|11.54|2.17|0.04|0.55|2.17|2.17|1.75|2.00|1.24|0.89|0.89|2.00|2.21|1.06|1.58
409,85.46,256,0,7,13,0,0,48|32|43|36|37|46|2|0|0|2|2|0|2|0|0|0|2|3|0|1,11.97|8.56|10.90|9.41|9.63|11.54|2.17|0.04|0.55|2.17|2.17|1.75|2.17|1.24|0.89|0.89|2.00|2.21|1.06|1.96
415,85.84,257,0,7,13,0,0,48|32|43|36|37|46|2|0|0|2|2|0|2|0|0|0|2|3|0|2,11.97|8.56|10.90|9.41|9.63|11.54|2.17|0.04|0.55|2.17|2.17|1.75|2.17|1.24|0.89|0.89|2.17|2.21|1.06|2.17
419,85.84,257,0,7,13,0,0,48|32|43|36|37|46|2|0|0|2|2|0|2|0|0|0|2|3|0|2,11.97|8.56|10.90|9.41|9.63|11.54|2.17|0.04|0.55|2.17|2.17|1.75|2.17|1.24|0.89|0.89|2.17|2.21|1.06|2.17
423,85.84,257,0,7,13,0,0,48|32|43|36|37|46|2|0|0|2|2|0|2|0|0|0|2|3|0|2,11.97|8.56|10.90|9.41|9.63|11.54|2.17|0.04|0.55|2.17|2.17|1.75|2.17|1.24|0.89|0.89|2.17|2.21|1.06|2.17
427,86.48,260,0,6,14,0,0,48|32|43|36|37|46|3|0|0|2|2|2|2|0|0|0|2|3|0|2,11.97|8.56|10.90|9.41|9.63|11.54|2.39|0.04|0.55|2.17|2.17|2.17|2.17|1.24|0.89|0.89|2.17|2.21|1.06|2.17
432,86.65,260,0,6,14,0,0,48|32|43|36|37|46|3|0|0|2|2|2|2|0|0|0|2|3|0|2,11.97|8.56|10.90|9.41|9.63|11.54|2.39|0.04|0.55|2.17|2.17|2.17|2.17|1.24|0.89|0.89|2.17|2.39|1.06|2.17
437,86.65,260,0,6,14,0,0,48|32|43|36|37|46|3|0|0|2|2|2|2|0|0|0|2|3|0|2,11.97|8.56|10.90|9.41|9.63|11.54|2.39|0.04|0.55|2.17|2.17|2.17|2.17|1.24|0.89|0.89|2.17|2.39|1.06|2.17
441,86.65,260,0,6,14,0,0,48|32|43|36|37|46|3|0|0|2|2|2|2|0|0|0|2|3|0|2,11.97|8.56|10.90|9.41|9.63|11.54|2.39|0.04|0.55|2.17|2.17|2.17|2.17|1.24|0.89|0.89|2.17|2.39|1.06|2.17
445,86.65,260,0,6,14,0,0,48|32|43|36|37|46|3|0|0|2|2|2|2|0|0|0|2|3|0|2,11.97|8.56|10.90|9.41|9.63|11.54|2.39|0.04|0.55|2.17|2.17|2.17|2.17|1.24|0.89|0.89|2.17|2.39|1.06|2.17
449,86.65,260,0,6,14,0,0,48|32|43|36|37|46|3|0|0|2|2|2|2|0|0|0|2|3|0|2,11.97|8.56|10.90|9.41|9.63|11.54|2.39|0.04|0.55|2.17|2.17|2.17|2.17|1.24|0.89|0.89|2.17|2.39|1.06|2.17
453,86.65,260,0,6,14,0,0,48|32|43|36|37|46|3|0|0|2|2|2|2|0|0|0|2|3|0|2,11.97|8.56|10.90|9.41|9.63|11.54|2.39|0.04|0.55|2.17|2.17|2.17|2.17|1.24|0.89|0.89|2.17|2.39|1.06|2.17
458,86.44,259,0,6,14,0,0,48|31|43|36|37|46|3|0|0|2|2|2|2|0|0|0|2|3|0|2,11.97|8.35|10.90|9.41|9.63|11.54|2.39|0.04|0.55|2.17|2.17|2.17|2.17|1.24|0.89|0.89|2.17|2.39|1.06|2.17
462,86.61,259,0,6,14,0,0,48|31|43|36|37|46|3|0|0|2|2|2|2|0|0|0|2|3|0|2,11.97|8.35|10.90|9.41|9.63|11.54|2.39|0.04|0.55|2.17|2.17|2.17|2.17|1.24|0.89|1.06|2.17|2.39|1.06|2.17
466,86.61,259,0,6,14,0,0,48|31|43|36|37|46|3|0|0|2|2|2|2|0|0|0|2|3|0|2,11.97|8.35|10.90|9.41|9.63|11.54|2.39|0.04|0.55|2.17|2.17|2.17|2.17|1.24|0.89|1.06|2.17|2.39|1.06|2.17
470,86.61,259,0,6,14,0,0,48|31|43|36|37|46|3|0|0|2|2|2|2|0|0|0|2|3|0|2,11.97|8.35|10.90|9.41|9.63|11.54|2.39|0.04|0.55|2.17|2.17|2.17|2.17|1.24|0.89|1.06|2.17|2.39|1.06|2.17
473,86.61,259,0,6,14,0,0,48|31|43|36|37|46|3|0|0|2|2|2|2|0|0|0|2|3|0|2,11.97|8.35|10.90|9.41|9.63|11.54|2.39|0.04|0.55|2.17|2.17|2.17|2.17|1.24|0.89|1.06|2.17|2.39|1.06|2.17
478,86.61,259,0,6,14,0,0,48|31|43|36|37|46|3|0|0|2|2|2|2|0|0|0|2|3|0|2,11.97|8.35|10.90|9.41|9.63|11.54|2.39|0.04|0.55|2.17|2.17|2.17|2.17|1.24|0.89|1.06|2.17|2.39|1.06|2.17
483,86.61,259,0,6,14,0,0,48|31|43|36|37|46|3|0|0|2|2|2|2|0|0|0|2|3|0|2,11.97|8.35|10.90|9.41|9.63|11.54|2.39|0.04|0.55|2.17|2.17|2.17|2.17|1.24|0.89|1.06|2.17|2.39|1.06|2.17
487,86.61,259,0,6,14,0,0,48|31|43|36|37|46|3|0|0|2|2|2|2|0|0|0|2|3|0|2,11.97|8.35|10.90|9.41|9.63|11.54|2.39|0.04|0.55|2.17|2.17|2.17|2.17|1.24|0.89|1.06|2.17|2.39|1.06|2.17
491,86.61,259,0,6,14,0,0,48|31|43|36|37|46|3|0|0|2|2|2|2|0|0|0|2|3|0|2,11.97|8.35|10.90|9.41|9.63|11.54|2.39|0.04|0.55|2.17|2.17|2.17|2.17|1.24|0.89|1.06|2.17|2.39|1.06|2.17
495,86.39,258,0,6,14,0,0,47|31|43|36|37|46|3|0|0|2|2|2|2|0|0|0|2|3|0|2,11.75|8.35|10.90|9.41|9.63|11.54|2.39|0.04|0.55|2.17|2.17|2.17|2.17|1.24|0.89|1.06|2.17|2.39|1.06|2.17
499,86.39,258,0,6,14,0,0,47|31|43|36|37|46|3|0|0|2|2|2|2|0|0|0|2|3|0|2,11.75|8.35|10.90|9.41|9.63|11.54|2.39|0.04|0.55|2.17|2.17|2.17|2.17|1.24|0.89|1.06|2.17|2.39|1.06|2.17
503,86.39,258,0,6,14,0,0,47|31|44|36|37|45|3|0|0|2|2|2|2|0|0|0|2|3|0|2,11.75|8.35|11.12|9.41|9.63|11.33|2.39|0.04|0.55|2.17|2.17|2.17|2.17|1.24|0.89|1.06|2.17|2.39|1.06|2.17
507,86.61,259,0,6,14,0,0,47|31|44|36|37|45|3|0|0|2|2|2|2|0|0|0|3|3|0|2,11.75|8.35|11.12|9.41|9.63|11.33|2.39|0.04|0.55|2.17|2.17|2.17|2.17|1.24|0.89|1.06|2.39|2.39|1.06|2.17
511,86.18,257,0,6,14,0,0,47|31|44|35|36|45|3|0|0|2|2|2|2|0|0|0|3|3|0|2,11.75|8.35|11.12|9.20|9.41|11.33|2.39|0.04|0.55|2.17|2.17|2.17|2.17|1.24|0.89|1.06|2.39|2.39|1.06|2.17
515,85.97,256,0,6,14,0,0,47|30|44|35|36|45|3|0|0|2|2|2|2|0|0|0|3|3|0|2,11.75|8.13|11.12|9.20|9.41|11.33|2.39|0.04|0.55|2.17|2.17|2.17|2.17|1.24|0.89|1.06|2.39|2.39|1.06|2.17
519,85.97,256,0,6,14,0,0,47|30|44|35|36|45|3|0|0|2|2|2|2|0|0|0|3|3|0|2,11.75|8.13|11.12|9.20|9.41|11.33|2.39|0.04|0.55|2.17|2.17|2.17|2.17|1.24|0.89|1.06|2.39|2.39|1.06|2.17
523,86.09,255,0,6,14,0,0,47|30|44|35|36|45|3|0|0|2|2|2|2|0|0|0|3|2|0|2,11.75|8.13|11.12|9.20|9.41|11.33|2.39|0.04|0.55|2.17|2.17|2.17|2.17|1.24|0.89|1.06|2.39|2.17|1.41|2.17
527,86.44,255,0,6,14,0,0,47|30|44|35|36|45|2|0|0|2|2|3|2|0|0|0|3|2|0|2,11.75|8.13|11.12|9.20|9.41|11.33|2.17|0.04|0.55|2.17|2.17|2.39|2.17|1.41|0.89|1.06|2.39|2.17|1.58|2.17
531,86.61,255,0,6,14,0,0,47|30|44|35|36|45|2|0|0|2|2|3|2|0|0|0|3|2|0|2,11.75|8.13|11.12|9.20|9.41|11.33|2.17|0.04|0.55|2.17|2.17|2.39|2.17|1.58|0.89|1.06|2.39|2.17|1.58|2.17
536,86.61,255,0,6,14,0,0,47|30|44|35|36|45|2|0|0|2|2|3|2|0|0|0|3|2|0|2,11.75|8.13|11.12|9.20|9.41|11.33|2.17|0.04|0.55|2.17|2.17|2.39|2.17|1.58|0.89|1.06|2.39|2.17|1.58|2.17
540,86.61,255,0,6,14,0,0,47|30|44|35|36|45|2|0|0|2|2|3|2|0|0|0|3|2|0|2,11.75|8.13|11.12|9.20|9.41|11.33|2.17|0.04|0.55|2.17|2.17|2.39|2.17|1.58|0.89|1.06|2.39|2.17|1.58|2.17
544,86.61,255,0,6,14,0,0,47|30|44|35|36|45|2|0|0|2|2|3|2|0|0|0|3|2|0|2,11.75|8.13|11.12|9.20|9.41|11.33|2.17|0.04|0.55|2.17|2.17|2.39|2.17|1.58|0.89|1.06|2.39|2.17|1.58|2.17
549,86.61,255,0,6,14,0,0,47|30|44|35|36|45|2|0|0|2|2|3|2|0|0|0|3|2|0|2,11.75|8.13|11.12|9.20|9.41|11.33|2.17|0.04|0.55|2.17|2.17|2.39|2.17|1.58|0.89|1.06|2.39|2.17|1.58|2.17
553,86.61,255,0,6,14,0,0,47|30|44|35|36|45|2|0|0|2|2|3|2|0|0|0|3|2|0|2,11.75|8.13|11.12|9.20|9.41|11.33|2.17|0.04|0.55|2.17|2.17|2.39|2.17|1.58|0.89|1.06|2.39|2.17|1.58|2.17
557,86.61,255,0,6,14,0,0,47|30|44|35|36|45|2|0|0|2|2|3|2|0|0|0|3|2|0|2,11.75|8.13|11.12|9.20|9.41|11.33|2.17|0.04|0.55|2.17|2.17|2.39|2.17|1.58|0.89|1.06|2.39|2.17|1.58|2.17
562,86.61,255,0,6,14,0,0,47|30|44|35|36|45|2|0|0|2|2|3|2|0|0|0|3|2|0|2,11.75|8.13|11.12|9.20|9.41|11.33|2.17|0.04|0.55|2.17|2.17|2.39|2.17|1.58|0.89|1.06|2.39|2.17|1.58|2.17
566,86.61,255,0,6,14,0,0,47|30|44|35|36|45|2|0|0|2|2|3|2|0|0|0|3|2|0|2,11.75|8.13|11.12|9.20|9.41|11.33|2.17|0.04|0.55|2.17|2.17|2.39|2.17|1.58|0.89|1.06|2.39|2.17|1.58|2.17
570,86.61,255,0,6,14,0,0,47|30|44|35|36|45|2|0|0|2|2|3|2|0|0|0|3|2|0|2,11.75|8.13|11.12|9.20|9.41|11.33|2.17|0.04|0.55|2.17|2.17|2.39|2.17|1.58|0.89|1.06|2.39|2.17|1.58|2.17
573,86.61,255,0,6,14,0,0,47|30|44|35|36|45|2|0|0|2|2|3|2|0|0|0|3|2|0|2,11.75|8.13|11.12|9.20|9.41|11.33|2.17|0.04|0.55|2.17|2.17|2.39|2.17|1.58|0.89|1.06|2.39|2.17|1.58|2.17
578,86.61,255,0,6,14,0,0,47|30|44|35|36|45|2|0|0|2|2|3|2|0|0|0|3|2|0|2,11.75|8.13|11.12|9.20|9.41|11.33|2.17|0.04|0.55|2.17|2.17|2.39|2.17|1.58|0.89|1.06|2.39|2.17|1.58|2.17
582,86.61,255,0,6,14,0,0,47|30|44|35|36|45|2|0|0|2|2|3|2|0|0|0|3|2|0|2,11.75|8.13|11.12|9.20|9.41|11.33|2.17|0.04|0.55|2.17|2.17|2.39|2.17|1.58|0.89|1.06|2.39|2.17|1.58|2.17
586,86.61,255,0,6,14,0,0,47|30|44|35|36|45|2|0|0|2|2|3|2|0|0|0|3|2|0|2,11.75|8.13|11.12|9.20|9.41|11.33|2.17|0.04|0.55|2.17|2.17|2.39|2.17|1.58|0.89|1.06|2.39|2.17|1.58|2.17
590,86.61,255,0,6,14,0,0,47|30|44|35|36|45|2|0|0|2|2|3|2|0|0|0|3|2|0|2,11.75|8.13|11.12|9.20|9.41|11.33|2.17|0.04|0.55|2.17|2.17|2.39|2.17|1.58|0.89|1.06|2.39|2.17|1.58|2.17
594,86.61,255,0,6,14,0,0,47|30|44|35|36|45|2|0|0|2|2|3|2|0|0|0|3|2|0|2,11.75|8.13|11.12|9.20|9.41|11.33|2.17|0.04|0.55|2.17|2.17|2.39|2.17|1.58|0.89|1.06|2.39|2.17|1.58|2.17
598,86.61,255,0,6,14,0,0,47|30|44|35|36|45|2|0|0|2|2|3|2|0|0|0|3|2|0|2,11.75|8.13|11.12|9.20|9.41|11.33|2.17|0.04|0.55|2.17|2.17|2.39|2.17|1.58|0.89|1.06|2.39|2.17|1.58|2.17
602,86.61,255,0,6,14,0,0,47|30|44|35|36|45|2|0|0|2|2|3|2|0|0|0|3|2|0|2,11.75|8.13|11.12|9.20|9.41|11.33|2.17|0.04|0.55|2.17|2.17|2.39|2.17|1.58|0.89|1.06|2.39|2.17|1.58|2.17
606,86.61,255,0,6,14,0,0,47|30|44|35|36|45|2|0|0|2|2|3|2|0|0|0|3|2|0|2,11.75|8.13|11.12|9.20|9.41|11.33|2.17|0.04|0.55|2.17|2.17|2.39|2.17|1.58|0.89|1.06|2.39|2.17|1.58|2.17
610,86.61,255,0,6,14,0,0,47|30|44|35|36|45|2|0|0|2|2|3|2|0|0|0|3|2|0|2,11.75|8.13|11.12|9.20|9.41|11.33|2.17|0.04|0.55|2.17|2.17|2.39|2.17|1.58|0.89|1.06|2.39|2.17|1.58|2.17
614,86.61,255,0,6,14,0,0,47|30|44|35|36|45|2|0|0|2|2|3|2|0|0|0|3|2|0|2,11.75|8.13|11.12|9.20|9.41|11.33|2.17|0.04|0.55|2.17|2.17|2.39|2.17|1.58|0.89|1.06|2.39|2.17|1.58|2.17
619,86.61,255,0,6,14,0,0,47|30|44|35|36|45|2|0|0|2|2|3|2|0|0|0|3|2|0|2,11.75|8.13|11.12|9.20|9.41|11.33|2.17|0.04|0.55|2.17|2.17|2.39|2.17|1.58|0.89|1.06|2.39|2.17|1.58|2.17
623,86.61,255,0,6,14,0,0,47|30|44|35|36|45|2|0|0|2|2|3|2|0|0|0|3|2|0|2,11.75|8.13|11.12|9.20|9.41|11.33|2.17|0.04|0.55|2.17|2.17|2.39|2.17|1.58|0.89|1.06|2.39|2.17|1.58|2.17
627,86.61,255,0,6,14,0,0,47|30|44|35|36|45|2|0|0|2|2|3|2|0|0|0|3|2|0|2,11.75|8.13|11.12|9.20|9.41|11.33|2.17|0.04|0.55|2.17|2.17|2.39|2.17|1.58|0.89|1.06|2.39|2.17|1.58|2.17
631,86.61,255,0,6,14,0,0,47|30|44|35|36|45|2|0|0|2|2|3|2|0|0|0|3|2|0|2,11.75|8.13|11.12|9.20|9.41|11.33|2.17|0.04|0.55|2.17|2.17|2.39|2.17|1.58|0.89|1.06|2.39|2.17|1.58|2.17
636,86.61,255,0,6,14,0,0,47|30|44|35|36|45|2|0|0|2|2|3|2|0|0|0|3|2|0|2,11.75|8.13|11.12|9.20|9.41|11.33|2.17|0.04|0.55|2.17|2.17|2.39|2.17|1.58|0.89|1.06|2.39|2.17|1.58|2.17
640,86.61,255,0,6,14,0,0,47|30|44|35|36|45|2|0|0|2|2|3|2|0|0|0|3|2|0|2,11.75|8.13|11.12|9.20|9.41|11.33|2.17|0.04|0.55|2.17|2.17|2.39|2.17|1.58|0.89|1.06|2.39|2.17|1.58|2.17
643,86.61,255,0,6,14,0,0,47|30|44|35|36|45|2|0|0|2|2|3|2|0|0|0|3|2|0|2,11.75|8.13|11.12|9.20|9.41|11.33|2.17|0.04|0.55|2.17|2.17|2.39|2.17|1.58|0.89|1.06|2.39|2.17|1.58|2.17
648,86.61,255,0,6,14,0,0,47|30|44|35|36|45|2|0|0|2|2|3|2|0|0|0|3|2|0|2,11.75|8.13|11.12|9.20|9.41|11.33|2.17|0.04|0.55|2.17|2.17|2.39|2.17|1.58|0.89|1.06|2.39|2.17|1.58|2.17
652,86.61,255,0,6,14,0,0,47|30|44|35|36|45|2|0|0|2|2|3|2|0|0|0|3|2|0|2,11.75|8.13|11.12|9.20|9.41|11.33|2.17|0.04|0.55|2.17|2.17|2.39|2.17|1.58|0.89|1.06|2.39|2.17|1.58|2.17
656,86.61,255,0,6,14,0,0,47|30|44|35|36|45|2|0|0|2|2|3|2|0|0|0|3|2|0|2,11.75|8.13|11.12|9.20|9.41|11.33|2.17|0.04|0.55|2.17|2.17|2.39|2.17|1.58|0.89|1.06|2.39|2.17|1.58|2.17
661,86.61,255,0,6,14,0,0,47|30|44|35|36|45|2|0|0|2|2|3|2|0|0|0|3|2|0|2,11.75|8.13|11.12|9.20|9.41|11.33|2.17|0.04|0.55|2.17|2.17|2.39|2.17|1.58|0.89|1.06|2.39|2.17|1.58|2.17
665,86.61,255,0,6,14,0,0,47|30|44|35|36|45|2|0|0|2|2|3|2|0|0|0|3|2|0|2,11.75|8.13|11.12|9.20|9.41|11.33|2.17|0.04|0.55|2.17|2.17|2.39|2.17|1.58|0.89|1.06|2.39|2.17|1.58|2.17
670,86.61,255,0,6,14,0,0,47|30|44|35|36|45|2|0|0|2|2|3|2|0|0|0|3|2|0|2,11.75|8.13|11.12|9.20|9.41|11.33|2.17|0.04|0.55|2.17|2.17|2.39|2.17|1.58|0.89|1.06|2.39|2.17|1.58|2.17
675,86.39,254,0,6,14,0,0,46|30|44|35|36|45|2|0|0|2|2|3|2|0|0|0|3|2|0|2,11.54|8.13|11.12|9.20|9.41|11.33|2.17|0.04|0.55|2.17|2.17|2.39|2.17|1.58|0.89|1.06|2.39|2.17|1.58|2.17
680,86.39,254,0,6,14,0,0,46|30|44|35|36|45|2|0|0|2|2|3|2|0|0|0|3|2|0|2,11.54|8.13|11.12|9.20|9.41|11.33|2.17|0.04|0.55|2.17|2.17|2.39|2.17|1.58|0.89|1.06|2.39|2.17|1.58|2.17
684,86.35,253,0,6,14,0,0,46|30|44|35|36|44|2|0|0|2|2|3|2|0|0|0|3|2|0|2,11.54|8.13|11.12|9.20|9.41|11.12|2.17|0.04|0.72|2.17|2.17|2.39|2.17|1.58|0.89|1.06|2.39|2.17|1.58|2.17
688,86.35,253,0,6,14,0,0,46|30|44|35|36|44|2|0|0|2|2|3|2|0|0|0|3|2|0|2,11.54|8.13|11.12|9.20|9.41|11.12|2.17|0.04|0.72|2.17|2.17|2.39|2.17|1.58|0.89|1.06|2.39|2.17|1.58|2.17
693,86.35,253,0,6,14,0,0,46|30|44|35|36|44|2|0|0|2|2|3|2|0|0|0|3|2|0|2,11.54|8.13|11.12|9.20|9.41|11.12|2.17|0.04|0.72|2.17|2.17|2.39|2.17|1.58|0.89|1.06|2.39|2.17|1.58|2.17
697,86.35,253,0,6,14,0,0,46|30|44|35|36|44|2|0|0|2|2|3|2|0|0|0|3|2|0|2,11.54|8.13|11.12|9.20|9.41|11.12|2.17|0.04|0.72|2.17|2.17|2.39|2.17|1.58|0.89|1.06|2.39|2.17|1.58|2.17
701,86.56,254,0,5,15,0,0,46|30|44|35|36|44|2|0|0|2|2|3|2|0|0|0|3|2|1|2,11.54|8.13|11.12|9.20|9.41|11.12|2.17|0.04|0.72|2.17|2.17|2.39|2.17|1.58|0.89|1.06|2.39|2.17|1.79|2.17
705,86.56,254,0,5,15,0,0,46|30|44|35|36|44|2|0|0|2|2|3|2|0|0|0|3|2|1|2,11.54|8.13|11.12|9.20|9.41|11.12|2.17|0.04|0.72|2.17|2.17|2.39|2.17|1.58|0.89|1.06|2.39|2.17|1.79|2.17
709,86.56,254,0,5,15,0,0,46|30|44|35|36|44|2|0|0|2|2|3|2|0|0|0|3|2|1|2,11.54|8.13|11.12|9.20|9.41|11.12|2.17|0.04|0.72|2.17|2.17|2.39|2.17|1.58|0.89|1.06|2.39|2.17|1.79|2.17
713,86.56,254,0,5,15,0,0,46|30|44|35|36|44|2|0|0|2|2|3|2|0|0|0|3|2|1|2,11.54|8.13|11.12|9.20|9.41|11.12|2.17|0.04|0.72|2.17|2.17|2.39|2.17|1.58|0.89|1.06|2.39|2.17|1.79|2.17
717,86.56,254,0,5,15,0,0,46|30|44|35|36|44|2|0|0|2|2|3|2|0|0|0|3|2|1|2,11.54|8.13|11.12|9.20|9.41|11.12|2.17|0.04|0.72|2.17|2.17|2.39|2.17|1.58|0.89|1.06|2.39|2.17|1.79|2.17
721,86.56,254,0,4,15,0,0,46|30|44|35|36|44|2|0|0|2|2|3|2|0|0|0|3|2|1|2,11.54|8.13|11.12|9.20|9.41|11.12|2.17|0.04|0.72|2.17|2.17|2.39|2.17|1.58|0.89|1.06|2.39|2.17|1.79|2.17
725,86.56,254,0,3,15,0,0,46|30|44|35|36|44|2|0|0|2|2|3|2|0|0|0|3|2|1|2,11.54|8.13|11.12|9.20|9.41|11.12|2.17|0.04|0.72|2.17|2.17|2.39|2.17|1.58|0.89|1.06|2.39|2.17|1.79|2.17
729,86.56,254,0,3,15,0,0,46|30|44|35|36|44|2|0|0|2|2|3|2|0|0|0|3|2|1|2,11.54|8.13|11.12|9.20|9.41|11.12|2.17|0.04|0.72|2.17|2.17|2.39|2.17|1.58|0.89|1.06|2.39|2.17|1.79|2.17
733,86.56,254,0,0,15,0,0,46|30|44|35|36|44|2|0|0|2|2|3|2|0|0|0|3|2|1|2,11.54|8.13|11.12|9.20|9.41|11.12|2.17|0.04|0.72|2.17|2.17|2.39|2.17|1.58|0.89|1.06|2.39|2.17|1.79|2.17
737,86.56,254,0,0,15,0,0,46|30|44|35|36|44|2|0|0|2|2|3|2|0|0|0|3|2|1|2,11.54|8.13|11.12|9.20|9.41|11.12|2.17|0.04|0.72|2.17|2.17|2.39|2.17|1.58|0.89|1.06|2.39|2.17|1.79|2.17
741,73.32,196,0,0,14,1,0,0|18|44|35|36|44|2|0|0|2|2|3|2|0|0|0|3|2|1|2,0.85|5.58|11.12|9.20|9.41|11.12|2.17|0.04|0.72|2.17|2.17|2.39|2.17|1.58|0.89|1.06|2.39|2.17|1.79|2.17
745,55.94,129,0,0,13,2,0,0|0|1|29|36|44|2|0|0|2|2|3|2|0|0|0|3|2|1|2,0.34|0.00|1.11|7.92|9.41|11.12|2.17|0.04|0.72|2.17|2.17|2.39|2.17|1.58|0.89|1.06|2.39|2.17|1.79|2.17
748,39.25,62,0,0,10,4,0,0|0|0|0|0|43|2|0|0|2|2|3|2|0|0|0|3|2|1|2,0.00|0.00|0.51|0.55|1.24|10.90|2.17|0.04|0.72|2.17|2.17|2.39|2.17|1.58|0.89|1.06|2.39|2.17|1.79|2.17
751,26.73,19,0,0,10,4,0,0|0|0|0|0|1|1|0|0|2|2|3|2|0|0|0|3|2|1|2,0.00|0.00|0.34|0.51|0.00|0.38|1.62|0.04|0.72|2.17|2.17|2.39|2.17|1.58|0.89|1.06|2.39|2.17|1.79|2.17
753,24.85,17,0,0,8,4,0,0|0|0|0|0|0|0|0|0|2|2|3|2|0|0|0|3|2|1|2,0.00|0.00|0.17|0.34|0.00|0.00|0.51|0.00|0.72|2.17|2.17|2.39|2.17|1.58|0.89|1.06|2.39|2.17|1.79|2.17
756,22.30,15,0,0,7,4,0,0|0|0|0|0|0|0|0|0|0|2|3|2|0|0|0|3|2|1|2,0.00|0.00|0.00|0.00|0.00|0.00|0.17|0.00|0.00|1.19|2.17|2.39|2.17|1.58|0.89|1.06|2.39|2.17|1.79|2.17
759,18.21,9,0,0,5,2,0,0|0|0|0|0|0|0|0|0|0|0|0|1|0|0|0|3|2|1|2,0.00|0.00|0.00|0.00|0.00|0.00|0.00|0.00|0.00|0.51|0.51|1.02|1.96|1.58|0.89|1.06|2.39|2.17|1.79|2.17
761,15.23,8,0,0,4,2,0,0|0|0|0|0|0|0|0|0|0|0|0|0|0|0|0|3|2|1|2,0.00|0.00|0.00|0.00|0.00|0.00|0.00|0.00|0.00|0.17|0.34|0.51|0.00|1.58|0.89|1.06|2.39|2.17|1.79|2.17
764,12.80,8,0,0,4,2,0,0|0|0|0|0|0|0|0|0|0|0|0|0|0|0|0|3|2|1|2,0.00|0.00|0.00|0.00|0.00|0.00|0.00|0.00|0.00|0.17|0.17|0.17|0.00|0.55|0.00|1.06|2.39|2.17|1.79|2.17
765,10.58,6,0,0,4,2,0,0|0|0|0|0|0|0|0|0|0|0|0|0|0|0|0|1|2|1|2,0.00|0.00|0.00|0.00|0.00|0.00|0.00|0.00|0.00|0.00|0.17|0.17|0.00|0.17|0.00|0.00|1.79|2.17|1.79|2.17
767,8.80,5,0,0,4,1,0,0|0|0|0|0|0|0|0|0|0|0|0|0|0|0|0|1|1|1|2,0.00|0.00|0.00|0.00|0.00|0.00|0.00|0.00|0.00|0.00|0.00|0.00|0.00|0.17|0.00|0.00|0.55|1.96|1.79|2.17
769,6.50,4,0,0,3,1,0,0|0|0|0|0|0|0|0|0|0|0|0|0|0|0|0|1|1|0|2,0.00|0.00|0.00|0.00|0.00|0.00|0.00|0.00|0.00|0.00|0.00|0.00|0.00|0.17|0.00|0.00|0.38|0.38|1.24|2.17
770,4.45,2,0,0,2,0,0,0|0|0|0|0|0|0|0|0|0|0|0|0|0|0|0|1|1|0|0,0.00|0.00|0.00|0.00|0.00|0.00|0.00|0.00|0.00|0.00|0.00|0.00|0.00|0.17|0.00|0.00|0.38|0.38|0.17|1.19
773,2.88,1,0,0,1,0,0,0|0|0|0|0|0|0|0|0|0|0|0|0|0|0|0|1|0|0|0,0.00|0.00|0.00|0.00|0.00|0.00|0.00|0.00|0.00|0.00|0.00|0.00|0.00|0.00|0.00|0.00|0.38|0.17|0.00|0.17
774,2.70,1,0,0,1,0,0,0|0|0|0|0|0|0|0|0|0|0|0|0|0|0|0|1|0|0|0,0.00|0.00|0.00|0.00|0.00|0.00|0.00|0.00|0.00|0.00|0.00|0.00|0.00|0.00|0.00|0.00|0.38|0.17|0.00|0.00
776,2.53,1,0,0,1,0,0,0|0|0|0|0|0|0|0|0|0|0|0|0|0|0|0|1|0|0|0,0.00|0.00|0.00|0.00|0.00|0.00|0.00|0.00|0.00|0.00|0.00|0.00|0.00|0.00|0.00|0.00|0.21|0.17|0.00|0.00
777,2.36,1,0,0,1,0,0,0|0|0|0|0|0|0|0|0|0|0|0|0|0|0|0|1|0|0|0,0.00|0.00|0.00|0.00|0.00|0.00|0.00|0.00|0.00|0.00|0.00|0.00|0.00|0.00|0.00|0.00|0.21|0.00|0.00|0.00
779,2.36,1,0,0,1,0,0,0|0|0|0|0|0|0|0|0|0|0|0|0|0|0|0|1|0|0|0,0.00|0.00|0.00|0.00|0.00|0.00|0.00|0.00|0.00|0.00|0.00|0.00|0.00|0.00|0.00|0.00|0.21|0.00|0.00|0.00
782,2.36,1,0,0,1,0,0,0|0|0|0|0|0|0|0|0|0|0|0|0|0|0|0|1|0|0|0,0.00|0.00|0.00|0.00|0.00|0.00|0.00|0.00|0.00|0.00|0.00|0.00|0.00|0.00|0.00|0.00|0.21|0.00|0.00|0.00
783,2.36,1,0,0,1,0,0,0|0|0|0|0|0|0|0|0|0|0|0|0|0|0|0|1|0|0|0,0.00|0.00|0.00|0.00|0.00|0.00|0.00|0.00|0.00|0.00|0.00|0.00|0.00|0.00|0.00|0.00|0.21|0.00|0.00|0.00
785,2.36,1,0,0,1,0,0,0|0|0|0|0|0|0|0|0|0|0|0|0|0|0|0|1|0|0|0,0.00|0.00|0.00|0.00|0.00|0.00|0.00|0.00|0.00|0.00|0.00|0.00|0.00|0.00|0.00|0.00|0.21|0.00|0.00|0.00
786,2.36,1,0,0,1,0,0,0|0|0|0|0|0|0|0|0|0|0|0|0|0|0|0|1|0|0|0,0.00|0.00|0.00|0.00|0.00|0.00|0.00|0.00|0.00|0.00|0.00|0.00|0.00|0.00|0.00|0.00|0.21|0.00|0.00|0.00
788,2.36,1,0,0,1,0,0,0|0|0|0|0|0|0|0|0|0|0|0|0|0|0|0|1|0|0|0,0.00|0.00|0.00|0.00|0.00|0.00|0.00|0.00|0.00|0.00|0.00|0.00|0.00|0.00|0.00|0.00|0.21|0.00|0.00|0.00
789,2.36,1,0,0,1,0,0,0|0|0|0|0|0|0|0|0|0|0|0|0|0|0|0|1|0|0|0,0.00|0.00|0.00|0.00|0.00|0.00|0.00|0.00|0.00|0.00|0.00|0.00|0.00|0.00|0.00|0.00|0.21|0.00|0.00|0.00
791,2.36,1,0,0,1,0,0,0|0|0|0|0|0|0|0|0|0|0|0|0|0|0|0|1|0|0|0,0.00|0.00|0.00|0.00|0.00|0.00|0.00|0.00|0.00|0.00|0.00|0.00|0.00|0.00|0.00|0.00|0.21|0.00|0.00|0.00
792,2.36,1,0,0,1,0,0,0|0|0|0|0|0|0|0|0|0|0|0|0|0|0|0|1|0|0|0,0.00|0.00|0.00|0.00|0.00|0.00|0.00|0.00|0.00|0.00|0.00|0.00|0.00|0.00|0.00|0.00|0.21|0.00|0.00|0.00
793,2.36,1,0,0,1,0,0,0|0|0|0|0|0|0|0|0|0|0|0|0|0|0|0|1|0|0|0,0.00|0.00|0.00|0.00|0.00|0.00|0.00|0.00|0.00|0.00|0.00|0.00|0.00|0.00|0.00|0.00|0.21|0.00|0.00|0.00
795,2.36,1,0,0,1,0,0,0|0|0|0|0|0|0|0|0|0|0|0|0|0|0|0|1|0|0|0,0.00|0.00|0.00|0.00|0.00|0.00|0.00|0.00|0.00|0.00|0.00|0.00|0.00|0.00|0.00|0.00|0.21|0.00|0.00|0.00
796,2.36,1,0,0,1,0,0,0|0|0|0|0|0|0|0|0|0|0|0|0|0|0|0|1|0|0|0,0.00|0.00|0.00|0.00|0.00|0.00|0.00|0.00|0.00|0.00|0.00|0.00|0.00|0.00|0.00|0.00|0.21|0.00|0.00|0.00
797,2.36,1,0,0,1,0,0,0|0|0|0|0|0|0|0|0|0|0|0|0|0|0|0|1|0|0|0,0.00|0.00|0.00|0.00|0.00|0.00|0.00|0.00|0.00|0.00|0.00|0.00|0.00|0.00|0.00|0.00|0.21|0.00|0.00|0.00
799,2.36,1,0,0,1,0,0,0|0|0|0|0|0|0|0|0|0|0|0|0|0|0|0|1|0|0|0,0.00|0.00|0.00|0.00|0.00|0.00|0.00|0.00|0.00|0.00|0.00|0.00|0.00|0.00|0.00|0.00|0.21|0.00|0.00|0.00
800,2.36,1,0,0,1,0,0,0|0|0|0|0|0|0|0|0|0|0|0|0|0|0|0|1|0|0|0,0.00|0.00|0.00|0.00|0.00|0.00|0.00|0.00|0.00|0.00|0.00|0.00|0.00|0.00|0.00|0.00|0.21|0.00|0.00|0.00
801,2.36,1,0,0,1,0,0,0|0|0|0|0|0|0|0|0|0|0|0|0|0|0|0|1|0|0|0,0.00|0.00|0.00|0.00|0.00|0.00|0.00|0.00|0.00|0.00|0.00|0.00|0.00|0.00|0.00|0.00|0.21|0.00|0.00|0.00
803,2.15,0,0,0,0,1,0,0|0|0|0|0|0|0|0|0|0|0|0|0|0|0|0|0|0|0|0,0.00|0.00|0.00|0.00|0.00|0.00|0.00|0.00|0.00|0.00|0.00|0.00|0.00|0.00|0.00|0.00|0.00|0.00|0.00|0.00
804,2.15,0,0,0,0,0,0,0|0|0|0|0|0|0|0|0|0|0|0|0|0|0|0|0|0|0|0,0.00|0.00|0.00|0.00|0.00|0.00|0.00|0.00|0.00|0.00|0.00|0.00|0.00|0.00|0.00|0.00|0.00|0.00|0.00|0.00
