6,57.30,11,5,0,1,0,400,11|0|0|0|0|0,4.05|0.00|0.00|0.00|0.00|0.00
11,58.54,15,4,1,1,0,400,15|0|0|0|0|0,4.94|0.34|0.00|0.00|0.00|0.00
16,63.14,30,4,0,2,0,400,15|15|0|0|0|0,4.94|4.94|0.00|0.00|0.00|0.00
21,67.82,44,3,0,3,0,400,15|15|14|0|0|0,4.94|4.94|4.68|0.00|0.00|0.00
26,68.59,45,2,1,3,0,400,15|15|15|0|0|0,4.94|4.94|4.94|0.51|0.00|0.00
31,73.02,60,2,0,4,0,400,15|15|15|15|0|0,4.94|4.94|4.94|4.94|0.00|0.00
37,77.70,74,1,0,5,0,400,15|15|15|15|14|0,4.94|4.94|4.94|4.94|4.68|0.00
45,79.20,76,0,0,6,0,400,15|15|15|15|15|1,4.94|4.94|4.94|4.94|4.94|1.24
51,82.90,90,0,0,6,0,400,15|15|15|15|15|15,4.94|4.94|4.94|4.94|4.94|4.94
58,82.90,90,0,0,6,0,400,15|15|15|15|15|15,4.94|4.94|4.94|4.94|4.94|4.94
65,82.90,90,0,0,6,0,400,15|15|15|15|15|15,4.94|4.94|4.94|4.94|4.94|4.94
70,82.90,90,0,0,6,0,400,15|15|15|15|15|15,4.94|4.94|4.94|4.94|4.94|4.94
76,82.90,90,0,0,6,0,400,15|15|15|15|15|15,4.94|4.94|4.94|4.94|4.94|4.94
81,82.90,90,0,0,6,0,400,15|15|15|15|15|15,4.94|4.94|4.94|4.94|4.94|4.94
87,82.90,90,0,0,6,0,400,15|15|15|15|15|15,4.94|4.94|4.94|4.94|4.94|4.94
93,82.90,90,0,0,6,0,400,15|15|15|15|15|15,4.94|4.94|4.94|4.94|4.94|4.94
98,82.90,90,0,0,6,0,400,15|15|15|15|15|15,4.94|4.94|4.94|4.94|4.94|4.94
104,82.90,90,0,0,6,0,400,15|15|15|15|15|15,4.94|4.94|4.94|4.94|4.94|4.94
110,82.90,90,0,0,6,0,400,15|15|15|15|15|15,4.94|4.94|4.94|4.94|4.94|4.94
116,77.79,90,0,0,6,0,360,15|15|15|15|15|15,4.94|4.94|4.94|4.94|4.94|4.94
122,70.76,90,0,0,6,0,305,15|15|15|15|15|15,4.94|4.94|4.94|4.94|4.94|4.94
129,70.12,90,0,0,6,0,300,15|15|15|15|15|15,4.94|4.94|4.94|4.94|4.94|4.94
136,70.12,90,0,0,6,0,300,15|15|15|15|15|15,4.94|4.94|4.94|4.94|4.94|4.94
142,70.12,90,0,0,6,0,300,15|15|15|15|15|15,4.94|4.94|4.94|4.94|4.94|4.94
149,70.12,90,0,0,6,0,300,15|15|15|15|15|15,4.94|4.94|4.94|4.94|4.94|4.94
154,70.12,90,0,0,6,0,300,15|15|15|15|15|15,4.94|4.94|4.94|4.94|4.94|4.94
160,70.12,90,0,0,6,0,300,15|15|15|15|15|15,4.94|4.94|4.94|4.94|4.94|4.94
166,70.12,90,0,0,6,0,300,15|15|15|15|15|15,4.94|4.94|4.94|4.94|4.94|4.94
172,70.12,90,0,0,6,0,300,15|15|15|15|15|15,4.94|4.94|4.94|4.94|4.94|4.94
179,70.12,90,0,0,6,0,300,15|15|15|15|15|15,4.94|4.94|4.94|4.94|4.94|4.94
185,70.12,90,0,0,6,0,300,15|15|15|15|15|15,4.94|4.94|4.94|4.94|4.94|4.94
191,70.12,90,0,0,6,0,300,15|15|15|15|15|15,4.94|4.94|4.94|4.94|4.94|4.94
197,70.12,90,0,0,6,0,300,15|15|15|15|15|15,4.94|4.94|4.94|4.94|4.94|4.94
203,70.12,90,0,0,6,0,300,15|15|15|15|15|15,4.94|4.94|4.94|4.94|4.94|4.94
209,60.54,90,0,0,6,0,225,15|15|15|15|15|15,4.94|4.94|4.94|4.94|4.94|4.94
214,58.11,90,0,0,6,0,206,15|15|15|15|15|15,4.94|4.94|4.94|4.94|4.94|4.94
219,57.35,90,0,0,6,0,200,15|15|15|15|15|15,4.94|4.94|4.94|4.94|4.94|4.94
223,57.35,90,0,0,6,0,200,15|15|15|15|15|15,4.94|4.94|4.94|4.94|4.94|4.94
228,57.35,90,0,0,6,0,200,15|15|15|15|15|15,4.94|4.94|4.94|4.94|4.94|4.94
233,57.35,90,0,0,6,0,200,15|15|15|15|15|15,4.94|4.94|4.94|4.94|4.94|4.94
238,57.35,90,0,0,6,0,200,15|15|15|15|15|15,4.94|4.94|4.94|4.94|4.94|4.94
244,57.35,90,0,0,6,0,200,15|15|15|15|15|15,4.94|4.94|4.94|4.94|4.94|4.94
249,57.35,90,0,0,6,0,200,15|15|15|15|15|15,4.94|4.94|4.94|4.94|4.94|4.94
254,57.35,90,0,0,6,0,200,15|15|15|15|15|15,4.94|4.94|4.94|4.94|4.94|4.94
259,57.35,90,0,0,6,0,200,15|15|15|15|15|15,4.94|4.94|4.94|4.94|4.94|4.94
265,57.35,90,0,0,6,0,200,15|15|15|15|15|15,4.94|4.94|4.94|4.94|4.94|4.94
270,57.35,90,0,0,6,0,200,15|15|15|15|15|15,4.94|4.94|4.94|4.94|4.94|4.94
275,57.35,90,0,0,6,0,200,15|15|15|15|15|15,4.94|4.94|4.94|4.94|4.94|4.94
280,57.35,90,0,0,6,0,200,15|15|15|15|15|15,4.94|4.94|4.94|4.94|4.94|4.94
285,57.35,90,0,0,6,0,200,15|15|15|15|15|15,4.94|4.94|4.94|4.94|4.94|4.94
290,57.35,90,0,0,6,0,200,15|15|15|15|15|15,4.94|4.94|4.94|4.94|4.94|4.94
295,57.35,90,0,0,6,0,200,15|15|15|15|15|15,4.94|4.94|4.94|4.94|4.94|4.94
301,48.66,90,0,0,6,0,132,15|15|15|15|15|15,4.94|4.94|4.94|4.94|4.94|4.94
307,45.08,90,0,0,6,0,104,15|15|15|15|15|15,4.94|4.94|4.94|4.94|4.94|4.94
311,44.57,90,0,0,6,0,100,15|15|15|15|15|15,4.94|4.94|4.94|4.94|4.94|4.94
316,44.57,90,0,0,6,0,100,15|15|15|15|15|15,4.94|4.94|4.94|4.94|4.94|4.94
320,44.57,90,0,0,6,0,100,15|15|15|15|15|15,4.94|4.94|4.94|4.94|4.94|4.94
325,44.57,90,0,0,6,0,100,15|15|15|15|15|15,4.94|4.94|4.94|4.94|4.94|4.94
330,44.57,90,0,0,6,0,100,15|15|15|15|15|15,4.94|4.94|4.94|4.94|4.94|4.94
336,44.57,90,0,0,6,0,100,15|15|15|15|15|15,4.94|4.94|4.94|4.94|4.94|4.94
342,44.57,90,0,0,6,0,100,15|15|15|15|15|15,4.94|4.94|4.94|4.94|4.94|4.94
345,44.57,90,0,0,6,0,100,15|15|15|15|15|15,4.94|4.94|4.94|4.94|4.94|4.94
351,44.57,90,0,0,6,0,100,15|15|15|15|15|15,4.94|4.94|4.94|4.94|4.94|4.94
356,44.57,90,0,0,6,0,100,15|15|15|15|15|15,4.94|4.94|4.94|4.94|4.94|4.94
361,44.57,90,0,0,6,0,100,15|15|15|15|15|15,4.94|4.94|4.94|4.94|4.94|4.94
365,44.57,90,0,0,6,0,100,15|15|15|15|15|15,4.94|4.94|4.94|4.94|4.94|4.94
369,44.57,90,0,0,6,0,100,15|15|15|15|15|15,4.94|4.94|4.94|4.94|4.94|4.94
374,44.57,90,0,0,6,0,100,15|15|15|15|15|15,4.94|4.94|4.94|4.94|4.94|4.94
378,44.57,90,0,0,6,0,100,15|15|15|15|15|15,4.94|4.94|4.94|4.94|4.94|4.94
383,44.57,90,0,0,6,0,100,15|15|15|15|15|15,4.94|4.94|4.94|4.94|4.94|4.94
387,44.57,90,0,0,6,0,100,15|15|15|15|15|15,4.94|4.94|4.94|4.94|4.94|4.94
393,55.30,90,0,0,6,0,184,15|15|15|15|15|15,4.94|4.94|4.94|4.94|4.94|4.94
400,57.35,90,0,0,6,0,200,15|15|15|15|15|15,4.94|4.94|4.94|4.94|4.94|4.94
406,57.35,90,0,0,6,0,200,15|15|15|15|15|15,4.94|4.94|4.94|4.94|4.94|4.94
412,57.35,90,0,0,6,0,200,15|15|15|15|15|15,4.94|4.94|4.94|4.94|4.94|4.94
418,57.35,90,0,0,6,0,200,15|15|15|15|15|15,4.94|4.94|4.94|4.94|4.94|4.94
426,57.35,90,0,0,6,0,200,15|15|15|15|15|15,4.94|4.94|4.94|4.94|4.94|4.94
431,57.35,90,0,0,6,0,200,15|15|15|15|15|15,4.94|4.94|4.94|4.94|4.94|4.94
436,57.35,90,0,0,6,0,200,15|15|15|15|15|15,4.94|4.94|4.94|4.94|4.94|4.94
441,57.35,90,0,0,6,0,200,15|15|15|15|15|15,4.94|4.94|4.94|4.94|4.94|4.94
446,57.35,90,0,0,6,0,200,15|15|15|15|15|15,4.94|4.94|4.94|4.94|4.94|4.94
451,57.35,90,0,0,6,0,200,15|15|15|15|15|15,4.94|4.94|4.94|4.94|4.94|4.94
456,57.35,90,0,0,6,0,200,15|15|15|15|15|15,4.94|4.94|4.94|4.94|4.94|4.94
461,57.35,90,0,0,6,0,200,15|15|15|15|15|15,4.94|4.94|4.94|4.94|4.94|4.94
466,57.35,90,0,0,6,0,200,15|15|15|15|15|15,4.94|4.94|4.94|4.94|4.94|4.94
471,57.35,90,0,0,6,0,200,15|15|15|15|15|15,4.94|4.94|4.94|4.94|4.94|4.94
476,57.35,90,0,0,6,0,200,15|15|15|15|15|15,4.94|4.94|4.94|4.94|4.94|4.94
480,57.35,90,0,0,6,0,200,15|15|15|15|15|15,4.94|4.94|4.94|4.94|4.94|4.94
489,70.12,90,0,0,6,0,300,15|15|15|15|15|15,4.94|4.94|4.94|4.94|4.94|4.94
497,70.12,90,0,0,6,0,300,15|15|15|15|15|15,4.94|4.94|4.94|4.94|4.94|4.94
504,70.12,90,0,0,6,0,300,15|15|15|15|15|15,4.94|4.94|4.94|4.94|4.94|4.94
510,70.12,90,0,0,6,0,300,15|15|15|15|15|15,4.94|4.94|4.94|4.94|4.94|4.94
516,70.12,90,0,0,6,0,300,15|15|15|15|15|15,4.94|4.94|4.94|4.94|4.94|4.94
523,70.12,90,0,0,6,0,300,15|15|15|15|15|15,4.94|4.94|4.94|4.94|4.94|4.94
529,70.12,90,0,0,6,0,300,15|15|15|15|15|15,4.94|4.94|4.94|4.94|4.94|4.94
534,70.12,90,0,0,6,0,300,15|15|15|15|15|15,4.94|4.94|4.94|4.94|4.94|4.94
540,70.12,90,0,0,6,0,300,15|15|15|15|15|15,4.94|4.94|4.94|4.94|4.94|4.94
546,70.12,90,0,0,6,0,300,15|15|15|15|15|15,4.94|4.94|4.94|4.94|4.94|4.94
552,70.12,90,0,0,6,0,300,15|15|15|15|15|15,4.94|4.94|4.94|4.94|4.94|4.94
558,70.12,90,0,0,6,0,300,15|15|15|15|15|15,4.94|4.94|4.94|4.94|4.94|4.94
562,70.12,90,0,0,6,0,300,15|15|15|15|15|15,4.94|4.94|4.94|4.94|4.94|4.94
568,70.12,90,0,0,6,0,300,15|15|15|15|15|15,4.94|4.94|4.94|4.94|4.94|4.94
574,70.12,90,0,0,6,0,300,15|15|15|15|15|15,4.94|4.94|4.94|4.94|4.94|4.94
580,82.90,90,0,0,6,0,400,15|15|15|15|15|15,4.94|4.94|4.94|4.94|4.94|4.94
588,82.90,90,0,0,6,0,400,15|15|15|15|15|15,4.94|4.94|4.94|4.94|4.94|4.94
594,82.90,90,0,0,6,0,400,15|15|15|15|15|15,4.94|4.94|4.94|4.94|4.94|4.94
600,82.90,90,0,0,6,0,400,15|15|15|15|15|15,4.94|4.94|4.94|4.94|4.94|4.94
607,82.90,90,0,0,6,0,400,15|15|15|15|15|15,4.94|4.94|4.94|4.94|4.94|4.94
613,82.90,90,0,0,6,0,400,15|15|15|15|15|15,4.94|4.94|4.94|4.94|4.94|4.94
619,82.90,90,0,0,6,0,400,15|15|15|15|15|15,4.94|4.94|4.94|4.94|4.94|4.94
625,82.90,90,0,0,6,0,400,15|15|15|15|15|15,4.94|4.94|4.94|4.94|4.94|4.94
631,82.90,90,0,0,6,0,400,15|15|15|15|15|15,4.94|4.94|4.94|4.94|4.94|4.94
638,82.90,90,0,0,6,0,400,15|15|15|15|15|15,4.94|4.94|4.94|4.94|4.94|4.94
644,82.90,90,0,0,6,0,400,15|15|15|15|15|15,4.94|4.94|4.94|4.94|4.94|4.94
652,82.90,90,0,0,6,0,400,15|15|15|15|15|15,4.94|4.94|4.94|4.94|4.94|4.94
661,82.90,90,0,0,6,0,400,15|15|15|15|15|15,4.94|4.94|4.94|4.94|4.94|4.94
667,82.90,90,0,0,6,0,400,15|15|15|15|15|15,4.94|4.94|4.94|4.94|4.94|4.94
673,82.90,90,0,0,6,0,400,15|15|15|15|15|15,4.94|4.94|4.94|4.94|4.94|4.94
680,82.90,90,0,0,6,0,400,15|15|15|15|15|15,4.94|4.94|4.94|4.94|4.94|4.94
686,82.90,90,0,0,6,0,400,15|15|15|15|15|15,4.94|4.94|4.94|4.94|4.94|4.94
693,82.90,90,0,0,6,0,400,15|15|15|15|15|15,4.94|4.94|4.94|4.94|4.94|4.94
699,82.90,90,0,0,6,0,400,15|15|15|15|15|15,4.94|4.94|4.94|4.94|4.94|4.94
704,71.40,90,0,0,6,0,310,15|15|15|15|15|15,4.94|4.94|4.94|4.94|4.94|4.94
709,57.09,90,0,0,6,0,198,15|15|15|15|15|15,4.94|4.94|4.94|4.94|4.94|4.94
714,44.44,90,0,0,6,0,99,15|15|15|15|15|15,4.94|4.94|4.94|4.94|4.94|4.94
718,34.09,90,0,0,6,0,18,15|15|15|15|15|15,4.94|4.94|4.94|4.94|4.94|4.94
723,32.18,90,0,0,6,0,3,15|15|15|15|15|15,4.94|4.94|4.94|4.94|4.94|4.94
727,9.48,9,0,0,1,5,0,0|0|0|0|0|9,0.00|0.51|0.72|1.02|1.41|3.66
730,3.56,0,0,0,0,6,0,0|0|0|0|0|0,0.00|0.17|0.51|0.34|0.34|0.04
733,3.05,0,0,0,0,2,0,0|0|0|0|0|0,0.00|0.17|0.17|0.17|0.34|0.04
735,2.49,0,0,0,0,0,0,0|0|0|0|0|0,0.00|0.00|0.00|0.00|0.34|0.00
