0,2.11,0,20,0,0,0,0,0|0|0|0|0|0|0|0|0|0|0|0|0|0|0|0|0|0|0|0,0.00|0.00|0.00|0.00|0.00|0.00|0.00|0.00|0.00|0.00|0.00|0.00|0.00|0.00|0.00|0.00|0.00|0.00|0.00|0.00
1,2.11,0,20,0,0,0,0,0|0|0|0|0|0|0|0|0|0|0|0|0|0|0|0|0|0|0|0,0.00|0.00|0.00|0.00|0.00|0.00|0.00|0.00|0.00|0.00|0.00|0.00|0.00|0.00|0.00|0.00|0.00|0.00|0.00|0.00
3,2.11,0,20,0,0,0,0,0|0|0|0|0|0|0|0|0|0|0|0|0|0|0|0|0|0|0|0,0.00|0.00|0.00|0.00|0.00|0.00|0.00|0.00|0.00|0.00|0.00|0.00|0.00|0.00|0.00|0.00|0.00|0.00|0.00|0.00
4,2.11,0,20,0,0,0,0,0|0|0|0|0|0|0|0|0|0|0|0|0|0|0|0|0|0|0|0,0.00|0.00|0.00|0.00|0.00|0.00|0.00|0.00|0.00|0.00|0.00|0.00|0.00|0.00|0.00|0.00|0.00|0.00|0.00|0.00
5,2.11,0,20,0,0,0,0,0|0|0|0|0|0|0|0|0|0|0|0|0|0|0|0|0|0|0|0,0.00|0.00|0.00|0.00|0.00|0.00|0.00|0.00|0.00|0.00|0.00|0.00|0.00|0.00|0.00|0.00|0.00|0.00|0.00|0.00
6,2.11,0,20,0,0,0,0,0|0|0|0|0|0|0|0|0|0|0|0|0|0|0|0|0|0|0|0,0.00|0.00|0.00|0.00|0.00|0.00|0.00|0.00|0.00|0.00|0.00|0.00|0.00|0.00|0.00|0.00|0.00|0.00|0.00|0.00
8,2.11,0,20,0,0,0,0,0|0|0|0|0|0|0|0|0|0|0|0|0|0|0|0|0|0|0|0,0.00|0.00|0.00|0.00|0.00|0.00|0.00|0.00|0.00|0.00|0.00|0.00|0.00|0.00|0.00|0.00|0.00|0.00|0.00|0.00
9,2.11,0,20,0,0,0,0,0|0|0|0|0|0|0|0|0|0|0|0|0|0|0|0|0|0|0|0,0.00|0.00|0.00|0.00|0.00|0.00|0.00|0.00|0.00|0.00|0.00|0.00|0.00|0.00|0.00|0.00|0.00|0.00|0.00|0.00
10,2.11,0,20,0,0,0,0,0|0|0|0|0|0|0|0|0|0|0|0|0|0|0|0|0|0|0|0,0.00|0.00|0.00|0.00|0.00|0.00|0.00|0.00|0.00|0.00|0.00|0.00|0.00|0.00|0.00|0.00|0.00|0.00|0.00|0.00
12,2.11,0,19,1,0,0,0,0|0|0|0|0|0|0|0|0|0|0|0|0|0|0|0|0|0|0|0,0.00|0.00|0.00|0.00|0.00|0.00|0.00|0.00|0.00|0.00|0.00|0.00|0.00|0.00|0.00|0.00|0.00|0.00|0.00|0.00
13,3.85,1,19,0,1,0,0,1|0|0|0|0|0|0|0|0|0|0|0|0|0|0|0|0|0|0|0,1.75|0.00|0.00|0.00|0.00|0.00|0.00|0.00|0.00|0.00|0.00|0.00|0.00|0.00|0.00|0.00|0.00|0.00|0.00|0.00
14,4.03,1,19,0,1,0,0,1|0|0|0|0|0|0|0|0|0|0|0|0|0|0|0|0|0|0|0,1.92|0.00|0.00|0.00|0.00|0.00|0.00|0.00|0.00|0.00|0.00|0.00|0.00|0.00|0.00|0.00|0.00|0.00|0.00|0.00
16,4.28,2,19,0,1,0,0,2|0|0|0|0|0|0|0|0|0|0|0|0|0|0|0|0|0|0|0,2.17|0.00|0.00|0.00|0.00|0.00|0.00|0.00|0.00|0.00|0.00|0.00|0.00|0.00|0.00|0.00|0.00|0.00|0.00|0.00
17,4.28,2,19,0,1,0,0,2|0|0|0|0|0|0|0|0|0|0|0|0|0|0|0|0|0|0|0,2.17|0.00|0.00|0.00|0.00|0.00|0.00|0.00|0.00|0.00|0.00|0.00|0.00|0.00|0.00|0.00|0.00|0.00|0.00|0.00
19,4.28,2,19,0,1,0,0,2|0|0|0|0|0|0|0|0|0|0|0|0|0|0|0|0|0|0|0,2.17|0.00|0.00|0.00|0.00|0.00|0.00|0.00|0.00|0.00|0.00|0.00|0.00|0.00|0.00|0.00|0.00|0.00|0.00|0.00
20,4.28,2,19,0,1,0,0,2|0|0|0|0|0|0|0|0|0|0|0|0|0|0|0|0|0|0|0,2.17|0.00|0.00|0.00|0.00|0.00|0.00|0.00|0.00|0.00|0.00|0.00|0.00|0.00|0.00|0.00|0.00|0.00|0.00|0.00
22,4.28,2,19,0,1,0,0,2|0|0|0|0|0|0|0|0|0|0|0|0|0|0|0|0|0|0|0,2.17|0.00|0.00|0.00|0.00|0.00|0.00|0.00|0.00|0.00|0.00|0.00|0.00|0.00|0.00|0.00|0.00|0.00|0.00|0.00
23,4.28,2,19,0,1,0,0,2|0|0|0|0|0|0|0|0|0|0|0|0|0|0|0|0|0|0|0,2.17|0.00|0.00|0.00|0.00|0.00|0.00|0.00|0.00|0.00|0.00|0.00|0.00|0.00|0.00|0.00|0.00|0.00|0.00|0.00
25,4.28,2,19,0,1,0,0,2|0|0|0|0|0|0|0|0|0|0|0|0|0|0|0|0|0|0|0,2.17|0.00|0.00|0.00|0.00|0.00|0.00|0.00|0.00|0.00|0.00|0.00|0.00|0.00|0.00|0.00|0.00|0.00|0.00|0.00
26,4.28,2,19,0,1,0,0,2|0|0|0|0|0|0|0|0|0|0|0|0|0|0|0|0|0|0|0,2.17|0.00|0.00|0.00|0.00|0.00|0.00|0.00|0.00|0.00|0.00|0.00|0.00|0.00|0.00|0.00|0.00|0.00|0.00|0.00
27,4.28,2,18,1,1,0,0,2|0|0|0|0|0|0|0|0|0|0|0|0|0|0|0|0|0|0|0,2.17|0.00|0.00|0.00|0.00|0.00|0.00|0.00|0.00|0.00|0.00|0.00|0.00|0.00|0.00|0.00|0.00|0.00|0.00|0.00
29,5.30,2,18,1,1,0,0,2|0|0|0|0|0|0|0|0|0|0|0|0|0|0|0|0|0|0|0,2.17|1.02|0.00|0.00|0.00|0.00|0.00|0.00|0.00|0.00|0.00|0.00|0.00|0.00|0.00|0.00|0.00|0.00|0.00|0.00
30,6.45,4,18,0,2,0,0,2|2|0|0|0|0|0|0|0|0|0|0|0|0|0|0|0|0|0|0,2.17|2.17|0.00|0.00|0.00|0.00|0.00|0.00|0.00|0.00|0.00|0.00|0.00|0.00|0.00|0.00|0.00|0.00|0.00|0.00
32,6.45,4,18,0,2,0,0,2|2|0|0|0|0|0|0|0|0|0|0|0|0|0|0|0|0|0|0,2.17|2.17|0.00|0.00|0.00|0.00|0.00|0.00|0.00|0.00|0.00|0.00|0.00|0.00|0.00|0.00|0.00|0.00|0.00|0.00
33,6.45,4,18,0,2,0,0,2|2|0|0|0|0|0|0|0|0|0|0|0|0|0|0|0|0|0|0,2.17|2.17|0.00|0.00|0.00|0.00|0.00|0.00|0.00|0.00|0.00|0.00|0.00|0.00|0.00|0.00|0.00|0.00|0.00|0.00
35,6.45,4,18,0,2,0,0,2|2|0|0|0|0|0|0|0|0|0|0|0|0|0|0|0|0|0|0,2.17|2.17|0.00|0.00|0.00|0.00|0.00|0.00|0.00|0.00|0.00|0.00|0.00|0.00|0.00|0.00|0.00|0.00|0.00|0.00
36,6.45,4,18,0,2,0,0,2|2|0|0|0|0|0|0|0|0|0|0|0|0|0|0|0|0|0|0,2.17|2.17|0.00|0.00|0.00|0.00|0.00|0.00|0.00|0.00|0.00|0.00|0.00|0.00|0.00|0.00|0.00|0.00|0.00|0.00
38,6.45,4,18,0,2,0,0,2|2|0|0|0|0|0|0|0|0|0|0|0|0|0|0|0|0|0|0,2.17|2.17|0.00|0.00|0.00|0.00|0.00|0.00|0.00|0.00|0.00|0.00|0.00|0.00|0.00|0.00|0.00|0.00|0.00|0.00
39,6.45,4,18,0,2,0,0,2|2|0|0|0|0|0|0|0|0|0|0|0|0|0|0|0|0|0|0,2.17|2.17|0.00|0.00|0.00|0.00|0.00|0.00|0.00|0.00|0.00|0.00|0.00|0.00|0.00|0.00|0.00|0.00|0.00|0.00
41,6.45,4,18,0,2,0,0,2|2|0|0|0|0|0|0|0|0|0|0|0|0|0|0|0|0|0|0,2.17|2.17|0.00|0.00|0.00|0.00|0.00|0.00|0.00|0.00|0.00|0.00|0.00|0.00|0.00|0.00|0.00|0.00|0.00|0.00
42,6.45,4,18,0,2,0,0,2|2|0|0|0|0|0|0|0|0|0|0|0|0|0|0|0|0|0|0,2.17|2.17|0.00|0.00|0.00|0.00|0.00|0.00|0.00|0.00|0.00|0.00|0.00|0.00|0.00|0.00|0.00|0.00|0.00|0.00
44,6.45,4,18,0,2,0,0,2|2|0|0|0|0|0|0|0|0|0|0|0|0|0|0|0|0|0|0,2.17|2.17|0.00|0.00|0.00|0.00|0.00|0.00|0.00|0.00|0.00|0.00|0.00|0.00|0.00|0.00|0.00|0.00|0.00|0.00
45,6.45,4,17,1,2,0,0,2|2|0|0|0|0|0|0|0|0|0|0|0|0|0|0|0|0|0|0,2.17|2.17|0.00|0.00|0.00|0.00|0.00|0.00|0.00|0.00|0.00|0.00|0.00|0.00|0.00|0.00|0.00|0.00|0.00|0.00
47,8.07,5,17,0,3,0,0,2|2|1|0|0|0|0|0|0|0|0|0|0|0|0|0|0|0|0|0,2.17|2.17|1.62|0.00|0.00|0.00|0.00|0.00|0.00|0.00|0.00|0.00|0.00|0.00|0.00|0.00|0.00|0.00|0.00|0.00
49,8.62,6,17,0,3,0,0,2|2|2|0|0|0|0|0|0|0|0|0|0|0|0|0|0|0|0|0,2.17|2.17|2.17|0.00|0.00|0.00|0.00|0.00|0.00|0.00|0.00|0.00|0.00|0.00|0.00|0.00|0.00|0.00|0.00|0.00
50,8.62,6,17,0,3,0,0,2|2|2|0|0|0|0|0|0|0|0|0|0|0|0|0|0|0|0|0,2.17|2.17|2.17|0.00|0.00|0.00|0.00|0.00|0.00|0.00|0.00|0.00|0.00|0.00|0.00|0.00|0.00|0.00|0.00|0.00
52,8.62,6,17,0,3,0,0,2|2|2|0|0|0|0|0|0|0|0|0|0|0|0|0|0|0|0|0,2.17|2.17|2.17|0.00|0.00|0.00|0.00|0.00|0.00|0.00|0.00|0.00|0.00|0.00|0.00|0.00|0.00|0.00|0.00|0.00
54,8.62,6,17,0,3,0,0,2|2|2|0|0|0|0|0|0|0|0|0|0|0|0|0|0|0|0|0,2.17|2.17|2.17|0.00|0.00|0.00|0.00|0.00|0.00|0.00|0.00|0.00|0.00|0.00|0.00|0.00|0.00|0.00|0.00|0.00
55,8.62,6,17,0,3,0,0,2|2|2|0|0|0|0|0|0|0|0|0|0|0|0|0|0|0|0|0,2.17|2.17|2.17|0.00|0.00|0.00|0.00|0.00|0.00|0.00|0.00|0.00|0.00|0.00|0.00|0.00|0.00|0.00|0.00|0.00
57,8.62,6,17,0,3,0,0,2|2|2|0|0|0|0|0|0|0|0|0|0|0|0|0|0|0|0|0,2.17|2.17|2.17|0.00|0.00|0.00|0.00|0.00|0.00|0.00|0.00|0.00|0.00|0.00|0.00|0.00|0.00|0.00|0.00|0.00
58,8.62,6,17,0,3,0,0,2|2|2|0|0|0|0|0|0|0|0|0|0|0|0|0|0|0|0|0,2.17|2.17|2.17|0.00|0.00|0.00|0.00|0.00|0.00|0.00|0.00|0.00|0.00|0.00|0.00|0.00|0.00|0.00|0.00|0.00
60,8.62,6,17,0,3,0,0,2|2|2|0|0|0|0|0|0|0|0|0|0|0|0|0|0|0|0|0,2.17|2.17|2.17|0.00|0.00|0.00|0.00|0.00|0.00|0.00|0.00|0.00|0.00|0.00|0.00|0.00|0.00|0.00|0.00|0.00
61,8.62,6,16,1,3,0,0,2|2|2|0|0|0|0|0|0|0|0|0|0|0|0|0|0|0|0|0,2.17|2.17|2.17|0.00|0.00|0.00|0.00|0.00|0.00|0.00|0.00|0.00|0.00|0.00|0.00|0.00|0.00|0.00|0.00|0.00
63,10.33,6,16,1,3,0,0,2|2|2|0|0|0|0|0|0|0|0|0|0|0|0|0|0|0|0|0,2.17|2.17|2.17|1.70|0.00|0.00|0.00|0.00|0.00|0.00|0.00|0.00|0.00|0.00|0.00|0.00|0.00|0.00|0.00|0.00
64,10.54,7,16,0,4,0,0,2|2|2|1|0|0|0|0|0|0|0|0|0|0|0|0|0|0|0|0,2.17|2.17|2.17|1.92|0.00|0.00|0.00|0.00|0.00|0.00|0.00|0.00|0.00|0.00|0.00|0.00|0.00|0.00|0.00|0.00
66,10.80,8,16,0,4,0,0,2|2|2|2|0|0|0|0|0|0|0|0|0|0|0|0|0|0|0|0,2.17|2.17|2.17|2.17|0.00|0.00|0.00|0.00|0.00|0.00|0.00|0.00|0.00|0.00|0.00|0.00|0.00|0.00|0.00|0.00
67,10.80,8,16,0,4,0,0,2|2|2|2|0|0|0|0|0|0|0|0|0|0|0|0|0|0|0|0,2.17|2.17|2.17|2.17|0.00|0.00|0.00|0.00|0.00|0.00|0.00|0.00|0.00|0.00|0.00|0.00|0.00|0.00|0.00|0.00
69,10.80,8,16,0,4,0,0,2|2|2|2|0|0|0|0|0|0|0|0|0|0|0|0|0|0|0|0,2.17|2.17|2.17|2.17|0.00|0.00|0.00|0.00|0.00|0.00|0.00|0.00|0.00|0.00|0.00|0.00|0.00|0.00|0.00|0.00
70,10.80,8,16,0,4,0,0,2|2|2|2|0|0|0|0|0|0|0|0|0|0|0|0|0|0|0|0,2.17|2.17|2.17|2.17|0.00|0.00|0.00|0.00|0.00|0.00|0.00|0.00|0.00|0.00|0.00|0.00|0.00|0.00|0.00|0.00
72,10.80,8,16,0,4,0,0,2|2|2|2|0|0|0|0|0|0|0|0|0|0|0|0|0|0|0|0,2.17|2.17|2.17|2.17|0.00|0.00|0.00|0.00|0.00|0.00|0.00|0.00|0.00|0.00|0.00|0.00|0.00|0.00|0.00|0.00
73,10.80,8,16,0,4,0,0,2|2|2|2|0|0|0|0|0|0|0|0|0|0|0|0|0|0|0|0,2.17|2.17|2.17|2.17|0.00|0.00|0.00|0.00|0.00|0.00|0.00|0.00|0.00|0.00|0.00|0.00|0.00|0.00|0.00|0.00
75,10.80,8,16,0,4,0,0,2|2|2|2|0|0|0|0|0|0|0|0|0|0|0|0|0|0|0|0,2.17|2.17|2.17|2.17|0.00|0.00|0.00|0.00|0.00|0.00|0.00|0.00|0.00|0.00|0.00|0.00|0.00|0.00|0.00|0.00
76,10.80,8,16,0,4,0,0,2|2|2|2|0|0|0|0|0|0|0|0|0|0|0|0|0|0|0|0,2.17|2.17|2.17|2.17|0.00|0.00|0.00|0.00|0.00|0.00|0.00|0.00|0.00|0.00|0.00|0.00|0.00|0.00|0.00|0.00
78,10.80,8,16,0,4,0,0,2|2|2|2|0|0|0|0|0|0|0|0|0|0|0|0|0|0|0|0,2.17|2.17|2.17|2.17|0.00|0.00|0.00|0.00|0.00|0.00|0.00|0.00|0.00|0.00|0.00|0.00|0.00|0.00|0.00|0.00
80,11.31,8,15,1,4,0,0,2|2|2|2|0|0|0|0|0|0|0|0|0|0|0|0|0|0|0|0,2.17|2.17|2.17|2.17|0.51|0.00|0.00|0.00|0.00|0.00|0.00|0.00|0.00|0.00|0.00|0.00|0.00|0.00|0.00|0.00
82,12.54,9,15,0,5,0,0,2|2|2|2|1|0|0|0|0|0|0|0|0|0|0|0|0|0|0|0,2.17|2.17|2.17|2.17|1.75|0.00|0.00|0.00|0.00|0.00|0.00|0.00|0.00|0.00|0.00|0.00|0.00|0.00|0.00|0.00
83,12.97,10,15,0,5,0,0,2|2|2|2|2|0|0|0|0|0|0|0|0|0|0|0|0|0|0|0,2.17|2.17|2.17|2.17|2.17|0.00|0.00|0.00|0.00|0.00|0.00|0.00|0.00|0.00|0.00|0.00|0.00|0.00|0.00|0.00
85,12.97,10,15,0,5,0,0,2|2|2|2|2|0|0|0|0|0|0|0|0|0|0|0|0|0|0|0,2.17|2.17|2.17|2.17|2.17|0.00|0.00|0.00|0.00|0.00|0.00|0.00|0.00|0.00|0.00|0.00|0.00|0.00|0.00|0.00
86,12.97,10,15,0,5,0,0,2|2|2|2|2|0|0|0|0|0|0|0|0|0|0|0|0|0|0|0,2.17|2.17|2.17|2.17|2.17|0.00|0.00|0.00|0.00|0.00|0.00|0.00|0.00|0.00|0.00|0.00|0.00|0.00|0.00|0.00
88,12.97,10,15,0,5,0,0,2|2|2|2|2|0|0|0|0|0|0|0|0|0|0|0|0|0|0|0,2.17|2.17|2.17|2.17|2.17|0.00|0.00|0.00|0.00|0.00|0.00|0.00|0.00|0.00|0.00|0.00|0.00|0.00|0.00|0.00
90,12.97,10,15,0,5,0,0,2|2|2|2|2|0|0|0|0|0|0|0|0|0|0|0|0|0|0|0,2.17|2.17|2.17|2.17|2.17|0.00|0.00|0.00|0.00|0.00|0.00|0.00|0.00|0.00|0.00|0.00|0.00|0.00|0.00|0.00
91,12.97,10,15,0,5,0,0,2|2|2|2|2|0|0|0|0|0|0|0|0|0|0|0|0|0|0|0,2.17|2.17|2.17|2.17|2.17|0.00|0.00|0.00|0.00|0.00|0.00|0.00|0.00|0.00|0.00|0.00|0.00|0.00|0.00|0.00
93,12.97,10,15,0,5,0,0,2|2|2|2|2|0|0|0|0|0|0|0|0|0|0|0|0|0|0|0,2.17|2.17|2.17|2.17|2.17|0.00|0.00|0.00|0.00|0.00|0.00|0.00|0.00|0.00|0.00|0.00|0.00|0.00|0.00|0.00
95,12.97,10,15,0,5,0,0,2|2|2|2|2|0|0|0|0|0|0|0|0|0|0|0|0|0|0|0,2.17|2.17|2.17|2.17|2.17|0.00|0.00|0.00|0.00|0.00|0.00|0.00|0.00|0.00|0.00|0.00|0.00|0.00|0.00|0.00
96,12.97,10,14,1,5,0,0,2|2|2|2|2|0|0|0|0|0|0|0|0|0|0|0|0|0|0|0,2.17|2.17|2.17|2.17|2.17|0.00|0.00|0.00|0.00|0.00|0.00|0.00|0.00|0.00|0.00|0.00|0.00|0.00|0.00|0.00
98,14.93,11,14,0,6,0,0,2|2|2|2|2|1|0|0|0|0|0|0|0|0|0|0|0|0|0|0,2.17|2.17|2.17|2.17|2.17|1.96|0.00|0.00|0.00|0.00|0.00|0.00|0.00|0.00|0.00|0.00|0.00|0.00|0.00|0.00
100,15.14,12,14,0,6,0,0,2|2|2|2|2|2|0|0|0|0|0|0|0|0|0|0|0|0|0|0,2.17|2.17|2.17|2.17|2.17|2.17|0.00|0.00|0.00|0.00|0.00|0.00|0.00|0.00|0.00|0.00|0.00|0.00|0.00|0.00
102,15.14,12,14,0,6,0,0,2|2|2|2|2|2|0|0|0|0|0|0|0|0|0|0|0|0|0|0,2.17|2.17|2.17|2.17|2.17|2.17|0.00|0.00|0.00|0.00|0.00|0.00|0.00|0.00|0.00|0.00|0.00|0.00|0.00|0.00
104,15.14,12,14,0,6,0,0,2|2|2|2|2|2|0|0|0|0|0|0|0|0|0|0|0|0|0|0,2.17|2.17|2.17|2.17|2.17|2.17|0.00|0.00|0.00|0.00|0.00|0.00|0.00|0.00|0.00|0.00|0.00|0.00|0.00|0.00
105,15.14,12,14,0,6,0,0,2|2|2|2|2|2|0|0|0|0|0|0|0|0|0|0|0|0|0|0,2.17|2.17|2.17|2.17|2.17|2.17|0.00|0.00|0.00|0.00|0.00|0.00|0.00|0.00|0.00|0.00|0.00|0.00|0.00|0.00
107,15.14,12,14,0,6,0,0,2|2|2|2|2|2|0|0|0|0|0|0|0|0|0|0|0|0|0|0,2.17|2.17|2.17|2.17|2.17|2.17|0.00|0.00|0.00|0.00|0.00|0.00|0.00|0.00|0.00|0.00|0.00|0.00|0.00|0.00
109,15.14,12,14,0,6,0,0,2|2|2|2|2|2|0|0|0|0|0|0|0|0|0|0|0|0|0|0,2.17|2.17|2.17|2.17|2.17|2.17|0.00|0.00|0.00|0.00|0.00|0.00|0.00|0.00|0.00|0.00|0.00|0.00|0.00|0.00
110,15.14,12,14,0,6,0,0,2|2|2|2|2|2|0|0|0|0|0|0|0|0|0|0|0|0|0|0,2.17|2.17|2.17|2.17|2.17|2.17|0.00|0.00|0.00|0.00|0.00|0.00|0.00|0.00|0.00|0.00|0.00|0.00|0.00|0.00
112,15.14,12,14,0,6,0,0,2|2|2|2|2|2|0|0|0|0|0|0|0|0|0|0|0|0|0|0,2.17|2.17|2.17|2.17|2.17|2.17|0.00|0.00|0.00|0.00|0.00|0.00|0.00|0.00|0.00|0.00|0.00|0.00|0.00|0.00
114,16.33,12,13,1,6,0,0,2|2|2|2|2|2|0|0|0|0|0|0|0|0|0|0|0|0|0|0,2.17|2.17|2.17|2.17|2.17|2.17|1.19|0.00|0.00|0.00|0.00|0.00|0.00|0.00|0.00|0.00|0.00|0.00|0.00|0.00
115,17.10,13,13,0,7,0,0,2|2|2|2|2|2|1|0|0|0|0|0|0|0|0|0|0|0|0|0,2.17|2.17|2.17|2.17|2.17|2.17|1.96|0.00|0.00|0.00|0.00|0.00|0.00|0.00|0.00|0.00|0.00|0.00|0.00|0.00
117,17.31,14,13,0,7,0,0,2|2|2|2|2|2|2|0|0|0|0|0|0|0|0|0|0|0|0|0,2.17|2.17|2.17|2.17|2.17|2.17|2.17|0.00|0.00|0.00|0.00|0.00|0.00|0.00|0.00|0.00|0.00|0.00|0.00|0.00
119,17.31,14,13,0,7,0,0,2|2|2|2|2|2|2|0|0|0|0|0|0|0|0|0|0|0|0|0,2.17|2.17|2.17|2.17|2.17|2.17|2.17|0.00|0.00|0.00|0.00|0.00|0.00|0.00|0.00|0.00|0.00|0.00|0.00|0.00
121,17.31,14,13,0,7,0,0,2|2|2|2|2|2|2|0|0|0|0|0|0|0|0|0|0|0|0|0,2.17|2.17|2.17|2.17|2.17|2.17|2.17|0.00|0.00|0.00|0.00|0.00|0.00|0.00|0.00|0.00|0.00|0.00|0.00|0.00
123,17.31,14,13,0,7,0,0,2|2|2|2|2|2|2|0|0|0|0|0|0|0|0|0|0|0|0|0,2.17|2.17|2.17|2.17|2.17|2.17|2.17|0.00|0.00|0.00|0.00|0.00|0.00|0.00|0.00|0.00|0.00|0.00|0.00|0.00
124,17.31,14,13,0,7,0,0,2|2|2|2|2|2|2|0|0|0|0|0|0|0|0|0|0|0|0|0,2.17|2.17|2.17|2.17|2.17|2.17|2.17|0.00|0.00|0.00|0.00|0.00|0.00|0.00|0.00|0.00|0.00|0.00|0.00|0.00
126,17.31,14,12,1,7,0,0,2|2|2|2|2|2|2|0|0|0|0|0|0|0|0|0|0|0|0|0,2.17|2.17|2.17|2.17|2.17|2.17|2.17|0.00|0.00|0.00|0.00|0.00|0.00|0.00|0.00|0.00|0.00|0.00|0.00|0.00
128,19.06,15,12,0,8,0,0,2|2|2|2|2|2|2|1|0|0|0|0|0|0|0|0|0|0|0|0,2.17|2.17|2.17|2.17|2.17|2.17|2.17|1.75|0.00|0.00|0.00|0.00|0.00|0.00|0.00|0.00|0.00|0.00|0.00|0.00
130,19.49,16,12,0,8,0,0,2|2|2|2|2|2|2|2|0|0|0|0|0|0|0|0|0|0|0|0,2.17|2.17|2.17|2.17|2.17|2.17|2.17|2.17|0.00|0.00|0.00|0.00|0.00|0.00|0.00|0.00|0.00|0.00|0.00|0.00
132,19.49,16,12,0,8,0,0,2|2|2|2|2|2|2|2|0|0|0|0|0|0|0|0|0|0|0|0,2.17|2.17|2.17|2.17|2.17|2.17|2.17|2.17|0.00|0.00|0.00|0.00|0.00|0.00|0.00|0.00|0.00|0.00|0.00|0.00
135,19.49,16,12,0,8,0,0,2|2|2|2|2|2|2|2|0|0|0|0|0|0|0|0|0|0|0|0,2.17|2.17|2.17|2.17|2.17|2.17|2.17|2.17|0.00|0.00|0.00|0.00|0.00|0.00|0.00|0.00|0.00|0.00|0.00|0.00
137,19.49,16,12,0,8,0,0,2|2|2|2|2|2|2|2|0|0|0|0|0|0|0|0|0|0|0|0,2.17|2.17|2.17|2.17|2.17|2.17|2.17|2.17|0.00|0.00|0.00|0.00|0.00|0.00|0.00|0.00|0.00|0.00|0.00|0.00
139,19.49,16,12,0,8,0,0,2|2|2|2|2|2|2|2|0|0|0|0|0|0|0|0|0|0|0|0,2.17|2.17|2.17|2.17|2.17|2.17|2.17|2.17|0.00|0.00|0.00|0.00|0.00|0.00|0.00|0.00|0.00|0.00|0.00|0.00
141,19.49,16,12,0,8,0,0,2|2|2|2|2|2|2|2|0|0|0|0|0|0|0|0|0|0|0|0,2.17|2.17|2.17|2.17|2.17|2.17|2.17|2.17|0.00|0.00|0.00|0.00|0.00|0.00|0.00|0.00|0.00|0.00|0.00|0.00
144,19.49,16,12,0,8,0,0,2|2|2|2|2|2|2|2|0|0|0|0|0|0|0|0|0|0|0|0,2.17|2.17|2.17|2.17|2.17|2.17|2.17|2.17|0.00|0.00|0.00|0.00|0.00|0.00|0.00|0.00|0.00|0.00|0.00|0.00
146,20.89,17,11,0,9,0,0,2|2|2|2|2|2|2|2|1|0|0|0|0|0|0|0|0|0|0|0,2.17|2.17|2.17|2.17|2.17|2.17|2.17|2.17|1.41|0.00|0.00|0.00|0.00|0.00|0.00|0.00|0.00|0.00|0.00|0.00
148,21.66,18,11,0,9,0,0,2|2|2|2|2|2|2|2|2|0|0|0|0|0|0|0|0|0|0|0,2.17|2.17|2.17|2.17|2.17|2.17|2.17|2.17|2.17|0.00|0.00|0.00|0.00|0.00|0.00|0.00|0.00|0.00|0.00|0.00
150,21.66,18,11,0,9,0,0,2|2|2|2|2|2|2|2|2|0|0|0|0|0|0|0|0|0|0|0,2.17|2.17|2.17|2.17|2.17|2.17|2.17|2.17|2.17|0.00|0.00|0.00|0.00|0.00|0.00|0.00|0.00|0.00|0.00|0.00
152,21.66,18,11,0,9,0,0,2|2|2|2|2|2|2|2|2|0|0|0|0|0|0|0|0|0|0|0,2.17|2.17|2.17|2.17|2.17|2.17|2.17|2.17|2.17|0.00|0.00|0.00|0.00|0.00|0.00|0.00|0.00|0.00|0.00|0.00
154,21.66,18,11,0,9,0,0,2|2|2|2|2|2|2|2|2|0|0|0|0|0|0|0|0|0|0|0,2.17|2.17|2.17|2.17|2.17|2.17|2.17|2.17|2.17|0.00|0.00|0.00|0.00|0.00|0.00|0.00|0.00|0.00|0.00|0.00
156,21.66,18,11,0,9,0,0,2|2|2|2|2|2|2|2|2|0|0|0|0|0|0|0|0|0|0|0,2.17|2.17|2.17|2.17|2.17|2.17|2.17|2.17|2.17|0.00|0.00|0.00|0.00|0.00|0.00|0.00|0.00|0.00|0.00|0.00
158,21.66,18,11,0,9,0,0,2|2|2|2|2|2|2|2|2|0|0|0|0|0|0|0|0|0|0|0,2.17|2.17|2.17|2.17|2.17|2.17|2.17|2.17|2.17|0.00|0.00|0.00|0.00|0.00|0.00|0.00|0.00|0.00|0.00|0.00
160,21.66,18,11,0,9,0,0,2|2|2|2|2|2|2|2|2|0|0|0|0|0|0|0|0|0|0|0,2.17|2.17|2.17|2.17|2.17|2.17|2.17|2.17|2.17|0.00|0.00|0.00|0.00|0.00|0.00|0.00|0.00|0.00|0.00|0.00
162,21.66,18,11,0,9,0,0,2|2|2|2|2|2|2|2|2|0|0|0|0|0|0|0|0|0|0|0,2.17|2.17|2.17|2.17|2.17|2.17|2.17|2.17|2.17|0.00|0.00|0.00|0.00|0.00|0.00|0.00|0.00|0.00|0.00|0.00
165,24.08,23,10,0,10,0,0,5|2|2|2|2|2|2|2|2|2|0|0|0|0|0|0|0|0|0|0,2.81|2.17|2.17|2.17|2.17|2.17|2.17|2.17|2.17|1.79|0.00|0.00|0.00|0.00|0.00|0.00|0.00|0.00|0.00|0.00
168,38.95,91,10,0,10,0,0,57|18|2|2|2|2|2|2|2|2|0|0|0|0|0|0|0|0|0|0,13.88|5.58|2.17|2.17|2.17|2.17|2.17|2.17|2.17|2.17|0.00|0.00|0.00|0.00|0.00|0.00|0.00|0.00|0.00|0.00
172,53.64,160,10,0,10,0,0,60|58|28|2|2|2|2|2|2|2|0|0|0|0|0|0|0|0|0|0,14.52|14.10|7.71|2.17|2.17|2.17|2.17|2.17|2.17|2.17|0.00|0.00|0.00|0.00|0.00|0.00|0.00|0.00|0.00|0.00
176,73.23,252,10,0,10,0,0,60|60|60|53|9|2|2|2|2|2|0|0|0|0|0|0|0|0|0|0,14.52|14.52|14.52|13.03|3.66|2.17|2.17|2.17|2.17|2.17|0.00|0.00|0.00|0.00|0.00|0.00|0.00|0.00|0.00|0.00
180,85.58,310,10,0,10,0,0,60|60|60|59|59|4|2|2|2|2|0|0|0|0|0|0|0|0|0|0,14.52|14.52|14.52|14.31|14.31|2.60|2.17|2.17|2.17|2.17|0.00|0.00|0.00|0.00|0.00|0.00|0.00|0.00|0.00|0.00
184,86.01,312,10,0,10,0,0,60|60|60|60|60|4|2|2|2|2|0|0|0|0|0|0|0|0|0|0,14.52|14.52|14.52|14.52|14.52|2.60|2.17|2.17|2.17|2.17|0.00|0.00|0.00|0.00|0.00|0.00|0.00|0.00|0.00|0.00
189,86.01,312,10,0,10,0,0,60|60|60|60|60|4|2|2|2|2|0|0|0|0|0|0|0|0|0|0,14.52|14.52|14.52|14.52|14.52|2.60|2.17|2.17|2.17|2.17|0.00|0.00|0.00|0.00|0.00|0.00|0.00|0.00|0.00|0.00
195,86.01,312,10,0,10,0,0,60|60|60|60|60|4|2|2|2|2|0|0|0|0|0|0|0|0|0|0,14.52|14.52|14.52|14.52|14.52|2.60|2.17|2.17|2.17|2.17|0.00|0.00|0.00|0.00|0.00|0.00|0.00|0.00|0.00|0.00
200,87.71,312,10,0,10,0,0,60|60|60|60|60|4|2|2|2|2|0|0|0|0|0|0|0|0|0|0,14.52|14.52|14.52|14.52|14.52|2.60|2.17|2.17|2.17|2.17|1.70|0.00|0.00|0.00|0.00|0.00|0.00|0.00|0.00|0.00
206,87.76,312,9,1,10,0,0,60|60|60|60|60|4|2|2|2|2|0|0|0|0|0|0|0|0|0|0,14.52|14.52|14.52|14.52|14.52|2.60|2.17|2.17|2.17|2.17|1.75|0.00|0.00|0.00|0.00|0.00|0.00|0.00|0.00|0.00
211,87.76,312,9,1,10,0,0,60|60|60|60|60|4|2|2|2|2|0|0|0|0|0|0|0|0|0|0,14.52|14.52|14.52|14.52|14.52|2.60|2.17|2.17|2.17|2.17|1.75|0.00|0.00|0.00|0.00|0.00|0.00|0.00|0.00|0.00
217,87.76,312,9,1,10,0,0,60|60|60|60|60|4|2|2|2|2|0|0|0|0|0|0|0|0|0|0,14.52|14.52|14.52|14.52|14.52|2.60|2.17|2.17|2.17|2.17|1.75|0.00|0.00|0.00|0.00|0.00|0.00|0.00|0.00|0.00
222,79.24,272,8,2,10,0,0,54|60|60|43|41|4|4|2|2|2|0|0|0|0|0|0|0|0|0|0,13.25|14.52|14.52|10.90|10.48|2.60|2.60|2.17|2.17|2.17|1.75|0.00|0.00|0.00|0.00|0.00|0.00|0.00|0.00|0.00
227,68.46,214,8,1,11,0,0,32|4|44|42|41|4|28|13|2|2|0|2|0|0|0|0|0|0|0|0,8.56|2.60|11.12|10.69|10.48|2.60|7.71|4.51|2.17|2.17|1.75|2.00|0.00|0.00|0.00|0.00|0.00|0.00|0.00|0.00
232,68.42,213,8,1,11,0,0,32|2|2|42|13|4|34|49|31|2|0|2|0|0|0|0|0|0|0|0,8.56|2.17|2.17|10.69|4.51|2.60|8.99|12.18|8.35|2.17|1.75|2.17|0.00|0.00|0.00|0.00|0.00|0.00|0.00|0.00
236,61.18,179,8,0,12,0,0,2|2|2|42|2|4|34|53|31|3|2|2|0|0|0|0|0|0|0|0,2.17|2.17|2.17|10.69|2.17|2.60|8.99|13.03|8.35|2.39|2.17|2.17|0.00|0.00|0.00|0.00|0.00|0.00|0.00|0.00
240,73.11,235,8,0,12,0,0,2|2|2|44|2|4|34|60|55|3|2|25|0|0|0|0|0|0|0|0,2.17|2.17|2.17|11.12|2.17|2.60|8.99|14.52|13.46|2.39|2.17|7.07|0.00|0.00|0.00|0.00|0.00|0.00|0.00|0.00
243,79.28,264,8,0,12,0,0,2|5|2|59|2|4|34|60|57|5|6|28|0|0|0|0|0|0|0|0,2.17|2.81|2.17|14.31|2.17|2.60|8.99|14.52|13.88|2.81|3.02|7.71|0.00|0.00|0.00|0.00|0.00|0.00|0.00|0.00
247,80.13,268,7,1,12,0,0,2|5|2|59|2|7|34|60|57|6|6|28|0|0|0|0|0|0|0|0,2.17|2.81|2.17|14.31|2.17|3.24|8.99|14.52|13.88|3.02|3.02|7.71|0.00|0.00|0.00|0.00|0.00|0.00|0.00|0.00
251,85.71,286,7,0,13,0,0,2|5|2|60|2|22|34|60|57|6|6|28|2|0|0|0|0|0|0|0,2.17|2.81|2.17|14.52|2.17|6.43|8.99|14.52|13.88|3.02|3.02|7.71|2.17|0.00|0.00|0.00|0.00|0.00|0.00|0.00
254,86.78,291,7,0,13,0,0,2|5|2|60|2|27|34|60|57|6|6|28|2|0|0|0|0|0|0|0,2.17|2.81|2.17|14.52|2.17|7.50|8.99|14.52|13.88|3.02|3.02|7.71|2.17|0.00|0.00|0.00|0.00|0.00|0.00|0.00
258,87.42,294,7,0,13,0,0,2|5|2|60|2|30|34|60|57|6|6|28|2|0|0|0|0|0|0|0,2.17|2.81|2.17|14.52|2.17|8.13|8.99|14.52|13.88|3.02|3.02|7.71|2.17|0.00|0.00|0.00|0.00|0.00|0.00|0.00
262,87.42,294,7,0,13,0,0,2|5|2|60|2|30|34|60|57|6|6|28|2|0|0|0|0|0|0|0,2.17|2.81|2.17|14.52|2.17|8.13|8.99|14.52|13.88|3.02|3.02|7.71|2.17|0.00|0.00|0.00|0.00|0.00|0.00|0.00
265,87.42,294,7,0,13,0,0,2|5|2|60|2|30|34|60|57|6|6|28|2|0|0|0|0|0|0|0,2.17|2.81|2.17|14.52|2.17|8.13|8.99|14.52|13.88|3.02|3.02|7.71|2.17|0.00|0.00|0.00|0.00|0.00|0.00|0.00
269,87.42,294,6,1,13,0,0,2|5|2|60|2|30|34|60|57|6|6|28|2|0|0|0|0|0|0|0,2.17|2.81|2.17|14.52|2.17|8.13|8.99|14.52|13.88|3.02|3.02|7.71|2.17|0.00|0.00|0.00|0.00|0.00|0.00|0.00
273,88.82,294,6,1,13,0,0,2|5|2|60|2|30|34|60|57|6|6|28|2|0|0|0|0|0|0|0,2.17|2.81|2.17|14.52|2.17|8.13|8.99|14.52|13.88|3.02|3.02|7.71|2.17|1.41|0.00|0.00|0.00|0.00|0.00|0.00
277,88.39,292,6,1,13,0,0,2|5|2|60|2|30|34|59|56|6|6|28|2|0|0|0|0|0|0|0,2.17|2.81|2.17|14.52|2.17|8.13|8.99|14.31|13.67|3.02|3.02|7.71|2.17|1.41|0.00|0.00|0.00|0.00|0.00|0.00
280,85.20,277,6,1,13,0,0,2|2|2|60|2|30|34|59|56|2|2|24|2|0|0|0|0|0|0|0,2.17|2.17|2.17|14.52|2.17|8.13|8.99|14.31|13.67|2.17|2.17|6.86|2.17|1.41|0.00|0.00|0.00|0.00|0.00|0.00
284,82.18,262,6,1,13,0,0,2|2|2|45|2|30|34|59|56|2|2|24|2|0|0|0|0|0|0|0,2.17|2.17|2.17|11.33|2.17|8.13|8.99|14.31|13.67|2.17|2.17|6.86|2.17|1.58|0.00|0.00|0.00|0.00|0.00|0.00
289,85.12,275,6,0,14,0,0,3|4|3|45|4|30|34|59|56|4|4|24|3|2|0|0|0|0|0|0,2.39|2.60|2.39|11.33|2.60|8.13|8.99|14.31|13.67|2.60|2.60|6.86|2.39|2.17|0.00|0.00|0.00|0.00|0.00|0.00
295,87.07,277,5,0,15,0,0,3|4|3|45|4|30|34|59|56|4|4|24|3|2|2|0|0|0|0|0,2.39|2.60|2.39|11.33|2.60|8.13|8.99|14.31|13.67|2.60|2.60|6.86|2.39|2.17|1.96|0.00|0.00|0.00|0.00|0.00
298,87.29,277,5,0,15,0,0,3|4|3|45|4|30|34|59|56|4|4|24|3|2|2|0|0|0|0|0,2.39|2.60|2.39|11.33|2.60|8.13|8.99|14.31|13.67|2.60|2.60|6.86|2.39|2.17|2.17|0.00|0.00|0.00|0.00|0.00
302,87.29,277,5,0,15,0,0,3|4|3|45|4|30|34|59|56|4|4|24|3|2|2|0|0|0|0|0,2.39|2.60|2.39|11.33|2.60|8.13|8.99|14.31|13.67|2.60|2.60|6.86|2.39|2.17|2.17|0.00|0.00|0.00|0.00|0.00
307,87.29,277,5,0,15,0,0,3|4|3|45|4|30|34|59|56|4|4|24|3|2|2|0|0|0|0|0,2.39|2.60|2.39|11.33|2.60|8.13|8.99|14.31|13.67|2.60|2.60|6.86|2.39|2.17|2.17|0.00|0.00|0.00|0.00|0.00
313,86.01,271,5,0,15,0,0,3|4|3|45|4|45|35|48|45|4|4|24|3|2|2|0|0|0|0|0,2.39|2.60|2.39|11.33|2.60|11.33|9.20|11.97|11.33|2.60|2.60|6.86|2.39|2.17|2.17|0.00|0.00|0.00|0.00|0.00
318,88.35,282,5,0,15,0,0,3|4|3|45|4|48|43|48|45|4|4|24|3|2|2|0|0|0|0|0,2.39|2.60|2.39|11.33|2.60|11.97|10.90|11.97|11.33|2.60|2.60|6.86|2.39|2.17|2.17|0.00|0.00|0.00|0.00|0.00
323,88.14,280,4,1,15,0,0,3|4|3|44|4|48|43|48|45|4|4|23|3|2|2|0|0|0|0|0,2.39|2.60|2.39|11.12|2.60|11.97|10.90|11.97|11.33|2.60|2.60|6.64|2.39|2.17|2.17|0.21|0.00|0.00|0.00|0.00
328,87.33,273,4,1,15,0,0,2|2|2|44|2|52|43|48|45|2|2|23|2|2|2|0|0|0|0|0,2.17|2.17|2.17|11.12|2.17|12.82|10.90|11.97|11.33|2.17|2.17|6.64|2.17|2.17|2.17|0.89|0.00|0.00|0.00|0.00
332,88.18,277,4,1,15,0,0,2|2|2|44|2|55|44|48|45|2|2|23|2|2|2|0|0|0|0|0,2.17|2.17|2.17|11.12|2.17|13.46|11.12|11.97|11.33|2.17|2.17|6.64|2.17|2.17|2.17|0.89|0.00|0.00|0.00|0.00
337,88.18,277,4,1,15,0,0,2|2|2|44|2|55|44|48|45|2|2|23|2|2|2|0|0|0|0|0,2.17|2.17|2.17|11.12|2.17|13.46|11.12|11.97|11.33|2.17|2.17|6.64|2.17|2.17|2.17|0.89|0.00|0.00|0.00|0.00
341,88.18,277,4,1,15,0,0,2|2|2|44|2|55|44|48|45|2|2|23|2|2|2|0|0|0|0|0,2.17|2.17|2.17|11.12|2.17|13.46|11.12|11.97|11.33|2.17|2.17|6.64|2.17|2.17|2.17|0.89|0.00|0.00|0.00|0.00
346,88.18,277,3,2,15,0,0,2|2|2|44|2|55|44|48|45|2|2|23|2|2|2|0|0|0|0|0,2.17|2.17|2.17|11.12|2.17|13.46|11.12|11.97|11.33|2.17|2.17|6.64|2.17|2.17|2.17|0.89|0.00|0.00|0.00|0.00
350,86.73,270,3,2,15,0,0,2|2|2|44|2|55|44|44|42|2|2|23|2|2|2|0|0|0|0|0,2.17|2.17|2.17|11.12|2.17|13.46|11.12|11.12|10.69|2.17|2.17|6.64|2.17|2.17|2.17|0.89|0.04|0.00|0.00|0.00
355,81.62,246,3,2,15,0,0,2|2|2|29|2|55|44|40|37|2|2|23|2|2|2|0|0|0|0|0,2.17|2.17|2.17|7.92|2.17|13.46|11.12|10.26|9.63|2.17|2.17|6.64|2.17|2.17|2.17|0.89|0.04|0.00|0.00|0.00
359,80.60,238,3,2,15,0,0,4|3|2|28|2|55|44|40|37|3|3|10|3|2|2|0|0|0|0|0,2.60|2.39|2.17|7.71|2.17|13.46|11.12|10.26|9.63|2.39|2.39|3.88|2.39|2.17|2.17|0.89|0.72|0.00|0.00|0.00
363,86.95,263,2,2,16,0,0,4|10|3|28|3|55|44|45|43|3|3|10|6|2|2|0|2|0|0|0,2.60|3.88|2.39|7.71|2.39|13.46|11.12|11.33|10.90|2.39|2.39|3.88|3.02|2.17|2.17|0.89|2.17|0.00|0.00|0.00
367,87.97,267,2,2,16,0,0,4|11|3|28|3|55|44|47|44|3|3|10|6|2|2|0|2|0|0|0,2.60|4.09|2.39|7.71|2.39|13.46|11.12|11.75|11.12|2.39|2.39|3.88|3.02|2.17|2.17|0.89|2.17|0.17|0.00|0.00
371,88.01,267,2,2,16,0,0,4|11|3|28|3|55|44|47|44|3|3|10|6|2|2|0|2|0|0|0,2.60|4.09|2.39|7.71|2.39|13.46|11.12|11.75|11.12|2.39|2.39|3.88|3.02|2.17|2.17|0.89|2.17|0.21|0.00|0.00
375,88.01,267,2,2,16,0,0,4|11|3|28|3|55|44|47|44|3|3|10|6|2|2|0|2|0|0|0,2.60|4.09|2.39|7.71|2.39|13.46|11.12|11.75|11.12|2.39|2.39|3.88|3.02|2.17|2.17|0.89|2.17|0.21|0.00|0.00
381,88.01,267,2,2,16,0,0,4|11|3|28|3|55|44|47|44|3|3|10|6|2|2|0|2|0|0|0,2.60|4.09|2.39|7.71|2.39|13.46|11.12|11.75|11.12|2.39|2.39|3.88|3.02|2.17|2.17|0.89|2.17|0.21|0.00|0.00
386,88.05,267,1,3,16,0,0,4|11|3|28|3|55|44|47|44|3|3|10|6|2|2|0|2|0|0|0,2.60|4.09|2.39|7.71|2.39|13.46|11.12|11.75|11.12|2.39|2.39|3.88|3.02|2.17|2.17|0.89|2.17|0.21|0.04|0.00
390,88.05,267,1,3,16,0,0,4|11|3|28|3|55|44|47|44|3|3|10|6|2|2|0|2|0|0|0,2.60|4.09|2.39|7.71|2.39|13.46|11.12|11.75|11.12|2.39|2.39|3.88|3.02|2.17|2.17|0.89|2.17|0.21|0.04|0.00
395,88.05,267,1,3,16,0,0,4|11|3|28|3|55|44|47|44|3|3|10|6|2|2|0|2|0|0|0,2.60|4.09|2.39|7.71|2.39|13.46|11.12|11.75|11.12|2.39|2.39|3.88|3.02|2.17|2.17|0.89|2.17|0.21|0.04|0.00
400,87.71,263,0,4,16,0,0,3|10|3|28|3|55|44|47|43|3|3|9|6|2|2|0|2|0|0|0,2.39|3.88|2.39|7.71|2.39|13.46|11.12|11.75|10.90|2.39|2.39|3.66|3.02|2.17|2.17|0.89|2.17|0.21|0.04|0.51
405,85.97,249,0,3,17,0,0,3|10|2|22|2|55|44|41|43|2|2|9|6|2|2|0|2|0|0|2,2.39|3.88|2.17|6.43|2.17|13.46|11.12|10.48|10.90|2.17|2.17|3.66|3.02|2.17|2.17|0.89|2.17|0.21|0.04|2.17
410,85.97,249,0,3,17,0,0,3|10|2|22|2|55|44|41|43|2|2|9|6|2|2|0|2|0|0|2,2.39|3.88|2.17|6.43|2.17|13.46|11.12|10.48|10.90|2.17|2.17|3.66|3.02|2.17|2.17|0.89|2.17|0.21|0.04|2.17
414,86.99,249,0,3,17,0,0,3|10|2|22|2|55|44|41|43|2|2|9|6|2|2|0|2|0|0|2,2.39|3.88|2.17|6.43|2.17|13.46|11.12|10.48|10.90|2.17|2.17|3.66|3.02|2.17|2.17|0.89|2.17|0.21|1.06|2.17
418,87.33,249,0,3,17,0,0,3|10|2|22|2|55|44|41|43|2|2|9|6|2|2|0|2|0|0|2,2.39|3.88|2.17|6.43|2.17|13.46|11.12|10.48|10.90|2.17|2.17|3.66|3.02|2.17|2.17|0.89|2.17|0.21|1.41|2.17
423,87.33,249,0,3,17,0,0,3|10|2|22|2|55|44|41|43|2|2|9|6|2|2|0|2|0|0|2,2.39|3.88|2.17|6.43|2.17|13.46|11.12|10.48|10.90|2.17|2.17|3.66|3.02|2.17|2.17|0.89|2.17|0.21|1.41|2.17
427,87.33,249,0,3,17,0,0,3|10|2|22|2|55|44|41|43|2|2|9|6|2|2|0|2|0|0|2,2.39|3.88|2.17|6.43|2.17|13.46|11.12|10.48|10.90|2.17|2.17|3.66|3.02|2.17|2.17|0.89|2.17|0.21|1.41|2.17
431,87.33,249,0,3,17,0,0,3|10|2|22|2|55|44|41|43|2|2|9|6|2|2|0|2|0|0|2,2.39|3.88|2.17|6.43|2.17|13.46|11.12|10.48|10.90|2.17|2.17|3.66|3.02|2.17|2.17|0.89|2.17|0.21|1.41|2.17
436,82.01,224,0,3,17,0,0,2|2|2|22|2|59|52|41|22|2|2|2|6|2|2|0|2|0|0|2,2.17|2.17|2.17|6.43|2.17|14.31|12.82|10.48|6.43|2.17|2.17|2.17|3.02|2.17|2.17|0.89|2.17|0.21|1.41|2.17
440,81.79,223,0,3,17,0,0,2|2|2|4|2|60|60|41|22|2|2|2|6|3|9|0|2|0|0|2,2.17|2.17|2.17|2.60|2.17|14.52|14.52|10.48|6.43|2.17|2.17|2.17|3.02|2.39|3.66|0.89|2.17|0.21|1.41|2.17
444,81.37,217,0,2,18,0,0,2|2|4|4|2|60|60|24|22|2|2|2|6|8|11|2|2|0|0|2,2.17|2.17|2.60|2.60|2.17|14.52|14.52|6.86|6.43|2.17|2.17|2.17|3.02|3.45|4.09|2.17|2.17|0.21|1.41|2.17
448,86.90,243,0,2,18,0,0,2|6|7|4|2|60|60|24|22|3|6|2|6|8|14|2|7|0|0|8,2.17|3.02|3.24|2.60|2.17|14.52|14.52|6.86|6.43|2.39|3.02|2.17|3.02|3.45|4.73|2.17|3.24|0.21|1.41|3.45
452,87.12,244,0,2,18,0,0,2|7|7|4|2|60|60|24|22|3|6|2|6|8|14|2|7|0|0|8,2.17|3.24|3.24|2.60|2.17|14.52|14.52|6.86|6.43|2.39|3.02|2.17|3.02|3.45|4.73|2.17|3.24|0.21|1.41|3.45
456,87.12,244,0,2,18,0,0,2|7|7|4|2|60|60|24|22|3|6|2|6|8|14|2|7|0|0|8,2.17|3.24|3.24|2.60|2.17|14.52|14.52|6.86|6.43|2.39|3.02|2.17|3.02|3.45|4.73|2.17|3.24|0.21|1.41|3.45
460,87.12,244,0,2,18,0,0,2|7|7|4|2|60|60|24|22|3|6|2|6|8|14|2|7|0|0|8,2.17|3.24|3.24|2.60|2.17|14.52|14.52|6.86|6.43|2.39|3.02|2.17|3.02|3.45|4.73|2.17|3.24|0.21|1.41|3.45
464,87.12,244,0,2,18,0,0,2|7|7|4|2|60|60|24|22|3|6|2|6|8|14|2|7|0|0|8,2.17|3.24|3.24|2.60|2.17|14.52|14.52|6.86|6.43|2.39|3.02|2.17|3.02|3.45|4.73|2.17|3.24|0.21|1.41|3.45
469,87.12,244,0,2,18,0,0,2|7|7|4|2|60|60|24|22|3|6|2|6|8|14|2|7|0|0|8,2.17|3.24|3.24|2.60|2.17|14.52|14.52|6.86|6.43|2.39|3.02|2.17|3.02|3.45|4.73|2.17|3.24|0.21|1.41|3.45
472,87.12,244,0,2,18,0,0,2|7|7|4|2|60|60|24|22|3|6|2|6|8|14|2|7|0|0|8,2.17|3.24|3.24|2.60|2.17|14.52|14.52|6.86|6.43|2.39|3.02|2.17|3.02|3.45|4.73|2.17|3.24|0.21|1.41|3.45
476,87.12,244,0,2,18,0,0,2|7|7|4|2|60|60|24|22|3|6|2|6|8|14|2|7|0|0|8,2.17|3.24|3.24|2.60|2.17|14.52|14.52|6.86|6.43|2.39|3.02|2.17|3.02|3.45|4.73|2.17|3.24|0.21|1.41|3.45
480,87.12,244,0,2,18,0,0,2|7|7|4|2|60|60|24|22|3|6|2|6|8|14|2|7|0|0|8,2.17|3.24|3.24|2.60|2.17|14.52|14.52|6.86|6.43|2.39|3.02|2.17|3.02|3.45|4.73|2.17|3.24|0.21|1.41|3.45
485,85.20,235,0,2,18,0,0,2|7|5|3|2|58|58|24|22|3|6|2|6|8|14|2|7|0|0|6,2.17|3.24|2.81|2.39|2.17|14.10|14.10|6.86|6.43|2.39|3.02|2.17|3.02|3.45|4.73|2.17|3.24|0.21|1.41|3.02
489,86.31,237,0,2,18,0,0,2|2|6|3|2|59|58|24|22|3|6|2|11|8|14|2|7|0|0|6,2.17|2.17|3.02|2.39|2.17|14.31|14.10|6.86|6.43|2.39|3.02|2.17|4.09|3.45|4.73|2.17|3.24|0.89|1.41|3.02
493,86.65,237,0,2,18,0,0,2|2|6|3|2|59|58|24|22|3|6|2|11|8|14|2|7|0|0|6,2.17|2.17|3.02|2.39|2.17|14.31|14.10|6.86|6.43|2.39|3.02|2.17|4.09|3.45|4.73|2.17|3.24|1.24|1.41|3.02
498,86.82,237,0,2,18,0,0,2|2|6|3|2|59|58|24|22|3|6|2|11|8|14|2|7|0|0|6,2.17|2.17|3.02|2.39|2.17|14.31|14.10|6.86|6.43|2.39|3.02|2.17|4.09|3.45|4.73|2.17|3.24|1.41|1.41|3.02
503,86.82,237,0,2,18,0,0,2|2|6|3|2|59|58|24|22|3|6|2|11|8|14|2|7|0|0|6,2.17|2.17|3.02|2.39|2.17|14.31|14.10|6.86|6.43|2.39|3.02|2.17|4.09|3.45|4.73|2.17|3.24|1.41|1.41|3.02
507,86.82,237,0,2,18,0,0,2|2|6|3|2|59|58|24|22|3|6|2|11|8|14|2|7|0|0|6,2.17|2.17|3.02|2.39|2.17|14.31|14.10|6.86|6.43|2.39|3.02|2.17|4.09|3.45|4.73|2.17|3.24|1.41|1.41|3.02
513,86.82,237,0,2,18,0,0,2|2|6|3|2|59|58|24|22|3|6|2|11|8|14|2|7|0|0|6,2.17|2.17|3.02|2.39|2.17|14.31|14.10|6.86|6.43|2.39|3.02|2.17|4.09|3.45|4.73|2.17|3.24|1.41|1.41|3.02
517,86.82,237,0,2,18,0,0,2|2|6|3|2|59|58|24|22|3|6|2|11|8|14|2|7|0|0|6,2.17|2.17|3.02|2.39|2.17|14.31|14.10|6.86|6.43|2.39|3.02|2.17|4.09|3.45|4.73|2.17|3.24|1.41|1.41|3.02
523,86.82,237,0,2,18,0,0,2|2|6|3|2|59|58|24|22|3|6|2|11|8|14|2|7|0|0|6,2.17|2.17|3.02|2.39|2.17|14.31|14.10|6.86|6.43|2.39|3.02|2.17|4.09|3.45|4.73|2.17|3.24|1.41|1.41|3.02
529,86.39,235,0,2,18,0,0,2|2|6|3|2|59|58|24|22|3|6|2|11|8|14|2|7|0|0|4,2.17|2.17|3.02|2.39|2.17|14.31|14.10|6.86|6.43|2.39|3.02|2.17|4.09|3.45|4.73|2.17|3.24|1.41|1.41|2.60
533,86.39,235,0,2,18,0,0,2|2|6|3|2|59|58|24|22|3|6|2|11|8|14|2|7|0|0|4,2.17|2.17|3.02|2.39|2.17|14.31|14.10|6.86|6.43|2.39|3.02|2.17|4.09|3.45|4.73|2.17|3.24|1.41|1.41|2.60
537,86.61,236,0,2,18,0,0,2|3|6|3|2|59|58|24|22|3|6|2|11|8|14|2|7|0|0|4,2.17|2.39|3.02|2.39|2.17|14.31|14.10|6.86|6.43|2.39|3.02|2.17|4.09|3.45|4.73|2.17|3.24|1.41|1.41|2.60
541,86.78,236,0,2,18,0,0,2|3|6|3|2|59|58|24|22|3|6|2|11|8|14|2|7|0|0|4,2.17|2.39|3.02|2.39|2.17|14.31|14.10|6.86|6.43|2.39|3.02|2.17|4.09|3.45|4.73|2.17|3.24|1.41|1.58|2.60
545,86.78,236,0,2,18,0,0,2|3|6|3|2|59|58|24|22|3|6|2|11|8|14|2|7|0|0|4,2.17|2.39|3.02|2.39|2.17|14.31|14.10|6.86|6.43|2.39|3.02|2.17|4.09|3.45|4.73|2.17|3.24|1.41|1.58|2.60
549,86.78,236,0,2,18,0,0,2|3|6|3|2|59|58|24|22|3|6|2|11|8|14|2|7|0|0|4,2.17|2.39|3.02|2.39|2.17|14.31|14.10|6.86|6.43|2.39|3.02|2.17|4.09|3.45|4.73|2.17|3.24|1.41|1.58|2.60
552,86.78,236,0,2,18,0,0,2|3|6|3|2|59|58|24|22|3|6|2|11|8|14|2|7|0|0|4,2.17|2.39|3.02|2.39|2.17|14.31|14.10|6.86|6.43|2.39|3.02|2.17|4.09|3.45|4.73|2.17|3.24|1.41|1.58|2.60
557,86.78,236,0,2,18,0,0,2|3|6|3|2|59|58|24|22|3|6|2|11|8|14|2|7|0|0|4,2.17|2.39|3.02|2.39|2.17|14.31|14.10|6.86|6.43|2.39|3.02|2.17|4.09|3.45|4.73|2.17|3.24|1.41|1.58|2.60
562,86.78,236,0,2,18,0,0,2|3|6|3|2|59|58|24|22|3|6|2|11|8|14|2|7|0|0|4,2.17|2.39|3.02|2.39|2.17|14.31|14.10|6.86|6.43|2.39|3.02|2.17|4.09|3.45|4.73|2.17|3.24|1.41|1.58|2.60
566,86.56,235,0,2,18,0,0,2|3|6|3|2|59|58|24|22|3|6|2|11|8|14|2|7|0|0|3,2.17|2.39|3.02|2.39|2.17|14.31|14.10|6.86|6.43|2.39|3.02|2.17|4.09|3.45|4.73|2.17|3.24|1.41|1.58|2.39
570,86.78,236,0,2,18,0,0,2|3|6|3|2|59|58|24|22|4|6|2|11|8|14|2|7|0|0|3,2.17|2.39|3.02|2.39|2.17|14.31|14.10|6.86|6.43|2.60|3.02|2.17|4.09|3.45|4.73|2.17|3.24|1.41|1.58|2.39
575,86.78,236,0,2,18,0,0,2|2|6|3|2|59|58|24|22|4|6|2|11|8|15|2|7|0|0|3,2.17|2.17|3.02|2.39|2.17|14.31|14.10|6.86|6.43|2.60|3.02|2.17|4.09|3.45|4.94|2.17|3.24|1.41|1.58|2.39
580,86.78,236,0,2,18,0,0,2|2|6|3|2|59|58|24|22|4|6|2|11|8|15|2|7|0|0|3,2.17|2.17|3.02|2.39|2.17|14.31|14.10|6.86|6.43|2.60|3.02|2.17|4.09|3.45|4.94|2.17|3.24|1.41|1.58|2.39
585,86.78,236,0,2,18,0,0,2|2|6|3|2|59|58|24|22|4|6|2|11|8|15|2|7|0|0|3,2.17|2.17|3.02|2.39|2.17|14.31|14.10|6.86|6.43|2.60|3.02|2.17|4.09|3.45|4.94|2.17|3.24|1.41|1.58|2.39
592,86.78,236,0,2,18,0,0,2|2|6|3|2|59|58|24|22|4|6|2|11|8|15|2|7|0|0|3,2.17|2.17|3.02|2.39|2.17|14.31|14.10|6.86|6.43|2.60|3.02|2.17|4.09|3.45|4.94|2.17|3.24|1.41|1.58|2.39
598,86.78,236,0,2,18,0,0,2|2|6|3|2|59|58|24|22|4|6|2|11|8|15|2|7|0|0|3,2.17|2.17|3.02|2.39|2.17|14.31|14.10|6.86|6.43|2.60|3.02|2.17|4.09|3.45|4.94|2.17|3.24|1.41|1.58|2.39
603,86.78,236,0,2,18,0,0,2|2|6|3|2|59|58|24|22|4|6|2|11|8|15|2|7|0|0|3,2.17|2.17|3.02|2.39|2.17|14.31|14.10|6.86|6.43|2.60|3.02|2.17|4.09|3.45|4.94|2.17|3.24|1.41|1.58|2.39
607,86.78,236,0,2,18,0,0,2|2|6|3|2|59|58|24|22|4|6|2|11|8|15|2|7|0|0|3,2.17|2.17|3.02|2.39|2.17|14.31|14.10|6.86|6.43|2.60|3.02|2.17|4.09|3.45|4.94|2.17|3.24|1.41|1.58|2.39
612,86.78,236,0,2,18,0,0,2|2|6|3|2|59|58|24|22|4|6|2|11|8|15|2|7|0|0|3,2.17|2.17|3.02|2.39|2.17|14.31|14.10|6.86|6.43|2.60|3.02|2.17|4.09|3.45|4.94|2.17|3.24|1.41|1.58|2.39
616,86.78,236,0,2,18,0,0,2|2|6|3|2|59|58|24|22|4|6|2|11|8|15|2|7|0|0|3,2.17|2.17|3.02|2.39|2.17|14.31|14.10|6.86|6.43|2.60|3.02|2.17|4.09|3.45|4.94|2.17|3.24|1.41|1.58|2.39
620,86.78,236,0,2,18,0,0,2|2|6|3|2|59|58|24|22|4|6|2|11|8|15|2|7|0|0|3,2.17|2.17|3.02|2.39|2.17|14.31|14.10|6.86|6.43|2.60|3.02|2.17|4.09|3.45|4.94|2.17|3.24|1.41|1.58|2.39
624,86.78,236,0,2,18,0,0,2|2|6|3|2|59|58|24|22|4|6|2|11|8|15|2|7|0|0|3,2.17|2.17|3.02|2.39|2.17|14.31|14.10|6.86|6.43|2.60|3.02|2.17|4.09|3.45|4.94|2.17|3.24|1.41|1.58|2.39
628,86.78,236,0,2,18,0,0,2|2|6|3|2|59|58|24|22|4|6|2|11|8|15|2|7|0|0|3,2.17|2.17|3.02|2.39|2.17|14.31|14.10|6.86|6.43|2.60|3.02|2.17|4.09|3.45|4.94|2.17|3.24|1.41|1.58|2.39
632,86.78,236,0,2,18,0,0,2|2|6|3|2|59|58|24|22|4|6|2|11|8|15|2|7|0|0|3,2.17|2.17|3.02|2.39|2.17|14.31|14.10|6.86|6.43|2.60|3.02|2.17|4.09|3.45|4.94|2.17|3.24|1.41|1.58|2.39
636,86.78,236,0,2,18,0,0,2|2|6|3|2|59|58|24|22|4|6|2|11|8|15|2|7|0|0|3,2.17|2.17|3.02|2.39|2.17|14.31|14.10|6.86|6.43|2.60|3.02|2.17|4.09|3.45|4.94|2.17|3.24|1.41|1.58|2.39
639,86.78,236,0,2,18,0,0,2|2|6|3|2|59|58|24|22|4|6|2|11|8|15|2|7|0|0|3,2.17|2.17|3.02|2.39|2.17|14.31|14.10|6.86|6.43|2.60|3.02|2.17|4.09|3.45|4.94|2.17|3.24|1.41|1.58|2.39
644,86.78,236,0,2,18,0,0,2|2|6|3|2|59|58|24|22|4|6|2|11|8|15|2|7|0|0|3,2.17|2.17|3.02|2.39|2.17|14.31|14.10|6.86|6.43|2.60|3.02|2.17|4.09|3.45|4.94|2.17|3.24|1.41|1.58|2.39
648,86.78,236,0,2,18,0,0,2|2|6|3|2|59|58|24|22|4|6|2|11|8|15|2|7|0|0|3,2.17|2.17|3.02|2.39|2.17|14.31|14.10|6.86|6.43|2.60|3.02|2.17|4.09|3.45|4.94|2.17|3.24|1.41|1.58|2.39
652,86.78,236,0,2,18,0,0,2|2|6|3|2|59|58|24|22|4|6|2|11|8|15|2|7|0|0|3,2.17|2.17|3.02|2.39|2.17|14.31|14.10|6.86|6.43|2.60|3.02|2.17|4.09|3.45|4.94|2.17|3.24|1.41|1.58|2.39
658,86.78,236,0,2,18,0,0,2|2|6|3|2|59|58|24|22|4|6|2|11|8|15|2|7|0|0|3,2.17|2.17|3.02|2.39|2.17|14.31|14.10|6.86|6.43|2.60|3.02|2.17|4.09|3.45|4.94|2.17|3.24|1.41|1.58|2.39
662,86.78,236,0,2,18,0,0,2|2|6|3|2|59|58|24|22|4|6|2|11|8|15|2|7|0|0|3,2.17|2.17|3.02|2.39|2.17|14.31|14.10|6.86|6.43|2.60|3.02|2.17|4.09|3.45|4.94|2.17|3.24|1.41|1.58|2.39
665,86.78,236,0,2,18,0,0,2|2|6|3|2|59|58|24|22|4|6|2|11|8|15|2|7|0|0|3,2.17|2.17|3.02|2.39|2.17|14.31|14.10|6.86|6.43|2.60|3.02|2.17|4.09|3.45|4.94|2.17|3.24|1.41|1.58|2.39
669,86.78,236,0,2,18,0,0,2|2|6|3|2|59|58|24|22|4|6|2|11|8|15|2|7|0|0|3,2.17|2.17|3.02|2.39|2.17|14.31|14.10|6.86|6.43|2.60|3.02|2.17|4.09|3.45|4.94|2.17|3.24|1.41|1.58|2.39
673,86.78,236,0,2,18,0,0,2|2|6|3|2|59|58|24|22|4|6|2|11|8|15|2|7|0|0|3,2.17|2.17|3.02|2.39|2.17|14.31|14.10|6.86|6.43|2.60|3.02|2.17|4.09|3.45|4.94|2.17|3.24|1.41|1.58|2.39
677,86.78,236,0,2,18,0,0,2|2|6|3|2|59|58|24|22|4|6|2|11|8|15|2|7|0|0|3,2.17|2.17|3.02|2.39|2.17|14.31|14.10|6.86|6.43|2.60|3.02|2.17|4.09|3.45|4.94|2.17|3.24|1.41|1.58|2.39
681,86.78,236,0,2,18,0,0,2|2|6|3|2|59|58|24|22|4|6|2|11|8|15|2|7|0|0|3,2.17|2.17|3.02|2.39|2.17|14.31|14.10|6.86|6.43|2.60|3.02|2.17|4.09|3.45|4.94|2.17|3.24|1.41|1.58|2.39
685,86.78,236,0,2,18,0,0,2|2|6|3|2|59|58|24|22|4|6|2|11|8|15|2|7|0|0|3,2.17|2.17|3.02|2.39|2.17|14.31|14.10|6.86|6.43|2.60|3.02|2.17|4.09|3.45|4.94|2.17|3.24|1.41|1.58|2.39
690,86.78,236,0,2,18,0,0,2|2|6|3|2|59|58|24|22|4|6|2|11|8|15|2|7|0|0|3,2.17|2.17|3.02|2.39|2.17|14.31|14.10|6.86|6.43|2.60|3.02|2.17|4.09|3.45|4.94|2.17|3.24|1.41|1.58|2.39
693,86.78,236,0,2,18,0,0,2|2|6|3|2|59|58|24|22|4|6|2|11|8|15|2|7|0|0|3,2.17|2.17|3.02|2.39|2.17|14.31|14.10|6.86|6.43|2.60|3.02|2.17|4.09|3.45|4.94|2.17|3.24|1.41|1.58|2.39
697,86.78,236,0,2,18,0,0,2|2|6|3|2|59|58|24|22|4|6|2|11|8|15|2|7|0|0|3,2.17|2.17|3.02|2.39|2.17|14.31|14.10|6.86|6.43|2.60|3.02|2.17|4.09|3.45|4.94|2.17|3.24|1.41|1.58|2.39
702,86.78,236,0,2,18,0,0,2|2|6|3|2|59|58|24|22|4|6|2|11|8|15|2|7|0|0|3,2.17|2.17|3.02|2.39|2.17|14.31|14.10|6.86|6.43|2.60|3.02|2.17|4.09|3.45|4.94|2.17|3.24|1.41|1.58|2.39
706,86.78,236,0,2,18,0,0,2|2|6|3|2|59|58|24|22|4|6|2|11|8|15|2|7|0|0|3,2.17|2.17|3.02|2.39|2.17|14.31|14.10|6.86|6.43|2.60|3.02|2.17|4.09|3.45|4.94|2.17|3.24|1.41|1.58|2.39
710,86.78,236,0,2,18,0,0,2|2|6|3|2|59|58|24|22|4|6|2|11|8|15|2|7|0|0|3,2.17|2.17|3.02|2.39|2.17|14.31|14.10|6.86|6.43|2.60|3.02|2.17|4.09|3.45|4.94|2.17|3.24|1.41|1.58|2.39
714,86.78,236,0,2,18,0,0,2|2|6|3|2|59|58|24|22|4|6|2|11|8|15|2|7|0|0|3,2.17|2.17|3.02|2.39|2.17|14.31|14.10|6.86|6.43|2.60|3.02|2.17|4.09|3.45|4.94|2.17|3.24|1.41|1.58|2.39
718,86.78,236,0,1,18,0,0,2|2|6|3|2|59|58|24|22|4|6|2|11|8|15|2|7|0|0|3,2.17|2.17|3.02|2.39|2.17|14.31|14.10|6.86|6.43|2.60|3.02|2.17|4.09|3.45|4.94|2.17|3.24|1.41|1.58|2.39
722,86.78,236,0,1,18,0,0,2|2|6|3|2|59|58|24|22|4|6|2|11|8|15|2|7|0|0|3,2.17|2.17|3.02|2.39|2.17|14.31|14.10|6.86|6.43|2.60|3.02|2.17|4.09|3.45|4.94|2.17|3.24|1.41|1.58|2.39
726,86.78,236,0,0,18,0,0,2|2|6|3|2|59|58|24|22|4|6|2|11|8|15|2|7|0|0|3,2.17|2.17|3.02|2.39|2.17|14.31|14.10|6.86|6.43|2.60|3.02|2.17|4.09|3.45|4.94|2.17|3.24|1.41|1.58|2.39
730,86.78,236,0,0,18,0,0,2|2|6|3|2|59|58|24|22|4|6|2|11|8|15|2|7|0|0|3,2.17|2.17|3.02|2.39|2.17|14.31|14.10|6.86|6.43|2.60|3.02|2.17|4.09|3.45|4.94|2.17|3.24|1.41|1.58|2.39
733,86.78,236,0,0,18,0,0,2|2|6|3|2|59|58|24|22|4|6|2|11|8|15|2|7|0|0|3,2.17|2.17|3.02|2.39|2.17|14.31|14.10|6.86|6.43|2.60|3.02|2.17|4.09|3.45|4.94|2.17|3.24|1.41|1.58|2.39
737,86.78,236,0,0,18,0,0,2|2|6|3|2|59|58|24|22|4|6|2|11|8|15|2|7|0|0|3,2.17|2.17|3.02|2.39|2.17|14.31|14.10|6.86|6.43|2.60|3.02|2.17|4.09|3.45|4.94|2.17|3.24|1.41|1.58|2.39
741,81.24,224,0,0,15,2,0,0|0|0|1|2|59|58|24|22|4|6|2|11|8|15|2|7|0|0|3,0.17|0.68|1.41|1.96|2.17|14.31|14.10|6.86|6.43|2.60|3.02|2.17|4.09|3.45|4.94|2.17|3.24|1.41|1.58|2.39
745,39.84,64,0,0,10,3,0,0|0|0|0|0|0|0|0|7|3|6|2|11|8|15|2|7|0|0|3,0.00|0.00|0.17|0.17|0.00|0.51|1.24|1.58|3.24|2.39|3.02|2.17|4.09|3.45|4.94|2.17|3.24|1.41|1.58|2.39
748,20.72,13,0,0,3,9,0,0|0|0|0|0|0|0|0|0|0|0|0|0|0|3|0|7|0|0|3,0.00|0.00|0.17|0.17|0.00|0.34|0.38|0.68|0.85|0.17|0.72|0.34|0.85|1.36|2.21|1.75|3.24|1.41|1.58|2.39
750,11.56,3,0,0,1,9,0,0|0|0|0|0|0|0|0|0|0|0|0|0|0|0|0|0|0|0|3,0.00|0.00|0.00|0.00|0.00|0.17|0.21|0.51|0.85|0.00|0.38|0.34|0.68|0.51|0.51|0.21|0.55|0.55|1.58|2.39
753,9.95,3,0,0,1,7,0,0|0|0|0|0|0|0|0|0|0|0|0|0|0|0|0|0|0|0|3,0.00|0.00|0.00|0.00|0.00|0.17|0.21|0.34|0.68|0.00|0.34|0.34|0.17|0.34|0.17|0.21|0.55|0.34|1.58|2.39
754,7.99,2,0,0,1,6,0,0|0|0|0|0|0|0|0|0|0|0|0|0|0|0|0|0|0|0|2,0.00|0.00|0.00|0.00|0.00|0.00|0.00|0.17|0.34|0.00|0.00|0.17|0.00|0.34|0.17|0.21|0.38|0.34|1.58|2.17
756,5.05,0,0,0,0,2,0,0|0|0|0|0|0|0|0|0|0|0|0|0|0|0|0|0|0|0|0,0.00|0.00|0.00|0.00|0.00|0.00|0.00|0.00|0.17|0.00|0.00|0.17|0.00|0.34|0.17|0.17|0.38|0.17|0.51|0.85
757,3.51,0,0,0,0,2,0,0|0|0|0|0|0|0|0|0|0|0|0|0|0|0|0|0|0|0|0,0.00|0.00|0.00|0.00|0.00|0.00|0.00|0.00|0.00|0.00|0.00|0.00|0.00|0.34|0.00|0.00|0.21|0.17|0.17|0.51
759,2.62,0,0,0,0,1,0,0|0|0|0|0|0|0|0|0|0|0|0|0|0|0|0|0|0|0|0,0.00|0.00|0.00|0.00|0.00|0.00|0.00|0.00|0.00|0.00|0.00|0.00|0.00|0.00|0.00|0.00|0.00|0.17|0.00|0.34
760,2.45,0,0,0,0,0,0,0|0|0|0|0|0|0|0|0|0|0|0|0|0|0|0|0|0|0|0,0.00|0.00|0.00|0.00|0.00|0.00|0.00|0.00|0.00|0.00|0.00|0.00|0.00|0.00|0.00|0.00|0.00|0.00|0.00|0.34
