2,53.26,0,5,1,0,0,400,0|0|0|0|0|0,0.00|0.00|0.00|0.00|0.00|0.00
6,58.16,15,5,0,1,0,400,15|0|0|0|0|0,4.90|0.00|0.00|0.00|0.00|0.00
9,58.20,15,5,0,1,0,400,15|0|0|0|0|0,4.94|0.00|0.00|0.00|0.00|0.00
12,62.46,27,4,0,2,0,400,16|11|0|0|0|0,5.15|4.05|0.00|0.00|0.00|0.00
15,71.87,71,4,0,2,0,400,56|15|0|0|0|0,13.67|4.94|0.00|0.00|0.00|0.00
19,77.28,90,3,1,2,0,400,60|30|0|0|0|0,14.52|8.13|1.36|0.00|0.00|0.00
22,85.54,127,3,0,3,0,400,60|60|7|0|0|0,14.52|14.52|3.24|0.00|0.00|0.00
26,86.22,127,2,1,3,0,400,60|60|7|0|0|0,14.52|14.52|3.24|0.68|0.00|0.00
30,87.29,127,2,1,3,0,400,60|60|7|0|0|0,14.52|14.52|3.24|1.75|0.00|0.00
34,88.52,127,1,2,3,0,400,60|60|7|0|0|0,14.52|14.52|3.24|1.75|1.24|0.00
38,88.52,127,1,2,3,0,400,60|60|7|0|0|0,14.52|14.52|3.24|1.75|1.24|0.00
42,88.52,127,0,3,3,0,400,60|60|7|0|0|0,14.52|14.52|3.24|1.75|1.24|0.00
45,88.57,127,0,3,3,0,400,60|60|7|0|0|0,14.52|14.52|3.24|1.75|1.24|0.04
49,88.57,127,0,3,3,0,400,60|60|7|0|0|0,14.52|14.52|3.24|1.75|1.24|0.04
53,88.57,127,0,3,3,0,400,60|60|7|0|0|0,14.52|14.52|3.24|1.75|1.24|0.04
57,88.57,127,0,3,3,0,400,60|60|7|0|0|0,14.52|14.52|3.24|1.75|1.24|0.04
61,88.57,127,0,3,3,0,400,60|60|7|0|0|0,14.52|14.52|3.24|1.75|1.24|0.04
65,88.14,125,0,3,3,0,400,59|59|7|0|0|0,14.31|14.31|3.24|1.75|1.24|0.04
68,88.14,125,0,3,3,0,400,59|59|7|0|0|0,14.31|14.31|3.24|1.75|1.24|0.04
72,88.48,125,0,3,3,0,400,59|59|7|0|0|0,14.31|14.31|3.24|1.75|1.24|0.38
76,88.48,125,0,3,3,0,400,59|59|7|0|0|0,14.31|14.31|3.24|1.75|1.24|0.38
80,88.48,125,0,3,3,0,400,59|59|7|0|0|0,14.31|14.31|3.24|1.75|1.24|0.38
84,88.48,125,0,3,3,0,400,59|59|7|0|0|0,14.31|14.31|3.24|1.75|1.24|0.38
87,88.48,125,0,3,3,0,400,59|59|7|0|0|0,14.31|14.31|3.24|1.75|1.24|0.38
91,88.48,125,0,3,3,0,400,59|59|7|0|0|0,14.31|14.31|3.24|1.75|1.24|0.38
95,88.48,125,0,3,3,0,400,59|59|7|0|0|0,14.31|14.31|3.24|1.75|1.24|0.38
99,82.30,96,0,3,3,0,400,45|44|7|0|0|0,11.33|11.12|3.24|1.75|1.24|0.38
103,82.69,97,0,3,3,0,400,45|45|7|0|0|0,11.33|11.33|3.24|1.75|1.24|0.55
107,88.14,117,0,2,4,0,400,45|52|7|0|0|13,11.33|12.82|3.24|1.75|1.24|4.51
110,78.94,117,0,2,4,0,328,45|52|7|0|0|13,11.33|12.82|3.24|1.75|1.24|4.51
114,75.87,117,0,2,4,0,304,45|52|7|0|0|13,11.33|12.82|3.24|1.75|1.24|4.51
117,75.75,117,0,2,4,0,303,45|52|7|0|0|13,11.33|12.82|3.24|1.75|1.24|4.51
121,75.36,117,0,2,4,0,300,45|52|7|0|0|13,11.33|12.82|3.24|1.75|1.24|4.51
124,75.36,117,0,2,4,0,300,45|52|7|0|0|13,11.33|12.82|3.24|1.75|1.24|4.51
128,75.36,117,0,2,4,0,300,45|52|7|0|0|13,11.33|12.82|3.24|1.75|1.24|4.51
131,75.36,117,0,2,4,0,300,45|52|7|0|0|13,11.33|12.82|3.24|1.75|1.24|4.51
135,75.36,117,0,2,4,0,300,45|52|7|0|0|13,11.33|12.82|3.24|1.75|1.24|4.51
138,74.94,115,0,2,4,0,300,44|51|7|0|0|13,11.12|12.61|3.24|1.75|1.24|4.51
142,74.94,115,0,2,4,0,300,44|51|7|0|0|13,11.12|12.61|3.24|1.75|1.24|4.51
145,81.75,147,0,2,4,0,300,59|60|15|0|0|13,14.31|14.52|4.94|1.75|1.24|4.51
149,84.52,160,0,2,4,0,300,60|60|27|0|0|13,14.52|14.52|7.50|1.75|1.24|4.51
153,87.07,172,0,2,4,0,300,60|60|39|0|0|13,14.52|14.52|10.05|1.75|1.24|4.51
157,87.59,172,0,2,4,0,300,60|60|39|0|0|13,14.52|14.52|10.05|1.75|1.75|4.51
160,87.59,172,0,2,4,0,300,60|60|39|0|0|13,14.52|14.52|10.05|1.75|1.75|4.51
164,87.59,172,0,2,4,0,300,60|60|39|0|0|13,14.52|14.52|10.05|1.75|1.75|4.51
168,87.59,172,0,2,4,0,300,60|60|39|0|0|13,14.52|14.52|10.05|1.75|1.75|4.51
172,87.59,172,0,2,4,0,300,60|60|39|0|0|13,14.52|14.52|10.05|1.75|1.75|4.51
176,87.59,172,0,2,4,0,300,60|60|39|0|0|13,14.52|14.52|10.05|1.75|1.75|4.51
180,87.59,172,0,2,4,0,300,60|60|39|0|0|13,14.52|14.52|10.05|1.75|1.75|4.51
185,85.24,161,0,2,4,0,300,55|54|39|0|0|13,13.46|13.25|10.05|1.75|1.75|4.51
191,87.16,170,0,1,5,0,300,55|54|39|0|9|13,13.46|13.25|10.05|1.75|3.66|4.51
199,87.59,172,0,1,5,0,300,55|54|39|0|11|13,13.46|13.25|10.05|1.75|4.09|4.51
206,77.45,173,0,1,5,0,219,56|54|39|0|11|13,13.67|13.25|10.05|1.75|4.09|4.51
212,77.53,183,0,1,5,0,203,60|60|39|0|11|13,14.52|14.52|10.05|1.75|4.09|4.51
228,79.28,193,0,1,5,0,200,60|60|49|0|11|13,14.52|14.52|12.18|1.75|4.09|4.51
232,79.71,195,0,1,5,0,200,60|60|49|0|13|13,14.52|14.52|12.18|1.75|4.51|4.51
236,79.71,195,0,1,5,0,200,60|60|49|0|13|13,14.52|14.52|12.18|1.75|4.51|4.51
239,79.71,195,0,1,5,0,200,60|60|49|0|13|13,14.52|14.52|12.18|1.75|4.51|4.51
243,79.71,195,0,1,5,0,200,60|60|49|0|13|13,14.52|14.52|12.18|1.75|4.51|4.51
246,79.71,195,0,1,5,0,200,60|60|49|0|13|13,14.52|14.52|12.18|1.75|4.51|4.51
249,79.71,195,0,1,5,0,200,60|60|49|0|13|13,14.52|14.52|12.18|1.75|4.51|4.51
253,79.71,195,0,1,5,0,200,60|60|49|0|13|13,14.52|14.52|12.18|1.75|4.51|4.51
256,79.71,195,0,1,5,0,200,60|60|49|0|13|13,14.52|14.52|12.18|1.75|4.51|4.51
260,79.71,195,0,1,5,0,200,60|60|49|0|13|13,14.52|14.52|12.18|1.75|4.51|4.51
263,79.71,195,0,1,5,0,200,60|60|49|0|13|13,14.52|14.52|12.18|1.75|4.51|4.51
268,79.71,195,0,1,5,0,200,60|60|49|0|13|13,14.52|14.52|12.18|1.75|4.51|4.51
273,79.71,195,0,1,5,0,200,60|60|49|0|13|13,14.52|14.52|12.18|1.75|4.51|4.51
278,79.71,195,0,1,5,0,200,60|60|49|0|13|13,14.52|14.52|12.18|1.75|4.51|4.51
282,79.71,195,0,1,5,0,200,60|60|49|0|13|13,14.52|14.52|12.18|1.75|4.51|4.51
287,79.71,195,0,1,5,0,200,60|60|49|0|13|13,14.52|14.52|12.18|1.75|4.51|4.51
298,79.71,195,0,1,5,0,200,60|60|49|0|13|13,14.52|14.52|12.18|1.75|4.51|4.51
302,79.83,255,0,1,5,0,101,60|60|49|0|26|60,14.52|14.52|12.18|1.75|7.28|14.52
306,80.35,258,0,1,5,0,100,60|60|49|0|29|60,14.52|14.52|12.18|1.75|7.92|14.52
310,80.35,258,0,1,5,0,100,60|60|49|0|29|60,14.52|14.52|12.18|1.75|7.92|14.52
313,80.35,258,0,1,5,0,100,60|60|49|0|29|60,14.52|14.52|12.18|1.75|7.92|14.52
316,80.35,258,0,1,5,0,100,60|60|49|0|29|60,14.52|14.52|12.18|1.75|7.92|14.52
320,80.35,258,0,1,5,0,100,60|60|49|0|29|60,14.52|14.52|12.18|1.75|7.92|14.52
324,80.35,258,0,1,5,0,100,60|60|49|0|29|60,14.52|14.52|12.18|1.75|7.92|14.52
327,80.35,258,0,1,5,0,100,60|60|49|0|29|60,14.52|14.52|12.18|1.75|7.92|14.52
330,80.35,258,0,1,5,0,100,60|60|49|0|29|60,14.52|14.52|12.18|1.75|7.92|14.52
334,80.35,258,0,1,5,0,100,60|60|49|0|29|60,14.52|14.52|12.18|1.75|7.92|14.52
338,80.35,258,0,1,5,0,100,60|60|49|0|29|60,14.52|14.52|12.18|1.75|7.92|14.52
341,80.35,258,0,1,5,0,100,60|60|49|0|29|60,14.52|14.52|12.18|1.75|7.92|14.52
345,80.35,258,0,1,5,0,100,60|60|49|0|29|60,14.52|14.52|12.18|1.75|7.92|14.52
348,80.35,258,0,1,5,0,100,60|60|49|0|29|60,14.52|14.52|12.18|1.75|7.92|14.52
351,80.35,258,0,1,5,0,100,60|60|49|0|29|60,14.52|14.52|12.18|1.75|7.92|14.52
355,80.35,258,0,1,5,0,100,60|60|49|0|29|60,14.52|14.52|12.18|1.75|7.92|14.52
358,80.35,258,0,1,5,0,100,60|60|49|0|29|60,14.52|14.52|12.18|1.75|7.92|14.52
361,80.35,258,0,1,5,0,100,60|60|49|0|29|60,14.52|14.52|12.18|1.75|7.92|14.52
365,80.35,258,0,1,5,0,100,60|60|49|0|29|60,14.52|14.52|12.18|1.75|7.92|14.52
368,80.35,258,0,1,5,0,100,60|60|49|0|29|60,14.52|14.52|12.18|1.75|7.92|14.52
371,80.35,258,0,1,5,0,100,60|60|49|0|29|60,14.52|14.52|12.18|1.75|7.92|14.52
375,80.35,258,0,1,5,0,100,60|60|49|0|29|60,14.52|14.52|12.18|1.75|7.92|14.52
378,80.35,258,0,1,5,0,100,60|60|49|0|29|60,14.52|14.52|12.18|1.75|7.92|14.52
381,80.35,258,0,1,5,0,100,60|60|49|0|29|60,14.52|14.52|12.18|1.75|7.92|14.52
385,89.67,258,0,1,5,0,173,60|60|49|0|29|60,14.52|14.52|12.18|1.75|7.92|14.52
389,90.31,258,0,1,5,0,178,60|60|49|0|29|60,14.52|14.52|12.18|1.75|7.92|14.52
393,90.31,258,0,1,5,0,178,60|60|49|0|29|60,14.52|14.52|12.18|1.75|7.92|14.52
397,90.31,258,0,1,5,0,178,60|60|49|0|29|60,14.52|14.52|12.18|1.75|7.92|14.52
401,90.31,258,0,1,5,0,178,60|60|49|0|29|60,14.52|14.52|12.18|1.75|7.92|14.52
404,90.31,258,0,1,5,0,178,60|60|49|0|29|60,14.52|14.52|12.18|1.75|7.92|14.52
408,90.31,258,0,1,5,0,178,60|60|49|0|29|60,14.52|14.52|12.18|1.75|7.92|14.52
412,90.31,258,0,1,5,0,178,60|60|49|0|29|60,14.52|14.52|12.18|1.75|7.92|14.52
416,90.31,258,0,1,5,0,178,60|60|49|0|29|60,14.52|14.52|12.18|1.75|7.92|14.52
419,79.88,209,0,1,5,0,178,43|44|49|0|29|44,10.90|11.12|12.18|1.75|7.92|11.12
423,82.01,219,0,1,5,0,178,43|44|49|0|39|44,10.90|11.12|12.18|1.75|10.05|11.12
426,89.25,253,0,0,6,0,178,43|44|55|7|60|44,10.90|11.12|13.46|3.24|14.52|11.12
430,90.31,258,0,0,6,0,178,43|44|59|8|60|44,10.90|11.12|14.31|3.45|14.52|11.12
433,90.31,258,0,0,6,0,178,43|44|59|8|60|44,10.90|11.12|14.31|3.45|14.52|11.12
437,90.31,258,0,0,6,0,178,43|44|59|8|60|44,10.90|11.12|14.31|3.45|14.52|11.12
440,90.31,258,0,0,6,0,178,43|44|59|8|60|44,10.90|11.12|14.31|3.45|14.52|11.12
444,90.31,258,0,0,6,0,178,43|44|59|8|60|44,10.90|11.12|14.31|3.45|14.52|11.12
447,90.31,258,0,0,6,0,178,43|44|59|8|60|44,10.90|11.12|14.31|3.45|14.52|11.12
451,90.31,258,0,0,6,0,178,43|44|59|8|60|44,10.90|11.12|14.31|3.45|14.52|11.12
454,90.31,258,0,0,6,0,178,43|44|59|8|60|44,10.90|11.12|14.31|3.45|14.52|11.12
458,90.31,258,0,0,6,0,178,43|44|59|8|60|44,10.90|11.12|14.31|3.45|14.52|11.12
461,90.31,258,0,0,6,0,178,43|44|59|8|60|44,10.90|11.12|14.31|3.45|14.52|11.12
465,89.46,254,0,0,6,0,178,43|44|59|8|56|44,10.90|11.12|14.31|3.45|13.67|11.12
468,89.46,254,0,0,6,0,178,43|44|59|8|56|44,10.90|11.12|14.31|3.45|13.67|11.12
472,89.67,255,0,0,6,0,178,43|44|59|8|57|44,10.90|11.12|14.31|3.45|13.88|11.12
475,89.67,255,0,0,6,0,178,43|44|59|8|57|44,10.90|11.12|14.31|3.45|13.88|11.12
479,90.31,255,0,0,6,0,183,43|44|59|8|57|44,10.90|11.12|14.31|3.45|13.88|11.12
483,90.31,255,0,0,6,0,183,43|44|59|8|57|44,10.90|11.12|14.31|3.45|13.88|11.12
487,90.31,255,0,0,6,0,183,43|44|59|8|57|44,10.90|11.12|14.31|3.45|13.88|11.12
490,90.31,255,0,0,6,0,183,43|44|59|8|57|44,10.90|11.12|14.31|3.45|13.88|11.12
494,90.31,255,0,0,6,0,183,43|44|59|8|57|44,10.90|11.12|14.31|3.45|13.88|11.12
498,90.31,255,0,0,6,0,183,43|44|59|8|57|44,10.90|11.12|14.31|3.45|13.88|11.12
502,90.31,255,0,0,6,0,183,43|44|59|8|57|44,10.90|11.12|14.31|3.45|13.88|11.12
506,90.31,255,0,0,6,0,183,43|44|59|8|57|44,10.90|11.12|14.31|3.45|13.88|11.12
510,90.31,255,0,0,6,0,183,43|44|59|8|57|44,10.90|11.12|14.31|3.45|13.88|11.12
513,80.00,206,0,0,6,0,184,43|44|59|8|8|44,10.90|11.12|14.31|3.45|3.45|11.12
517,85.63,200,0,0,6,0,238,43|44|59|8|2|44,10.90|11.12|14.31|3.45|2.17|11.12
520,87.16,206,0,0,6,0,240,43|44|59|14|2|44,10.90|11.12|14.31|4.73|2.17|11.12
524,87.37,207,0,0,6,0,240,43|44|59|15|2|44,10.90|11.12|14.31|4.94|2.17|11.12
528,87.37,207,0,0,6,0,240,43|44|59|15|2|44,10.90|11.12|14.31|4.94|2.17|11.12
531,87.37,207,0,0,6,0,240,43|44|59|15|2|44,10.90|11.12|14.31|4.94|2.17|11.12
535,87.37,207,0,0,6,0,240,43|44|59|15|2|44,10.90|11.12|14.31|4.94|2.17|11.12
539,87.37,207,0,0,6,0,240,43|44|59|15|2|44,10.90|11.12|14.31|4.94|2.17|11.12
543,87.37,207,0,0,6,0,240,43|44|59|15|2|44,10.90|11.12|14.31|4.94|2.17|11.12
547,90.82,207,0,0,6,0,267,43|44|59|15|2|44,10.90|11.12|14.31|4.94|2.17|11.12
550,90.82,207,0,0,6,0,267,43|44|59|15|2|44,10.90|11.12|14.31|4.94|2.17|11.12
554,90.18,204,0,0,6,0,267,43|44|59|12|2|44,10.90|11.12|14.31|4.30|2.17|11.12
558,90.40,205,0,0,6,0,267,43|47|60|9|2|44,10.90|11.75|14.52|3.66|2.17|11.12
561,90.82,207,0,0,6,0,267,44|48|60|9|2|44,11.12|11.97|14.52|3.66|2.17|11.12
565,90.82,207,0,0,6,0,267,44|48|60|9|2|44,11.12|11.97|14.52|3.66|2.17|11.12
569,90.82,207,0,0,6,0,267,44|48|60|9|2|44,11.12|11.97|14.52|3.66|2.17|11.12
573,90.82,207,0,0,6,0,267,44|48|60|9|2|44,11.12|11.97|14.52|3.66|2.17|11.12
577,90.82,207,0,0,6,0,267,44|48|60|9|2|44,11.12|11.97|14.52|3.66|2.17|11.12
581,90.82,207,0,0,6,0,267,44|48|60|9|2|44,11.12|11.97|14.52|3.66|2.17|11.12
585,90.82,207,0,0,6,0,267,44|48|60|9|2|44,11.12|11.97|14.52|3.66|2.17|11.12
589,90.82,207,0,0,6,0,267,44|48|60|9|2|44,11.12|11.97|14.52|3.66|2.17|11.12
593,90.82,207,0,0,6,0,267,44|48|60|9|2|44,11.12|11.97|14.52|3.66|2.17|11.12
597,90.82,207,0,0,6,0,267,44|48|60|9|2|44,11.12|11.97|14.52|3.66|2.17|11.12
601,90.82,207,0,0,6,0,267,44|48|60|9|2|44,11.12|11.97|14.52|3.66|2.17|11.12
605,82.35,154,0,0,6,0,289,44|25|37|2|2|44,11.12|7.07|9.63|2.17|2.17|11.12
608,89.89,154,0,0,6,0,348,44|25|37|2|2|44,11.12|7.07|9.63|2.17|2.17|11.12
612,90.01,154,0,0,6,0,349,44|25|37|2|2|44,11.12|7.07|9.63|2.17|2.17|11.12
616,90.01,154,0,0,6,0,349,44|25|37|2|2|44,11.12|7.07|9.63|2.17|2.17|11.12
620,90.01,154,0,0,6,0,349,44|25|37|2|2|44,11.12|7.07|9.63|2.17|2.17|11.12
624,90.01,154,0,0,6,0,349,44|25|37|2|2|44,11.12|7.07|9.63|2.17|2.17|11.12
627,90.01,154,0,0,6,0,349,44|25|37|2|2|44,11.12|7.07|9.63|2.17|2.17|11.12
631,90.01,154,0,0,6,0,349,44|25|37|2|2|44,11.12|7.07|9.63|2.17|2.17|11.12
635,90.01,154,0,0,6,0,349,44|25|37|2|2|44,11.12|7.07|9.63|2.17|2.17|11.12
638,90.01,154,0,0,6,0,349,44|25|37|2|2|44,11.12|7.07|9.63|2.17|2.17|11.12
642,90.01,154,0,0,6,0,349,44|25|37|2|2|44,11.12|7.07|9.63|2.17|2.17|11.12
646,89.59,152,0,0,6,0,349,44|24|36|2|2|44,11.12|6.86|9.41|2.17|2.17|11.12
650,88.10,145,0,0,6,0,349,44|21|32|2|2|44,11.12|6.22|8.56|2.17|2.17|11.12
653,88.10,145,0,0,6,0,349,44|21|32|2|2|44,11.12|6.22|8.56|2.17|2.17|11.12
657,88.74,148,0,0,6,0,349,44|22|33|3|2|44,11.12|6.43|8.77|2.39|2.17|11.12
661,88.74,148,0,0,6,0,349,44|22|33|3|2|44,11.12|6.43|8.77|2.39|2.17|11.12
665,88.74,148,0,0,6,0,349,44|22|33|3|2|44,11.12|6.43|8.77|2.39|2.17|11.12
668,88.74,148,0,0,6,0,349,44|22|33|3|2|44,11.12|6.43|8.77|2.39|2.17|11.12
672,88.74,148,0,0,6,0,349,44|22|33|3|2|44,11.12|6.43|8.77|2.39|2.17|11.12
676,88.74,148,0,0,6,0,349,44|22|33|3|2|44,11.12|6.43|8.77|2.39|2.17|11.12
680,89.80,153,0,0,6,0,349,47|22|33|3|2|46,11.75|6.43|8.77|2.39|2.17|11.54
683,90.01,154,0,0,6,0,349,47|22|33|3|2|47,11.75|6.43|8.77|2.39|2.17|11.75
687,90.01,154,0,0,6,0,349,47|22|33|3|2|47,11.75|6.43|8.77|2.39|2.17|11.75
691,90.01,154,0,0,6,0,349,47|22|33|3|2|47,11.75|6.43|8.77|2.39|2.17|11.75
695,89.80,153,0,0,6,0,349,47|21|32|3|2|48,11.75|6.22|8.56|2.39|2.17|11.97
699,89.84,152,0,0,6,0,351,47|21|32|2|2|48,11.75|6.22|8.56|2.17|2.17|11.97
703,83.84,152,0,0,6,0,304,47|21|32|2|2|48,11.75|6.22|8.56|2.17|2.17|11.97
706,76.55,152,0,0,6,0,247,47|21|32|2|2|48,11.75|6.22|8.56|2.17|2.17|11.97
709,68.51,152,0,0,6,0,184,47|21|32|2|2|48,11.75|6.22|8.56|2.17|2.17|11.97
712,60.37,151,0,0,6,0,122,46|21|32|2|2|48,11.54|6.22|8.56|2.17|2.17|11.97
715,53.09,151,0,0,6,0,65,46|21|32|2|2|48,11.54|6.22|8.56|2.17|2.17|11.97
717,47.98,151,0,0,6,0,25,46|21|32|2|2|48,11.54|6.22|8.56|2.17|2.17|11.97
719,44.91,142,0,0,6,0,16,37|21|32|2|2|48,9.63|6.22|8.56|2.17|2.17|11.97
721,27.41,77,0,0,4,2,5,0|0|25|2|2|48,0.00|1.24|7.07|2.17|2.17|11.97
723,19.95,49,0,0,2,4,3,0|0|0|0|1|48,0.00|0.89|0.85|1.75|1.96|11.97
725,15.99,45,0,0,1,4,3,0|0|0|0|0|45,0.00|0.72|0.34|0.21|0.85|11.33
726,4.92,1,0,0,1,3,2,0|0|0|0|0|1,0.00|0.34|0.34|0.04|0.17|1.62
728,3.13,0,0,0,0,4,2,0|0|0|0|0|0,0.00|0.17|0.17|0.04|0.00|0.34
729,2.79,0,0,0,0,4,2,0|0|0|0|0|0,0.00|0.00|0.00|0.04|0.00|0.34
730,2.75,0,0,0,0,3,2,0|0|0|0|0|0,0.00|0.00|0.00|0.00|0.00|0.34
732,2.75,0,0,0,0,1,2,0|0|0|0|0|0,0.00|0.00|0.00|0.00|0.00|0.34
733,2.75,0,0,0,0,1,2,0|0|0|0|0|0,0.00|0.00|0.00|0.00|0.00|0.34
734,2.58,0,0,0,0,1,2,0|0|0|0|0|0,0.00|0.00|0.00|0.00|0.00|0.17
736,2.41,0,0,0,0,0,2,0|0|0|0|0|0,0.00|0.00|0.00|0.00|0.00|0.00
