3,53.26,0,5,1,0,0,400,0|0|0|0|0|0,0.00|0.00|0.00|0.00|0.00|0.00
6,58.20,15,5,0,1,0,400,15|0|0|0|0|0,4.94|0.00|0.00|0.00|0.00|0.00
9,58.71,15,4,1,1,0,400,15|0|0|0|0|0,4.94|0.51|0.00|0.00|0.00|0.00
12,63.14,30,4,0,2,0,400,15|15|0|0|0|0,4.94|4.94|0.00|0.00|0.00|0.00
15,66.97,40,3,0,3,0,400,15|15|10|0|0|0,4.94|4.94|3.83|0.00|0.00|0.00
18,68.08,45,2,1,3,0,400,15|15|15|0|0|0,4.94|4.94|4.94|0.00|0.00|0.00
21,72.81,59,2,0,4,0,400,15|15|15|14|0|0,4.94|4.94|4.94|4.73|0.00|0.00
25,74.21,60,1,1,4,0,400,15|15|15|15|0|0,4.94|4.94|4.94|4.94|1.19|0.00
30,77.96,75,0,1,5,0,400,15|15|15|15|15|0,4.94|4.94|4.94|4.94|4.94|0.00
40,82.90,90,0,0,6,0,400,15|15|15|15|15|15,4.94|4.94|4.94|4.94|4.94|4.94
44,82.90,90,0,0,6,0,400,15|15|15|15|15|15,4.94|4.94|4.94|4.94|4.94|4.94
48,82.90,90,0,0,6,0,400,15|15|15|15|15|15,4.94|4.94|4.94|4.94|4.94|4.94
51,82.90,90,0,0,6,0,400,15|15|15|15|15|15,4.94|4.94|4.94|4.94|4.94|4.94
55,82.90,90,0,0,6,0,400,15|15|15|15|15|15,4.94|4.94|4.94|4.94|4.94|4.94
58,82.90,90,0,0,6,0,400,15|15|15|15|15|15,4.94|4.94|4.94|4.94|4.94|4.94
62,82.90,90,0,0,6,0,400,15|15|15|15|15|15,4.94|4.94|4.94|4.94|4.94|4.94
65,82.90,90,0,0,6,0,400,15|15|15|15|15|15,4.94|4.94|4.94|4.94|4.94|4.94
68,82.90,90,0,0,6,0,400,15|15|15|15|15|15,4.94|4.94|4.94|4.94|4.94|4.94
72,82.90,90,0,0,6,0,400,15|15|15|15|15|15,4.94|4.94|4.94|4.94|4.94|4.94
75,82.90,90,0,0,6,0,400,15|15|15|15|15|15,4.94|4.94|4.94|4.94|4.94|4.94
79,82.90,90,0,0,6,0,400,15|15|15|15|15|15,4.94|4.94|4.94|4.94|4.94|4.94
83,82.90,90,0,0,6,0,400,15|15|15|15|15|15,4.94|4.94|4.94|4.94|4.94|4.94
86,82.90,90,0,0,6,0,400,15|15|15|15|15|15,4.94|4.94|4.94|4.94|4.94|4.94
90,82.90,90,0,0,6,0,400,15|15|15|15|15|15,4.94|4.94|4.94|4.94|4.94|4.94
93,82.90,90,0,0,6,0,400,15|15|15|15|15|15,4.94|4.94|4.94|4.94|4.94|4.94
97,82.01,90,0,0,6,0,393,15|15|15|15|15|15,4.94|4.94|4.94|4.94|4.94|4.94
100,71.27,90,0,0,6,0,309,15|15|15|15|15|15,4.94|4.94|4.94|4.94|4.94|4.94
103,70.64,90,0,0,6,0,304,15|15|15|15|15|15,4.94|4.94|4.94|4.94|4.94|4.94
107,70.51,90,0,0,6,0,303,15|15|15|15|15|15,4.94|4.94|4.94|4.94|4.94|4.94
110,70.12,90,0,0,6,0,300,15|15|15|15|15|15,4.94|4.94|4.94|4.94|4.94|4.94
113,70.12,90,0,0,6,0,300,15|15|15|15|15|15,4.94|4.94|4.94|4.94|4.94|4.94
116,70.12,90,0,0,6,0,300,15|15|15|15|15|15,4.94|4.94|4.94|4.94|4.94|4.94
119,70.12,90,0,0,6,0,300,15|15|15|15|15|15,4.94|4.94|4.94|4.94|4.94|4.94
122,70.12,90,0,0,6,0,300,15|15|15|15|15|15,4.94|4.94|4.94|4.94|4.94|4.94
125,70.12,90,0,0,6,0,300,15|15|15|15|15|15,4.94|4.94|4.94|4.94|4.94|4.94
128,70.12,90,0,0,6,0,300,15|15|15|15|15|15,4.94|4.94|4.94|4.94|4.94|4.94
132,70.12,90,0,0,6,0,300,15|15|15|15|15|15,4.94|4.94|4.94|4.94|4.94|4.94
135,70.12,90,0,0,6,0,300,15|15|15|15|15|15,4.94|4.94|4.94|4.94|4.94|4.94
138,70.12,90,0,0,6,0,300,15|15|15|15|15|15,4.94|4.94|4.94|4.94|4.94|4.94
141,70.12,90,0,0,6,0,300,15|15|15|15|15|15,4.94|4.94|4.94|4.94|4.94|4.94
144,70.12,90,0,0,6,0,300,15|15|15|15|15|15,4.94|4.94|4.94|4.94|4.94|4.94
148,70.12,90,0,0,6,0,300,15|15|15|15|15|15,4.94|4.94|4.94|4.94|4.94|4.94
151,70.12,90,0,0,6,0,300,15|15|15|15|15|15,4.94|4.94|4.94|4.94|4.94|4.94
154,70.12,90,0,0,6,0,300,15|15|15|15|15|15,4.94|4.94|4.94|4.94|4.94|4.94
157,70.12,90,0,0,6,0,300,15|15|15|15|15|15,4.94|4.94|4.94|4.94|4.94|4.94
160,70.12,90,0,0,6,0,300,15|15|15|15|15|15,4.94|4.94|4.94|4.94|4.94|4.94
163,70.12,90,0,0,6,0,300,15|15|15|15|15|15,4.94|4.94|4.94|4.94|4.94|4.94
166,70.12,90,0,0,6,0,300,15|15|15|15|15|15,4.94|4.94|4.94|4.94|4.94|4.94
169,70.12,90,0,0,6,0,300,15|15|15|15|15|15,4.94|4.94|4.94|4.94|4.94|4.94
172,70.12,90,0,0,6,0,300,15|15|15|15|15|15,4.94|4.94|4.94|4.94|4.94|4.94
175,70.12,90,0,0,6,0,300,15|15|15|15|15|15,4.94|4.94|4.94|4.94|4.94|4.94
178,70.12,90,0,0,6,0,300,15|15|15|15|15|15,4.94|4.94|4.94|4.94|4.94|4.94
182,70.12,90,0,0,6,0,300,15|15|15|15|15|15,4.94|4.94|4.94|4.94|4.94|4.94
185,70.12,90,0,0,6,0,300,15|15|15|15|15|15,4.94|4.94|4.94|4.94|4.94|4.94
188,68.97,90,0,0,6,0,291,15|15|15|15|15|15,4.94|4.94|4.94|4.94|4.94|4.94
191,59.77,90,0,0,6,0,219,15|15|15|15|15|15,4.94|4.94|4.94|4.94|4.94|4.94
194,58.75,90,0,0,6,0,211,15|15|15|15|15|15,4.94|4.94|4.94|4.94|4.94|4.94
197,57.73,90,0,0,6,0,203,15|15|15|15|15|15,4.94|4.94|4.94|4.94|4.94|4.94
200,57.35,90,0,0,6,0,200,15|15|15|15|15|15,4.94|4.94|4.94|4.94|4.94|4.94
203,57.35,90,0,0,6,0,200,15|15|15|15|15|15,4.94|4.94|4.94|4.94|4.94|4.94
206,57.35,90,0,0,6,0,200,15|15|15|15|15|15,4.94|4.94|4.94|4.94|4.94|4.94
208,57.35,90,0,0,6,0,200,15|15|15|15|15|15,4.94|4.94|4.94|4.94|4.94|4.94
211,57.35,90,0,0,6,0,200,15|15|15|15|15|15,4.94|4.94|4.94|4.94|4.94|4.94
214,57.35,90,0,0,6,0,200,15|15|15|15|15|15,4.94|4.94|4.94|4.94|4.94|4.94
217,57.35,90,0,0,6,0,200,15|15|15|15|15|15,4.94|4.94|4.94|4.94|4.94|4.94
220,57.35,90,0,0,6,0,200,15|15|15|15|15|15,4.94|4.94|4.94|4.94|4.94|4.94
222,57.35,90,0,0,6,0,200,15|15|15|15|15|15,4.94|4.94|4.94|4.94|4.94|4.94
225,57.35,90,0,0,6,0,200,15|15|15|15|15|15,4.94|4.94|4.94|4.94|4.94|4.94
228,57.35,90,0,0,6,0,200,15|15|15|15|15|15,4.94|4.94|4.94|4.94|4.94|4.94
230,57.35,90,0,0,6,0,200,15|15|15|15|15|15,4.94|4.94|4.94|4.94|4.94|4.94
233,57.35,90,0,0,6,0,200,15|15|15|15|15|15,4.94|4.94|4.94|4.94|4.94|4.94
236,57.35,90,0,0,6,0,200,15|15|15|15|15|15,4.94|4.94|4.94|4.94|4.94|4.94
239,57.35,90,0,0,6,0,200,15|15|15|15|15|15,4.94|4.94|4.94|4.94|4.94|4.94
242,57.35,90,0,0,6,0,200,15|15|15|15|15|15,4.94|4.94|4.94|4.94|4.94|4.94
245,57.35,90,0,0,6,0,200,15|15|15|15|15|15,4.94|4.94|4.94|4.94|4.94|4.94
247,57.35,90,0,0,6,0,200,15|15|15|15|15|15,4.94|4.94|4.94|4.94|4.94|4.94
250,57.35,90,0,0,6,0,200,15|15|15|15|15|15,4.94|4.94|4.94|4.94|4.94|4.94
253,57.35,90,0,0,6,0,200,15|15|15|15|15|15,4.94|4.94|4.94|4.94|4.94|4.94
256,57.35,90,0,0,6,0,200,15|15|15|15|15|15,4.94|4.94|4.94|4.94|4.94|4.94
259,57.35,90,0,0,6,0,200,15|15|15|15|15|15,4.94|4.94|4.94|4.94|4.94|4.94
261,57.35,90,0,0,6,0,200,15|15|15|15|15|15,4.94|4.94|4.94|4.94|4.94|4.94
264,57.35,90,0,0,6,0,200,15|15|15|15|15|15,4.94|4.94|4.94|4.94|4.94|4.94
267,57.35,90,0,0,6,0,200,15|15|15|15|15|15,4.94|4.94|4.94|4.94|4.94|4.94
270,57.35,90,0,0,6,0,200,15|15|15|15|15|15,4.94|4.94|4.94|4.94|4.94|4.94
273,57.35,90,0,0,6,0,200,15|15|15|15|15|15,4.94|4.94|4.94|4.94|4.94|4.94
275,57.35,90,0,0,6,0,200,15|15|15|15|15|15,4.94|4.94|4.94|4.94|4.94|4.94
278,57.22,90,0,0,6,0,199,15|15|15|15|15|15,4.94|4.94|4.94|4.94|4.94|4.94
281,50.58,90,0,0,6,0,147,15|15|15|15|15|15,4.94|4.94|4.94|4.94|4.94|4.94
283,47.25,90,0,0,6,0,121,15|15|15|15|15|15,4.94|4.94|4.94|4.94|4.94|4.94
285,46.23,90,0,0,6,0,113,15|15|15|15|15|15,4.94|4.94|4.94|4.94|4.94|4.94
288,45.21,90,0,0,6,0,105,15|15|15|15|15|15,4.94|4.94|4.94|4.94|4.94|4.94
290,44.70,90,0,0,6,0,101,15|15|15|15|15|15,4.94|4.94|4.94|4.94|4.94|4.94
293,44.57,90,0,0,6,0,100,15|15|15|15|15|15,4.94|4.94|4.94|4.94|4.94|4.94
295,44.57,90,0,0,6,0,100,15|15|15|15|15|15,4.94|4.94|4.94|4.94|4.94|4.94
297,44.57,90,0,0,6,0,100,15|15|15|15|15|15,4.94|4.94|4.94|4.94|4.94|4.94
300,44.57,90,0,0,6,0,100,15|15|15|15|15|15,4.94|4.94|4.94|4.94|4.94|4.94
302,44.57,90,0,0,6,0,100,15|15|15|15|15|15,4.94|4.94|4.94|4.94|4.94|4.94
305,44.57,90,0,0,6,0,100,15|15|15|15|15|15,4.94|4.94|4.94|4.94|4.94|4.94
307,44.57,90,0,0,6,0,100,15|15|15|15|15|15,4.94|4.94|4.94|4.94|4.94|4.94
310,44.57,90,0,0,6,0,100,15|15|15|15|15|15,4.94|4.94|4.94|4.94|4.94|4.94
312,44.57,90,0,0,6,0,100,15|15|15|15|15|15,4.94|4.94|4.94|4.94|4.94|4.94
315,44.57,90,0,0,6,0,100,15|15|15|15|15|15,4.94|4.94|4.94|4.94|4.94|4.94
317,44.57,90,0,0,6,0,100,15|15|15|15|15|15,4.94|4.94|4.94|4.94|4.94|4.94
319,44.57,90,0,0,6,0,100,15|15|15|15|15|15,4.94|4.94|4.94|4.94|4.94|4.94
322,44.57,90,0,0,6,0,100,15|15|15|15|15|15,4.94|4.94|4.94|4.94|4.94|4.94
324,44.57,90,0,0,6,0,100,15|15|15|15|15|15,4.94|4.94|4.94|4.94|4.94|4.94
327,44.57,90,0,0,6,0,100,15|15|15|15|15|15,4.94|4.94|4.94|4.94|4.94|4.94
329,44.57,90,0,0,6,0,100,15|15|15|15|15|15,4.94|4.94|4.94|4.94|4.94|4.94
332,44.57,90,0,0,6,0,100,15|15|15|15|15|15,4.94|4.94|4.94|4.94|4.94|4.94
334,44.57,90,0,0,6,0,100,15|15|15|15|15|15,4.94|4.94|4.94|4.94|4.94|4.94
336,44.57,90,0,0,6,0,100,15|15|15|15|15|15,4.94|4.94|4.94|4.94|4.94|4.94
339,44.57,90,0,0,6,0,100,15|15|15|15|15|15,4.94|4.94|4.94|4.94|4.94|4.94
341,44.57,90,0,0,6,0,100,15|15|15|15|15|15,4.94|4.94|4.94|4.94|4.94|4.94
344,44.57,90,0,0,6,0,100,15|15|15|15|15|15,4.94|4.94|4.94|4.94|4.94|4.94
346,44.57,90,0,0,6,0,100,15|15|15|15|15|15,4.94|4.94|4.94|4.94|4.94|4.94
349,44.57,90,0,0,6,0,100,15|15|15|15|15|15,4.94|4.94|4.94|4.94|4.94|4.94
351,44.57,90,0,0,6,0,100,15|15|15|15|15|15,4.94|4.94|4.94|4.94|4.94|4.94
354,44.57,90,0,0,6,0,100,15|15|15|15|15|15,4.94|4.94|4.94|4.94|4.94|4.94
356,44.57,90,0,0,6,0,100,15|15|15|15|15|15,4.94|4.94|4.94|4.94|4.94|4.94
358,44.57,90,0,0,6,0,100,15|15|15|15|15|15,4.94|4.94|4.94|4.94|4.94|4.94
361,44.57,90,0,0,6,0,100,15|15|15|15|15|15,4.94|4.94|4.94|4.94|4.94|4.94
363,44.57,90,0,0,6,0,100,15|15|15|15|15|15,4.94|4.94|4.94|4.94|4.94|4.94
365,44.57,90,0,0,6,0,100,15|15|15|15|15|15,4.94|4.94|4.94|4.94|4.94|4.94
368,44.57,90,0,0,6,0,100,15|15|15|15|15|15,4.94|4.94|4.94|4.94|4.94|4.94
371,53.39,90,0,0,6,0,169,15|15|15|15|15|15,4.94|4.94|4.94|4.94|4.94|4.94
374,57.35,90,0,0,6,0,200,15|15|15|15|15|15,4.94|4.94|4.94|4.94|4.94|4.94
377,57.35,90,0,0,6,0,200,15|15|15|15|15|15,4.94|4.94|4.94|4.94|4.94|4.94
380,57.35,90,0,0,6,0,200,15|15|15|15|15|15,4.94|4.94|4.94|4.94|4.94|4.94
382,57.35,90,0,0,6,0,200,15|15|15|15|15|15,4.94|4.94|4.94|4.94|4.94|4.94
386,57.35,90,0,0,6,0,200,15|15|15|15|15|15,4.94|4.94|4.94|4.94|4.94|4.94
388,57.35,90,0,0,6,0,200,15|15|15|15|15|15,4.94|4.94|4.94|4.94|4.94|4.94
391,57.35,90,0,0,6,0,200,15|15|15|15|15|15,4.94|4.94|4.94|4.94|4.94|4.94
394,57.35,90,0,0,6,0,200,15|15|15|15|15|15,4.94|4.94|4.94|4.94|4.94|4.94
397,57.35,90,0,0,6,0,200,15|15|15|15|15|15,4.94|4.94|4.94|4.94|4.94|4.94
399,57.35,90,0,0,6,0,200,15|15|15|15|15|15,4.94|4.94|4.94|4.94|4.94|4.94
402,57.35,90,0,0,6,0,200,15|15|15|15|15|15,4.94|4.94|4.94|4.94|4.94|4.94
405,57.35,90,0,0,6,0,200,15|15|15|15|15|15,4.94|4.94|4.94|4.94|4.94|4.94
407,57.35,90,0,0,6,0,200,15|15|15|15|15|15,4.94|4.94|4.94|4.94|4.94|4.94
410,57.35,90,0,0,6,0,200,15|15|15|15|15|15,4.94|4.94|4.94|4.94|4.94|4.94
413,57.35,90,0,0,6,0,200,15|15|15|15|15|15,4.94|4.94|4.94|4.94|4.94|4.94
416,57.35,90,0,0,6,0,200,15|15|15|15|15|15,4.94|4.94|4.94|4.94|4.94|4.94
418,57.35,90,0,0,6,0,200,15|15|15|15|15|15,4.94|4.94|4.94|4.94|4.94|4.94
421,57.35,90,0,0,6,0,200,15|15|15|15|15|15,4.94|4.94|4.94|4.94|4.94|4.94
424,57.35,90,0,0,6,0,200,15|15|15|15|15|15,4.94|4.94|4.94|4.94|4.94|4.94
427,57.35,90,0,0,6,0,200,15|15|15|15|15|15,4.94|4.94|4.94|4.94|4.94|4.94
429,57.35,90,0,0,6,0,200,15|15|15|15|15|15,4.94|4.94|4.94|4.94|4.94|4.94
432,57.35,90,0,0,6,0,200,15|15|15|15|15|15,4.94|4.94|4.94|4.94|4.94|4.94
435,57.35,90,0,0,6,0,200,15|15|15|15|15|15,4.94|4.94|4.94|4.94|4.94|4.94
438,57.35,90,0,0,6,0,200,15|15|15|15|15|15,4.94|4.94|4.94|4.94|4.94|4.94
440,57.35,90,0,0,6,0,200,15|15|15|15|15|15,4.94|4.94|4.94|4.94|4.94|4.94
443,57.35,90,0,0,6,0,200,15|15|15|15|15|15,4.94|4.94|4.94|4.94|4.94|4.94
446,57.35,90,0,0,6,0,200,15|15|15|15|15|15,4.94|4.94|4.94|4.94|4.94|4.94
449,57.35,90,0,0,6,0,200,15|15|15|15|15|15,4.94|4.94|4.94|4.94|4.94|4.94
451,57.35,90,0,0,6,0,200,15|15|15|15|15|15,4.94|4.94|4.94|4.94|4.94|4.94
454,57.35,90,0,0,6,0,200,15|15|15|15|15|15,4.94|4.94|4.94|4.94|4.94|4.94
457,57.35,90,0,0,6,0,200,15|15|15|15|15|15,4.94|4.94|4.94|4.94|4.94|4.94
460,57.35,90,0,0,6,0,200,15|15|15|15|15|15,4.94|4.94|4.94|4.94|4.94|4.94
463,65.78,90,0,0,6,0,266,15|15|15|15|15|15,4.94|4.94|4.94|4.94|4.94|4.94
466,70.12,90,0,0,6,0,300,15|15|15|15|15|15,4.94|4.94|4.94|4.94|4.94|4.94
469,70.12,90,0,0,6,0,300,15|15|15|15|15|15,4.94|4.94|4.94|4.94|4.94|4.94
472,70.12,90,0,0,6,0,300,15|15|15|15|15|15,4.94|4.94|4.94|4.94|4.94|4.94
475,70.12,90,0,0,6,0,300,15|15|15|15|15|15,4.94|4.94|4.94|4.94|4.94|4.94
478,70.12,90,0,0,6,0,300,15|15|15|15|15|15,4.94|4.94|4.94|4.94|4.94|4.94
482,70.12,90,0,0,6,0,300,15|15|15|15|15|15,4.94|4.94|4.94|4.94|4.94|4.94
485,70.12,90,0,0,6,0,300,15|15|15|15|15|15,4.94|4.94|4.94|4.94|4.94|4.94
488,70.12,90,0,0,6,0,300,15|15|15|15|15|15,4.94|4.94|4.94|4.94|4.94|4.94
491,70.12,90,0,0,6,0,300,15|15|15|15|15|15,4.94|4.94|4.94|4.94|4.94|4.94
494,70.12,90,0,0,6,0,300,15|15|15|15|15|15,4.94|4.94|4.94|4.94|4.94|4.94
497,70.12,90,0,0,6,0,300,15|15|15|15|15|15,4.94|4.94|4.94|4.94|4.94|4.94
500,70.12,90,0,0,6,0,300,15|15|15|15|15|15,4.94|4.94|4.94|4.94|4.94|4.94
503,70.12,90,0,0,6,0,300,15|15|15|15|15|15,4.94|4.94|4.94|4.94|4.94|4.94
506,70.12,90,0,0,6,0,300,15|15|15|15|15|15,4.94|4.94|4.94|4.94|4.94|4.94
510,70.12,90,0,0,6,0,300,15|15|15|15|15|15,4.94|4.94|4.94|4.94|4.94|4.94
513,70.12,90,0,0,6,0,300,15|15|15|15|15|15,4.94|4.94|4.94|4.94|4.94|4.94
516,70.12,90,0,0,6,0,300,15|15|15|15|15|15,4.94|4.94|4.94|4.94|4.94|4.94
519,70.12,90,0,0,6,0,300,15|15|15|15|15|15,4.94|4.94|4.94|4.94|4.94|4.94
522,70.12,90,0,0,6,0,300,15|15|15|15|15|15,4.94|4.94|4.94|4.94|4.94|4.94
525,70.12,90,0,0,6,0,300,15|15|15|15|15|15,4.94|4.94|4.94|4.94|4.94|4.94
528,70.12,90,0,0,6,0,300,15|15|15|15|15|15,4.94|4.94|4.94|4.94|4.94|4.94
531,70.12,90,0,0,6,0,300,15|15|15|15|15|15,4.94|4.94|4.94|4.94|4.94|4.94
534,70.12,90,0,0,6,0,300,15|15|15|15|15|15,4.94|4.94|4.94|4.94|4.94|4.94
538,70.12,90,0,0,6,0,300,15|15|15|15|15|15,4.94|4.94|4.94|4.94|4.94|4.94
541,70.12,90,0,0,6,0,300,15|15|15|15|15|15,4.94|4.94|4.94|4.94|4.94|4.94
544,70.12,90,0,0,6,0,300,15|15|15|15|15|15,4.94|4.94|4.94|4.94|4.94|4.94
547,70.12,90,0,0,6,0,300,15|15|15|15|15|15,4.94|4.94|4.94|4.94|4.94|4.94
550,70.12,90,0,0,6,0,300,15|15|15|15|15|15,4.94|4.94|4.94|4.94|4.94|4.94
553,76.38,90,0,0,6,0,349,15|15|15|15|15|15,4.94|4.94|4.94|4.94|4.94|4.94
557,82.90,90,0,0,6,0,400,15|15|15|15|15|15,4.94|4.94|4.94|4.94|4.94|4.94
560,82.90,90,0,0,6,0,400,15|15|15|15|15|15,4.94|4.94|4.94|4.94|4.94|4.94
564,82.90,90,0,0,6,0,400,15|15|15|15|15|15,4.94|4.94|4.94|4.94|4.94|4.94
567,82.90,90,0,0,6,0,400,15|15|15|15|15|15,4.94|4.94|4.94|4.94|4.94|4.94
571,82.90,90,0,0,6,0,400,15|15|15|15|15|15,4.94|4.94|4.94|4.94|4.94|4.94
574,82.90,90,0,0,6,0,400,15|15|15|15|15|15,4.94|4.94|4.94|4.94|4.94|4.94
578,82.90,90,0,0,6,0,400,15|15|15|15|15|15,4.94|4.94|4.94|4.94|4.94|4.94
581,82.90,90,0,0,6,0,400,15|15|15|15|15|15,4.94|4.94|4.94|4.94|4.94|4.94
585,82.90,90,0,0,6,0,400,15|15|15|15|15|15,4.94|4.94|4.94|4.94|4.94|4.94
588,82.90,90,0,0,6,0,400,15|15|15|15|15|15,4.94|4.94|4.94|4.94|4.94|4.94
592,82.90,90,0,0,6,0,400,15|15|15|15|15|15,4.94|4.94|4.94|4.94|4.94|4.94
595,82.90,90,0,0,6,0,400,15|15|15|15|15|15,4.94|4.94|4.94|4.94|4.94|4.94
598,82.90,90,0,0,6,0,400,15|15|15|15|15|15,4.94|4.94|4.94|4.94|4.94|4.94
602,82.90,90,0,0,6,0,400,15|15|15|15|15|15,4.94|4.94|4.94|4.94|4.94|4.94
605,82.90,90,0,0,6,0,400,15|15|15|15|15|15,4.94|4.94|4.94|4.94|4.94|4.94
609,82.90,90,0,0,6,0,400,15|15|15|15|15|15,4.94|4.94|4.94|4.94|4.94|4.94
612,82.90,90,0,0,6,0,400,15|15|15|15|15|15,4.94|4.94|4.94|4.94|4.94|4.94
616,82.90,90,0,0,6,0,400,15|15|15|15|15|15,4.94|4.94|4.94|4.94|4.94|4.94
619,82.90,90,0,0,6,0,400,15|15|15|15|15|15,4.94|4.94|4.94|4.94|4.94|4.94
623,82.90,90,0,0,6,0,400,15|15|15|15|15|15,4.94|4.94|4.94|4.94|4.94|4.94
626,82.90,90,0,0,6,0,400,15|15|15|15|15|15,4.94|4.94|4.94|4.94|4.94|4.94
630,82.90,90,0,0,6,0,400,15|15|15|15|15|15,4.94|4.94|4.94|4.94|4.94|4.94
633,82.90,90,0,0,6,0,400,15|15|15|15|15|15,4.94|4.94|4.94|4.94|4.94|4.94
638,82.90,90,0,0,6,0,400,15|15|15|15|15|15,4.94|4.94|4.94|4.94|4.94|4.94
641,82.90,90,0,0,6,0,400,15|15|15|15|15|15,4.94|4.94|4.94|4.94|4.94|4.94
645,82.90,90,0,0,6,0,400,15|15|15|15|15|15,4.94|4.94|4.94|4.94|4.94|4.94
648,82.90,90,0,0,6,0,400,15|15|15|15|15|15,4.94|4.94|4.94|4.94|4.94|4.94
652,82.90,90,0,0,6,0,400,15|15|15|15|15|15,4.94|4.94|4.94|4.94|4.94|4.94
655,82.90,90,0,0,6,0,400,15|15|15|15|15|15,4.94|4.94|4.94|4.94|4.94|4.94
659,82.90,90,0,0,6,0,400,15|15|15|15|15|15,4.94|4.94|4.94|4.94|4.94|4.94
662,82.90,90,0,0,6,0,400,15|15|15|15|15|15,4.94|4.94|4.94|4.94|4.94|4.94
666,82.90,90,0,0,6,0,400,15|15|15|15|15|15,4.94|4.94|4.94|4.94|4.94|4.94
669,82.90,90,0,0,6,0,400,15|15|15|15|15|15,4.94|4.94|4.94|4.94|4.94|4.94
673,82.90,90,0,0,6,0,400,15|15|15|15|15|15,4.94|4.94|4.94|4.94|4.94|4.94
676,82.90,90,0,0,6,0,400,15|15|15|15|15|15,4.94|4.94|4.94|4.94|4.94|4.94
680,82.90,90,0,0,6,0,400,15|15|15|15|15|15,4.94|4.94|4.94|4.94|4.94|4.94
683,82.90,90,0,0,6,0,400,15|15|15|15|15|15,4.94|4.94|4.94|4.94|4.94|4.94
687,82.90,90,0,0,6,0,400,15|15|15|15|15|15,4.94|4.94|4.94|4.94|4.94|4.94
690,75.62,90,0,0,6,0,343,15|15|15|15|15|15,4.94|4.94|4.94|4.94|4.94|4.94
694,67.57,90,0,0,6,0,280,15|15|15|15|15|15,4.94|4.94|4.94|4.94|4.94|4.94
697,58.75,90,0,0,6,0,211,15|15|15|15|15|15,4.94|4.94|4.94|4.94|4.94|4.94
699,50.58,90,0,0,6,0,147,15|15|15|15|15|15,4.94|4.94|4.94|4.94|4.94|4.94
702,43.93,90,0,0,6,0,95,15|15|15|15|15|15,4.94|4.94|4.94|4.94|4.94|4.94
704,36.56,80,0,0,6,0,54,5|15|15|15|15|15,2.81|4.94|4.94|4.94|4.94|4.94
706,26.85,65,0,0,5,1,11,0|5|15|15|15|15,0.72|2.81|4.94|4.94|4.94|4.94
708,22.17,55,0,0,4,2,5,0|0|10|15|15|15,0.17|0.51|3.88|4.94|4.94|4.94
710,18.80,45,0,0,3,2,1,0|0|0|15|15|15,0.17|0.51|1.02|4.94|4.94|4.94
712,14.72,30,0,0,2,3,1,0|0|0|0|15|15,0.17|0.51|0.68|1.19|4.94|4.94
713,9.52,15,0,0,1,3,0,0|0|0|0|0|15,0.00|0.17|0.51|0.51|1.24|4.94
715,7.43,11,0,0,1,3,0,0|0|0|0|0|11,0.00|0.17|0.51|0.51|0.00|4.09
716,3.73,0,0,0,0,3,0,0|0|0|0|0|0,0.00|0.00|0.17|0.51|0.00|0.89
717,3.00,0,0,0,0,2,0,0|0|0|0|0|0,0.00|0.00|0.17|0.34|0.00|0.34
718,2.49,0,0,0,0,2,0,0|0|0|0|0|0,0.00|0.00|0.00|0.17|0.00|0.17
720,2.32,0,0,0,0,1,0,0|0|0|0|0|0,0.00|0.00|0.00|0.00|0.00|0.17
721,2.32,0,0,0,0,1,0,0|0|0|0|0|0,0.00|0.00|0.00|0.00|0.00|0.17
722,2.32,0,0,0,0,1,0,0|0|0|0|0|0,0.00|0.00|0.00|0.00|0.00|0.17
723,2.15,0,0,0,0,0,0,0|0|0|0|0|0,0.00|0.00|0.00|0.00|0.00|0.00
