0,2.15,0,20,0,0,0,0,0|0|0|0|0|0|0|0|0|0|0|0|0|0|0|0|0|0|0|0,0.00|0.00|0.00|0.00|0.00|0.00|0.00|0.00|0.00|0.00|0.00|0.00|0.00|0.00|0.00|0.00|0.00|0.00|0.00|0.00
2,2.15,0,20,0,0,0,0,0|0|0|0|0|0|0|0|0|0|0|0|0|0|0|0|0|0|0|0,0.00|0.00|0.00|0.00|0.00|0.00|0.00|0.00|0.00|0.00|0.00|0.00|0.00|0.00|0.00|0.00|0.00|0.00|0.00|0.00
5,6.41,12,19,0,1,0,0,12|0|0|0|0|0|0|0|0|0|0|0|0|0|0|0|0|0|0|0,4.26|0.00|0.00|0.00|0.00|0.00|0.00|0.00|0.00|0.00|0.00|0.00|0.00|0.00|0.00|0.00|0.00|0.00|0.00|0.00
9,16.42,59,19,0,1,0,0,59|0|0|0|0|0|0|0|0|0|0|0|0|0|0|0|0|0|0|0,14.27|0.00|0.00|0.00|0.00|0.00|0.00|0.00|0.00|0.00|0.00|0.00|0.00|0.00|0.00|0.00|0.00|0.00|0.00|0.00
13,16.67,60,19,0,1,0,0,60|0|0|0|0|0|0|0|0|0|0|0|0|0|0|0|0|0|0|0,14.52|0.00|0.00|0.00|0.00|0.00|0.00|0.00|0.00|0.00|0.00|0.00|0.00|0.00|0.00|0.00|0.00|0.00|0.00|0.00
17,17.53,60,18,1,1,0,0,60|0|0|0|0|0|0|0|0|0|0|0|0|0|0|0|0|0|0|0,14.52|0.85|0.00|0.00|0.00|0.00|0.00|0.00|0.00|0.00|0.00|0.00|0.00|0.00|0.00|0.00|0.00|0.00|0.00|0.00
21,30.52,117,18,0,2,0,0,60|57|0|0|0|0|0|0|0|0|0|0|0|0|0|0|0|0|0|0,14.52|13.84|0.00|0.00|0.00|0.00|0.00|0.00|0.00|0.00|0.00|0.00|0.00|0.00|0.00|0.00|0.00|0.00|0.00|0.00
26,31.20,120,18,0,2,0,0,60|60|0|0|0|0|0|0|0|0|0|0|0|0|0|0|0|0|0|0,14.52|14.52|0.00|0.00|0.00|0.00|0.00|0.00|0.00|0.00|0.00|0.00|0.00|0.00|0.00|0.00|0.00|0.00|0.00|0.00
30,35.67,133,17,0,3,0,0,60|60|13|0|0|0|0|0|0|0|0|0|0|0|0|0|0|0|0|0,14.52|14.52|4.47|0.00|0.00|0.00|0.00|0.00|0.00|0.00|0.00|0.00|0.00|0.00|0.00|0.00|0.00|0.00|0.00|0.00
34,45.72,180,17,0,3,0,0,60|60|60|0|0|0|0|0|0|0|0|0|0|0|0|0|0|0|0|0,14.52|14.52|14.52|0.00|0.00|0.00|0.00|0.00|0.00|0.00|0.00|0.00|0.00|0.00|0.00|0.00|0.00|0.00|0.00|0.00
40,45.72,180,17,0,3,0,0,60|60|60|0|0|0|0|0|0|0|0|0|0|0|0|0|0|0|0|0,14.52|14.52|14.52|0.00|0.00|0.00|0.00|0.00|0.00|0.00|0.00|0.00|0.00|0.00|0.00|0.00|0.00|0.00|0.00|0.00
45,58.33,231,16,0,4,0,0,60|60|60|51|0|0|0|0|0|0|0|0|0|0|0|0|0|0|0|0,14.52|14.52|14.52|12.61|0.00|0.00|0.00|0.00|0.00|0.00|0.00|0.00|0.00|0.00|0.00|0.00|0.00|0.00|0.00|0.00
50,60.24,240,16,0,4,0,0,60|60|60|60|0|0|0|0|0|0|0|0|0|0|0|0|0|0|0|0,14.52|14.52|14.52|14.52|0.00|0.00|0.00|0.00|0.00|0.00|0.00|0.00|0.00|0.00|0.00|0.00|0.00|0.00|0.00|0.00
54,60.24,240,15,1,4,0,0,60|60|60|60|0|0|0|0|0|0|0|0|0|0|0|0|0|0|0|0,14.52|14.52|14.52|14.52|0.00|0.00|0.00|0.00|0.00|0.00|0.00|0.00|0.00|0.00|0.00|0.00|0.00|0.00|0.00|0.00
59,74.34,298,15,0,5,0,0,60|60|60|60|58|0|0|0|0|0|0|0|0|0|0|0|0|0|0|0,14.52|14.52|14.52|14.52|14.10|0.00|0.00|0.00|0.00|0.00|0.00|0.00|0.00|0.00|0.00|0.00|0.00|0.00|0.00|0.00
65,74.77,300,15,0,5,0,0,60|60|60|60|60|0|0|0|0|0|0|0|0|0|0|0|0|0|0|0,14.52|14.52|14.52|14.52|14.52|0.00|0.00|0.00|0.00|0.00|0.00|0.00|0.00|0.00|0.00|0.00|0.00|0.00|0.00|0.00
71,86.31,346,14,0,6,0,0,60|60|60|60|60|46|0|0|0|0|0|0|0|0|0|0|0|0|0|0,14.52|14.52|14.52|14.52|14.52|11.54|0.00|0.00|0.00|0.00|0.00|0.00|0.00|0.00|0.00|0.00|0.00|0.00|0.00|0.00
77,86.52,347,14,0,6,0,0,60|60|60|60|60|47|0|0|0|0|0|0|0|0|0|0|0|0|0|0,14.52|14.52|14.52|14.52|14.52|11.75|0.00|0.00|0.00|0.00|0.00|0.00|0.00|0.00|0.00|0.00|0.00|0.00|0.00|0.00
85,88.10,347,13,1,6,0,0,60|60|60|60|60|47|0|0|0|0|0|0|0|0|0|0|0|0|0|0,14.52|14.52|14.52|14.52|14.52|11.75|1.58|0.00|0.00|0.00|0.00|0.00|0.00|0.00|0.00|0.00|0.00|0.00|0.00|0.00
93,88.10,347,12,2,6,0,0,60|60|60|60|60|47|0|0|0|0|0|0|0|0|0|0|0|0|0|0,14.52|14.52|14.52|14.52|14.52|11.75|1.58|0.00|0.00|0.00|0.00|0.00|0.00|0.00|0.00|0.00|0.00|0.00|0.00|0.00
101,88.14,347,12,2,6,0,0,60|60|60|60|60|47|0|0|0|0|0|0|0|0|0|0|0|0|0|0,14.52|14.52|14.52|14.52|14.52|11.75|1.58|0.04|0.00|0.00|0.00|0.00|0.00|0.00|0.00|0.00|0.00|0.00|0.00|0.00
107,88.18,347,11,3,6,0,0,60|60|60|60|60|47|0|0|0|0|0|0|0|0|0|0|0|0|0|0,14.52|14.52|14.52|14.52|14.52|11.75|1.58|0.04|0.04|0.00|0.00|0.00|0.00|0.00|0.00|0.00|0.00|0.00|0.00|0.00
115,88.18,347,10,4,6,0,0,60|60|60|60|60|47|0|0|0|0|0|0|0|0|0|0|0|0|0|0,14.52|14.52|14.52|14.52|14.52|11.75|1.58|0.04|0.04|0.00|0.00|0.00|0.00|0.00|0.00|0.00|0.00|0.00|0.00|0.00
124,88.22,347,10,4,6,0,0,60|60|60|60|60|47|0|0|0|0|0|0|0|0|0|0|0|0|0|0,14.52|14.52|14.52|14.52|14.52|11.75|1.58|0.04|0.04|0.04|0.00|0.00|0.00|0.00|0.00|0.00|0.00|0.00|0.00|0.00
131,88.27,347,9,5,6,0,0,60|60|60|60|60|47|0|0|0|0|0|0|0|0|0|0|0|0|0|0,14.52|14.52|14.52|14.52|14.52|11.75|1.58|0.04|0.04|0.04|0.04|0.00|0.00|0.00|0.00|0.00|0.00|0.00|0.00|0.00
139,88.27,347,9,5,6,0,0,60|60|60|60|60|47|0|0|0|0|0|0|0|0|0|0|0|0|0|0,14.52|14.52|14.52|14.52|14.52|11.75|1.58|0.04|0.04|0.04|0.04|0.00|0.00|0.00|0.00|0.00|0.00|0.00|0.00|0.00
146,88.31,347,8,6,6,0,0,60|60|60|60|60|47|0|0|0|0|0|0|0|0|0|0|0|0|0|0,14.52|14.52|14.52|14.52|14.52|11.75|1.58|0.04|0.04|0.04|0.04|0.04|0.00|0.00|0.00|0.00|0.00|0.00|0.00|0.00
154,88.31,347,7,7,6,0,0,60|60|60|60|60|47|0|0|0|0|0|0|0|0|0|0|0|0|0|0,14.52|14.52|14.52|14.52|14.52|11.75|1.58|0.04|0.04|0.04|0.04|0.04|0.00|0.00|0.00|0.00|0.00|0.00|0.00|0.00
164,88.35,347,7,7,6,0,0,60|60|60|60|60|47|0|0|0|0|0|0|0|0|0|0|0|0|0|0,14.52|14.52|14.52|14.52|14.52|11.75|1.58|0.04|0.04|0.04|0.04|0.04|0.04|0.00|0.00|0.00|0.00|0.00|0.00|0.00
171,88.39,347,6,8,6,0,0,60|60|60|60|60|47|0|0|0|0|0|0|0|0|0|0|0|0|0|0,14.52|14.52|14.52|14.52|14.52|11.75|1.58|0.04|0.04|0.04|0.04|0.04|0.04|0.04|0.00|0.00|0.00|0.00|0.00|0.00
179,88.39,347,5,9,6,0,0,60|60|60|60|60|47|0|0|0|0|0|0|0|0|0|0|0|0|0|0,14.52|14.52|14.52|14.52|14.52|11.75|1.58|0.04|0.04|0.04|0.04|0.04|0.04|0.04|0.00|0.00|0.00|0.00|0.00|0.00
188,88.44,347,5,9,6,0,0,60|60|60|60|60|47|0|0|0|0|0|0|0|0|0|0|0|0|0|0,14.52|14.52|14.52|14.52|14.52|11.75|1.58|0.04|0.04|0.04|0.04|0.04|0.04|0.04|0.04|0.00|0.00|0.00|0.00|0.00
198,88.48,347,4,10,6,0,0,60|60|60|60|60|47|0|0|0|0|0|0|0|0|0|0|0|0|0|0,14.52|14.52|14.52|14.52|14.52|11.75|1.58|0.04|0.04|0.04|0.04|0.04|0.04|0.04|0.04|0.04|0.00|0.00|0.00|0.00
207,88.48,347,3,11,6,0,0,60|60|60|60|60|47|0|0|0|0|0|0|0|0|0|0|0|0|0|0,14.52|14.52|14.52|14.52|14.52|11.75|1.58|0.04|0.04|0.04|0.04|0.04|0.04|0.04|0.04|0.04|0.00|0.00|0.00|0.00
217,88.52,347,2,12,6,0,0,60|60|60|60|60|47|0|0|0|0|0|0|0|0|0|0|0|0|0|0,14.52|14.52|14.52|14.52|14.52|11.75|1.58|0.04|0.04|0.04|0.04|0.04|0.04|0.04|0.04|0.04|0.04|0.00|0.00|0.00
230,88.57,347,1,13,6,0,0,60|60|60|60|60|47|0|0|0|0|0|0|0|0|0|0|0|0|0|0,14.52|14.52|14.52|14.52|14.52|11.75|1.58|0.04|0.04|0.04|0.04|0.04|0.04|0.04|0.04|0.04|0.04|0.04|0.00|0.00
239,88.61,347,1,13,6,0,0,60|60|60|60|60|47|0|0|0|0|0|0|0|0|0|0|0|0|0|0,14.52|14.52|14.52|14.52|14.52|11.75|1.58|0.04|0.04|0.04|0.04|0.04|0.04|0.04|0.04|0.04|0.04|0.04|0.04|0.00
252,88.65,347,0,14,6,0,0,60|60|60|60|60|47|0|0|0|0|0|0|0|0|0|0|0|0|0|0,14.52|14.52|14.52|14.52|14.52|11.75|1.58|0.04|0.04|0.04|0.04|0.04|0.04|0.04|0.04|0.04|0.04|0.04|0.04|0.04
266,88.65,347,0,14,6,0,0,60|60|60|60|60|47|0|0|0|0|0|0|0|0|0|0|0|0|0|0,14.52|14.52|14.52|14.52|14.52|11.75|1.58|0.04|0.04|0.04|0.04|0.04|0.04|0.04|0.04|0.04|0.04|0.04|0.04|0.04
276,88.65,347,0,14,6,0,0,60|60|60|60|60|47|0|0|0|0|0|0|0|0|0|0|0|0|0|0,14.52|14.52|14.52|14.52|14.52|11.75|1.58|0.04|0.04|0.04|0.04|0.04|0.04|0.04|0.04|0.04|0.04|0.04|0.04|0.04
288,88.65,347,0,14,6,0,0,60|60|60|60|60|47|0|0|0|0|0|0|0|0|0|0|0|0|0|0,14.52|14.52|14.52|14.52|14.52|11.75|1.58|0.04|0.04|0.04|0.04|0.04|0.04|0.04|0.04|0.04|0.04|0.04|0.04|0.04
299,88.65,347,0,14,6,0,0,60|60|60|60|60|47|0|0|0|0|0|0|0|0|0|0|0|0|0|0,14.52|14.52|14.52|14.52|14.52|11.75|1.58|0.04|0.04|0.04|0.04|0.04|0.04|0.04|0.04|0.04|0.04|0.04|0.04|0.04
311,88.65,347,0,14,6,0,0,60|60|60|60|60|47|0|0|0|0|0|0|0|0|0|0|0|0|0|0,14.52|14.52|14.52|14.52|14.52|11.75|1.58|0.04|0.04|0.04|0.04|0.04|0.04|0.04|0.04|0.04|0.04|0.04|0.04|0.04
319,88.65,347,0,14,6,0,0,60|60|60|60|60|47|0|0|0|0|0|0|0|0|0|0|0|0|0|0,14.52|14.52|14.52|14.52|14.52|11.75|1.58|0.04|0.04|0.04|0.04|0.04|0.04|0.04|0.04|0.04|0.04|0.04|0.04|0.04
330,88.65,347,0,14,6,0,0,60|60|60|60|60|47|0|0|0|0|0|0|0|0|0|0|0|0|0|0,14.52|14.52|14.52|14.52|14.52|11.75|1.58|0.04|0.04|0.04|0.04|0.04|0.04|0.04|0.04|0.04|0.04|0.04|0.04|0.04
340,88.65,347,0,14,6,0,0,60|60|60|60|60|47|0|0|0|0|0|0|0|0|0|0|0|0|0|0,14.52|14.52|14.52|14.52|14.52|11.75|1.58|0.04|0.04|0.04|0.04|0.04|0.04|0.04|0.04|0.04|0.04|0.04|0.04|0.04
349,88.65,347,0,14,6,0,0,60|60|60|60|60|47|0|0|0|0|0|0|0|0|0|0|0|0|0|0,14.52|14.52|14.52|14.52|14.52|11.75|1.58|0.04|0.04|0.04|0.04|0.04|0.04|0.04|0.04|0.04|0.04|0.04|0.04|0.04
362,88.65,347,0,14,6,0,0,60|60|60|60|60|47|0|0|0|0|0|0|0|0|0|0|0|0|0|0,14.52|14.52|14.52|14.52|14.52|11.75|1.58|0.04|0.04|0.04|0.04|0.04|0.04|0.04|0.04|0.04|0.04|0.04|0.04|0.04
374,88.65,347,0,14,6,0,0,60|60|60|60|60|47|0|0|0|0|0|0|0|0|0|0|0|0|0|0,14.52|14.52|14.52|14.52|14.52|11.75|1.58|0.04|0.04|0.04|0.04|0.04|0.04|0.04|0.04|0.04|0.04|0.04|0.04|0.04
384,88.65,347,0,14,6,0,0,60|60|60|60|60|47|0|0|0|0|0|0|0|0|0|0|0|0|0|0,14.52|14.52|14.52|14.52|14.52|11.75|1.58|0.04|0.04|0.04|0.04|0.04|0.04|0.04|0.04|0.04|0.04|0.04|0.04|0.04
396,88.65,347,0,14,6,0,0,60|60|60|60|60|47|0|0|0|0|0|0|0|0|0|0|0|0|0|0,14.52|14.52|14.52|14.52|14.52|11.75|1.58|0.04|0.04|0.04|0.04|0.04|0.04|0.04|0.04|0.04|0.04|0.04|0.04|0.04
410,88.65,347,0,14,6,0,0,60|60|60|60|60|47|0|0|0|0|0|0|0|0|0|0|0|0|0|0,14.52|14.52|14.52|14.52|14.52|11.75|1.58|0.04|0.04|0.04|0.04|0.04|0.04|0.04|0.04|0.04|0.04|0.04|0.04|0.04
421,88.65,347,0,14,6,0,0,60|60|60|60|60|47|0|0|0|0|0|0|0|0|0|0|0|0|0|0,14.52|14.52|14.52|14.52|14.52|11.75|1.58|0.04|0.04|0.04|0.04|0.04|0.04|0.04|0.04|0.04|0.04|0.04|0.04|0.04
433,88.65,347,0,14,6,0,0,60|60|60|60|60|47|0|0|0|0|0|0|0|0|0|0|0|0|0|0,14.52|14.52|14.52|14.52|14.52|11.75|1.58|0.04|0.04|0.04|0.04|0.04|0.04|0.04|0.04|0.04|0.04|0.04|0.04|0.04
444,88.65,347,0,14,6,0,0,60|60|60|60|60|47|0|0|0|0|0|0|0|0|0|0|0|0|0|0,14.52|14.52|14.52|14.52|14.52|11.75|1.58|0.04|0.04|0.04|0.04|0.04|0.04|0.04|0.04|0.04|0.04|0.04|0.04|0.04
456,88.65,347,0,14,6,0,0,60|60|60|60|60|47|0|0|0|0|0|0|0|0|0|0|0|0|0|0,14.52|14.52|14.52|14.52|14.52|11.75|1.58|0.04|0.04|0.04|0.04|0.04|0.04|0.04|0.04|0.04|0.04|0.04|0.04|0.04
466,88.65,347,0,14,6,0,0,60|60|60|60|60|47|0|0|0|0|0|0|0|0|0|0|0|0|0|0,14.52|14.52|14.52|14.52|14.52|11.75|1.58|0.04|0.04|0.04|0.04|0.04|0.04|0.04|0.04|0.04|0.04|0.04|0.04|0.04
476,88.65,347,0,14,6,0,0,60|60|60|60|60|47|0|0|0|0|0|0|0|0|0|0|0|0|0|0,14.52|14.52|14.52|14.52|14.52|11.75|1.58|0.04|0.04|0.04|0.04|0.04|0.04|0.04|0.04|0.04|0.04|0.04|0.04|0.04
487,88.65,347,0,14,6,0,0,60|60|60|60|60|47|0|0|0|0|0|0|0|0|0|0|0|0|0|0,14.52|14.52|14.52|14.52|14.52|11.75|1.58|0.04|0.04|0.04|0.04|0.04|0.04|0.04|0.04|0.04|0.04|0.04|0.04|0.04
501,88.65,347,0,14,6,0,0,60|60|60|60|60|47|0|0|0|0|0|0|0|0|0|0|0|0|0|0,14.52|14.52|14.52|14.52|14.52|11.75|1.58|0.04|0.04|0.04|0.04|0.04|0.04|0.04|0.04|0.04|0.04|0.04|0.04|0.04
510,88.65,347,0,14,6,0,0,60|60|60|60|60|47|0|0|0|0|0|0|0|0|0|0|0|0|0|0,14.52|14.52|14.52|14.52|14.52|11.75|1.58|0.04|0.04|0.04|0.04|0.04|0.04|0.04|0.04|0.04|0.04|0.04|0.04|0.04
520,88.65,347,0,14,6,0,0,60|60|60|60|60|47|0|0|0|0|0|0|0|0|0|0|0|0|0|0,14.52|14.52|14.52|14.52|14.52|11.75|1.58|0.04|0.04|0.04|0.04|0.04|0.04|0.04|0.04|0.04|0.04|0.04|0.04|0.04
531,88.65,347,0,14,6,0,0,60|60|60|60|60|47|0|0|0|0|0|0|0|0|0|0|0|0|0|0,14.52|14.52|14.52|14.52|14.52|11.75|1.58|0.04|0.04|0.04|0.04|0.04|0.04|0.04|0.04|0.04|0.04|0.04|0.04|0.04
543,88.65,347,0,14,6,0,0,60|60|60|60|60|47|0|0|0|0|0|0|0|0|0|0|0|0|0|0,14.52|14.52|14.52|14.52|14.52|11.75|1.58|0.04|0.04|0.04|0.04|0.04|0.04|0.04|0.04|0.04|0.04|0.04|0.04|0.04
553,88.65,347,0,14,6,0,0,60|60|60|60|60|47|0|0|0|0|0|0|0|0|0|0|0|0|0|0,14.52|14.52|14.52|14.52|14.52|11.75|1.58|0.04|0.04|0.04|0.04|0.04|0.04|0.04|0.04|0.04|0.04|0.04|0.04|0.04
564,88.65,347,0,14,6,0,0,60|60|60|60|60|47|0|0|0|0|0|0|0|0|0|0|0|0|0|0,14.52|14.52|14.52|14.52|14.52|11.75|1.58|0.04|0.04|0.04|0.04|0.04|0.04|0.04|0.04|0.04|0.04|0.04|0.04|0.04
576,88.65,347,0,10,6,0,0,60|60|60|60|60|47|0|0|0|0|0|0|0|0|0|0|0|0|0|0,14.52|14.52|14.52|14.52|14.52|11.75|1.58|0.04|0.04|0.04|0.04|0.04|0.04|0.04|0.04|0.04|0.04|0.04|0.04|0.04
584,76.55,291,0,6,6,0,0,4|60|60|60|60|47|0|0|0|0|0|0|0|0|0|0|0|0|0|0,2.43|14.52|14.52|14.52|14.52|11.75|1.58|0.04|0.04|0.04|0.04|0.04|0.04|0.04|0.04|0.04|0.04|0.04|0.04|0.04
592,42.95,149,0,2,4,3,0,0|0|0|18|60|47|0|0|0|0|0|0|0|0|0|0|0|0|0|24,0.34|0.00|0.17|5.58|14.52|11.75|1.58|0.04|0.04|0.04|0.04|0.04|0.04|0.04|0.04|0.04|0.04|0.04|0.04|6.35
598,24.51,79,0,1,2,4,0,0|0|0|0|0|0|0|0|0|0|0|0|0|0|0|0|0|0|22|57,0.00|0.00|0.00|0.17|0.00|0.17|0.89|0.04|0.04|0.04|0.04|0.04|0.04|0.04|0.04|0.04|0.04|1.41|5.92|13.37
603,24.04,82,0,1,2,2,0,0|0|0|0|0|0|0|0|0|0|0|0|0|0|0|0|0|0|22|60,0.00|0.00|0.00|0.00|0.00|0.00|0.17|0.00|0.04|0.04|0.04|0.04|0.04|0.04|0.04|0.04|0.04|1.41|5.92|14.01
607,23.96,82,0,1,2,0,0,0|0|0|0|0|0|0|0|0|0|0|0|0|0|0|0|0|0|22|60,0.00|0.00|0.00|0.00|0.00|0.00|0.17|0.00|0.00|0.00|0.04|0.04|0.04|0.04|0.04|0.04|0.04|1.41|5.92|14.01
612,23.70,82,0,1,2,0,0,0|0|0|0|0|0|0|0|0|0|0|0|0|0|0|0|0|0|22|60,0.00|0.00|0.00|0.00|0.00|0.00|0.00|0.00|0.00|0.00|0.00|0.00|0.04|0.04|0.04|0.04|0.04|1.41|5.92|14.01
615,23.66,82,0,1,2,0,0,0|0|0|0|0|0|0|0|0|0|0|0|0|0|0|0|0|0|22|60,0.00|0.00|0.00|0.00|0.00|0.00|0.00|0.00|0.00|0.00|0.00|0.00|0.00|0.04|0.04|0.04|0.04|1.41|5.92|14.01
619,23.62,82,0,1,2,0,0,0|0|0|0|0|0|0|0|0|0|0|0|0|0|0|0|0|0|22|60,0.00|0.00|0.00|0.00|0.00|0.00|0.00|0.00|0.00|0.00|0.00|0.00|0.00|0.04|0.00|0.04|0.04|1.41|5.92|14.01
623,23.53,82,0,1,2,0,0,0|0|0|0|0|0|0|0|0|0|0|0|0|0|0|0|0|0|22|60,0.00|0.00|0.00|0.00|0.00|0.00|0.00|0.00|0.00|0.00|0.00|0.00|0.00|0.00|0.00|0.00|0.04|1.41|5.92|14.01
627,23.32,82,0,1,2,0,0,0|0|0|0|0|0|0|0|0|0|0|0|0|0|0|0|0|0|22|60,0.00|0.00|0.00|0.00|0.00|0.00|0.00|0.00|0.00|0.00|0.00|0.00|0.00|0.00|0.00|0.00|0.04|1.19|5.92|14.01
630,16.21,56,0,0,2,0,0,0|0|0|0|0|0|0|0|0|0|0|0|0|0|0|0|0|0|7|49,0.00|0.00|0.00|0.00|0.00|0.00|0.00|0.00|0.00|0.00|0.00|0.00|0.00|0.00|0.00|0.00|0.04|0.68|1.66|11.67
633,5.26,8,0,0,2,0,0,0|0|0|0|0|0|0|0|0|0|0|0|0|0|0|0|0|0|7|1,0.00|0.00|0.00|0.00|0.00|0.00|0.00|0.00|0.00|0.00|0.00|0.00|0.00|0.00|0.00|0.00|0.00|0.68|1.66|0.77
636,5.09,8,0,0,2,0,0,0|0|0|0|0|0|0|0|0|0|0|0|0|0|0|0|0|0|7|1,0.00|0.00|0.00|0.00|0.00|0.00|0.00|0.00|0.00|0.00|0.00|0.00|0.00|0.00|0.00|0.00|0.00|0.68|1.49|0.77
640,4.88,8,0,0,2,0,0,0|0|0|0|0|0|0|0|0|0|0|0|0|0|0|0|0|0|7|1,0.00|0.00|0.00|0.00|0.00|0.00|0.00|0.00|0.00|0.00|0.00|0.00|0.00|0.00|0.00|0.00|0.00|0.68|1.49|0.55
643,4.54,8,0,0,2,0,0,0|0|0|0|0|0|0|0|0|0|0|0|0|0|0|0|0|0|7|1,0.00|0.00|0.00|0.00|0.00|0.00|0.00|0.00|0.00|0.00|0.00|0.00|0.00|0.00|0.00|0.00|0.00|0.68|1.49|0.21
646,4.54,8,0,0,2,0,0,0|0|0|0|0|0|0|0|0|0|0|0|0|0|0|0|0|0|7|1,0.00|0.00|0.00|0.00|0.00|0.00|0.00|0.00|0.00|0.00|0.00|0.00|0.00|0.00|0.00|0.00|0.00|0.68|1.49|0.21
648,4.54,8,0,0,2,0,0,0|0|0|0|0|0|0|0|0|0|0|0|0|0|0|0|0|0|7|1,0.00|0.00|0.00|0.00|0.00|0.00|0.00|0.00|0.00|0.00|0.00|0.00|0.00|0.00|0.00|0.00|0.00|0.68|1.49|0.21
651,4.54,8,0,0,2,0,0,0|0|0|0|0|0|0|0|0|0|0|0|0|0|0|0|0|0|7|1,0.00|0.00|0.00|0.00|0.00|0.00|0.00|0.00|0.00|0.00|0.00|0.00|0.00|0.00|0.00|0.00|0.00|0.68|1.49|0.21
653,4.54,8,0,0,2,0,0,0|0|0|0|0|0|0|0|0|0|0|0|0|0|0|0|0|0|7|1,0.00|0.00|0.00|0.00|0.00|0.00|0.00|0.00|0.00|0.00|0.00|0.00|0.00|0.00|0.00|0.00|0.00|0.68|1.49|0.21
656,4.54,8,0,0,2,0,0,0|0|0|0|0|0|0|0|0|0|0|0|0|0|0|0|0|0|7|1,0.00|0.00|0.00|0.00|0.00|0.00|0.00|0.00|0.00|0.00|0.00|0.00|0.00|0.00|0.00|0.00|0.00|0.68|1.49|0.21
659,4.54,8,0,0,2,0,0,0|0|0|0|0|0|0|0|0|0|0|0|0|0|0|0|0|0|7|1,0.00|0.00|0.00|0.00|0.00|0.00|0.00|0.00|0.00|0.00|0.00|0.00|0.00|0.00|0.00|0.00|0.00|0.68|1.49|0.21
662,4.54,8,0,0,2,0,0,0|0|0|0|0|0|0|0|0|0|0|0|0|0|0|0|0|0|7|1,0.00|0.00|0.00|0.00|0.00|0.00|0.00|0.00|0.00|0.00|0.00|0.00|0.00|0.00|0.00|0.00|0.00|0.68|1.49|0.21
666,4.54,8,0,0,2,0,0,0|0|0|0|0|0|0|0|0|0|0|0|0|0|0|0|0|0|7|1,0.00|0.00|0.00|0.00|0.00|0.00|0.00|0.00|0.00|0.00|0.00|0.00|0.00|0.00|0.00|0.00|0.00|0.68|1.49|0.21
671,4.54,8,0,0,2,0,0,0|0|0|0|0|0|0|0|0|0|0|0|0|0|0|0|0|0|7|1,0.00|0.00|0.00|0.00|0.00|0.00|0.00|0.00|0.00|0.00|0.00|0.00|0.00|0.00|0.00|0.00|0.00|0.68|1.49|0.21
674,4.54,8,0,0,2,0,0,0|0|0|0|0|0|0|0|0|0|0|0|0|0|0|0|0|0|7|1,0.00|0.00|0.00|0.00|0.00|0.00|0.00|0.00|0.00|0.00|0.00|0.00|0.00|0.00|0.00|0.00|0.00|0.68|1.49|0.21
677,4.54,8,0,0,2,0,0,0|0|0|0|0|0|0|0|0|0|0|0|0|0|0|0|0|0|7|1,0.00|0.00|0.00|0.00|0.00|0.00|0.00|0.00|0.00|0.00|0.00|0.00|0.00|0.00|0.00|0.00|0.00|0.68|1.49|0.21
680,4.54,8,0,0,2,0,0,0|0|0|0|0|0|0|0|0|0|0|0|0|0|0|0|0|0|7|1,0.00|0.00|0.00|0.00|0.00|0.00|0.00|0.00|0.00|0.00|0.00|0.00|0.00|0.00|0.00|0.00|0.00|0.68|1.49|0.21
683,4.54,8,0,0,2,0,0,0|0|0|0|0|0|0|0|0|0|0|0|0|0|0|0|0|0|7|1,0.00|0.00|0.00|0.00|0.00|0.00|0.00|0.00|0.00|0.00|0.00|0.00|0.00|0.00|0.00|0.00|0.00|0.68|1.49|0.21
685,4.54,8,0,0,2,0,0,0|0|0|0|0|0|0|0|0|0|0|0|0|0|0|0|0|0|7|1,0.00|0.00|0.00|0.00|0.00|0.00|0.00|0.00|0.00|0.00|0.00|0.00|0.00|0.00|0.00|0.00|0.00|0.68|1.49|0.21
688,4.54,8,0,0,2,0,0,0|0|0|0|0|0|0|0|0|0|0|0|0|0|0|0|0|0|7|1,0.00|0.00|0.00|0.00|0.00|0.00|0.00|0.00|0.00|0.00|0.00|0.00|0.00|0.00|0.00|0.00|0.00|0.68|1.49|0.21
690,4.54,8,0,0,2,0,0,0|0|0|0|0|0|0|0|0|0|0|0|0|0|0|0|0|0|7|1,0.00|0.00|0.00|0.00|0.00|0.00|0.00|0.00|0.00|0.00|0.00|0.00|0.00|0.00|0.00|0.00|0.00|0.68|1.49|0.21
694,3.98,7,0,0,2,0,0,0|0|0|0|0|0|0|0|0|0|0|0|0|0|0|0|0|0|6|1,0.00|0.00|0.00|0.00|0.00|0.00|0.00|0.00|0.00|0.00|0.00|0.00|0.00|0.00|0.00|0.00|0.00|0.34|1.28|0.21
697,3.98,7,0,0,2,0,0,0|0|0|0|0|0|0|0|0|0|0|0|0|0|0|0|0|0|6|1,0.00|0.00|0.00|0.00|0.00|0.00|0.00|0.00|0.00|0.00|0.00|0.00|0.00|0.00|0.00|0.00|0.00|0.34|1.28|0.21
701,3.77,6,0,0,2,0,0,0|0|0|0|0|0|0|0|0|0|0|0|0|0|0|0|0|0|5|1,0.00|0.00|0.00|0.00|0.00|0.00|0.00|0.00|0.00|0.00|0.00|0.00|0.00|0.00|0.00|0.00|0.00|0.34|1.06|0.21
704,3.77,6,0,0,2,0,0,0|0|0|0|0|0|0|0|0|0|0|0|0|0|0|0|0|0|5|1,0.00|0.00|0.00|0.00|0.00|0.00|0.00|0.00|0.00|0.00|0.00|0.00|0.00|0.00|0.00|0.00|0.00|0.34|1.06|0.21
707,3.34,4,0,0,2,0,0,0|0|0|0|0|0|0|0|0|0|0|0|0|0|0|0|0|0|3|1,0.00|0.00|0.00|0.00|0.00|0.00|0.00|0.00|0.00|0.00|0.00|0.00|0.00|0.00|0.00|0.00|0.00|0.34|0.64|0.21
710,3.13,3,0,0,2,0,0,0|0|0|0|0|0|0|0|0|0|0|0|0|0|0|0|0|0|2|1,0.00|0.00|0.00|0.00|0.00|0.00|0.00|0.00|0.00|0.00|0.00|0.00|0.00|0.00|0.00|0.00|0.00|0.34|0.43|0.21
713,2.53,1,0,0,1,1,0,0|0|0|0|0|0|0|0|0|0|0|0|0|0|0|0|0|0|0|1,0.00|0.00|0.00|0.00|0.00|0.00|0.00|0.00|0.00|0.00|0.00|0.00|0.00|0.00|0.00|0.00|0.00|0.17|0.00|0.21
716,2.36,1,0,0,1,0,0,0|0|0|0|0|0|0|0|0|0|0|0|0|0|0|0|0|0|0|1,0.00|0.00|0.00|0.00|0.00|0.00|0.00|0.00|0.00|0.00|0.00|0.00|0.00|0.00|0.00|0.00|0.00|0.00|0.00|0.21
719,2.15,0,0,0,0,0,0,0|0|0|0|0|0|0|0|0|0|0|0|0|0|0|0|0|0|0|0,0.00|0.00|0.00|0.00|0.00|0.00|0.00|0.00|0.00|0.00|0.00|0.00|0.00|0.00|0.00|0.00|0.00|0.00|0.00|0.00
