0,2.15,0,20,0,0,0,0,0|0|0|0|0|0|0|0|0|0|0|0|0|0|0|0|0|0|0|0,0.00|0.00|0.00|0.00|0.00|0.00|0.00|0.00|0.00|0.00|0.00|0.00|0.00|0.00|0.00|0.00|0.00|0.00|0.00|0.00
2,2.15,0,20,0,0,0,0,0|0|0|0|0|0|0|0|0|0|0|0|0|0|0|0|0|0|0|0,0.00|0.00|0.00|0.00|0.00|0.00|0.00|0.00|0.00|0.00|0.00|0.00|0.00|0.00|0.00|0.00|0.00|0.00|0.00|0.00
3,2.15,0,20,0,0,0,0,0|0|0|0|0|0|0|0|0|0|0|0|0|0|0|0|0|0|0|0,0.00|0.00|0.00|0.00|0.00|0.00|0.00|0.00|0.00|0.00|0.00|0.00|0.00|0.00|0.00|0.00|0.00|0.00|0.00|0.00
4,2.15,0,19,1,0,0,0,0|0|0|0|0|0|0|0|0|0|0|0|0|0|0|0|0|0|0|0,0.00|0.00|0.00|0.00|0.00|0.00|0.00|0.00|0.00|0.00|0.00|0.00|0.00|0.00|0.00|0.00|0.00|0.00|0.00|0.00
6,3.90,1,19,0,1,0,0,1|0|0|0|0|0|0|0|0|0|0|0|0|0|0|0|0|0|0|0,1.75|0.00|0.00|0.00|0.00|0.00|0.00|0.00|0.00|0.00|0.00|0.00|0.00|0.00|0.00|0.00|0.00|0.00|0.00|0.00
8,11.56,36,19,0,1,0,0,36|0|0|0|0|0|0|0|0|0|0|0|0|0|0|0|0|0|0|0,9.41|0.00|0.00|0.00|0.00|0.00|0.00|0.00|0.00|0.00|0.00|0.00|0.00|0.00|0.00|0.00|0.00|0.00|0.00|0.00
9,16.46,59,18,1,1,0,0,59|0|0|0|0|0|0|0|0|0|0|0|0|0|0|0|0|0|0|0,14.31|0.00|0.00|0.00|0.00|0.00|0.00|0.00|0.00|0.00|0.00|0.00|0.00|0.00|0.00|0.00|0.00|0.00|0.00|0.00
11,19.66,66,18,0,2,0,0,60|6|0|0|0|0|0|0|0|0|0|0|0|0|0|0|0|0|0|0,14.52|2.98|0.00|0.00|0.00|0.00|0.00|0.00|0.00|0.00|0.00|0.00|0.00|0.00|0.00|0.00|0.00|0.00|0.00|0.00
13,28.85,109,18,0,2,0,0,60|49|0|0|0|0|0|0|0|0|0|0|0|0|0|0|0|0|0|0,14.52|12.18|0.00|0.00|0.00|0.00|0.00|0.00|0.00|0.00|0.00|0.00|0.00|0.00|0.00|0.00|0.00|0.00|0.00|0.00
16,31.71,120,17,1,2,0,0,60|60|0|0|0|0|0|0|0|0|0|0|0|0|0|0|0|0|0|0,14.52|14.52|0.51|0.00|0.00|0.00|0.00|0.00|0.00|0.00|0.00|0.00|0.00|0.00|0.00|0.00|0.00|0.00|0.00|0.00
18,38.05,144,17,0,3,0,0,60|60|24|0|0|0|0|0|0|0|0|0|0|0|0|0|0|0|0|0,14.52|14.52|6.86|0.00|0.00|0.00|0.00|0.00|0.00|0.00|0.00|0.00|0.00|0.00|0.00|0.00|0.00|0.00|0.00|0.00
21,45.72,180,16,1,3,0,0,60|60|60|0|0|0|0|0|0|0|0|0|0|0|0|0|0|0|0|0,14.52|14.52|14.52|0.00|0.00|0.00|0.00|0.00|0.00|0.00|0.00|0.00|0.00|0.00|0.00|0.00|0.00|0.00|0.00|0.00
23,52.32,203,16,0,4,0,0,60|60|60|23|0|0|0|0|0|0|0|0|0|0|0|0|0|0|0|0,14.52|14.52|14.52|6.60|0.00|0.00|0.00|0.00|0.00|0.00|0.00|0.00|0.00|0.00|0.00|0.00|0.00|0.00|0.00|0.00
26,60.41,240,15,1,4,0,0,60|60|60|60|0|0|0|0|0|0|0|0|0|0|0|0|0|0|0|0,14.52|14.52|14.52|14.52|0.17|0.00|0.00|0.00|0.00|0.00|0.00|0.00|0.00|0.00|0.00|0.00|0.00|0.00|0.00|0.00
29,69.87,277,15,0,5,0,0,60|60|60|60|37|0|0|0|0|0|0|0|0|0|0|0|0|0|0|0,14.52|14.52|14.52|14.52|9.63|0.00|0.00|0.00|0.00|0.00|0.00|0.00|0.00|0.00|0.00|0.00|0.00|0.00|0.00|0.00
33,78.39,309,14,0,6,0,0,60|60|60|60|60|9|0|0|0|0|0|0|0|0|0|0|0|0|0|0,14.52|14.52|14.52|14.52|14.52|3.62|0.00|0.00|0.00|0.00|0.00|0.00|0.00|0.00|0.00|0.00|0.00|0.00|0.00|0.00
36,85.88,344,13,1,6,0,0,60|60|60|60|60|44|0|0|0|0|0|0|0|0|0|0|0|0|0|0,14.52|14.52|14.52|14.52|14.52|11.12|0.00|0.00|0.00|0.00|0.00|0.00|0.00|0.00|0.00|0.00|0.00|0.00|0.00|0.00
40,87.63,344,13,1,6,0,0,60|60|60|60|60|44|0|0|0|0|0|0|0|0|0|0|0|0|0|0,14.52|14.52|14.52|14.52|14.52|11.12|1.75|0.00|0.00|0.00|0.00|0.00|0.00|0.00|0.00|0.00|0.00|0.00|0.00|0.00
44,88.01,344,12,2,6,0,0,60|60|60|60|60|44|0|0|0|0|0|0|0|0|0|0|0|0|0|0,14.52|14.52|14.52|14.52|14.52|11.12|1.75|0.38|0.00|0.00|0.00|0.00|0.00|0.00|0.00|0.00|0.00|0.00|0.00|0.00
49,88.01,344,11,3,6,0,0,60|60|60|60|60|44|0|0|0|0|0|0|0|0|0|0|0|0|0|0,14.52|14.52|14.52|14.52|14.52|11.12|1.75|0.38|0.00|0.00|0.00|0.00|0.00|0.00|0.00|0.00|0.00|0.00|0.00|0.00
53,88.05,344,11,3,6,0,0,60|60|60|60|60|44|0|0|0|0|0|0|0|0|0|0|0|0|0|0,14.52|14.52|14.52|14.52|14.52|11.12|1.75|0.38|0.04|0.00|0.00|0.00|0.00|0.00|0.00|0.00|0.00|0.00|0.00|0.00
57,88.05,344,10,4,6,0,0,60|60|60|60|60|44|0|0|0|0|0|0|0|0|0|0|0|0|0|0,14.52|14.52|14.52|14.52|14.52|11.12|1.75|0.38|0.04|0.00|0.00|0.00|0.00|0.00|0.00|0.00|0.00|0.00|0.00|0.00
62,88.10,344,9,5,6,0,0,60|60|60|60|60|44|0|0|0|0|0|0|0|0|0|0|0|0|0|0,14.52|14.52|14.52|14.52|14.52|11.12|1.75|0.38|0.04|0.04|0.00|0.00|0.00|0.00|0.00|0.00|0.00|0.00|0.00|0.00
67,88.14,344,9,5,6,0,0,60|60|60|60|60|44|0|0|0|0|0|0|0|0|0|0|0|0|0|0,14.52|14.52|14.52|14.52|14.52|11.12|1.75|0.38|0.04|0.04|0.04|0.00|0.00|0.00|0.00|0.00|0.00|0.00|0.00|0.00
72,88.14,344,9,5,6,0,0,60|60|60|60|60|44|0|0|0|0|0|0|0|0|0|0|0|0|0|0,14.52|14.52|14.52|14.52|14.52|11.12|1.75|0.38|0.04|0.04|0.04|0.00|0.00|0.00|0.00|0.00|0.00|0.00|0.00|0.00
77,88.18,344,8,6,6,0,0,60|60|60|60|60|44|0|0|0|0|0|0|0|0|0|0|0|0|0|0,14.52|14.52|14.52|14.52|14.52|11.12|1.75|0.38|0.04|0.04|0.04|0.04|0.00|0.00|0.00|0.00|0.00|0.00|0.00|0.00
82,88.18,344,7,7,6,0,0,60|60|60|60|60|44|0|0|0|0|0|0|0|0|0|0|0|0|0|0,14.52|14.52|14.52|14.52|14.52|11.12|1.75|0.38|0.04|0.04|0.04|0.04|0.00|0.00|0.00|0.00|0.00|0.00|0.00|0.00
88,88.22,344,7,7,6,0,0,60|60|60|60|60|44|0|0|0|0|0|0|0|0|0|0|0|0|0|0,14.52|14.52|14.52|14.52|14.52|11.12|1.75|0.38|0.04|0.04|0.04|0.04|0.04|0.00|0.00|0.00|0.00|0.00|0.00|0.00
94,88.27,344,6,8,6,0,0,60|60|60|60|60|44|0|0|0|0|0|0|0|0|0|0|0|0|0|0,14.52|14.52|14.52|14.52|14.52|11.12|1.75|0.38|0.04|0.04|0.04|0.04|0.04|0.04|0.00|0.00|0.00|0.00|0.00|0.00
100,88.27,344,5,9,6,0,0,60|60|60|60|60|44|0|0|0|0|0|0|0|0|0|0|0|0|0|0,14.52|14.52|14.52|14.52|14.52|11.12|1.75|0.38|0.04|0.04|0.04|0.04|0.04|0.04|0.00|0.00|0.00|0.00|0.00|0.00
106,88.31,344,4,10,6,0,0,60|60|60|60|60|44|0|0|0|0|0|0|0|0|0|0|0|0|0|0,14.52|14.52|14.52|14.52|14.52|11.12|1.75|0.38|0.04|0.04|0.04|0.04|0.04|0.04|0.04|0.00|0.00|0.00|0.00|0.00
113,88.35,344,3,11,6,0,0,60|60|60|60|60|44|0|0|0|0|0|0|0|0|0|0|0|0|0|0,14.52|14.52|14.52|14.52|14.52|11.12|1.75|0.38|0.04|0.04|0.04|0.04|0.04|0.04|0.04|0.04|0.00|0.00|0.00|0.00
119,88.39,344,1,13,6,0,0,60|60|60|60|60|44|0|0|0|0|0|0|0|0|0|0|0|0|0|0,14.52|14.52|14.52|14.52|14.52|11.12|1.75|0.38|0.04|0.04|0.04|0.04|0.04|0.04|0.04|0.04|0.04|0.00|0.00|0.00
126,88.44,344,0,14,6,0,0,60|60|60|60|60|44|0|0|0|0|0|0|0|0|0|0|0|0|0|0,14.52|14.52|14.52|14.52|14.52|11.12|1.75|0.38|0.04|0.04|0.04|0.04|0.04|0.04|0.04|0.04|0.04|0.04|0.00|0.00
134,88.44,344,0,14,6,0,0,60|60|60|60|60|44|0|0|0|0|0|0|0|0|0|0|0|0|0|0,14.52|14.52|14.52|14.52|14.52|11.12|1.75|0.38|0.04|0.04|0.04|0.04|0.04|0.04|0.04|0.04|0.04|0.04|0.00|0.00
142,88.48,344,0,14,6,0,0,60|60|60|60|60|44|0|0|0|0|0|0|0|0|0|0|0|0|0|0,14.52|14.52|14.52|14.52|14.52|11.12|1.75|0.38|0.04|0.04|0.04|0.04|0.04|0.04|0.04|0.04|0.04|0.04|0.04|0.00
150,88.52,344,0,14,6,0,0,60|60|60|60|60|44|0|0|0|0|0|0|0|0|0|0|0|0|0|0,14.52|14.52|14.52|14.52|14.52|11.12|1.75|0.38|0.04|0.04|0.04|0.04|0.04|0.04|0.04|0.04|0.04|0.04|0.04|0.04
157,88.52,344,0,14,6,0,0,60|60|60|60|60|44|0|0|0|0|0|0|0|0|0|0|0|0|0|0,14.52|14.52|14.52|14.52|14.52|11.12|1.75|0.38|0.04|0.04|0.04|0.04|0.04|0.04|0.04|0.04|0.04|0.04|0.04|0.04
165,88.52,344,0,14,6,0,0,60|60|60|60|60|44|0|0|0|0|0|0|0|0|0|0|0|0|0|0,14.52|14.52|14.52|14.52|14.52|11.12|1.75|0.38|0.04|0.04|0.04|0.04|0.04|0.04|0.04|0.04|0.04|0.04|0.04|0.04
173,88.52,344,0,14,6,0,0,60|60|60|60|60|44|0|0|0|0|0|0|0|0|0|0|0|0|0|0,14.52|14.52|14.52|14.52|14.52|11.12|1.75|0.38|0.04|0.04|0.04|0.04|0.04|0.04|0.04|0.04|0.04|0.04|0.04|0.04
181,88.52,344,0,14,6,0,0,60|60|60|60|60|44|0|0|0|0|0|0|0|0|0|0|0|0|0|0,14.52|14.52|14.52|14.52|14.52|11.12|1.75|0.38|0.04|0.04|0.04|0.04|0.04|0.04|0.04|0.04|0.04|0.04|0.04|0.04
188,88.52,344,0,14,6,0,0,60|60|60|60|60|44|0|0|0|0|0|0|0|0|0|0|0|0|0|0,14.52|14.52|14.52|14.52|14.52|11.12|1.75|0.38|0.04|0.04|0.04|0.04|0.04|0.04|0.04|0.04|0.04|0.04|0.04|0.04
196,88.52,344,0,14,6,0,0,60|60|60|60|60|44|0|0|0|0|0|0|0|0|0|0|0|0|0|0,14.52|14.52|14.52|14.52|14.52|11.12|1.75|0.38|0.04|0.04|0.04|0.04|0.04|0.04|0.04|0.04|0.04|0.04|0.04|0.04
204,88.52,344,0,14,6,0,0,60|60|60|60|60|44|0|0|0|0|0|0|0|0|0|0|0|0|0|0,14.52|14.52|14.52|14.52|14.52|11.12|1.75|0.38|0.04|0.04|0.04|0.04|0.04|0.04|0.04|0.04|0.04|0.04|0.04|0.04
211,88.52,344,0,14,6,0,0,60|60|60|60|60|44|0|0|0|0|0|0|0|0|0|0|0|0|0|0,14.52|14.52|14.52|14.52|14.52|11.12|1.75|0.38|0.04|0.04|0.04|0.04|0.04|0.04|0.04|0.04|0.04|0.04|0.04|0.04
219,88.52,344,0,14,6,0,0,60|60|60|60|60|44|0|0|0|0|0|0|0|0|0|0|0|0|0|0,14.52|14.52|14.52|14.52|14.52|11.12|1.75|0.38|0.04|0.04|0.04|0.04|0.04|0.04|0.04|0.04|0.04|0.04|0.04|0.04
226,88.52,344,0,14,6,0,0,60|60|60|60|60|44|0|0|0|0|0|0|0|0|0|0|0|0|0|0,14.52|14.52|14.52|14.52|14.52|11.12|1.75|0.38|0.04|0.04|0.04|0.04|0.04|0.04|0.04|0.04|0.04|0.04|0.04|0.04
234,88.52,344,0,14,6,0,0,60|60|60|60|60|44|0|0|0|0|0|0|0|0|0|0|0|0|0|0,14.52|14.52|14.52|14.52|14.52|11.12|1.75|0.38|0.04|0.04|0.04|0.04|0.04|0.04|0.04|0.04|0.04|0.04|0.04|0.04
242,88.52,344,0,14,6,0,0,60|60|60|60|60|44|0|0|0|0|0|0|0|0|0|0|0|0|0|0,14.52|14.52|14.52|14.52|14.52|11.12|1.75|0.38|0.04|0.04|0.04|0.04|0.04|0.04|0.04|0.04|0.04|0.04|0.04|0.04
249,88.52,344,0,14,6,0,0,60|60|60|60|60|44|0|0|0|0|0|0|0|0|0|0|0|0|0|0,14.52|14.52|14.52|14.52|14.52|11.12|1.75|0.38|0.04|0.04|0.04|0.04|0.04|0.04|0.04|0.04|0.04|0.04|0.04|0.04
257,88.52,344,0,14,6,0,0,60|60|60|60|60|44|0|0|0|0|0|0|0|0|0|0|0|0|0|0,14.52|14.52|14.52|14.52|14.52|11.12|1.75|0.38|0.04|0.04|0.04|0.04|0.04|0.04|0.04|0.04|0.04|0.04|0.04|0.04
264,88.52,344,0,14,6,0,0,60|60|60|60|60|44|0|0|0|0|0|0|0|0|0|0|0|0|0|0,14.52|14.52|14.52|14.52|14.52|11.12|1.75|0.38|0.04|0.04|0.04|0.04|0.04|0.04|0.04|0.04|0.04|0.04|0.04|0.04
272,88.52,344,0,14,6,0,0,60|60|60|60|60|44|0|0|0|0|0|0|0|0|0|0|0|0|0|0,14.52|14.52|14.52|14.52|14.52|11.12|1.75|0.38|0.04|0.04|0.04|0.04|0.04|0.04|0.04|0.04|0.04|0.04|0.04|0.04
279,88.52,344,0,14,6,0,0,60|60|60|60|60|44|0|0|0|0|0|0|0|0|0|0|0|0|0|0,14.52|14.52|14.52|14.52|14.52|11.12|1.75|0.38|0.04|0.04|0.04|0.04|0.04|0.04|0.04|0.04|0.04|0.04|0.04|0.04
287,88.52,344,0,14,6,0,0,60|60|60|60|60|44|0|0|0|0|0|0|0|0|0|0|0|0|0|0,14.52|14.52|14.52|14.52|14.52|11.12|1.75|0.38|0.04|0.04|0.04|0.04|0.04|0.04|0.04|0.04|0.04|0.04|0.04|0.04
294,88.52,344,0,14,6,0,0,60|60|60|60|60|44|0|0|0|0|0|0|0|0|0|0|0|0|0|0,14.52|14.52|14.52|14.52|14.52|11.12|1.75|0.38|0.04|0.04|0.04|0.04|0.04|0.04|0.04|0.04|0.04|0.04|0.04|0.04
302,88.52,344,0,14,6,0,0,60|60|60|60|60|44|0|0|0|0|0|0|0|0|0|0|0|0|0|0,14.52|14.52|14.52|14.52|14.52|11.12|1.75|0.38|0.04|0.04|0.04|0.04|0.04|0.04|0.04|0.04|0.04|0.04|0.04|0.04
309,88.52,344,0,14,6,0,0,60|60|60|60|60|44|0|0|0|0|0|0|0|0|0|0|0|0|0|0,14.52|14.52|14.52|14.52|14.52|11.12|1.75|0.38|0.04|0.04|0.04|0.04|0.04|0.04|0.04|0.04|0.04|0.04|0.04|0.04
317,88.52,344,0,14,6,0,0,60|60|60|60|60|44|0|0|0|0|0|0|0|0|0|0|0|0|0|0,14.52|14.52|14.52|14.52|14.52|11.12|1.75|0.38|0.04|0.04|0.04|0.04|0.04|0.04|0.04|0.04|0.04|0.04|0.04|0.04
324,88.52,344,0,14,6,0,0,60|60|60|60|60|44|0|0|0|0|0|0|0|0|0|0|0|0|0|0,14.52|14.52|14.52|14.52|14.52|11.12|1.75|0.38|0.04|0.04|0.04|0.04|0.04|0.04|0.04|0.04|0.04|0.04|0.04|0.04
332,88.52,344,0,14,6,0,0,60|60|60|60|60|44|0|0|0|0|0|0|0|0|0|0|0|0|0|0,14.52|14.52|14.52|14.52|14.52|11.12|1.75|0.38|0.04|0.04|0.04|0.04|0.04|0.04|0.04|0.04|0.04|0.04|0.04|0.04
339,88.52,344,0,14,6,0,0,60|60|60|60|60|44|0|0|0|0|0|0|0|0|0|0|0|0|0|0,14.52|14.52|14.52|14.52|14.52|11.12|1.75|0.38|0.04|0.04|0.04|0.04|0.04|0.04|0.04|0.04|0.04|0.04|0.04|0.04
347,88.52,344,0,14,6,0,0,60|60|60|60|60|44|0|0|0|0|0|0|0|0|0|0|0|0|0|0,14.52|14.52|14.52|14.52|14.52|11.12|1.75|0.38|0.04|0.04|0.04|0.04|0.04|0.04|0.04|0.04|0.04|0.04|0.04|0.04
355,88.52,344,0,14,6,0,0,60|60|60|60|60|44|0|0|0|0|0|0|0|0|0|0|0|0|0|0,14.52|14.52|14.52|14.52|14.52|11.12|1.75|0.38|0.04|0.04|0.04|0.04|0.04|0.04|0.04|0.04|0.04|0.04|0.04|0.04
362,88.52,344,0,14,6,0,0,60|60|60|60|60|44|0|0|0|0|0|0|0|0|0|0|0|0|0|0,14.52|14.52|14.52|14.52|14.52|11.12|1.75|0.38|0.04|0.04|0.04|0.04|0.04|0.04|0.04|0.04|0.04|0.04|0.04|0.04
370,88.52,344,0,14,6,0,0,60|60|60|60|60|44|0|0|0|0|0|0|0|0|0|0|0|0|0|0,14.52|14.52|14.52|14.52|14.52|11.12|1.75|0.38|0.04|0.04|0.04|0.04|0.04|0.04|0.04|0.04|0.04|0.04|0.04|0.04
377,88.52,344,0,14,6,0,0,60|60|60|60|60|44|0|0|0|0|0|0|0|0|0|0|0|0|0|0,14.52|14.52|14.52|14.52|14.52|11.12|1.75|0.38|0.04|0.04|0.04|0.04|0.04|0.04|0.04|0.04|0.04|0.04|0.04|0.04
385,88.52,344,0,14,6,0,0,60|60|60|60|60|44|0|0|0|0|0|0|0|0|0|0|0|0|0|0,14.52|14.52|14.52|14.52|14.52|11.12|1.75|0.38|0.04|0.04|0.04|0.04|0.04|0.04|0.04|0.04|0.04|0.04|0.04|0.04
393,88.52,344,0,14,6,0,0,60|60|60|60|60|44|0|0|0|0|0|0|0|0|0|0|0|0|0|0,14.52|14.52|14.52|14.52|14.52|11.12|1.75|0.38|0.04|0.04|0.04|0.04|0.04|0.04|0.04|0.04|0.04|0.04|0.04|0.04
400,88.52,344,0,14,6,0,0,60|60|60|60|60|44|0|0|0|0|0|0|0|0|0|0|0|0|0|0,14.52|14.52|14.52|14.52|14.52|11.12|1.75|0.38|0.04|0.04|0.04|0.04|0.04|0.04|0.04|0.04|0.04|0.04|0.04|0.04
408,88.52,344,0,14,6,0,0,60|60|60|60|60|44|0|0|0|0|0|0|0|0|0|0|0|0|0|0,14.52|14.52|14.52|14.52|14.52|11.12|1.75|0.38|0.04|0.04|0.04|0.04|0.04|0.04|0.04|0.04|0.04|0.04|0.04|0.04
415,88.52,344,0,14,6,0,0,60|60|60|60|60|44|0|0|0|0|0|0|0|0|0|0|0|0|0|0,14.52|14.52|14.52|14.52|14.52|11.12|1.75|0.38|0.04|0.04|0.04|0.04|0.04|0.04|0.04|0.04|0.04|0.04|0.04|0.04
423,88.52,344,0,14,6,0,0,60|60|60|60|60|44|0|0|0|0|0|0|0|0|0|0|0|0|0|0,14.52|14.52|14.52|14.52|14.52|11.12|1.75|0.38|0.04|0.04|0.04|0.04|0.04|0.04|0.04|0.04|0.04|0.04|0.04|0.04
431,88.52,344,0,14,6,0,0,60|60|60|60|60|44|0|0|0|0|0|0|0|0|0|0|0|0|0|0,14.52|14.52|14.52|14.52|14.52|11.12|1.75|0.38|0.04|0.04|0.04|0.04|0.04|0.04|0.04|0.04|0.04|0.04|0.04|0.04
438,88.52,344,0,14,6,0,0,60|60|60|60|60|44|0|0|0|0|0|0|0|0|0|0|0|0|0|0,14.52|14.52|14.52|14.52|14.52|11.12|1.75|0.38|0.04|0.04|0.04|0.04|0.04|0.04|0.04|0.04|0.04|0.04|0.04|0.04
446,88.52,344,0,8,6,0,0,60|60|60|60|60|44|0|0|0|0|0|0|0|0|0|0|0|0|0|0,14.52|14.52|14.52|14.52|14.52|11.12|1.75|0.38|0.04|0.04|0.04|0.04|0.04|0.04|0.04|0.04|0.04|0.04|0.04|0.04
453,88.52,344,0,1,6,0,0,60|60|60|60|60|44|0|0|0|0|0|0|0|0|0|0|0|0|0|0,14.52|14.52|14.52|14.52|14.52|11.12|1.75|0.38|0.04|0.04|0.04|0.04|0.04|0.04|0.04|0.04|0.04|0.04|0.04|0.04
457,88.52,344,0,0,6,0,0,60|60|60|60|60|44|0|0|0|0|0|0|0|0|0|0|0|0|0|0,14.52|14.52|14.52|14.52|14.52|11.12|1.75|0.38|0.04|0.04|0.04|0.04|0.04|0.04|0.04|0.04|0.04|0.04|0.04|0.04
461,88.10,342,0,0,6,0,0,58|60|60|60|60|44|0|0|0|0|0|0|0|0|0|0|0|0|0|0,14.10|14.52|14.52|14.52|14.52|11.12|1.75|0.38|0.04|0.04|0.04|0.04|0.04|0.04|0.04|0.04|0.04|0.04|0.04|0.04
465,60.33,220,0,0,5,1,0,0|2|54|60|60|44|0|0|0|0|0|0|0|0|0|0|0|0|0|0,0.85|1.28|13.25|14.52|14.52|11.12|1.75|0.38|0.04|0.04|0.04|0.04|0.04|0.04|0.04|0.04|0.04|0.04|0.04|0.04
470,18.80,46,0,0,2,4,0,0|0|0|0|2|44|0|0|0|0|0|0|0|0|0|0|0|0|0|0,0.17|0.00|0.17|0.55|2.00|11.12|1.75|0.38|0.04|0.04|0.04|0.04|0.04|0.04|0.04|0.04|0.04|0.04|0.04|0.04
472,6.54,0,0,0,0,6,0,0|0|0|0|0|0|0|0|0|0|0|0|0|0|0|0|0|0|0|0,0.00|0.00|0.00|0.34|0.17|1.24|1.75|0.38|0.04|0.04|0.04|0.04|0.04|0.04|0.04|0.04|0.04|0.04|0.04|0.04
474,3.77,0,0,0,0,4,0,0|0|0|0|0|0|0|0|0|0|0|0|0|0|0|0|0|0|0|0,0.00|0.00|0.00|0.17|0.17|0.21|0.17|0.38|0.04|0.04|0.04|0.04|0.04|0.04|0.04|0.04|0.04|0.04|0.04|0.04
476,3.13,0,0,0,0,4,0,0|0|0|0|0|0|0|0|0|0|0|0|0|0|0|0|0|0|0|0,0.00|0.00|0.00|0.17|0.00|0.17|0.17|0.00|0.00|0.04|0.04|0.04|0.04|0.04|0.04|0.04|0.04|0.04|0.04|0.04
478,2.92,0,0,0,0,3,0,0|0|0|0|0|0|0|0|0|0|0|0|0|0|0|0|0|0|0|0,0.00|0.00|0.00|0.17|0.00|0.00|0.17|0.00|0.00|0.00|0.04|0.04|0.04|0.04|0.04|0.04|0.04|0.04|0.04|0.04
479,2.66,0,0,0,0,2,0,0|0|0|0|0|0|0|0|0|0|0|0|0|0|0|0|0|0|0|0,0.00|0.00|0.00|0.00|0.00|0.00|0.17|0.00|0.00|0.00|0.00|0.00|0.04|0.04|0.04|0.04|0.04|0.04|0.04|0.04
481,2.58,0,0,0,0,1,0,0|0|0|0|0|0|0|0|0|0|0|0|0|0|0|0|0|0|0|0,0.00|0.00|0.00|0.00|0.00|0.00|0.17|0.00|0.00|0.00|0.00|0.00|0.00|0.00|0.04|0.04|0.04|0.04|0.04|0.04
482,2.36,0,0,0,0,0,0,0|0|0|0|0|0|0|0|0|0|0|0|0|0|0|0|0|0|0|0,0.00|0.00|0.00|0.00|0.00|0.00|0.00|0.00|0.00|0.00|0.00|0.00|0.00|0.00|0.00|0.04|0.04|0.04|0.04|0.04
