2,53.26,0,6,0,0,0,400,0|0|0|0|0|0,0.00|0.00|0.00|0.00|0.00|0.00
5,53.26,0,6,0,0,0,400,0|0|0|0|0|0,0.00|0.00|0.00|0.00|0.00|0.00
8,53.26,0,6,0,0,0,400,0|0|0|0|0|0,0.00|0.00|0.00|0.00|0.00|0.00
11,53.26,0,6,0,0,0,400,0|0|0|0|0|0,0.00|0.00|0.00|0.00|0.00|0.00
14,53.26,0,6,0,0,0,400,0|0|0|0|0|0,0.00|0.00|0.00|0.00|0.00|0.00
17,53.26,0,6,0,0,0,400,0|0|0|0|0|0,0.00|0.00|0.00|0.00|0.00|0.00
20,53.26,0,6,0,0,0,400,0|0|0|0|0|0,0.00|0.00|0.00|0.00|0.00|0.00
23,53.26,0,6,0,0,0,400,0|0|0|0|0|0,0.00|0.00|0.00|0.00|0.00|0.00
26,53.26,0,6,0,0,0,400,0|0|0|0|0|0,0.00|0.00|0.00|0.00|0.00|0.00
29,53.26,0,6,0,0,0,400,0|0|0|0|0|0,0.00|0.00|0.00|0.00|0.00|0.00
31,53.26,0,6,0,0,0,400,0|0|0|0|0|0,0.00|0.00|0.00|0.00|0.00|0.00
34,53.26,0,6,0,0,0,400,0|0|0|0|0|0,0.00|0.00|0.00|0.00|0.00|0.00
37,53.26,0,6,0,0,0,400,0|0|0|0|0|0,0.00|0.00|0.00|0.00|0.00|0.00
40,53.26,0,6,0,0,0,400,0|0|0|0|0|0,0.00|0.00|0.00|0.00|0.00|0.00
43,53.26,0,6,0,0,0,400,0|0|0|0|0|0,0.00|0.00|0.00|0.00|0.00|0.00
47,53.26,0,6,0,0,0,400,0|0|0|0|0|0,0.00|0.00|0.00|0.00|0.00|0.00
51,53.26,0,6,0,0,0,400,0|0|0|0|0|0,0.00|0.00|0.00|0.00|0.00|0.00
54,53.26,0,6,0,0,0,400,0|0|0|0|0|0,0.00|0.00|0.00|0.00|0.00|0.00
57,53.26,0,6,0,0,0,400,0|0|0|0|0|0,0.00|0.00|0.00|0.00|0.00|0.00
59,53.26,0,6,0,0,0,400,0|0|0|0|0|0,0.00|0.00|0.00|0.00|0.00|0.00
62,53.26,0,6,0,0,0,400,0|0|0|0|0|0,0.00|0.00|0.00|0.00|0.00|0.00
65,53.26,0,6,0,0,0,400,0|0|0|0|0|0,0.00|0.00|0.00|0.00|0.00|0.00
68,53.26,0,6,0,0,0,400,0|0|0|0|0|0,0.00|0.00|0.00|0.00|0.00|0.00
71,53.26,0,6,0,0,0,400,0|0|0|0|0|0,0.00|0.00|0.00|0.00|0.00|0.00
74,53.26,0,6,0,0,0,400,0|0|0|0|0|0,0.00|0.00|0.00|0.00|0.00|0.00
77,53.26,0,6,0,0,0,400,0|0|0|0|0|0,0.00|0.00|0.00|0.00|0.00|0.00
80,53.26,0,6,0,0,0,400,0|0|0|0|0|0,0.00|0.00|0.00|0.00|0.00|0.00
83,53.26,0,6,0,0,0,400,0|0|0|0|0|0,0.00|0.00|0.00|0.00|0.00|0.00
86,53.26,0,6,0,0,0,400,0|0|0|0|0|0,0.00|0.00|0.00|0.00|0.00|0.00
89,53.26,0,6,0,0,0,400,0|0|0|0|0|0,0.00|0.00|0.00|0.00|0.00|0.00
92,53.26,0,6,0,0,0,400,0|0|0|0|0|0,0.00|0.00|0.00|0.00|0.00|0.00
95,53.26,0,6,0,0,0,400,0|0|0|0|0|0,0.00|0.00|0.00|0.00|0.00|0.00
98,53.26,0,6,0,0,0,400,0|0|0|0|0|0,0.00|0.00|0.00|0.00|0.00|0.00
102,53.26,0,6,0,0,0,400,0|0|0|0|0|0,0.00|0.00|0.00|0.00|0.00|0.00
104,53.26,0,6,0,0,0,400,0|0|0|0|0|0,0.00|0.00|0.00|0.00|0.00|0.00
107,53.26,0,6,0,0,0,400,0|0|0|0|0|0,0.00|0.00|0.00|0.00|0.00|0.00
111,53.26,0,6,0,0,0,400,0|0|0|0|0|0,0.00|0.00|0.00|0.00|0.00|0.00
114,53.26,0,6,0,0,0,400,0|0|0|0|0|0,0.00|0.00|0.00|0.00|0.00|0.00
117,53.26,0,6,0,0,0,400,0|0|0|0|0|0,0.00|0.00|0.00|0.00|0.00|0.00
119,53.26,0,6,0,0,0,400,0|0|0|0|0|0,0.00|0.00|0.00|0.00|0.00|0.00
123,53.26,0,6,0,0,0,400,0|0|0|0|0|0,0.00|0.00|0.00|0.00|0.00|0.00
125,53.26,0,6,0,0,0,400,0|0|0|0|0|0,0.00|0.00|0.00|0.00|0.00|0.00
128,53.26,0,6,0,0,0,400,0|0|0|0|0|0,0.00|0.00|0.00|0.00|0.00|0.00
132,53.26,0,6,0,0,0,400,0|0|0|0|0|0,0.00|0.00|0.00|0.00|0.00|0.00
135,53.26,0,6,0,0,0,400,0|0|0|0|0|0,0.00|0.00|0.00|0.00|0.00|0.00
138,53.26,0,6,0,0,0,400,0|0|0|0|0|0,0.00|0.00|0.00|0.00|0.00|0.00
140,53.26,0,6,0,0,0,400,0|0|0|0|0|0,0.00|0.00|0.00|0.00|0.00|0.00
143,53.26,0,6,0,0,0,400,0|0|0|0|0|0,0.00|0.00|0.00|0.00|0.00|0.00
147,53.26,0,6,0,0,0,400,0|0|0|0|0|0,0.00|0.00|0.00|0.00|0.00|0.00
150,53.26,0,6,0,0,0,400,0|0|0|0|0|0,0.00|0.00|0.00|0.00|0.00|0.00
153,53.26,0,6,0,0,0,400,0|0|0|0|0|0,0.00|0.00|0.00|0.00|0.00|0.00
156,53.26,0,6,0,0,0,400,0|0|0|0|0|0,0.00|0.00|0.00|0.00|0.00|0.00
159,53.26,0,6,0,0,0,400,0|0|0|0|0|0,0.00|0.00|0.00|0.00|0.00|0.00
162,53.26,0,6,0,0,0,400,0|0|0|0|0|0,0.00|0.00|0.00|0.00|0.00|0.00
164,53.26,0,6,0,0,0,400,0|0|0|0|0|0,0.00|0.00|0.00|0.00|0.00|0.00
168,53.26,0,6,0,0,0,400,0|0|0|0|0|0,0.00|0.00|0.00|0.00|0.00|0.00
170,53.26,0,6,0,0,0,400,0|0|0|0|0|0,0.00|0.00|0.00|0.00|0.00|0.00
173,53.26,0,6,0,0,0,400,0|0|0|0|0|0,0.00|0.00|0.00|0.00|0.00|0.00
176,53.26,0,6,0,0,0,400,0|0|0|0|0|0,0.00|0.00|0.00|0.00|0.00|0.00
179,53.26,0,6,0,0,0,400,0|0|0|0|0|0,0.00|0.00|0.00|0.00|0.00|0.00
182,53.26,0,6,0,0,0,400,0|0|0|0|0|0,0.00|0.00|0.00|0.00|0.00|0.00
186,53.26,0,6,0,0,0,400,0|0|0|0|0|0,0.00|0.00|0.00|0.00|0.00|0.00
188,53.26,0,6,0,0,0,400,0|0|0|0|0|0,0.00|0.00|0.00|0.00|0.00|0.00
191,53.26,0,6,0,0,0,400,0|0|0|0|0|0,0.00|0.00|0.00|0.00|0.00|0.00
194,53.26,0,6,0,0,0,400,0|0|0|0|0|0,0.00|0.00|0.00|0.00|0.00|0.00
197,53.26,0,6,0,0,0,400,0|0|0|0|0|0,0.00|0.00|0.00|0.00|0.00|0.00
200,53.26,0,6,0,0,0,400,0|0|0|0|0|0,0.00|0.00|0.00|0.00|0.00|0.00
203,53.26,0,6,0,0,0,400,0|0|0|0|0|0,0.00|0.00|0.00|0.00|0.00|0.00
206,53.26,0,6,0,0,0,400,0|0|0|0|0|0,0.00|0.00|0.00|0.00|0.00|0.00
209,53.26,0,6,0,0,0,400,0|0|0|0|0|0,0.00|0.00|0.00|0.00|0.00|0.00
212,53.26,0,6,0,0,0,400,0|0|0|0|0|0,0.00|0.00|0.00|0.00|0.00|0.00
215,53.26,0,6,0,0,0,400,0|0|0|0|0|0,0.00|0.00|0.00|0.00|0.00|0.00
218,53.26,0,6,0,0,0,400,0|0|0|0|0|0,0.00|0.00|0.00|0.00|0.00|0.00
221,53.26,0,6,0,0,0,400,0|0|0|0|0|0,0.00|0.00|0.00|0.00|0.00|0.00
224,53.26,0,6,0,0,0,400,0|0|0|0|0|0,0.00|0.00|0.00|0.00|0.00|0.00
227,53.26,0,6,0,0,0,400,0|0|0|0|0|0,0.00|0.00|0.00|0.00|0.00|0.00
230,53.26,0,6,0,0,0,400,0|0|0|0|0|0,0.00|0.00|0.00|0.00|0.00|0.00
233,53.26,0,6,0,0,0,400,0|0|0|0|0|0,0.00|0.00|0.00|0.00|0.00|0.00
236,53.26,0,6,0,0,0,400,0|0|0|0|0|0,0.00|0.00|0.00|0.00|0.00|0.00
239,53.26,0,6,0,0,0,400,0|0|0|0|0|0,0.00|0.00|0.00|0.00|0.00|0.00
242,53.26,0,6,0,0,0,400,0|0|0|0|0|0,0.00|0.00|0.00|0.00|0.00|0.00
245,53.26,0,6,0,0,0,400,0|0|0|0|0|0,0.00|0.00|0.00|0.00|0.00|0.00
248,53.26,0,6,0,0,0,400,0|0|0|0|0|0,0.00|0.00|0.00|0.00|0.00|0.00
251,53.26,0,6,0,0,0,400,0|0|0|0|0|0,0.00|0.00|0.00|0.00|0.00|0.00
254,53.26,0,6,0,0,0,400,0|0|0|0|0|0,0.00|0.00|0.00|0.00|0.00|0.00
257,53.26,0,6,0,0,0,400,0|0|0|0|0|0,0.00|0.00|0.00|0.00|0.00|0.00
260,53.26,0,6,0,0,0,400,0|0|0|0|0|0,0.00|0.00|0.00|0.00|0.00|0.00
263,53.26,0,6,0,0,0,400,0|0|0|0|0|0,0.00|0.00|0.00|0.00|0.00|0.00
266,53.26,0,6,0,0,0,400,0|0|0|0|0|0,0.00|0.00|0.00|0.00|0.00|0.00
269,53.26,0,6,0,0,0,400,0|0|0|0|0|0,0.00|0.00|0.00|0.00|0.00|0.00
272,53.26,0,6,0,0,0,400,0|0|0|0|0|0,0.00|0.00|0.00|0.00|0.00|0.00
275,53.26,0,6,0,0,0,400,0|0|0|0|0|0,0.00|0.00|0.00|0.00|0.00|0.00
278,53.26,0,5,1,0,0,400,0|0|0|0|0|0,0.00|0.00|0.00|0.00|0.00|0.00
281,55.35,9,5,0,1,0,400,9|0|0|0|0|0,2.09|0.00|0.00|0.00|0.00|0.00
284,57.05,13,5,0,1,0,400,13|0|0|0|0|0,3.79|0.00|0.00|0.00|0.00|0.00
287,57.86,15,5,0,1,0,400,15|0|0|0|0|0,4.60|0.00|0.00|0.00|0.00|0.00
290,57.86,15,5,0,1,0,400,15|0|0|0|0|0,4.60|0.00|0.00|0.00|0.00|0.00
293,57.86,15,5,0,1,0,400,15|0|0|0|0|0,4.60|0.00|0.00|0.00|0.00|0.00
296,57.86,15,5,0,1,0,400,15|0|0|0|0|0,4.60|0.00|0.00|0.00|0.00|0.00
299,57.86,15,5,0,1,0,400,15|0|0|0|0|0,4.60|0.00|0.00|0.00|0.00|0.00
303,57.86,15,5,0,1,0,400,15|0|0|0|0|0,4.60|0.00|0.00|0.00|0.00|0.00
306,58.03,15,5,0,1,0,400,15|0|0|0|0|0,4.77|0.00|0.00|0.00|0.00|0.00
309,58.03,15,5,0,1,0,400,15|0|0|0|0|0,4.77|0.00|0.00|0.00|0.00|0.00
312,58.03,15,5,0,1,0,400,15|0|0|0|0|0,4.77|0.00|0.00|0.00|0.00|0.00
315,58.03,15,5,0,1,0,400,15|0|0|0|0|0,4.77|0.00|0.00|0.00|0.00|0.00
318,58.03,15,5,0,1,0,400,15|0|0|0|0|0,4.77|0.00|0.00|0.00|0.00|0.00
321,58.03,15,5,0,1,0,400,15|0|0|0|0|0,4.77|0.00|0.00|0.00|0.00|0.00
325,58.03,15,5,0,1,0,400,15|0|0|0|0|0,4.77|0.00|0.00|0.00|0.00|0.00
328,58.03,15,5,0,1,0,400,15|0|0|0|0|0,4.77|0.00|0.00|0.00|0.00|0.00
331,58.03,15,5,0,1,0,400,15|0|0|0|0|0,4.77|0.00|0.00|0.00|0.00|0.00
334,58.03,15,5,0,1,0,400,15|0|0|0|0|0,4.77|0.00|0.00|0.00|0.00|0.00
337,58.03,15,5,0,1,0,400,15|0|0|0|0|0,4.77|0.00|0.00|0.00|0.00|0.00
340,58.03,15,5,0,1,0,400,15|0|0|0|0|0,4.77|0.00|0.00|0.00|0.00|0.00
343,58.03,15,5,0,1,0,400,15|0|0|0|0|0,4.77|0.00|0.00|0.00|0.00|0.00
346,58.03,15,5,0,1,0,400,15|0|0|0|0|0,4.77|0.00|0.00|0.00|0.00|0.00
349,58.03,15,5,0,1,0,400,15|0|0|0|0|0,4.77|0.00|0.00|0.00|0.00|0.00
352,58.03,15,5,0,1,0,400,15|0|0|0|0|0,4.77|0.00|0.00|0.00|0.00|0.00
356,58.20,15,5,0,1,0,400,15|0|0|0|0|0,4.94|0.00|0.00|0.00|0.00|0.00
359,58.20,15,5,0,1,0,400,15|0|0|0|0|0,4.94|0.00|0.00|0.00|0.00|0.00
362,58.20,15,5,0,1,0,400,15|0|0|0|0|0,4.94|0.00|0.00|0.00|0.00|0.00
366,58.20,15,5,0,1,0,400,15|0|0|0|0|0,4.94|0.00|0.00|0.00|0.00|0.00
369,58.20,15,5,0,1,0,400,15|0|0|0|0|0,4.94|0.00|0.00|0.00|0.00|0.00
372,58.20,15,5,0,1,0,400,15|0|0|0|0|0,4.94|0.00|0.00|0.00|0.00|0.00
375,58.20,15,5,0,1,0,400,15|0|0|0|0|0,4.94|0.00|0.00|0.00|0.00|0.00
378,58.20,15,5,0,1,0,400,15|0|0|0|0|0,4.94|0.00|0.00|0.00|0.00|0.00
381,58.20,15,5,0,1,0,400,15|0|0|0|0|0,4.94|0.00|0.00|0.00|0.00|0.00
384,58.20,15,5,0,1,0,400,15|0|0|0|0|0,4.94|0.00|0.00|0.00|0.00|0.00
387,58.20,15,5,0,1,0,400,15|0|0|0|0|0,4.94|0.00|0.00|0.00|0.00|0.00
390,58.20,15,5,0,1,0,400,15|0|0|0|0|0,4.94|0.00|0.00|0.00|0.00|0.00
393,58.20,15,5,0,1,0,400,15|0|0|0|0|0,4.94|0.00|0.00|0.00|0.00|0.00
396,58.20,15,4,1,1,0,400,15|0|0|0|0|0,4.94|0.00|0.00|0.00|0.00|0.00
400,58.20,15,4,1,1,0,400,15|0|0|0|0|0,4.94|0.00|0.00|0.00|0.00|0.00
403,58.62,17,4,0,2,0,400,15|2|0|0|0|0,4.94|0.43|0.00|0.00|0.00|0.00
407,58.80,17,4,0,2,0,400,15|2|0|0|0|0,4.94|0.60|0.00|0.00|0.00|0.00
410,59.99,21,4,0,2,0,400,15|6|0|0|0|0,4.94|1.79|0.00|0.00|0.00|0.00
413,60.16,21,4,0,2,0,400,15|6|0|0|0|0,4.94|1.96|0.00|0.00|0.00|0.00
417,60.97,23,4,0,2,0,400,15|8|0|0|0|0,4.94|2.77|0.00|0.00|0.00|0.00
420,61.14,23,4,0,2,0,400,15|8|0|0|0|0,4.94|2.94|0.00|0.00|0.00|0.00
423,61.35,24,4,0,2,0,400,15|9|0|0|0|0,4.94|3.15|0.00|0.00|0.00|0.00
426,61.56,25,4,0,2,0,400,15|10|0|0|0|0,4.94|3.36|0.00|0.00|0.00|0.00
430,61.56,25,4,0,2,0,400,15|10|0|0|0|0,4.94|3.36|0.00|0.00|0.00|0.00
433,61.95,26,4,0,2,0,400,15|11|0|0|0|0,4.94|3.75|0.00|0.00|0.00|0.00
436,61.95,26,4,0,2,0,400,15|11|0|0|0|0,4.94|3.75|0.00|0.00|0.00|0.00
439,61.95,26,4,0,2,0,400,15|11|0|0|0|0,4.94|3.75|0.00|0.00|0.00|0.00
442,61.95,26,4,0,2,0,400,15|11|0|0|0|0,4.94|3.75|0.00|0.00|0.00|0.00
446,62.16,27,4,0,2,0,400,15|12|0|0|0|0,4.94|3.96|0.00|0.00|0.00|0.00
449,62.16,27,4,0,2,0,400,15|12|0|0|0|0,4.94|3.96|0.00|0.00|0.00|0.00
452,62.16,27,4,0,2,0,400,15|12|0|0|0|0,4.94|3.96|0.00|0.00|0.00|0.00
455,62.16,27,4,0,2,0,400,15|12|0|0|0|0,4.94|3.96|0.00|0.00|0.00|0.00
459,62.16,27,4,0,2,0,400,15|12|0|0|0|0,4.94|3.96|0.00|0.00|0.00|0.00
462,62.16,27,4,0,2,0,400,15|12|0|0|0|0,4.94|3.96|0.00|0.00|0.00|0.00
465,62.37,28,4,0,2,0,400,15|13|0|0|0|0,4.94|4.17|0.00|0.00|0.00|0.00
468,62.76,29,4,0,2,0,400,15|14|0|0|0|0,4.94|4.56|0.00|0.00|0.00|0.00
472,62.76,29,4,0,2,0,400,15|14|0|0|0|0,4.94|4.56|0.00|0.00|0.00|0.00
475,62.76,29,4,0,2,0,400,15|14|0|0|0|0,4.94|4.56|0.00|0.00|0.00|0.00
478,62.76,29,4,0,2,0,400,15|14|0|0|0|0,4.94|4.56|0.00|0.00|0.00|0.00
481,62.76,29,4,0,2,0,400,15|14|0|0|0|0,4.94|4.56|0.00|0.00|0.00|0.00
485,62.76,29,4,0,2,0,400,15|14|0|0|0|0,4.94|4.56|0.00|0.00|0.00|0.00
488,62.76,29,4,0,2,0,400,15|14|0|0|0|0,4.94|4.56|0.00|0.00|0.00|0.00
491,62.76,29,4,0,2,0,400,15|14|0|0|0|0,4.94|4.56|0.00|0.00|0.00|0.00
494,62.76,29,4,0,2,0,400,15|14|0|0|0|0,4.94|4.56|0.00|0.00|0.00|0.00
498,62.76,29,4,0,2,0,400,15|14|0|0|0|0,4.94|4.56|0.00|0.00|0.00|0.00
501,62.76,29,4,0,2,0,400,15|14|0|0|0|0,4.94|4.56|0.00|0.00|0.00|0.00
504,62.76,29,4,0,2,0,400,15|14|0|0|0|0,4.94|4.56|0.00|0.00|0.00|0.00
509,62.76,29,4,0,2,0,400,15|14|0|0|0|0,4.94|4.56|0.00|0.00|0.00|0.00
512,62.76,29,4,0,2,0,400,15|14|0|0|0|0,4.94|4.56|0.00|0.00|0.00|0.00
515,62.93,29,4,0,2,0,400,15|14|0|0|0|0,4.94|4.73|0.00|0.00|0.00|0.00
519,62.93,29,4,0,2,0,400,15|14|0|0|0|0,4.94|4.73|0.00|0.00|0.00|0.00
522,62.93,29,4,0,2,0,400,15|14|0|0|0|0,4.94|4.73|0.00|0.00|0.00|0.00
525,62.93,29,4,0,2,0,400,15|14|0|0|0|0,4.94|4.73|0.00|0.00|0.00|0.00
529,62.93,29,4,0,2,0,400,15|14|0|0|0|0,4.94|4.73|0.00|0.00|0.00|0.00
532,63.14,30,4,0,2,0,400,15|15|0|0|0|0,4.94|4.94|0.00|0.00|0.00|0.00
535,63.14,30,4,0,2,0,400,15|15|0|0|0|0,4.94|4.94|0.00|0.00|0.00|0.00
539,63.14,30,4,0,2,0,400,15|15|0|0|0|0,4.94|4.94|0.00|0.00|0.00|0.00
542,63.14,30,4,0,2,0,400,15|15|0|0|0|0,4.94|4.94|0.00|0.00|0.00|0.00
545,63.14,30,4,0,2,0,400,15|15|0|0|0|0,4.94|4.94|0.00|0.00|0.00|0.00
549,63.14,30,4,0,2,0,400,15|15|0|0|0|0,4.94|4.94|0.00|0.00|0.00|0.00
552,63.14,30,4,0,2,0,400,15|15|0|0|0|0,4.94|4.94|0.00|0.00|0.00|0.00
555,63.14,30,4,0,2,0,400,15|15|0|0|0|0,4.94|4.94|0.00|0.00|0.00|0.00
559,63.14,30,4,0,2,0,400,15|15|0|0|0|0,4.94|4.94|0.00|0.00|0.00|0.00
562,63.14,30,4,0,2,0,400,15|15|0|0|0|0,4.94|4.94|0.00|0.00|0.00|0.00
565,63.14,30,4,0,2,0,400,15|15|0|0|0|0,4.94|4.94|0.00|0.00|0.00|0.00
568,63.14,30,4,0,2,0,400,15|15|0|0|0|0,4.94|4.94|0.00|0.00|0.00|0.00
571,63.14,30,4,0,2,0,400,15|15|0|0|0|0,4.94|4.94|0.00|0.00|0.00|0.00
575,63.14,30,4,0,2,0,400,15|15|0|0|0|0,4.94|4.94|0.00|0.00|0.00|0.00
578,63.14,30,4,0,2,0,400,15|15|0|0|0|0,4.94|4.94|0.00|0.00|0.00|0.00
581,63.14,30,4,0,2,0,400,15|15|0|0|0|0,4.94|4.94|0.00|0.00|0.00|0.00
584,63.14,30,4,0,2,0,400,15|15|0|0|0|0,4.94|4.94|0.00|0.00|0.00|0.00
588,63.14,30,4,0,2,0,400,15|15|0|0|0|0,4.94|4.94|0.00|0.00|0.00|0.00
591,63.14,30,4,0,2,0,400,15|15|0|0|0|0,4.94|4.94|0.00|0.00|0.00|0.00
595,63.14,30,4,0,2,0,400,15|15|0|0|0|0,4.94|4.94|0.00|0.00|0.00|0.00
598,63.14,30,4,0,2,0,400,15|15|0|0|0|0,4.94|4.94|0.00|0.00|0.00|0.00
601,63.14,30,4,0,2,0,400,15|15|0|0|0|0,4.94|4.94|0.00|0.00|0.00|0.00
605,63.14,30,4,0,2,0,400,15|15|0|0|0|0,4.94|4.94|0.00|0.00|0.00|0.00
608,63.14,30,4,0,2,0,400,15|15|0|0|0|0,4.94|4.94|0.00|0.00|0.00|0.00
612,63.14,30,4,0,2,0,400,15|15|0|0|0|0,4.94|4.94|0.00|0.00|0.00|0.00
615,63.14,30,4,0,2,0,400,15|15|0|0|0|0,4.94|4.94|0.00|0.00|0.00|0.00
618,63.14,30,4,0,2,0,400,15|15|0|0|0|0,4.94|4.94|0.00|0.00|0.00|0.00
622,63.14,30,4,0,2,0,400,15|15|0|0|0|0,4.94|4.94|0.00|0.00|0.00|0.00
625,63.14,30,4,0,2,0,400,15|15|0|0|0|0,4.94|4.94|0.00|0.00|0.00|0.00
628,63.14,30,4,0,2,0,400,15|15|0|0|0|0,4.94|4.94|0.00|0.00|0.00|0.00
632,63.14,30,4,0,2,0,400,15|15|0|0|0|0,4.94|4.94|0.00|0.00|0.00|0.00
635,63.14,30,4,0,2,0,400,15|15|0|0|0|0,4.94|4.94|0.00|0.00|0.00|0.00
638,63.14,30,4,0,2,0,400,15|15|0|0|0|0,4.94|4.94|0.00|0.00|0.00|0.00
641,63.14,30,4,0,2,0,400,15|15|0|0|0|0,4.94|4.94|0.00|0.00|0.00|0.00
645,63.14,30,4,0,2,0,400,15|15|0|0|0|0,4.94|4.94|0.00|0.00|0.00|0.00
648,63.14,30,3,1,2,0,400,15|15|0|0|0|0,4.94|4.94|0.00|0.00|0.00|0.00
651,65.44,36,3,0,3,0,400,15|15|6|0|0|0,4.94|4.94|2.30|0.00|0.00|0.00
655,67.31,43,3,0,3,0,400,15|15|13|0|0|0,4.94|4.94|4.17|0.00|0.00|0.00
658,67.31,43,3,0,3,0,400,15|15|13|0|0|0,4.94|4.94|4.17|0.00|0.00|0.00
662,67.31,43,3,0,3,0,400,15|15|13|0|0|0,4.94|4.94|4.17|0.00|0.00|0.00
665,67.53,44,3,0,3,0,400,15|15|14|0|0|0,4.94|4.94|4.39|0.00|0.00|0.00
668,67.70,44,3,0,3,0,400,15|15|14|0|0|0,4.94|4.94|4.56|0.00|0.00|0.00
672,67.70,44,3,0,3,0,400,15|15|14|0|0|0,4.94|4.94|4.56|0.00|0.00|0.00
675,67.70,44,3,0,3,0,400,15|15|14|0|0|0,4.94|4.94|4.56|0.00|0.00|0.00
679,67.70,44,3,0,3,0,400,15|15|14|0|0|0,4.94|4.94|4.56|0.00|0.00|0.00
683,67.70,44,3,0,3,0,400,15|15|14|0|0|0,4.94|4.94|4.56|0.00|0.00|0.00
686,68.93,45,2,0,4,0,400,15|15|14|1|0|0,4.94|4.94|4.56|1.24|0.00|0.00
690,71.40,55,2,0,4,0,400,15|15|14|11|0|0,4.94|4.94|4.56|3.71|0.00|0.00
693,71.40,55,2,0,4,0,400,15|15|14|11|0|0,4.94|4.94|4.56|3.71|0.00|0.00
697,71.83,56,2,0,4,0,400,15|15|14|12|0|0,4.94|4.94|4.56|4.13|0.00|0.00
700,71.83,56,2,0,4,0,400,15|15|14|12|0|0,4.94|4.94|4.56|4.13|0.00|0.00
704,72.42,58,2,0,4,0,400,15|15|15|13|0|0,4.94|4.94|4.94|4.34|0.00|0.00
707,72.42,58,2,0,4,0,400,15|15|15|13|0|0,4.94|4.94|4.94|4.34|0.00|0.00
711,72.42,58,2,0,4,0,400,15|15|15|13|0|0,4.94|4.94|4.94|4.34|0.00|0.00
714,72.42,58,2,0,4,0,400,15|15|15|13|0|0,4.94|4.94|4.94|4.34|0.00|0.00
718,72.42,58,2,0,4,0,400,15|15|15|13|0|0,4.94|4.94|4.94|4.34|0.00|0.00
721,73.02,60,2,0,4,0,400,15|15|15|15|0|0,4.94|4.94|4.94|4.94|0.00|0.00
725,73.02,60,2,0,4,0,400,15|15|15|15|0|0,4.94|4.94|4.94|4.94|0.00|0.00
728,73.02,60,2,0,4,0,400,15|15|15|15|0|0,4.94|4.94|4.94|4.94|0.00|0.00
732,73.02,60,2,0,4,0,400,15|15|15|15|0|0,4.94|4.94|4.94|4.94|0.00|0.00
736,73.02,60,2,0,4,0,400,15|15|15|15|0|0,4.94|4.94|4.94|4.94|0.00|0.00
739,73.02,60,2,0,4,0,400,15|15|15|15|0|0,4.94|4.94|4.94|4.94|0.00|0.00
743,73.02,60,2,0,4,0,400,15|15|15|15|0|0,4.94|4.94|4.94|4.94|0.00|0.00
746,73.02,60,2,0,4,0,400,15|15|15|15|0|0,4.94|4.94|4.94|4.94|0.00|0.00
750,73.02,60,2,0,4,0,400,15|15|15|15|0|0,4.94|4.94|4.94|4.94|0.00|0.00
753,73.02,60,2,0,4,0,400,15|15|15|15|0|0,4.94|4.94|4.94|4.94|0.00|0.00
757,73.02,60,2,0,4,0,400,15|15|15|15|0|0,4.94|4.94|4.94|4.94|0.00|0.00
761,73.02,60,2,0,4,0,400,15|15|15|15|0|0,4.94|4.94|4.94|4.94|0.00|0.00
765,73.02,60,2,0,4,0,400,15|15|15|15|0|0,4.94|4.94|4.94|4.94|0.00|0.00
768,73.02,60,2,0,4,0,400,15|15|15|15|0|0,4.94|4.94|4.94|4.94|0.00|0.00
772,73.02,60,2,0,4,0,400,15|15|15|15|0|0,4.94|4.94|4.94|4.94|0.00|0.00
775,73.02,60,2,0,4,0,400,15|15|15|15|0|0,4.94|4.94|4.94|4.94|0.00|0.00
779,73.02,60,2,0,4,0,400,15|15|15|15|0|0,4.94|4.94|4.94|4.94|0.00|0.00
783,73.02,60,2,0,4,0,400,15|15|15|15|0|0,4.94|4.94|4.94|4.94|0.00|0.00
786,73.02,60,2,0,4,0,400,15|15|15|15|0|0,4.94|4.94|4.94|4.94|0.00|0.00
790,73.02,60,2,0,4,0,400,15|15|15|15|0|0,4.94|4.94|4.94|4.94|0.00|0.00
793,73.02,60,2,0,4,0,400,15|15|15|15|0|0,4.94|4.94|4.94|4.94|0.00|0.00
797,73.02,60,2,0,4,0,400,15|15|15|15|0|0,4.94|4.94|4.94|4.94|0.00|0.00
801,73.02,60,2,0,4,0,400,15|15|15|15|0|0,4.94|4.94|4.94|4.94|0.00|0.00
804,73.02,60,2,0,4,0,400,15|15|15|15|0|0,4.94|4.94|4.94|4.94|0.00|0.00
808,73.02,60,2,0,4,0,400,15|15|15|15|0|0,4.94|4.94|4.94|4.94|0.00|0.00
811,73.02,60,2,0,4,0,400,15|15|15|15|0|0,4.94|4.94|4.94|4.94|0.00|0.00
815,73.02,60,2,0,4,0,400,15|15|15|15|0|0,4.94|4.94|4.94|4.94|0.00|0.00
819,73.02,60,2,0,4,0,400,15|15|15|15|0|0,4.94|4.94|4.94|4.94|0.00|0.00
822,73.02,60,2,0,4,0,400,15|15|15|15|0|0,4.94|4.94|4.94|4.94|0.00|0.00
826,73.02,60,2,0,4,0,400,15|15|15|15|0|0,4.94|4.94|4.94|4.94|0.00|0.00
829,73.02,60,2,0,4,0,400,15|15|15|15|0|0,4.94|4.94|4.94|4.94|0.00|0.00
833,73.02,60,2,0,4,0,400,15|15|15|15|0|0,4.94|4.94|4.94|4.94|0.00|0.00
836,73.02,60,2,0,4,0,400,15|15|15|15|0|0,4.94|4.94|4.94|4.94|0.00|0.00
840,73.02,60,2,0,4,0,400,15|15|15|15|0|0,4.94|4.94|4.94|4.94|0.00|0.00
843,73.02,60,2,0,4,0,400,15|15|15|15|0|0,4.94|4.94|4.94|4.94|0.00|0.00
847,73.02,60,2,0,4,0,400,15|15|15|15|0|0,4.94|4.94|4.94|4.94|0.00|0.00
850,73.02,60,2,0,4,0,400,15|15|15|15|0|0,4.94|4.94|4.94|4.94|0.00|0.00
854,73.02,60,2,0,4,0,400,15|15|15|15|0|0,4.94|4.94|4.94|4.94|0.00|0.00
858,73.02,60,2,0,4,0,400,15|15|15|15|0|0,4.94|4.94|4.94|4.94|0.00|0.00
861,73.02,60,2,0,4,0,400,15|15|15|15|0|0,4.94|4.94|4.94|4.94|0.00|0.00
865,73.02,60,2,0,4,0,400,15|15|15|15|0|0,4.94|4.94|4.94|4.94|0.00|0.00
868,73.02,60,2,0,4,0,400,15|15|15|15|0|0,4.94|4.94|4.94|4.94|0.00|0.00
872,73.02,60,2,0,4,0,400,15|15|15|15|0|0,4.94|4.94|4.94|4.94|0.00|0.00
876,73.02,60,2,0,4,0,400,15|15|15|15|0|0,4.94|4.94|4.94|4.94|0.00|0.00
879,73.02,60,2,0,4,0,400,15|15|15|15|0|0,4.94|4.94|4.94|4.94|0.00|0.00
883,73.02,60,2,0,4,0,400,15|15|15|15|0|0,4.94|4.94|4.94|4.94|0.00|0.00
886,73.02,60,2,0,4,0,400,15|15|15|15|0|0,4.94|4.94|4.94|4.94|0.00|0.00
890,73.02,60,2,0,4,0,400,15|15|15|15|0|0,4.94|4.94|4.94|4.94|0.00|0.00
894,73.02,60,2,0,4,0,400,15|15|15|15|0|0,4.94|4.94|4.94|4.94|0.00|0.00
897,73.02,60,2,0,4,0,400,15|15|15|15|0|0,4.94|4.94|4.94|4.94|0.00|0.00
901,73.02,60,2,0,4,0,400,15|15|15|15|0|0,4.94|4.94|4.94|4.94|0.00|0.00
905,73.53,60,1,1,4,0,400,15|15|15|15|0|0,4.94|4.94|4.94|4.94|0.51|0.00
908,77.32,72,1,0,5,0,400,15|15|15|15|12|0,4.94|4.94|4.94|4.94|4.30|0.00
912,77.53,73,1,0,5,0,400,15|15|15|15|13|0,4.94|4.94|4.94|4.94|4.51|0.00
916,77.75,74,1,0,5,0,400,15|15|15|15|14|0,4.94|4.94|4.94|4.94|4.73|0.00
919,77.75,74,1,0,5,0,400,15|15|15|15|14|0,4.94|4.94|4.94|4.94|4.73|0.00
923,77.96,75,1,0,5,0,400,15|15|15|15|15|0,4.94|4.94|4.94|4.94|4.94|0.00
927,77.96,75,1,0,5,0,400,15|15|15|15|15|0,4.94|4.94|4.94|4.94|4.94|0.00
931,77.96,75,1,0,5,0,400,15|15|15|15|15|0,4.94|4.94|4.94|4.94|4.94|0.00
935,81.71,86,0,0,6,0,400,15|15|15|15|15|11,4.94|4.94|4.94|4.94|4.94|3.75
939,82.52,89,0,0,6,0,400,15|15|15|15|15|14,4.94|4.94|4.94|4.94|4.94|4.56
943,82.69,89,0,0,6,0,400,15|15|15|15|15|14,4.94|4.94|4.94|4.94|4.94|4.73
947,82.90,90,0,0,6,0,400,15|15|15|15|15|15,4.94|4.94|4.94|4.94|4.94|4.94
951,82.90,90,0,0,6,0,400,15|15|15|15|15|15,4.94|4.94|4.94|4.94|4.94|4.94
955,82.90,90,0,0,6,0,400,15|15|15|15|15|15,4.94|4.94|4.94|4.94|4.94|4.94
959,82.90,90,0,0,6,0,400,15|15|15|15|15|15,4.94|4.94|4.94|4.94|4.94|4.94
963,82.90,90,0,0,6,0,400,15|15|15|15|15|15,4.94|4.94|4.94|4.94|4.94|4.94
967,82.90,90,0,0,6,0,400,15|15|15|15|15|15,4.94|4.94|4.94|4.94|4.94|4.94
970,82.90,90,0,0,6,0,400,15|15|15|15|15|15,4.94|4.94|4.94|4.94|4.94|4.94
974,82.90,90,0,0,6,0,400,15|15|15|15|15|15,4.94|4.94|4.94|4.94|4.94|4.94
978,82.90,90,0,0,6,0,400,15|15|15|15|15|15,4.94|4.94|4.94|4.94|4.94|4.94
982,82.90,90,0,0,6,0,400,15|15|15|15|15|15,4.94|4.94|4.94|4.94|4.94|4.94
986,82.90,90,0,0,6,0,400,15|15|15|15|15|15,4.94|4.94|4.94|4.94|4.94|4.94
990,82.90,90,0,0,6,0,400,15|15|15|15|15|15,4.94|4.94|4.94|4.94|4.94|4.94
994,82.90,90,0,0,6,0,400,15|15|15|15|15|15,4.94|4.94|4.94|4.94|4.94|4.94
998,82.90,90,0,0,6,0,400,15|15|15|15|15|15,4.94|4.94|4.94|4.94|4.94|4.94
1001,76.00,90,0,0,6,0,346,15|15|15|15|15|15,4.94|4.94|4.94|4.94|4.94|4.94
1005,71.15,90,0,0,6,0,308,15|15|15|15|15|15,4.94|4.94|4.94|4.94|4.94|4.94
1008,70.38,90,0,0,6,0,302,15|15|15|15|15|15,4.94|4.94|4.94|4.94|4.94|4.94
1012,70.25,90,0,0,6,0,301,15|15|15|15|15|15,4.94|4.94|4.94|4.94|4.94|4.94
1016,70.12,90,0,0,6,0,300,15|15|15|15|15|15,4.94|4.94|4.94|4.94|4.94|4.94
1019,70.12,90,0,0,6,0,300,15|15|15|15|15|15,4.94|4.94|4.94|4.94|4.94|4.94
1022,70.12,90,0,0,6,0,300,15|15|15|15|15|15,4.94|4.94|4.94|4.94|4.94|4.94
1026,70.12,90,0,0,6,0,300,15|15|15|15|15|15,4.94|4.94|4.94|4.94|4.94|4.94
1029,70.12,90,0,0,6,0,300,15|15|15|15|15|15,4.94|4.94|4.94|4.94|4.94|4.94
1033,70.12,90,0,0,6,0,300,15|15|15|15|15|15,4.94|4.94|4.94|4.94|4.94|4.94
1036,70.12,90,0,0,6,0,300,15|15|15|15|15|15,4.94|4.94|4.94|4.94|4.94|4.94
1040,70.12,90,0,0,6,0,300,15|15|15|15|15|15,4.94|4.94|4.94|4.94|4.94|4.94
1043,70.12,90,0,0,6,0,300,15|15|15|15|15|15,4.94|4.94|4.94|4.94|4.94|4.94
1047,70.12,90,0,0,6,0,300,15|15|15|15|15|15,4.94|4.94|4.94|4.94|4.94|4.94
1050,70.12,90,0,0,6,0,300,15|15|15|15|15|15,4.94|4.94|4.94|4.94|4.94|4.94
1054,70.12,90,0,0,6,0,300,15|15|15|15|15|15,4.94|4.94|4.94|4.94|4.94|4.94
1057,70.12,90,0,0,6,0,300,15|15|15|15|15|15,4.94|4.94|4.94|4.94|4.94|4.94
1061,70.12,90,0,0,6,0,300,15|15|15|15|15|15,4.94|4.94|4.94|4.94|4.94|4.94
1064,70.12,90,0,0,6,0,300,15|15|15|15|15|15,4.94|4.94|4.94|4.94|4.94|4.94
1068,70.12,90,0,0,6,0,300,15|15|15|15|15|15,4.94|4.94|4.94|4.94|4.94|4.94
1071,70.12,90,0,0,6,0,300,15|15|15|15|15|15,4.94|4.94|4.94|4.94|4.94|4.94
1075,70.12,90,0,0,6,0,300,15|15|15|15|15|15,4.94|4.94|4.94|4.94|4.94|4.94
1078,70.12,90,0,0,6,0,300,15|15|15|15|15|15,4.94|4.94|4.94|4.94|4.94|4.94
1082,70.12,90,0,0,6,0,300,15|15|15|15|15|15,4.94|4.94|4.94|4.94|4.94|4.94
1085,70.12,90,0,0,6,0,300,15|15|15|15|15|15,4.94|4.94|4.94|4.94|4.94|4.94
1089,70.12,90,0,0,6,0,300,15|15|15|15|15|15,4.94|4.94|4.94|4.94|4.94|4.94
1092,63.22,90,0,0,6,0,246,15|15|15|15|15|15,4.94|4.94|4.94|4.94|4.94|4.94
1096,58.11,90,0,0,6,0,206,15|15|15|15|15|15,4.94|4.94|4.94|4.94|4.94|4.94
1099,57.60,90,0,0,6,0,202,15|15|15|15|15|15,4.94|4.94|4.94|4.94|4.94|4.94
1102,57.35,90,0,0,6,0,200,15|15|15|15|15|15,4.94|4.94|4.94|4.94|4.94|4.94
1105,57.35,90,0,0,6,0,200,15|15|15|15|15|15,4.94|4.94|4.94|4.94|4.94|4.94
1108,57.35,90,0,0,6,0,200,15|15|15|15|15|15,4.94|4.94|4.94|4.94|4.94|4.94
1111,57.35,90,0,0,6,0,200,15|15|15|15|15|15,4.94|4.94|4.94|4.94|4.94|4.94
1114,57.35,90,0,0,6,0,200,15|15|15|15|15|15,4.94|4.94|4.94|4.94|4.94|4.94
1117,57.35,90,0,0,6,0,200,15|15|15|15|15|15,4.94|4.94|4.94|4.94|4.94|4.94
1120,57.35,90,0,0,6,0,200,15|15|15|15|15|15,4.94|4.94|4.94|4.94|4.94|4.94
1124,57.35,90,0,0,6,0,200,15|15|15|15|15|15,4.94|4.94|4.94|4.94|4.94|4.94
1127,57.35,90,0,0,6,0,200,15|15|15|15|15|15,4.94|4.94|4.94|4.94|4.94|4.94
1130,57.35,90,0,0,6,0,200,15|15|15|15|15|15,4.94|4.94|4.94|4.94|4.94|4.94
1133,57.35,90,0,0,6,0,200,15|15|15|15|15|15,4.94|4.94|4.94|4.94|4.94|4.94
1136,57.35,90,0,0,6,0,200,15|15|15|15|15|15,4.94|4.94|4.94|4.94|4.94|4.94
1139,57.35,90,0,0,6,0,200,15|15|15|15|15|15,4.94|4.94|4.94|4.94|4.94|4.94
1142,57.35,90,0,0,6,0,200,15|15|15|15|15|15,4.94|4.94|4.94|4.94|4.94|4.94
1147,57.35,90,0,0,6,0,200,15|15|15|15|15|15,4.94|4.94|4.94|4.94|4.94|4.94
1150,57.35,90,0,0,6,0,200,15|15|15|15|15|15,4.94|4.94|4.94|4.94|4.94|4.94
1153,57.35,90,0,0,6,0,200,15|15|15|15|15|15,4.94|4.94|4.94|4.94|4.94|4.94
1156,57.35,90,0,0,6,0,200,15|15|15|15|15|15,4.94|4.94|4.94|4.94|4.94|4.94
1159,57.35,90,0,0,6,0,200,15|15|15|15|15|15,4.94|4.94|4.94|4.94|4.94|4.94
1162,57.35,90,0,0,6,0,200,15|15|15|15|15|15,4.94|4.94|4.94|4.94|4.94|4.94
1165,57.35,90,0,0,6,0,200,15|15|15|15|15|15,4.94|4.94|4.94|4.94|4.94|4.94
1168,57.35,90,0,0,6,0,200,15|15|15|15|15|15,4.94|4.94|4.94|4.94|4.94|4.94
1171,57.35,90,0,0,6,0,200,15|15|15|15|15|15,4.94|4.94|4.94|4.94|4.94|4.94
1174,57.35,90,0,0,6,0,200,15|15|15|15|15|15,4.94|4.94|4.94|4.94|4.94|4.94
1178,57.35,90,0,0,6,0,200,15|15|15|15|15|15,4.94|4.94|4.94|4.94|4.94|4.94
1181,57.35,90,0,0,6,0,200,15|15|15|15|15|15,4.94|4.94|4.94|4.94|4.94|4.94
1184,49.04,90,0,0,6,0,135,15|15|15|15|15|15,4.94|4.94|4.94|4.94|4.94|4.94
1186,45.34,90,0,0,6,0,106,15|15|15|15|15|15,4.94|4.94|4.94|4.94|4.94|4.94
1189,44.95,90,0,0,6,0,103,15|15|15|15|15|15,4.94|4.94|4.94|4.94|4.94|4.94
1192,44.70,90,0,0,6,0,101,15|15|15|15|15|15,4.94|4.94|4.94|4.94|4.94|4.94
1194,44.57,90,0,0,6,0,100,15|15|15|15|15|15,4.94|4.94|4.94|4.94|4.94|4.94
1197,44.57,90,0,0,6,0,100,15|15|15|15|15|15,4.94|4.94|4.94|4.94|4.94|4.94
1200,44.57,90,0,0,6,0,100,15|15|15|15|15|15,4.94|4.94|4.94|4.94|4.94|4.94
1202,44.57,90,0,0,6,0,100,15|15|15|15|15|15,4.94|4.94|4.94|4.94|4.94|4.94
1205,44.57,90,0,0,6,0,100,15|15|15|15|15|15,4.94|4.94|4.94|4.94|4.94|4.94
1208,44.57,90,0,0,6,0,100,15|15|15|15|15|15,4.94|4.94|4.94|4.94|4.94|4.94
1211,44.57,90,0,0,6,0,100,15|15|15|15|15|15,4.94|4.94|4.94|4.94|4.94|4.94
1213,44.57,90,0,0,6,0,100,15|15|15|15|15|15,4.94|4.94|4.94|4.94|4.94|4.94
1216,44.57,90,0,0,6,0,100,15|15|15|15|15|15,4.94|4.94|4.94|4.94|4.94|4.94
1219,44.57,90,0,0,6,0,100,15|15|15|15|15|15,4.94|4.94|4.94|4.94|4.94|4.94
1221,44.57,90,0,0,6,0,100,15|15|15|15|15|15,4.94|4.94|4.94|4.94|4.94|4.94
1224,44.57,90,0,0,6,0,100,15|15|15|15|15|15,4.94|4.94|4.94|4.94|4.94|4.94
1227,44.57,90,0,0,6,0,100,15|15|15|15|15|15,4.94|4.94|4.94|4.94|4.94|4.94
1229,44.57,90,0,0,6,0,100,15|15|15|15|15|15,4.94|4.94|4.94|4.94|4.94|4.94
1232,44.57,90,0,0,6,0,100,15|15|15|15|15|15,4.94|4.94|4.94|4.94|4.94|4.94
1235,44.57,90,0,0,6,0,100,15|15|15|15|15|15,4.94|4.94|4.94|4.94|4.94|4.94
1237,44.57,90,0,0,6,0,100,15|15|15|15|15|15,4.94|4.94|4.94|4.94|4.94|4.94
1240,44.57,90,0,0,6,0,100,15|15|15|15|15|15,4.94|4.94|4.94|4.94|4.94|4.94
1243,44.57,90,0,0,6,0,100,15|15|15|15|15|15,4.94|4.94|4.94|4.94|4.94|4.94
1245,44.57,90,0,0,6,0,100,15|15|15|15|15|15,4.94|4.94|4.94|4.94|4.94|4.94
1248,44.57,90,0,0,6,0,100,15|15|15|15|15|15,4.94|4.94|4.94|4.94|4.94|4.94
1251,44.57,90,0,0,6,0,100,15|15|15|15|15|15,4.94|4.94|4.94|4.94|4.94|4.94
1254,44.57,90,0,0,6,0,100,15|15|15|15|15|15,4.94|4.94|4.94|4.94|4.94|4.94
1256,44.57,90,0,0,6,0,100,15|15|15|15|15|15,4.94|4.94|4.94|4.94|4.94|4.94
1259,44.57,90,0,0,6,0,100,15|15|15|15|15|15,4.94|4.94|4.94|4.94|4.94|4.94
1262,44.57,90,0,0,6,0,100,15|15|15|15|15|15,4.94|4.94|4.94|4.94|4.94|4.94
1265,44.57,90,0,0,6,0,100,15|15|15|15|15|15,4.94|4.94|4.94|4.94|4.94|4.94
1267,44.57,90,0,0,6,0,100,15|15|15|15|15|15,4.94|4.94|4.94|4.94|4.94|4.94
1270,44.57,90,0,0,6,0,100,15|15|15|15|15|15,4.94|4.94|4.94|4.94|4.94|4.94
1273,51.21,90,0,0,6,0,152,15|15|15|15|15|15,4.94|4.94|4.94|4.94|4.94|4.94
1276,57.35,90,0,0,6,0,200,15|15|15|15|15|15,4.94|4.94|4.94|4.94|4.94|4.94
1279,57.35,90,0,0,6,0,200,15|15|15|15|15|15,4.94|4.94|4.94|4.94|4.94|4.94
1282,57.35,90,0,0,6,0,200,15|15|15|15|15|15,4.94|4.94|4.94|4.94|4.94|4.94
1286,57.35,90,0,0,6,0,200,15|15|15|15|15|15,4.94|4.94|4.94|4.94|4.94|4.94
1289,57.35,90,0,0,6,0,200,15|15|15|15|15|15,4.94|4.94|4.94|4.94|4.94|4.94
1292,57.35,90,0,0,6,0,200,15|15|15|15|15|15,4.94|4.94|4.94|4.94|4.94|4.94
1295,57.35,90,0,0,6,0,200,15|15|15|15|15|15,4.94|4.94|4.94|4.94|4.94|4.94
1298,57.35,90,0,0,6,0,200,15|15|15|15|15|15,4.94|4.94|4.94|4.94|4.94|4.94
1301,57.35,90,0,0,6,0,200,15|15|15|15|15|15,4.94|4.94|4.94|4.94|4.94|4.94
1304,57.35,90,0,0,6,0,200,15|15|15|15|15|15,4.94|4.94|4.94|4.94|4.94|4.94
1307,57.35,90,0,0,6,0,200,15|15|15|15|15|15,4.94|4.94|4.94|4.94|4.94|4.94
1310,57.35,90,0,0,6,0,200,15|15|15|15|15|15,4.94|4.94|4.94|4.94|4.94|4.94
1313,57.35,90,0,0,6,0,200,15|15|15|15|15|15,4.94|4.94|4.94|4.94|4.94|4.94
1316,57.35,90,0,0,6,0,200,15|15|15|15|15|15,4.94|4.94|4.94|4.94|4.94|4.94
1320,57.35,90,0,0,6,0,200,15|15|15|15|15|15,4.94|4.94|4.94|4.94|4.94|4.94
1323,57.35,90,0,0,6,0,200,15|15|15|15|15|15,4.94|4.94|4.94|4.94|4.94|4.94
1326,57.35,90,0,0,6,0,200,15|15|15|15|15|15,4.94|4.94|4.94|4.94|4.94|4.94
1329,57.35,90,0,0,6,0,200,15|15|15|15|15|15,4.94|4.94|4.94|4.94|4.94|4.94
1332,57.35,90,0,0,6,0,200,15|15|15|15|15|15,4.94|4.94|4.94|4.94|4.94|4.94
1335,57.35,90,0,0,6,0,200,15|15|15|15|15|15,4.94|4.94|4.94|4.94|4.94|4.94
1338,57.35,90,0,0,6,0,200,15|15|15|15|15|15,4.94|4.94|4.94|4.94|4.94|4.94
1342,57.35,90,0,0,6,0,200,15|15|15|15|15|15,4.94|4.94|4.94|4.94|4.94|4.94
1345,57.35,90,0,0,6,0,200,15|15|15|15|15|15,4.94|4.94|4.94|4.94|4.94|4.94
1348,57.35,90,0,0,6,0,200,15|15|15|15|15|15,4.94|4.94|4.94|4.94|4.94|4.94
1351,57.35,90,0,0,6,0,200,15|15|15|15|15|15,4.94|4.94|4.94|4.94|4.94|4.94
1354,57.35,90,0,0,6,0,200,15|15|15|15|15|15,4.94|4.94|4.94|4.94|4.94|4.94
1357,57.35,90,0,0,6,0,200,15|15|15|15|15|15,4.94|4.94|4.94|4.94|4.94|4.94
1360,57.35,90,0,0,6,0,200,15|15|15|15|15|15,4.94|4.94|4.94|4.94|4.94|4.94
1363,57.35,90,0,0,6,0,200,15|15|15|15|15|15,4.94|4.94|4.94|4.94|4.94|4.94
1367,68.21,90,0,0,6,0,285,15|15|15|15|15|15,4.94|4.94|4.94|4.94|4.94|4.94
1370,70.12,90,0,0,6,0,300,15|15|15|15|15|15,4.94|4.94|4.94|4.94|4.94|4.94
1374,70.12,90,0,0,6,0,300,15|15|15|15|15|15,4.94|4.94|4.94|4.94|4.94|4.94
1378,70.12,90,0,0,6,0,300,15|15|15|15|15|15,4.94|4.94|4.94|4.94|4.94|4.94
1381,70.12,90,0,0,6,0,300,15|15|15|15|15|15,4.94|4.94|4.94|4.94|4.94|4.94
1385,70.12,90,0,0,6,0,300,15|15|15|15|15|15,4.94|4.94|4.94|4.94|4.94|4.94
1388,70.12,90,0,0,6,0,300,15|15|15|15|15|15,4.94|4.94|4.94|4.94|4.94|4.94
1392,70.12,90,0,0,6,0,300,15|15|15|15|15|15,4.94|4.94|4.94|4.94|4.94|4.94
1395,70.12,90,0,0,6,0,300,15|15|15|15|15|15,4.94|4.94|4.94|4.94|4.94|4.94
1398,70.12,90,0,0,6,0,300,15|15|15|15|15|15,4.94|4.94|4.94|4.94|4.94|4.94
1402,70.12,90,0,0,6,0,300,15|15|15|15|15|15,4.94|4.94|4.94|4.94|4.94|4.94
1405,70.12,90,0,0,6,0,300,15|15|15|15|15|15,4.94|4.94|4.94|4.94|4.94|4.94
1409,70.12,90,0,0,6,0,300,15|15|15|15|15|15,4.94|4.94|4.94|4.94|4.94|4.94
1412,70.12,90,0,0,6,0,300,15|15|15|15|15|15,4.94|4.94|4.94|4.94|4.94|4.94
1416,70.12,90,0,0,6,0,300,15|15|15|15|15|15,4.94|4.94|4.94|4.94|4.94|4.94
1420,70.12,90,0,0,6,0,300,15|15|15|15|15|15,4.94|4.94|4.94|4.94|4.94|4.94
1423,70.12,90,0,0,6,0,300,15|15|15|15|15|15,4.94|4.94|4.94|4.94|4.94|4.94
1427,70.12,90,0,0,6,0,300,15|15|15|15|15|15,4.94|4.94|4.94|4.94|4.94|4.94
1430,70.12,90,0,0,6,0,300,15|15|15|15|15|15,4.94|4.94|4.94|4.94|4.94|4.94
1434,70.12,90,0,0,6,0,300,15|15|15|15|15|15,4.94|4.94|4.94|4.94|4.94|4.94
1437,70.12,90,0,0,6,0,300,15|15|15|15|15|15,4.94|4.94|4.94|4.94|4.94|4.94
1441,70.12,90,0,0,6,0,300,15|15|15|15|15|15,4.94|4.94|4.94|4.94|4.94|4.94
1444,70.12,90,0,0,6,0,300,15|15|15|15|15|15,4.94|4.94|4.94|4.94|4.94|4.94
1448,70.12,90,0,0,6,0,300,15|15|15|15|15|15,4.94|4.94|4.94|4.94|4.94|4.94
1451,70.12,90,0,0,6,0,300,15|15|15|15|15|15,4.94|4.94|4.94|4.94|4.94|4.94
1455,70.12,90,0,0,6,0,300,15|15|15|15|15|15,4.94|4.94|4.94|4.94|4.94|4.94
1459,81.37,90,0,0,6,0,388,15|15|15|15|15|15,4.94|4.94|4.94|4.94|4.94|4.94
1463,82.90,90,0,0,6,0,400,15|15|15|15|15|15,4.94|4.94|4.94|4.94|4.94|4.94
1467,82.90,90,0,0,6,0,400,15|15|15|15|15|15,4.94|4.94|4.94|4.94|4.94|4.94
1471,82.90,90,0,0,6,0,400,15|15|15|15|15|15,4.94|4.94|4.94|4.94|4.94|4.94
1475,82.90,90,0,0,6,0,400,15|15|15|15|15|15,4.94|4.94|4.94|4.94|4.94|4.94
1479,82.90,90,0,0,6,0,400,15|15|15|15|15|15,4.94|4.94|4.94|4.94|4.94|4.94
1483,82.90,90,0,0,6,0,400,15|15|15|15|15|15,4.94|4.94|4.94|4.94|4.94|4.94
1487,82.90,90,0,0,6,0,400,15|15|15|15|15|15,4.94|4.94|4.94|4.94|4.94|4.94
1491,82.90,90,0,0,6,0,400,15|15|15|15|15|15,4.94|4.94|4.94|4.94|4.94|4.94
1495,82.90,90,0,0,6,0,400,15|15|15|15|15|15,4.94|4.94|4.94|4.94|4.94|4.94
1498,82.90,90,0,0,6,0,400,15|15|15|15|15|15,4.94|4.94|4.94|4.94|4.94|4.94
1502,82.90,90,0,0,6,0,400,15|15|15|15|15|15,4.94|4.94|4.94|4.94|4.94|4.94
1506,82.90,90,0,0,6,0,400,15|15|15|15|15|15,4.94|4.94|4.94|4.94|4.94|4.94
1510,82.90,90,0,0,6,0,400,15|15|15|15|15|15,4.94|4.94|4.94|4.94|4.94|4.94
1514,82.90,90,0,0,6,0,400,15|15|15|15|15|15,4.94|4.94|4.94|4.94|4.94|4.94
1518,82.90,90,0,0,6,0,400,15|15|15|15|15|15,4.94|4.94|4.94|4.94|4.94|4.94
1522,82.90,90,0,0,6,0,400,15|15|15|15|15|15,4.94|4.94|4.94|4.94|4.94|4.94
1526,82.90,90,0,0,6,0,400,15|15|15|15|15|15,4.94|4.94|4.94|4.94|4.94|4.94
1529,82.90,90,0,0,6,0,400,15|15|15|15|15|15,4.94|4.94|4.94|4.94|4.94|4.94
1534,82.90,90,0,0,6,0,400,15|15|15|15|15|15,4.94|4.94|4.94|4.94|4.94|4.94
1537,82.90,90,0,0,6,0,400,15|15|15|15|15|15,4.94|4.94|4.94|4.94|4.94|4.94
1541,82.90,90,0,0,6,0,400,15|15|15|15|15|15,4.94|4.94|4.94|4.94|4.94|4.94
1545,82.90,90,0,0,6,0,400,15|15|15|15|15|15,4.94|4.94|4.94|4.94|4.94|4.94
1549,82.90,90,0,0,6,0,400,15|15|15|15|15|15,4.94|4.94|4.94|4.94|4.94|4.94
1553,82.90,90,0,0,6,0,400,15|15|15|15|15|15,4.94|4.94|4.94|4.94|4.94|4.94
1557,82.90,90,0,0,6,0,400,15|15|15|15|15|15,4.94|4.94|4.94|4.94|4.94|4.94
1561,82.90,90,0,0,6,0,400,15|15|15|15|15|15,4.94|4.94|4.94|4.94|4.94|4.94
1565,82.90,90,0,0,6,0,400,15|15|15|15|15|15,4.94|4.94|4.94|4.94|4.94|4.94
1569,82.90,90,0,0,6,0,400,15|15|15|15|15|15,4.94|4.94|4.94|4.94|4.94|4.94
1573,82.90,90,0,0,6,0,400,15|15|15|15|15|15,4.94|4.94|4.94|4.94|4.94|4.94
1576,82.90,90,0,0,6,0,400,15|15|15|15|15|15,4.94|4.94|4.94|4.94|4.94|4.94
1580,80.22,90,0,0,6,0,379,15|15|15|15|15|15,4.94|4.94|4.94|4.94|4.94|4.94
1584,71.40,90,0,0,6,0,310,15|15|15|15|15|15,4.94|4.94|4.94|4.94|4.94|4.94
1587,62.84,90,0,0,6,0,243,15|15|15|15|15|15,4.94|4.94|4.94|4.94|4.94|4.94
1590,53.90,90,0,0,6,0,173,15|15|15|15|15|15,4.94|4.94|4.94|4.94|4.94|4.94
1593,46.23,90,0,0,6,0,113,15|15|15|15|15|15,4.94|4.94|4.94|4.94|4.94|4.94
1596,38.82,90,0,0,6,0,55,15|15|15|15|15|15,4.94|4.94|4.94|4.94|4.94|4.94
1598,34.22,90,0,0,6,0,19,15|15|15|15|15|15,4.94|4.94|4.94|4.94|4.94|4.94
1601,33.20,90,0,0,6,0,11,15|15|15|15|15|15,4.94|4.94|4.94|4.94|4.94|4.94
1603,32.43,90,0,0,6,0,5,15|15|15|15|15|15,4.94|4.94|4.94|4.94|4.94|4.94
1605,23.36,52,0,0,6,0,0,1|4|7|10|15|15,1.62|2.60|3.24|3.88|4.94|4.94
1607,6.37,5,0,0,4,2,0,1|1|2|0|0|1,0.43|0.72|1.32|0.34|0.34|1.06
1609,5.09,5,0,0,4,2,0,1|1|2|0|0|1,0.38|0.55|0.94|0.17|0.34|0.55
1610,4.75,5,0,0,4,2,0,1|1|2|0|0|1,0.38|0.38|0.77|0.17|0.34|0.55
1612,3.90,5,0,0,4,2,0,1|1|2|0|0|1,0.21|0.38|0.60|0.00|0.17|0.38
1613,3.90,5,0,0,4,1,0,1|1|2|0|0|1,0.21|0.38|0.60|0.00|0.17|0.38
1615,3.56,5,0,0,4,1,0,1|1|2|0|0|1,0.21|0.21|0.43|0.00|0.17|0.38
1616,3.39,5,0,0,4,0,0,1|1|2|0|0|1,0.21|0.21|0.43|0.00|0.17|0.21
1618,3.22,5,0,0,4,0,0,1|1|2|0|0|1,0.21|0.21|0.43|0.00|0.00|0.21
1619,3.22,5,0,0,4,0,0,1|1|2|0|0|1,0.21|0.21|0.43|0.00|0.00|0.21
1621,3.22,5,0,0,4,0,0,1|1|2|0|0|1,0.21|0.21|0.43|0.00|0.00|0.21
1622,3.22,5,0,0,4,0,0,1|1|2|0|0|1,0.21|0.21|0.43|0.00|0.00|0.21
1624,3.22,5,0,0,4,0,0,1|1|2|0|0|1,0.21|0.21|0.43|0.00|0.00|0.21
1625,3.22,5,0,0,4,0,0,1|1|2|0|0|1,0.21|0.21|0.43|0.00|0.00|0.21
1626,3.00,4,0,0,3,0,0,1|0|2|0|0|1,0.21|0.00|0.43|0.00|0.00|0.21
1628,2.58,2,0,0,1,2,0,0|0|2|0|0|0,0.00|0.00|0.43|0.00|0.00|0.00
1629,2.36,1,0,0,1,1,0,0|0|1|0|0|0,0.00|0.00|0.21|0.00|0.00|0.00
1630,2.36,1,0,0,1,1,0,0|0|1|0|0|0,0.00|0.00|0.21|0.00|0.00|0.00
1632,2.36,1,0,0,1,0,0,0|0|1|0|0|0,0.00|0.00|0.21|0.00|0.00|0.00
1633,2.36,1,0,0,1,0,0,0|0|1|0|0|0,0.00|0.00|0.21|0.00|0.00|0.00
1635,2.36,1,0,0,1,0,0,0|0|1|0|0|0,0.00|0.00|0.21|0.00|0.00|0.00
1636,2.36,1,0,0,1,0,0,0|0|1|0|0|0,0.00|0.00|0.21|0.00|0.00|0.00
1637,2.36,1,0,0,1,0,0,0|0|1|0|0|0,0.00|0.00|0.21|0.00|0.00|0.00
1639,2.36,1,0,0,1,0,0,0|0|1|0|0|0,0.00|0.00|0.21|0.00|0.00|0.00
1640,2.36,1,0,0,1,0,0,0|0|1|0|0|0,0.00|0.00|0.21|0.00|0.00|0.00
1642,2.36,1,0,0,1,0,0,0|0|1|0|0|0,0.00|0.00|0.21|0.00|0.00|0.00
1643,2.15,0,0,0,0,0,0,0|0|0|0|0|0,0.00|0.00|0.00|0.00|0.00|0.00
