0,2.15,0,20,0,0,0,0,0|0|0|0|0|0|0|0|0|0|0|0|0|0|0|0|0|0|0|0,0.00|0.00|0.00|0.00|0.00|0.00|0.00|0.00|0.00|0.00|0.00|0.00|0.00|0.00|0.00|0.00|0.00|0.00|0.00|0.00
3,2.15,0,20,0,0,0,0,0|0|0|0|0|0|0|0|0|0|0|0|0|0|0|0|0|0|0|0,0.00|0.00|0.00|0.00|0.00|0.00|0.00|0.00|0.00|0.00|0.00|0.00|0.00|0.00|0.00|0.00|0.00|0.00|0.00|0.00
5,3.34,0,19,1,0,0,0,0|0|0|0|0|0|0|0|0|0|0|0|0|0|0|0|0|0|0|0,1.19|0.00|0.00|0.00|0.00|0.00|0.00|0.00|0.00|0.00|0.00|0.00|0.00|0.00|0.00|0.00|0.00|0.00|0.00|0.00
8,10.71,32,19,0,1,0,0,32|0|0|0|0|0|0|0|0|0|0|0|0|0|0|0|0|0|0|0,8.56|0.00|0.00|0.00|0.00|0.00|0.00|0.00|0.00|0.00|0.00|0.00|0.00|0.00|0.00|0.00|0.00|0.00|0.00|0.00
10,16.67,60,19,0,1,0,0,60|0|0|0|0|0|0|0|0|0|0|0|0|0|0|0|0|0|0|0,14.52|0.00|0.00|0.00|0.00|0.00|0.00|0.00|0.00|0.00|0.00|0.00|0.00|0.00|0.00|0.00|0.00|0.00|0.00|0.00
12,16.67,60,19,0,1,0,0,60|0|0|0|0|0|0|0|0|0|0|0|0|0|0|0|0|0|0|0,14.52|0.00|0.00|0.00|0.00|0.00|0.00|0.00|0.00|0.00|0.00|0.00|0.00|0.00|0.00|0.00|0.00|0.00|0.00|0.00
14,16.67,60,19,0,1,0,0,60|0|0|0|0|0|0|0|0|0|0|0|0|0|0|0|0|0|0|0,14.52|0.00|0.00|0.00|0.00|0.00|0.00|0.00|0.00|0.00|0.00|0.00|0.00|0.00|0.00|0.00|0.00|0.00|0.00|0.00
16,16.84,60,18,1,1,0,0,60|0|0|0|0|0|0|0|0|0|0|0|0|0|0|0|0|0|0|0,14.52|0.17|0.00|0.00|0.00|0.00|0.00|0.00|0.00|0.00|0.00|0.00|0.00|0.00|0.00|0.00|0.00|0.00|0.00|0.00
19,22.47,79,18,0,2,0,0,60|19|0|0|0|0|0|0|0|0|0|0|0|0|0|0|0|0|0|0,14.52|5.79|0.00|0.00|0.00|0.00|0.00|0.00|0.00|0.00|0.00|0.00|0.00|0.00|0.00|0.00|0.00|0.00|0.00|0.00
21,30.98,119,18,0,2,0,0,60|59|0|0|0|0|0|0|0|0|0|0|0|0|0|0|0|0|0|0,14.52|14.31|0.00|0.00|0.00|0.00|0.00|0.00|0.00|0.00|0.00|0.00|0.00|0.00|0.00|0.00|0.00|0.00|0.00|0.00
23,31.20,120,18,0,2,0,0,60|60|0|0|0|0|0|0|0|0|0|0|0|0|0|0|0|0|0|0,14.52|14.52|0.00|0.00|0.00|0.00|0.00|0.00|0.00|0.00|0.00|0.00|0.00|0.00|0.00|0.00|0.00|0.00|0.00|0.00
26,31.20,120,18,0,2,0,0,60|60|0|0|0|0|0|0|0|0|0|0|0|0|0|0|0|0|0|0,14.52|14.52|0.00|0.00|0.00|0.00|0.00|0.00|0.00|0.00|0.00|0.00|0.00|0.00|0.00|0.00|0.00|0.00|0.00|0.00
28,31.20,120,17,1,2,0,0,60|60|0|0|0|0|0|0|0|0|0|0|0|0|0|0|0|0|0|0,14.52|14.52|0.00|0.00|0.00|0.00|0.00|0.00|0.00|0.00|0.00|0.00|0.00|0.00|0.00|0.00|0.00|0.00|0.00|0.00
31,33.58,123,17,0,3,0,0,60|60|3|0|0|0|0|0|0|0|0|0|0|0|0|0|0|0|0|0,14.52|14.52|2.39|0.00|0.00|0.00|0.00|0.00|0.00|0.00|0.00|0.00|0.00|0.00|0.00|0.00|0.00|0.00|0.00|0.00
34,45.29,178,17,0,3,0,0,60|60|58|0|0|0|0|0|0|0|0|0|0|0|0|0|0|0|0|0,14.52|14.52|14.10|0.00|0.00|0.00|0.00|0.00|0.00|0.00|0.00|0.00|0.00|0.00|0.00|0.00|0.00|0.00|0.00|0.00
37,45.72,180,17,0,3,0,0,60|60|60|0|0|0|0|0|0|0|0|0|0|0|0|0|0|0|0|0,14.52|14.52|14.52|0.00|0.00|0.00|0.00|0.00|0.00|0.00|0.00|0.00|0.00|0.00|0.00|0.00|0.00|0.00|0.00|0.00
42,47.25,180,16,1,3,0,0,60|60|60|0|0|0|0|0|0|0|0|0|0|0|0|0|0|0|0|0,14.52|14.52|14.52|1.53|0.00|0.00|0.00|0.00|0.00|0.00|0.00|0.00|0.00|0.00|0.00|0.00|0.00|0.00|0.00|0.00
46,58.97,234,16,0,4,0,0,60|60|60|54|0|0|0|0|0|0|0|0|0|0|0|0|0|0|0|0,14.52|14.52|14.52|13.25|0.00|0.00|0.00|0.00|0.00|0.00|0.00|0.00|0.00|0.00|0.00|0.00|0.00|0.00|0.00|0.00
49,60.24,240,16,0,4,0,0,60|60|60|60|0|0|0|0|0|0|0|0|0|0|0|0|0|0|0|0,14.52|14.52|14.52|14.52|0.00|0.00|0.00|0.00|0.00|0.00|0.00|0.00|0.00|0.00|0.00|0.00|0.00|0.00|0.00|0.00
52,60.24,240,15,1,4,0,0,60|60|60|60|0|0|0|0|0|0|0|0|0|0|0|0|0|0|0|0,14.52|14.52|14.52|14.52|0.00|0.00|0.00|0.00|0.00|0.00|0.00|0.00|0.00|0.00|0.00|0.00|0.00|0.00|0.00|0.00
55,62.42,242,15,0,5,0,0,60|60|60|60|2|0|0|0|0|0|0|0|0|0|0|0|0|0|0|0,14.52|14.52|14.52|14.52|2.17|0.00|0.00|0.00|0.00|0.00|0.00|0.00|0.00|0.00|0.00|0.00|0.00|0.00|0.00|0.00
59,74.55,299,15,0,5,0,0,60|60|60|60|59|0|0|0|0|0|0|0|0|0|0|0|0|0|0|0,14.52|14.52|14.52|14.52|14.31|0.00|0.00|0.00|0.00|0.00|0.00|0.00|0.00|0.00|0.00|0.00|0.00|0.00|0.00|0.00
62,74.77,300,15,0,5,0,0,60|60|60|60|60|0|0|0|0|0|0|0|0|0|0|0|0|0|0|0,14.52|14.52|14.52|14.52|14.52|0.00|0.00|0.00|0.00|0.00|0.00|0.00|0.00|0.00|0.00|0.00|0.00|0.00|0.00|0.00
66,75.79,300,14,1,5,0,0,60|60|60|60|60|0|0|0|0|0|0|0|0|0|0|0|0|0|0|0,14.52|14.52|14.52|14.52|14.52|1.02|0.00|0.00|0.00|0.00|0.00|0.00|0.00|0.00|0.00|0.00|0.00|0.00|0.00|0.00
69,80.56,319,14,0,6,0,0,60|60|60|60|60|19|0|0|0|0|0|0|0|0|0|0|0|0|0|0,14.52|14.52|14.52|14.52|14.52|5.79|0.00|0.00|0.00|0.00|0.00|0.00|0.00|0.00|0.00|0.00|0.00|0.00|0.00|0.00
73,86.31,346,14,0,6,0,0,60|60|60|60|60|46|0|0|0|0|0|0|0|0|0|0|0|0|0|0,14.52|14.52|14.52|14.52|14.52|11.54|0.00|0.00|0.00|0.00|0.00|0.00|0.00|0.00|0.00|0.00|0.00|0.00|0.00|0.00
76,86.31,346,13,1,6,0,0,60|60|60|60|60|46|0|0|0|0|0|0|0|0|0|0|0|0|0|0,14.52|14.52|14.52|14.52|14.52|11.54|0.00|0.00|0.00|0.00|0.00|0.00|0.00|0.00|0.00|0.00|0.00|0.00|0.00|0.00
80,88.05,346,13,1,6,0,0,60|60|60|60|60|46|0|0|0|0|0|0|0|0|0|0|0|0|0|0,14.52|14.52|14.52|14.52|14.52|11.54|1.75|0.00|0.00|0.00|0.00|0.00|0.00|0.00|0.00|0.00|0.00|0.00|0.00|0.00
84,88.05,346,13,1,6,0,0,60|60|60|60|60|46|0|0|0|0|0|0|0|0|0|0|0|0|0|0,14.52|14.52|14.52|14.52|14.52|11.54|1.75|0.00|0.00|0.00|0.00|0.00|0.00|0.00|0.00|0.00|0.00|0.00|0.00|0.00
89,88.05,346,12,2,6,0,0,60|60|60|60|60|46|0|0|0|0|0|0|0|0|0|0|0|0|0|0,14.52|14.52|14.52|14.52|14.52|11.54|1.75|0.00|0.00|0.00|0.00|0.00|0.00|0.00|0.00|0.00|0.00|0.00|0.00|0.00
93,88.10,346,12,2,6,0,0,60|60|60|60|60|46|0|0|0|0|0|0|0|0|0|0|0|0|0|0,14.52|14.52|14.52|14.52|14.52|11.54|1.75|0.04|0.00|0.00|0.00|0.00|0.00|0.00|0.00|0.00|0.00|0.00|0.00|0.00
97,88.10,346,12,2,6,0,0,60|60|60|60|60|46|0|0|0|0|0|0|0|0|0|0|0|0|0|0,14.52|14.52|14.52|14.52|14.52|11.54|1.75|0.04|0.00|0.00|0.00|0.00|0.00|0.00|0.00|0.00|0.00|0.00|0.00|0.00
101,88.10,346,11,3,6,0,0,60|60|60|60|60|46|0|0|0|0|0|0|0|0|0|0|0|0|0|0,14.52|14.52|14.52|14.52|14.52|11.54|1.75|0.04|0.00|0.00|0.00|0.00|0.00|0.00|0.00|0.00|0.00|0.00|0.00|0.00
106,88.14,346,11,3,6,0,0,60|60|60|60|60|46|0|0|0|0|0|0|0|0|0|0|0|0|0|0,14.52|14.52|14.52|14.52|14.52|11.54|1.75|0.04|0.04|0.00|0.00|0.00|0.00|0.00|0.00|0.00|0.00|0.00|0.00|0.00
110,88.14,346,11,3,6,0,0,60|60|60|60|60|46|0|0|0|0|0|0|0|0|0|0|0|0|0|0,14.52|14.52|14.52|14.52|14.52|11.54|1.75|0.04|0.04|0.00|0.00|0.00|0.00|0.00|0.00|0.00|0.00|0.00|0.00|0.00
113,88.14,346,10,4,6,0,0,60|60|60|60|60|46|0|0|0|0|0|0|0|0|0|0|0|0|0|0,14.52|14.52|14.52|14.52|14.52|11.54|1.75|0.04|0.04|0.00|0.00|0.00|0.00|0.00|0.00|0.00|0.00|0.00|0.00|0.00
117,88.18,346,10,4,6,0,0,60|60|60|60|60|46|0|0|0|0|0|0|0|0|0|0|0|0|0|0,14.52|14.52|14.52|14.52|14.52|11.54|1.75|0.04|0.04|0.04|0.00|0.00|0.00|0.00|0.00|0.00|0.00|0.00|0.00|0.00
121,88.18,346,10,4,6,0,0,60|60|60|60|60|46|0|0|0|0|0|0|0|0|0|0|0|0|0|0,14.52|14.52|14.52|14.52|14.52|11.54|1.75|0.04|0.04|0.04|0.00|0.00|0.00|0.00|0.00|0.00|0.00|0.00|0.00|0.00
125,86.69,339,9,5,6,0,0,58|58|58|59|60|46|0|0|0|0|0|0|0|0|0|0|0|0|0|0,14.10|14.10|14.10|14.31|14.52|11.54|1.75|0.04|0.04|0.04|0.00|0.00|0.00|0.00|0.00|0.00|0.00|0.00|0.00|0.00
129,87.12,332,9,5,6,0,0,57|57|57|57|58|46|0|0|0|0|0|0|0|0|0|0|0|0|0|0,13.88|13.88|13.88|13.88|14.10|11.54|1.75|0.04|0.04|0.55|1.41|0.00|0.00|0.00|0.00|0.00|0.00|0.00|0.00|0.00
134,86.78,324,9,5,6,0,0,56|56|56|55|55|46|0|0|0|0|0|0|0|0|0|0|0|0|0|0,13.67|13.67|13.67|13.46|13.46|11.54|1.75|0.04|1.24|0.72|1.41|0.00|0.00|0.00|0.00|0.00|0.00|0.00|0.00|0.00
139,85.20,310,8,4,8,0,0,53|52|53|52|52|46|0|0|1|0|0|1|0|0|0|0|0|0|0|0,13.03|12.82|13.03|12.82|12.82|11.54|1.75|0.04|1.45|0.72|1.41|1.62|0.00|0.00|0.00|0.00|0.00|0.00|0.00|0.00
144,86.31,312,8,1,11,0,0,51|51|50|51|51|46|5|0|1|1|3|2|0|0|0|0|0|0|0|0,12.61|12.61|12.39|12.61|12.61|11.54|2.81|0.04|1.45|0.94|2.39|2.17|0.00|0.00|0.00|0.00|0.00|0.00|0.00|0.00
149,85.80,308,7,1,12,0,0,51|48|49|50|48|47|5|1|2|1|4|2|0|0|0|0|0|0|0|0,12.61|11.97|12.18|12.39|11.97|11.75|2.81|0.26|1.66|1.28|2.60|2.17|0.00|0.00|0.00|0.00|0.00|0.00|0.00|0.00
153,85.54,305,7,1,12,0,0,47|48|49|49|47|47|6|2|2|1|4|3|0|0|0|0|0|0|0|0,11.75|11.97|12.18|12.18|11.75|11.75|3.02|0.47|1.66|1.28|2.60|2.39|0.38|0.00|0.00|0.00|0.00|0.00|0.00|0.00
157,86.73,309,7,1,12,0,0,47|48|48|48|46|47|6|2|2|2|10|3|0|0|0|0|0|0|0|0,11.75|11.97|11.97|11.97|11.54|11.75|3.02|0.64|1.66|1.49|3.88|2.39|0.55|0.00|0.00|0.00|0.00|0.00|0.00|0.00
161,85.46,303,6,1,13,0,0,45|46|47|46|46|47|6|2|2|2|10|3|1|0|0|0|0|0|0|0,11.33|11.54|11.75|11.54|11.54|11.75|3.02|0.64|1.66|1.49|3.88|2.39|0.77|0.00|0.00|0.00|0.00|0.00|0.00|0.00
165,86.69,303,6,1,13,0,0,45|46|46|46|46|46|7|2|2|2|11|3|1|0|0|0|0|0|0|0,11.33|11.54|11.54|11.54|11.54|11.54|3.24|0.64|1.66|1.49|4.09|2.39|0.77|1.24|0.00|0.00|0.00|0.00|0.00|0.00
169,86.69,303,6,1,13,0,0,45|46|46|46|46|46|7|2|2|2|11|3|1|0|0|0|0|0|0|0,11.33|11.54|11.54|11.54|11.54|11.54|3.24|0.64|1.66|1.49|4.09|2.39|0.77|1.24|0.00|0.00|0.00|0.00|0.00|0.00
173,86.69,303,5,2,13,0,0,45|46|46|46|46|46|7|2|2|2|11|3|1|0|0|0|0|0|0|0,11.33|11.54|11.54|11.54|11.54|11.54|3.24|0.64|1.66|1.49|4.09|2.39|0.77|1.24|0.00|0.00|0.00|0.00|0.00|0.00
178,86.73,303,5,2,13,0,0,45|46|46|46|46|46|7|2|2|2|11|3|1|0|0|0|0|0|0|0,11.33|11.54|11.54|11.54|11.54|11.54|3.24|0.64|1.66|1.49|4.09|2.39|0.77|1.24|0.04|0.00|0.00|0.00|0.00|0.00
182,86.73,303,5,2,13,0,0,45|46|46|46|46|46|7|2|2|2|11|3|1|0|0|0|0|0|0|0,11.33|11.54|11.54|11.54|11.54|11.54|3.24|0.64|1.66|1.49|4.09|2.39|0.77|1.24|0.04|0.00|0.00|0.00|0.00|0.00
186,86.73,303,4,3,13,0,0,45|46|46|46|46|46|7|2|2|2|11|3|1|0|0|0|0|0|0|0,11.33|11.54|11.54|11.54|11.54|11.54|3.24|0.64|1.66|1.49|4.09|2.39|0.77|1.24|0.04|0.00|0.00|0.00|0.00|0.00
190,86.78,303,4,3,13,0,0,45|46|46|46|46|46|7|2|2|2|11|3|1|0|0|0|0|0|0|0,11.33|11.54|11.54|11.54|11.54|11.54|3.24|0.64|1.66|1.49|4.09|2.39|0.77|1.24|0.04|0.04|0.00|0.00|0.00|0.00
195,86.78,303,4,3,13,0,0,45|46|46|46|46|46|7|2|2|2|11|3|1|0|0|0|0|0|0|0,11.33|11.54|11.54|11.54|11.54|11.54|3.24|0.64|1.66|1.49|4.09|2.39|0.77|1.24|0.04|0.04|0.00|0.00|0.00|0.00
199,86.56,302,3,4,13,0,0,45|46|45|46|46|46|7|2|2|2|11|3|1|0|0|0|0|0|0|0,11.33|11.54|11.33|11.54|11.54|11.54|3.24|0.64|1.66|1.49|4.09|2.39|0.77|1.24|0.04|0.04|0.00|0.00|0.00|0.00
203,86.95,302,3,4,13,0,0,45|46|45|46|46|46|7|2|2|2|11|3|1|0|0|0|0|0|0|0,11.33|11.54|11.33|11.54|11.54|11.54|3.24|0.64|1.66|1.49|4.09|2.39|0.77|1.24|0.04|0.04|0.38|0.00|0.00|0.00
207,86.90,301,3,4,13,0,0,45|46|45|46|45|46|7|2|2|2|11|3|1|0|0|0|0|0|0|0,11.33|11.54|11.33|11.54|11.33|11.54|3.24|0.64|1.66|1.49|4.09|2.39|0.77|1.24|0.04|0.04|0.55|0.00|0.00|0.00
211,86.48,298,2,5,13,0,0,45|45|45|45|44|46|7|2|2|2|11|3|1|0|0|0|0|0|0|0,11.33|11.33|11.33|11.33|11.12|11.54|3.24|0.64|1.66|1.49|4.09|2.39|0.77|1.24|0.04|0.04|0.55|0.21|0.00|0.00
215,86.31,294,2,4,14,0,0,44|45|43|45|44|45|7|2|2|2|10|3|1|0|0|0|0|1|0|0,11.12|11.33|10.90|11.33|11.12|11.33|3.24|1.32|1.66|1.49|3.88|2.39|0.77|1.24|0.04|0.04|0.55|0.43|0.00|0.00
219,86.52,291,2,4,14,0,0,43|44|43|44|43|44|9|2|2|2|10|3|1|0|0|0|0|1|0|0,10.90|11.12|10.90|11.12|10.90|11.12|3.66|2.00|1.66|1.49|3.88|2.39|0.77|1.24|0.04|0.04|0.55|0.60|0.00|0.00
223,85.46,285,1,5,14,0,0,43|43|41|44|42|42|9|2|2|2|10|3|1|0|0|0|0|1|0|0,10.90|10.90|10.48|11.12|10.69|10.69|3.66|2.17|1.66|1.49|3.88|2.39|0.77|1.24|0.04|0.04|0.55|0.60|0.04|0.00
228,85.41,280,1,5,14,0,0,42|42|41|42|42|42|9|2|2|2|9|3|1|0|0|0|0|1|0|0,10.69|10.69|10.48|10.69|10.69|10.69|3.66|2.17|2.17|1.49|3.66|2.39|0.77|1.75|0.04|0.04|0.55|0.60|0.04|0.00
232,85.37,275,1,5,14,0,0,42|41|40|41|42|41|9|2|2|2|8|3|1|0|0|0|0|1|0|0,10.69|10.48|10.26|10.48|10.69|10.48|3.66|2.17|2.17|1.49|3.45|2.39|0.77|1.75|0.04|0.04|0.72|0.60|0.89|0.00
236,86.14,272,0,6,14,0,0,41|41|40|41|41|41|9|2|2|2|7|3|1|0|0|0|0|1|0|0,10.48|10.48|10.26|10.48|10.48|10.48|3.66|2.17|2.17|1.49|3.24|2.39|0.77|1.75|0.04|0.04|0.72|0.60|0.89|1.41
240,84.48,261,0,6,14,0,0,39|39|38|39|41|39|9|2|2|2|7|2|1|0|0|0|0|1|0|0,10.05|10.05|9.84|10.05|10.48|10.05|3.66|2.17|2.17|2.17|3.24|2.17|0.77|1.75|0.04|0.04|0.72|0.60|0.89|1.41
244,83.75,252,0,5,15,0,0,37|36|38|36|39|39|9|2|2|2|6|2|1|0|0|0|0|1|0|2,9.63|9.41|9.84|9.41|10.05|10.05|3.66|2.17|2.17|2.17|3.02|2.17|0.77|1.75|0.04|0.04|0.72|1.45|0.89|2.17
248,81.62,242,0,5,15,0,0,36|36|35|36|36|36|9|3|2|2|5|2|1|0|0|0|0|1|0|2,9.41|9.41|9.20|9.41|9.41|9.41|3.66|2.39|2.17|2.17|2.81|2.17|0.77|1.75|0.04|0.04|0.72|1.45|0.89|2.17
251,84.39,247,0,3,17,0,0,35|34|35|36|36|34|10|4|2|4|6|4|1|0|0|2|1|1|0|2,9.20|8.99|9.20|9.41|9.41|8.99|3.88|2.60|2.17|2.60|3.02|2.60|0.77|1.75|0.04|2.17|0.94|1.45|0.89|2.17
255,85.50,249,0,1,19,0,0,36|34|34|36|35|35|10|4|2|4|5|4|1|1|1|3|1|1|0|2,9.41|8.99|8.99|9.41|9.20|9.20|3.88|2.60|2.17|2.60|2.81|2.60|0.77|1.96|0.26|2.39|0.94|1.45|1.58|2.17
259,85.29,248,0,1,19,0,0,36|33|33|36|34|35|10|4|4|4|4|4|1|1|1|4|1|1|0|2,9.41|8.77|8.77|9.41|8.99|9.20|3.88|2.60|2.60|2.60|2.60|2.60|0.77|1.96|0.26|2.60|0.94|1.45|1.58|2.17
263,85.92,251,0,1,19,0,0,34|33|33|35|35|34|11|4|5|6|4|4|1|1|1|6|1|1|0|2,8.99|8.77|8.77|9.20|9.20|8.99|4.09|2.60|2.81|3.02|2.60|2.60|0.77|1.96|0.26|3.02|0.94|1.45|1.58|2.17
266,86.14,252,0,1,19,0,0,34|33|33|35|35|34|11|4|6|6|4|4|1|1|1|6|1|1|0|2,8.99|8.77|8.77|9.20|9.20|8.99|4.09|2.60|3.02|3.02|2.60|2.60|0.77|1.96|0.26|3.02|0.94|1.45|1.58|2.17
270,86.14,252,0,1,19,0,0,34|33|33|35|35|34|11|4|6|6|4|4|1|1|1|6|1|1|0|2,8.99|8.77|8.77|9.20|9.20|8.99|4.09|2.60|3.02|3.02|2.60|2.60|0.77|1.96|0.26|3.02|0.94|1.45|1.58|2.17
274,86.14,252,0,1,19,0,0,34|33|33|35|35|34|11|4|6|6|4|4|1|1|1|6|1|1|0|2,8.99|8.77|8.77|9.20|9.20|8.99|4.09|2.60|3.02|3.02|2.60|2.60|0.77|1.96|0.26|3.02|0.94|1.45|1.58|2.17
278,86.14,252,0,1,19,0,0,34|33|33|35|35|34|11|4|6|6|4|4|1|1|1|6|1|1|0|2,8.99|8.77|8.77|9.20|9.20|8.99|4.09|2.60|3.02|3.02|2.60|2.60|0.77|1.96|0.26|3.02|0.94|1.45|1.58|2.17
281,86.14,252,0,1,19,0,0,34|33|33|35|35|34|11|4|6|6|4|4|1|1|1|6|1|1|0|2,8.99|8.77|8.77|9.20|9.20|8.99|4.09|2.60|3.02|3.02|2.60|2.60|0.77|1.96|0.26|3.02|0.94|1.45|1.58|2.17
284,86.14,252,0,1,19,0,0,34|33|33|35|35|34|11|4|6|6|4|4|1|1|1|6|1|1|0|2,8.99|8.77|8.77|9.20|9.20|8.99|4.09|2.60|3.02|3.02|2.60|2.60|0.77|1.96|0.26|3.02|0.94|1.45|1.58|2.17
287,86.14,252,0,1,19,0,0,34|33|33|35|35|34|11|4|6|6|4|4|1|1|1|6|1|1|0|2,8.99|8.77|8.77|9.20|9.20|8.99|4.09|2.60|3.02|3.02|2.60|2.60|0.77|1.96|0.26|3.02|0.94|1.45|1.58|2.17
291,86.14,252,0,1,19,0,0,34|33|33|35|35|34|11|4|6|6|4|4|1|1|1|6|1|1|0|2,8.99|8.77|8.77|9.20|9.20|8.99|4.09|2.60|3.02|3.02|2.60|2.60|0.77|1.96|0.26|3.02|0.94|1.45|1.58|2.17
294,86.14,252,0,1,19,0,0,34|33|33|35|35|34|11|4|6|6|4|4|1|1|1|6|1|1|0|2,8.99|8.77|8.77|9.20|9.20|8.99|4.09|2.60|3.02|3.02|2.60|2.60|0.77|1.96|0.26|3.02|0.94|1.45|1.58|2.17
298,86.14,252,0,1,19,0,0,34|33|33|35|35|34|11|4|6|6|4|4|1|1|1|6|1|1|0|2,8.99|8.77|8.77|9.20|9.20|8.99|4.09|2.60|3.02|3.02|2.60|2.60|0.77|1.96|0.26|3.02|0.94|1.45|1.58|2.17
302,86.14,252,0,1,19,0,0,34|33|33|35|35|34|11|4|6|6|4|4|1|1|1|6|1|1|0|2,8.99|8.77|8.77|9.20|9.20|8.99|4.09|2.60|3.02|3.02|2.60|2.60|0.77|1.96|0.26|3.02|0.94|1.45|1.58|2.17
306,86.14,252,0,1,19,0,0,34|33|33|35|35|34|11|4|6|6|4|4|1|1|1|6|1|1|0|2,8.99|8.77|8.77|9.20|9.20|8.99|4.09|2.60|3.02|3.02|2.60|2.60|0.77|1.96|0.26|3.02|0.94|1.45|1.58|2.17
309,86.14,252,0,1,19,0,0,34|33|33|35|35|34|11|4|6|6|4|4|1|1|1|6|1|1|0|2,8.99|8.77|8.77|9.20|9.20|8.99|4.09|2.60|3.02|3.02|2.60|2.60|0.77|1.96|0.26|3.02|0.94|1.45|1.58|2.17
312,86.14,252,0,1,19,0,0,34|33|33|35|35|34|11|4|6|6|4|4|1|1|1|6|1|1|0|2,8.99|8.77|8.77|9.20|9.20|8.99|4.09|2.60|3.02|3.02|2.60|2.60|0.77|1.96|0.26|3.02|0.94|1.45|1.58|2.17
316,86.14,252,0,1,19,0,0,34|33|33|35|35|34|11|4|6|6|4|4|1|1|1|6|1|1|0|2,8.99|8.77|8.77|9.20|9.20|8.99|4.09|2.60|3.02|3.02|2.60|2.60|0.77|1.96|0.26|3.02|0.94|1.45|1.58|2.17
319,86.14,252,0,1,19,0,0,34|33|33|35|35|34|11|4|6|6|4|4|1|1|1|6|1|1|0|2,8.99|8.77|8.77|9.20|9.20|8.99|4.09|2.60|3.02|3.02|2.60|2.60|0.77|1.96|0.26|3.02|0.94|1.45|1.58|2.17
323,86.14,252,0,1,19,0,0,34|33|33|35|35|34|11|4|6|6|4|4|1|1|1|6|1|1|0|2,8.99|8.77|8.77|9.20|9.20|8.99|4.09|2.60|3.02|3.02|2.60|2.60|0.77|1.96|0.26|3.02|0.94|1.45|1.58|2.17
327,86.14,252,0,1,19,0,0,34|33|33|35|35|34|11|4|6|6|4|4|1|1|1|6|1|1|0|2,8.99|8.77|8.77|9.20|9.20|8.99|4.09|2.60|3.02|3.02|2.60|2.60|0.77|1.96|0.26|3.02|0.94|1.45|1.58|2.17
332,86.14,252,0,1,19,0,0,34|33|33|35|35|34|11|4|6|6|4|4|1|1|1|6|1|1|0|2,8.99|8.77|8.77|9.20|9.20|8.99|4.09|2.60|3.02|3.02|2.60|2.60|0.77|1.96|0.26|3.02|0.94|1.45|1.58|2.17
336,86.14,252,0,1,19,0,0,34|33|33|35|35|34|11|4|6|6|4|4|1|1|1|6|1|1|0|2,8.99|8.77|8.77|9.20|9.20|8.99|4.09|2.60|3.02|3.02|2.60|2.60|0.77|1.96|0.26|3.02|0.94|1.45|1.58|2.17
341,86.14,252,0,1,19,0,0,34|33|33|35|35|34|11|4|6|6|4|4|1|1|1|6|1|1|0|2,8.99|8.77|8.77|9.20|9.20|8.99|4.09|2.60|3.02|3.02|2.60|2.60|0.77|1.96|0.26|3.02|0.94|1.45|1.58|2.17
346,86.14,252,0,1,19,0,0,34|33|33|35|35|34|11|4|6|6|4|4|1|1|1|6|1|1|0|2,8.99|8.77|8.77|9.20|9.20|8.99|4.09|2.60|3.02|3.02|2.60|2.60|0.77|1.96|0.26|3.02|0.94|1.45|1.58|2.17
351,86.14,252,0,1,19,0,0,34|33|33|35|35|34|11|4|6|6|4|4|1|1|1|6|1|1|0|2,8.99|8.77|8.77|9.20|9.20|8.99|4.09|2.60|3.02|3.02|2.60|2.60|0.77|1.96|0.26|3.02|0.94|1.45|1.58|2.17
355,86.14,252,0,1,19,0,0,34|33|33|35|35|34|11|4|6|6|4|4|1|1|1|6|1|1|0|2,8.99|8.77|8.77|9.20|9.20|8.99|4.09|2.60|3.02|3.02|2.60|2.60|0.77|1.96|0.26|3.02|0.94|1.45|1.58|2.17
359,86.14,252,0,1,19,0,0,34|33|33|35|35|34|11|4|6|6|4|4|1|1|1|6|1|1|0|2,8.99|8.77|8.77|9.20|9.20|8.99|4.09|2.60|3.02|3.02|2.60|2.60|0.77|1.96|0.26|3.02|0.94|1.45|1.58|2.17
364,86.14,252,0,1,19,0,0,34|33|33|35|35|34|11|4|6|6|4|4|1|1|1|6|1|1|0|2,8.99|8.77|8.77|9.20|9.20|8.99|4.09|2.60|3.02|3.02|2.60|2.60|0.77|1.96|0.26|3.02|0.94|1.45|1.58|2.17
369,86.14,252,0,1,19,0,0,34|33|33|35|35|34|11|4|6|6|4|4|1|1|1|6|1|1|0|2,8.99|8.77|8.77|9.20|9.20|8.99|4.09|2.60|3.02|3.02|2.60|2.60|0.77|1.96|0.26|3.02|0.94|1.45|1.58|2.17
373,86.14,252,0,1,19,0,0,34|33|33|35|35|34|11|4|6|6|4|4|1|1|1|6|1|1|0|2,8.99|8.77|8.77|9.20|9.20|8.99|4.09|2.60|3.02|3.02|2.60|2.60|0.77|1.96|0.26|3.02|0.94|1.45|1.58|2.17
379,86.14,252,0,1,19,0,0,34|33|33|35|35|34|11|4|6|6|4|4|1|1|1|6|1|1|0|2,8.99|8.77|8.77|9.20|9.20|8.99|4.09|2.60|3.02|3.02|2.60|2.60|0.77|1.96|0.26|3.02|0.94|1.45|1.58|2.17
383,86.14,252,0,1,19,0,0,34|33|33|35|35|34|11|4|6|6|4|4|1|1|1|6|1|1|0|2,8.99|8.77|8.77|9.20|9.20|8.99|4.09|2.60|3.02|3.02|2.60|2.60|0.77|1.96|0.26|3.02|0.94|1.45|1.58|2.17
388,86.14,252,0,1,19,0,0,34|33|33|35|35|34|11|4|6|6|4|4|1|1|1|6|1|1|0|2,8.99|8.77|8.77|9.20|9.20|8.99|4.09|2.60|3.02|3.02|2.60|2.60|0.77|1.96|0.26|3.02|0.94|1.45|1.58|2.17
392,86.14,252,0,1,19,0,0,34|33|33|35|35|34|11|4|6|6|4|4|1|1|1|6|1|1|0|2,8.99|8.77|8.77|9.20|9.20|8.99|4.09|2.60|3.02|3.02|2.60|2.60|0.77|1.96|0.26|3.02|0.94|1.45|1.58|2.17
396,86.14,252,0,1,19,0,0,34|33|33|35|35|34|11|4|6|6|4|4|1|1|1|6|1|1|0|2,8.99|8.77|8.77|9.20|9.20|8.99|4.09|2.60|3.02|3.02|2.60|2.60|0.77|1.96|0.26|3.02|0.94|1.45|1.58|2.17
400,86.14,252,0,1,19,0,0,34|33|33|35|35|34|11|4|6|6|4|4|1|1|1|6|1|1|0|2,8.99|8.77|8.77|9.20|9.20|8.99|4.09|2.60|3.02|3.02|2.60|2.60|0.77|1.96|0.26|3.02|0.94|1.45|1.58|2.17
404,86.14,252,0,1,19,0,0,34|33|33|35|35|34|11|4|6|6|4|4|1|1|1|6|1|1|0|2,8.99|8.77|8.77|9.20|9.20|8.99|4.09|2.60|3.02|3.02|2.60|2.60|0.77|1.96|0.26|3.02|0.94|1.45|1.58|2.17
408,86.14,252,0,1,19,0,0,34|33|33|35|35|34|11|4|6|6|4|4|1|1|1|6|1|1|0|2,8.99|8.77|8.77|9.20|9.20|8.99|4.09|2.60|3.02|3.02|2.60|2.60|0.77|1.96|0.26|3.02|0.94|1.45|1.58|2.17
412,86.14,252,0,1,19,0,0,34|33|33|35|35|34|11|4|6|6|4|4|1|1|1|6|1|1|0|2,8.99|8.77|8.77|9.20|9.20|8.99|4.09|2.60|3.02|3.02|2.60|2.60|0.77|1.96|0.26|3.02|0.94|1.45|1.58|2.17
417,86.14,252,0,1,19,0,0,34|33|33|35|35|34|11|4|6|6|4|4|1|1|1|6|1|1|0|2,8.99|8.77|8.77|9.20|9.20|8.99|4.09|2.60|3.02|3.02|2.60|2.60|0.77|1.96|0.26|3.02|0.94|1.45|1.58|2.17
421,86.14,252,0,1,19,0,0,34|33|33|35|35|34|11|4|6|6|4|4|1|1|1|6|1|1|0|2,8.99|8.77|8.77|9.20|9.20|8.99|4.09|2.60|3.02|3.02|2.60|2.60|0.77|1.96|0.26|3.02|0.94|1.45|1.58|2.17
426,86.14,252,0,1,19,0,0,34|33|33|35|35|34|11|4|6|6|4|4|1|1|1|6|1|1|0|2,8.99|8.77|8.77|9.20|9.20|8.99|4.09|2.60|3.02|3.02|2.60|2.60|0.77|1.96|0.26|3.02|0.94|1.45|1.58|2.17
430,86.14,252,0,1,19,0,0,34|33|33|35|35|34|11|4|6|6|4|4|1|1|1|6|1|1|0|2,8.99|8.77|8.77|9.20|9.20|8.99|4.09|2.60|3.02|3.02|2.60|2.60|0.77|1.96|0.26|3.02|0.94|1.45|1.58|2.17
434,86.14,252,0,1,19,0,0,34|33|33|35|35|34|11|4|6|6|4|4|1|1|1|6|1|1|0|2,8.99|8.77|8.77|9.20|9.20|8.99|4.09|2.60|3.02|3.02|2.60|2.60|0.77|1.96|0.26|3.02|0.94|1.45|1.58|2.17
438,86.14,252,0,1,19,0,0,34|33|33|35|35|34|11|4|6|6|4|4|1|1|1|6|1|1|0|2,8.99|8.77|8.77|9.20|9.20|8.99|4.09|2.60|3.02|3.02|2.60|2.60|0.77|1.96|0.26|3.02|0.94|1.45|1.58|2.17
442,86.14,252,0,1,19,0,0,34|33|33|35|35|34|11|4|6|6|4|4|1|1|1|6|1|1|0|2,8.99|8.77|8.77|9.20|9.20|8.99|4.09|2.60|3.02|3.02|2.60|2.60|0.77|1.96|0.26|3.02|0.94|1.45|1.58|2.17
446,86.14,252,0,1,19,0,0,34|33|33|35|35|34|11|4|6|6|4|4|1|1|1|6|1|1|0|2,8.99|8.77|8.77|9.20|9.20|8.99|4.09|2.60|3.02|3.02|2.60|2.60|0.77|1.96|0.26|3.02|0.94|1.45|1.58|2.17
451,86.14,252,0,1,19,0,0,34|33|33|35|35|34|11|4|6|6|4|4|1|1|1|6|1|1|0|2,8.99|8.77|8.77|9.20|9.20|8.99|4.09|2.60|3.02|3.02|2.60|2.60|0.77|1.96|0.26|3.02|0.94|1.45|1.58|2.17
455,86.14,252,0,1,19,0,0,34|33|33|35|35|34|11|4|6|6|4|4|1|1|1|6|1|1|0|2,8.99|8.77|8.77|9.20|9.20|8.99|4.09|2.60|3.02|3.02|2.60|2.60|0.77|1.96|0.26|3.02|0.94|1.45|1.58|2.17
459,86.14,252,0,1,19,0,0,34|33|33|35|35|34|11|4|6|6|4|4|1|1|1|6|1|1|0|2,8.99|8.77|8.77|9.20|9.20|8.99|4.09|2.60|3.02|3.02|2.60|2.60|0.77|1.96|0.26|3.02|0.94|1.45|1.58|2.17
464,86.14,252,0,1,19,0,0,34|33|33|35|35|34|11|4|6|6|4|4|1|1|1|6|1|1|0|2,8.99|8.77|8.77|9.20|9.20|8.99|4.09|2.60|3.02|3.02|2.60|2.60|0.77|1.96|0.26|3.02|0.94|1.45|1.58|2.17
468,86.14,252,0,1,19,0,0,34|33|33|35|35|34|11|4|6|6|4|4|1|1|1|6|1|1|0|2,8.99|8.77|8.77|9.20|9.20|8.99|4.09|2.60|3.02|3.02|2.60|2.60|0.77|1.96|0.26|3.02|0.94|1.45|1.58|2.17
472,86.14,252,0,1,19,0,0,34|33|33|35|35|34|11|4|6|6|4|4|1|1|1|6|1|1|0|2,8.99|8.77|8.77|9.20|9.20|8.99|4.09|2.60|3.02|3.02|2.60|2.60|0.77|1.96|0.26|3.02|0.94|1.45|1.58|2.17
476,86.14,252,0,1,19,0,0,34|33|33|35|35|34|11|4|6|6|4|4|1|1|1|6|1|1|0|2,8.99|8.77|8.77|9.20|9.20|8.99|4.09|2.60|3.02|3.02|2.60|2.60|0.77|1.96|0.26|3.02|0.94|1.45|1.58|2.17
480,86.14,252,0,1,19,0,0,34|33|33|35|35|34|11|4|6|6|4|4|1|1|1|6|1|1|0|2,8.99|8.77|8.77|9.20|9.20|8.99|4.09|2.60|3.02|3.02|2.60|2.60|0.77|1.96|0.26|3.02|0.94|1.45|1.58|2.17
484,86.14,252,0,1,19,0,0,34|33|33|35|35|34|11|4|6|6|4|4|1|1|1|6|1|1|0|2,8.99|8.77|8.77|9.20|9.20|8.99|4.09|2.60|3.02|3.02|2.60|2.60|0.77|1.96|0.26|3.02|0.94|1.45|1.58|2.17
488,86.14,252,0,1,19,0,0,34|33|33|35|35|34|11|4|6|6|4|4|1|1|1|6|1|1|0|2,8.99|8.77|8.77|9.20|9.20|8.99|4.09|2.60|3.02|3.02|2.60|2.60|0.77|1.96|0.26|3.02|0.94|1.45|1.58|2.17
492,86.14,252,0,1,19,0,0,34|33|33|35|35|34|11|4|6|6|4|4|1|1|1|6|1|1|0|2,8.99|8.77|8.77|9.20|9.20|8.99|4.09|2.60|3.02|3.02|2.60|2.60|0.77|1.96|0.26|3.02|0.94|1.45|1.58|2.17
496,86.14,252,0,1,19,0,0,34|33|33|35|35|34|11|4|6|6|4|4|1|1|1|6|1|1|0|2,8.99|8.77|8.77|9.20|9.20|8.99|4.09|2.60|3.02|3.02|2.60|2.60|0.77|1.96|0.26|3.02|0.94|1.45|1.58|2.17
500,86.14,252,0,1,19,0,0,34|33|33|35|35|34|11|4|6|6|4|4|1|1|1|6|1|1|0|2,8.99|8.77|8.77|9.20|9.20|8.99|4.09|2.60|3.02|3.02|2.60|2.60|0.77|1.96|0.26|3.02|0.94|1.45|1.58|2.17
503,86.14,252,0,1,19,0,0,34|33|33|35|35|34|11|4|6|6|4|4|1|1|1|6|1|1|0|2,8.99|8.77|8.77|9.20|9.20|8.99|4.09|2.60|3.02|3.02|2.60|2.60|0.77|1.96|0.26|3.02|0.94|1.45|1.58|2.17
507,86.14,252,0,1,19,0,0,34|33|33|35|35|34|11|4|6|6|4|4|1|1|1|6|1|1|0|2,8.99|8.77|8.77|9.20|9.20|8.99|4.09|2.60|3.02|3.02|2.60|2.60|0.77|1.96|0.26|3.02|0.94|1.45|1.58|2.17
511,86.14,252,0,1,19,0,0,34|33|33|35|35|34|11|4|6|6|4|4|1|1|1|6|1|1|0|2,8.99|8.77|8.77|9.20|9.20|8.99|4.09|2.60|3.02|3.02|2.60|2.60|0.77|1.96|0.26|3.02|0.94|1.45|1.58|2.17
515,86.14,252,0,1,19,0,0,34|33|33|35|35|34|11|4|6|6|4|4|1|1|1|6|1|1|0|2,8.99|8.77|8.77|9.20|9.20|8.99|4.09|2.60|3.02|3.02|2.60|2.60|0.77|1.96|0.26|3.02|0.94|1.45|1.58|2.17
518,86.14,252,0,1,19,0,0,34|33|33|35|35|34|11|4|6|6|4|4|1|1|1|6|1|1|0|2,8.99|8.77|8.77|9.20|9.20|8.99|4.09|2.60|3.02|3.02|2.60|2.60|0.77|1.96|0.26|3.02|0.94|1.45|1.58|2.17
522,86.14,252,0,1,19,0,0,34|33|33|35|35|34|11|4|6|6|4|4|1|1|1|6|1|1|0|2,8.99|8.77|8.77|9.20|9.20|8.99|4.09|2.60|3.02|3.02|2.60|2.60|0.77|1.96|0.26|3.02|0.94|1.45|1.58|2.17
526,86.14,252,0,1,19,0,0,34|33|33|35|35|34|11|4|6|6|4|4|1|1|1|6|1|1|0|2,8.99|8.77|8.77|9.20|9.20|8.99|4.09|2.60|3.02|3.02|2.60|2.60|0.77|1.96|0.26|3.02|0.94|1.45|1.58|2.17
531,86.14,252,0,1,19,0,0,34|33|33|35|35|34|11|4|6|6|4|4|1|1|1|6|1|1|0|2,8.99|8.77|8.77|9.20|9.20|8.99|4.09|2.60|3.02|3.02|2.60|2.60|0.77|1.96|0.26|3.02|0.94|1.45|1.58|2.17
535,86.14,252,0,1,19,0,0,34|33|33|35|35|34|11|4|6|6|4|4|1|1|1|6|1|1|0|2,8.99|8.77|8.77|9.20|9.20|8.99|4.09|2.60|3.02|3.02|2.60|2.60|0.77|1.96|0.26|3.02|0.94|1.45|1.58|2.17
539,86.14,252,0,1,19,0,0,34|33|33|35|35|34|11|4|6|6|4|4|1|1|1|6|1|1|0|2,8.99|8.77|8.77|9.20|9.20|8.99|4.09|2.60|3.02|3.02|2.60|2.60|0.77|1.96|0.26|3.02|0.94|1.45|1.58|2.17
542,86.14,252,0,1,19,0,0,34|33|33|35|35|34|11|4|6|6|4|4|1|1|1|6|1|1|0|2,8.99|8.77|8.77|9.20|9.20|8.99|4.09|2.60|3.02|3.02|2.60|2.60|0.77|1.96|0.26|3.02|0.94|1.45|1.58|2.17
547,86.14,252,0,1,19,0,0,34|33|33|35|35|34|11|4|6|6|4|4|1|1|1|6|1|1|0|2,8.99|8.77|8.77|9.20|9.20|8.99|4.09|2.60|3.02|3.02|2.60|2.60|0.77|1.96|0.26|3.02|0.94|1.45|1.58|2.17
550,86.14,252,0,1,19,0,0,34|33|33|35|35|34|11|4|6|6|4|4|1|1|1|6|1|1|0|2,8.99|8.77|8.77|9.20|9.20|8.99|4.09|2.60|3.02|3.02|2.60|2.60|0.77|1.96|0.26|3.02|0.94|1.45|1.58|2.17
554,86.14,252,0,1,19,0,0,34|33|33|35|35|34|11|4|6|6|4|4|1|1|1|6|1|1|0|2,8.99|8.77|8.77|9.20|9.20|8.99|4.09|2.60|3.02|3.02|2.60|2.60|0.77|1.96|0.26|3.02|0.94|1.45|1.58|2.17
558,86.14,252,0,1,19,0,0,34|33|33|35|35|34|11|4|6|6|4|4|1|1|1|6|1|1|0|2,8.99|8.77|8.77|9.20|9.20|8.99|4.09|2.60|3.02|3.02|2.60|2.60|0.77|1.96|0.26|3.02|0.94|1.45|1.58|2.17
562,86.14,252,0,1,19,0,0,34|33|33|35|35|34|11|4|6|6|4|4|1|1|1|6|1|1|0|2,8.99|8.77|8.77|9.20|9.20|8.99|4.09|2.60|3.02|3.02|2.60|2.60|0.77|1.96|0.26|3.02|0.94|1.45|1.58|2.17
565,86.14,252,0,1,19,0,0,34|33|33|35|35|34|11|4|6|6|4|4|1|1|1|6|1|1|0|2,8.99|8.77|8.77|9.20|9.20|8.99|4.09|2.60|3.02|3.02|2.60|2.60|0.77|1.96|0.26|3.02|0.94|1.45|1.58|2.17
569,86.14,252,0,1,19,0,0,34|33|33|35|35|34|11|4|6|6|4|4|1|1|1|6|1|1|0|2,8.99|8.77|8.77|9.20|9.20|8.99|4.09|2.60|3.02|3.02|2.60|2.60|0.77|1.96|0.26|3.02|0.94|1.45|1.58|2.17
572,86.14,252,0,0,19,0,0,34|33|33|35|35|34|11|4|6|6|4|4|1|1|1|6|1|1|0|2,8.99|8.77|8.77|9.20|9.20|8.99|4.09|2.60|3.02|3.02|2.60|2.60|0.77|1.96|0.26|3.02|0.94|1.45|1.58|2.17
576,86.14,252,0,0,19,0,0,34|33|33|35|35|34|11|4|6|6|4|4|1|1|1|6|1|1|0|2,8.99|8.77|8.77|9.20|9.20|8.99|4.09|2.60|3.02|3.02|2.60|2.60|0.77|1.96|0.26|3.02|0.94|1.45|1.58|2.17
580,84.22,243,0,0,19,0,0,25|33|33|35|35|34|11|4|6|6|4|4|1|1|1|6|1|1|0|2,7.07|8.77|8.77|9.20|9.20|8.99|4.09|2.60|3.02|3.02|2.60|2.60|0.77|1.96|0.26|3.02|0.94|1.45|1.58|2.17
583,61.78,153,0,0,17,2,0,0|0|1|35|35|34|11|4|6|6|4|4|1|1|1|6|1|1|0|2,0.00|0.21|1.96|9.20|9.20|8.99|4.09|2.60|3.02|3.02|2.60|2.60|0.77|1.96|0.26|3.02|0.94|1.45|1.58|2.17
587,41.55,78,0,0,14,4,0,0|0|0|0|0|30|11|4|6|6|4|4|1|1|1|6|1|1|0|2,0.00|0.00|0.34|0.00|0.85|8.13|4.09|2.60|3.02|3.02|2.60|2.60|0.77|1.96|0.26|3.02|0.94|1.45|1.58|2.17
590,27.58,32,0,0,11,5,0,0|0|0|0|0|0|0|0|5|6|4|4|1|1|1|6|1|1|0|2,0.00|0.00|0.17|0.00|0.17|0.17|0.17|1.58|2.81|3.02|2.60|2.60|0.77|1.96|0.26|3.02|0.94|1.45|1.58|2.17
592,21.78,21,0,0,9,7,0,0|0|0|0|0|0|0|0|0|0|4|4|1|1|1|6|1|1|0|2,0.00|0.00|0.00|0.00|0.00|0.17|0.17|0.38|0.17|1.41|2.60|2.60|0.77|1.96|0.26|3.02|0.94|1.45|1.58|2.17
594,17.70,15,0,0,8,6,0,0|0|0|0|0|0|0|0|0|0|0|2|1|1|1|6|1|1|0|2,0.00|0.00|0.00|0.00|0.00|0.00|0.00|0.34|0.00|0.38|0.51|2.17|0.77|1.96|0.26|3.02|0.94|1.45|1.58|2.17
595,14.42,11,0,0,5,6,0,0|0|0|0|0|0|0|0|0|0|0|0|0|0|1|6|1|1|0|2,0.00|0.00|0.00|0.00|0.00|0.00|0.00|0.00|0.00|0.38|0.34|0.17|0.21|1.75|0.26|3.02|0.94|1.45|1.58|2.17
597,12.76,10,0,0,4,4,0,0|0|0|0|0|0|0|0|0|0|0|0|0|0|0|6|1|1|0|2,0.00|0.00|0.00|0.00|0.00|0.00|0.00|0.00|0.00|0.38|0.34|0.17|0.00|0.51|0.04|3.02|0.94|1.45|1.58|2.17
598,11.65,8,0,0,4,2,0,0|0|0|0|0|0|0|0|0|0|0|0|0|0|0|4|1|1|0|2,0.00|0.00|0.00|0.00|0.00|0.00|0.00|0.00|0.00|0.21|0.17|0.17|0.00|0.17|0.04|2.60|0.94|1.45|1.58|2.17
600,9.09,3,0,0,2,3,0,0|0|0|0|0|0|0|0|0|0|0|0|0|0|0|0|0|1|0|2,0.00|0.00|0.00|0.00|0.00|0.00|0.00|0.00|0.00|0.17|0.17|0.17|0.00|0.17|0.00|0.51|0.55|1.45|1.58|2.17
601,7.60,2,0,0,1,2,0,0|0|0|0|0|0|0|0|0|0|0|0|0|0|0|0|0|0|0|2,0.00|0.00|0.00|0.00|0.00|0.00|0.00|0.00|0.00|0.17|0.00|0.17|0.00|0.17|0.00|0.00|0.34|1.02|1.41|2.17
603,6.07,2,0,0,1,1,0,0|0|0|0|0|0|0|0|0|0|0|0|0|0|0|0|0|0|0|2,0.00|0.00|0.00|0.00|0.00|0.00|0.00|0.00|0.00|0.00|0.00|0.00|0.00|0.17|0.00|0.00|0.34|0.51|0.72|2.17
604,4.03,0,0,0,0,2,0,0|0|0|0|0|0|0|0|0|0|0|0|0|0|0|0|0|0|0|0,0.00|0.00|0.00|0.00|0.00|0.00|0.00|0.00|0.00|0.00|0.00|0.00|0.00|0.00|0.00|0.00|0.34|0.51|0.34|0.68
606,3.68,0,0,0,0,0,0,0|0|0|0|0|0|0|0|0|0|0|0|0|0|0|0|0|0|0|0,0.00|0.00|0.00|0.00|0.00|0.00|0.00|0.00|0.00|0.00|0.00|0.00|0.00|0.00|0.00|0.00|0.34|0.51|0.17|0.51
