3,53.39,0,5,1,0,0,401,0|0|0|0|0|0,0.00|0.00|0.00|0.00|0.00|0.00
6,58.33,15,5,0,1,0,401,15|0|0|0|0|0,4.94|0.00|0.00|0.00|0.00|0.00
9,59.65,18,4,0,2,0,401,15|3|0|0|0|0,4.94|1.32|0.00|0.00|0.00|0.00
12,71.15,67,4,0,2,0,401,52|15|0|0|0|0,12.82|4.94|0.00|0.00|0.00|0.00
16,80.18,102,3,1,2,0,400,60|42|0|0|0|0,14.52|10.69|1.70|0.00|0.00|0.00
20,86.18,126,2,1,3,0,400,60|60|6|0|0|0,14.52|14.52|3.02|0.85|0.00|0.00
24,87.07,126,1,2,3,0,400,60|60|6|0|0|0,14.52|14.52|3.02|1.75|0.00|0.00
29,88.48,126,1,2,3,0,400,60|60|6|0|0|0,14.52|14.52|3.02|1.75|1.41|0.00
33,88.52,126,0,3,3,0,400,60|60|6|0|0|0,14.52|14.52|3.02|1.75|1.41|0.04
37,88.52,126,0,3,3,0,400,60|60|6|0|0|0,14.52|14.52|3.02|1.75|1.41|0.04
42,88.52,126,0,3,3,0,400,60|60|6|0|0|0,14.52|14.52|3.02|1.75|1.41|0.04
47,88.52,126,0,3,3,0,400,60|60|6|0|0|0,14.52|14.52|3.02|1.75|1.41|0.04
51,87.88,123,0,3,3,0,400,57|60|6|0|0|0,13.88|14.52|3.02|1.75|1.41|0.04
55,87.46,121,0,2,4,0,400,53|53|8|7|0|0,13.03|13.03|3.45|3.24|1.41|0.04
60,88.44,124,0,1,5,0,400,53|53|8|7|3|0,13.03|13.03|3.45|3.24|2.39|0.04
64,88.44,124,0,1,5,0,400,53|53|8|7|3|0,13.03|13.03|3.45|3.24|2.39|0.04
68,88.44,124,0,1,5,0,400,53|53|8|7|3|0,13.03|13.03|3.45|3.24|2.39|0.04
73,88.44,124,0,1,5,0,400,53|53|8|7|3|0,13.03|13.03|3.45|3.24|2.39|0.04
77,88.44,124,0,1,5,0,400,53|53|8|7|3|0,13.03|13.03|3.45|3.24|2.39|0.04
81,88.44,124,0,1,5,0,400,53|53|8|7|3|0,13.03|13.03|3.45|3.24|2.39|0.04
85,86.95,117,0,1,5,0,400,53|46|8|7|3|0,13.03|11.54|3.45|3.24|2.39|0.04
89,77.58,73,0,1,5,0,400,53|2|8|7|3|0,13.03|2.17|3.45|3.24|2.39|0.04
93,69.27,34,0,1,5,0,400,2|2|8|7|15|0,2.17|2.17|3.45|3.24|4.94|0.04
97,79.28,73,0,0,6,0,400,2|2|8|7|39|15,2.17|2.17|3.45|3.24|10.05|4.94
100,75.11,102,0,0,6,0,319,2|6|8|7|60|19,2.17|3.02|3.45|3.24|14.52|5.79
104,73.32,102,0,0,6,0,305,2|6|8|7|60|19,2.17|3.02|3.45|3.24|14.52|5.79
108,84.31,156,0,0,6,0,301,23|27|8|7|60|31,6.64|7.50|3.45|3.24|14.52|8.35
112,85.88,164,0,0,6,0,300,23|27|8|7|60|39,6.64|7.50|3.45|3.24|14.52|10.05
116,85.88,164,0,0,6,0,300,23|27|8|7|60|39,6.64|7.50|3.45|3.24|14.52|10.05
120,85.88,164,0,0,6,0,300,23|27|8|7|60|39,6.64|7.50|3.45|3.24|14.52|10.05
124,85.88,164,0,0,6,0,300,23|27|8|7|60|39,6.64|7.50|3.45|3.24|14.52|10.05
128,85.88,164,0,0,6,0,300,23|27|8|7|60|39,6.64|7.50|3.45|3.24|14.52|10.05
132,85.88,164,0,0,6,0,300,23|27|8|7|60|39,6.64|7.50|3.45|3.24|14.52|10.05
136,85.88,164,0,0,6,0,300,23|27|8|7|60|39,6.64|7.50|3.45|3.24|14.52|10.05
140,85.24,161,0,0,6,0,300,23|26|8|7|58|39,6.64|7.28|3.45|3.24|14.10|10.05
144,85.88,164,0,0,6,0,300,19|23|21|7|55|39,5.79|6.64|6.22|3.24|13.46|10.05
147,86.52,167,0,0,6,0,300,19|23|35|7|55|28,5.79|6.64|9.20|3.24|13.46|7.71
151,86.95,169,0,0,6,0,300,19|23|37|7|55|28,5.79|6.64|9.63|3.24|13.46|7.71
155,86.95,169,0,0,6,0,300,19|23|37|7|55|28,5.79|6.64|9.63|3.24|13.46|7.71
159,86.95,169,0,0,6,0,300,19|23|37|7|55|28,5.79|6.64|9.63|3.24|13.46|7.71
162,86.95,169,0,0,6,0,300,19|23|37|7|55|28,5.79|6.64|9.63|3.24|13.46|7.71
167,86.95,169,0,0,6,0,300,19|23|37|7|55|28,5.79|6.64|9.63|3.24|13.46|7.71
171,86.95,169,0,0,6,0,300,19|23|37|7|55|28,5.79|6.64|9.63|3.24|13.46|7.71
175,86.95,169,0,0,6,0,300,19|23|37|7|55|28,5.79|6.64|9.63|3.24|13.46|7.71
179,86.95,169,0,0,6,0,300,19|23|37|7|55|28,5.79|6.64|9.63|3.24|13.46|7.71
183,86.95,169,0,0,6,0,300,19|23|37|7|55|28,5.79|6.64|9.63|3.24|13.46|7.71
187,86.09,165,0,0,6,0,300,19|19|37|7|55|28,5.79|5.79|9.63|3.24|13.46|7.71
190,80.30,166,0,0,6,0,253,19|20|37|7|55|28,5.79|6.01|9.63|3.24|13.46|7.71
194,74.04,166,0,0,6,0,204,19|20|37|7|55|28,5.79|6.01|9.63|3.24|13.46|7.71
198,78.98,191,0,0,6,0,201,19|45|37|7|55|28,5.79|11.33|9.63|3.24|13.46|7.71
202,78.85,191,0,0,6,0,200,19|45|37|7|55|28,5.79|11.33|9.63|3.24|13.46|7.71
206,79.07,192,0,0,6,0,200,19|46|37|7|55|28,5.79|11.54|9.63|3.24|13.46|7.71
210,79.07,192,0,0,6,0,200,19|46|37|7|55|28,5.79|11.54|9.63|3.24|13.46|7.71
214,79.07,192,0,0,6,0,200,19|46|37|7|55|28,5.79|11.54|9.63|3.24|13.46|7.71
218,79.07,192,0,0,6,0,200,19|46|37|7|55|28,5.79|11.54|9.63|3.24|13.46|7.71
223,79.07,192,0,0,6,0,200,19|46|37|7|55|28,5.79|11.54|9.63|3.24|13.46|7.71
226,79.07,192,0,0,6,0,200,19|46|37|7|55|28,5.79|11.54|9.63|3.24|13.46|7.71
230,79.07,192,0,0,6,0,200,19|46|37|7|55|28,5.79|11.54|9.63|3.24|13.46|7.71
233,79.07,192,0,0,6,0,200,19|46|37|7|55|28,5.79|11.54|9.63|3.24|13.46|7.71
237,79.07,192,0,0,6,0,200,19|46|37|7|55|28,5.79|11.54|9.63|3.24|13.46|7.71
241,79.07,192,0,0,6,0,200,19|46|37|7|55|28,5.79|11.54|9.63|3.24|13.46|7.71
245,79.07,192,0,0,6,0,200,19|46|37|7|55|28,5.79|11.54|9.63|3.24|13.46|7.71
248,79.07,192,0,0,6,0,200,19|46|37|7|55|28,5.79|11.54|9.63|3.24|13.46|7.71
252,79.07,192,0,0,6,0,200,19|46|37|7|55|28,5.79|11.54|9.63|3.24|13.46|7.71
257,79.07,192,0,0,6,0,200,19|46|37|7|55|28,5.79|11.54|9.63|3.24|13.46|7.71
260,79.07,192,0,0,6,0,200,19|46|37|7|55|28,5.79|11.54|9.63|3.24|13.46|7.71
264,79.07,192,0,0,6,0,200,19|46|37|7|55|28,5.79|11.54|9.63|3.24|13.46|7.71
268,79.07,192,0,0,6,0,200,19|46|37|7|55|28,5.79|11.54|9.63|3.24|13.46|7.71
271,79.07,192,0,0,6,0,200,19|46|37|7|55|28,5.79|11.54|9.63|3.24|13.46|7.71
275,79.07,192,0,0,6,0,200,19|46|37|7|55|28,5.79|11.54|9.63|3.24|13.46|7.71
279,79.07,192,0,0,6,0,200,19|46|37|7|55|28,5.79|11.54|9.63|3.24|13.46|7.71
282,71.32,197,0,0,6,0,131,19|46|39|10|55|28,5.79|11.54|10.05|3.88|13.46|7.71
286,69.57,205,0,0,6,0,104,22|46|39|13|57|28,6.43|11.54|10.05|4.51|13.88|7.71
289,71.74,217,0,0,6,0,101,22|46|39|13|57|40,6.43|11.54|10.05|4.51|13.88|10.26
292,79.71,255,0,0,6,0,100,58|46|39|13|58|41,14.10|11.54|10.05|4.51|14.10|10.48
296,81.20,262,0,0,6,0,100,60|46|39|13|60|44,14.52|11.54|10.05|4.51|14.52|11.12
299,81.41,263,0,0,6,0,100,60|46|39|13|60|45,14.52|11.54|10.05|4.51|14.52|11.33
303,81.41,263,0,0,6,0,100,60|46|39|13|60|45,14.52|11.54|10.05|4.51|14.52|11.33
306,81.41,263,0,0,6,0,100,60|46|39|13|60|45,14.52|11.54|10.05|4.51|14.52|11.33
310,81.41,263,0,0,6,0,100,60|46|39|13|60|45,14.52|11.54|10.05|4.51|14.52|11.33
314,81.41,263,0,0,6,0,100,60|46|39|13|60|45,14.52|11.54|10.05|4.51|14.52|11.33
318,81.41,263,0,0,6,0,100,60|46|39|13|60|45,14.52|11.54|10.05|4.51|14.52|11.33
322,81.41,263,0,0,6,0,100,60|46|39|13|60|45,14.52|11.54|10.05|4.51|14.52|11.33
325,81.41,263,0,0,6,0,100,60|46|39|13|60|45,14.52|11.54|10.05|4.51|14.52|11.33
329,81.41,263,0,0,6,0,100,60|46|39|13|60|45,14.52|11.54|10.05|4.51|14.52|11.33
333,81.41,263,0,0,6,0,100,60|46|39|13|60|45,14.52|11.54|10.05|4.51|14.52|11.33
337,81.41,263,0,0,6,0,100,60|46|39|13|60|45,14.52|11.54|10.05|4.51|14.52|11.33
340,81.41,263,0,0,6,0,100,60|46|39|13|60|45,14.52|11.54|10.05|4.51|14.52|11.33
344,81.41,263,0,0,6,0,100,60|46|39|13|60|45,14.52|11.54|10.05|4.51|14.52|11.33
348,81.41,263,0,0,6,0,100,60|46|39|13|60|45,14.52|11.54|10.05|4.51|14.52|11.33
352,81.41,263,0,0,6,0,100,60|46|39|13|60|45,14.52|11.54|10.05|4.51|14.52|11.33
355,81.41,263,0,0,6,0,100,60|46|39|13|60|45,14.52|11.54|10.05|4.51|14.52|11.33
359,81.41,263,0,0,6,0,100,60|46|39|13|60|45,14.52|11.54|10.05|4.51|14.52|11.33
362,81.41,263,0,0,6,0,100,60|46|39|13|60|45,14.52|11.54|10.05|4.51|14.52|11.33
367,81.41,263,0,0,6,0,100,60|46|39|13|60|45,14.52|11.54|10.05|4.51|14.52|11.33
371,81.41,263,0,0,6,0,100,60|46|39|13|60|45,14.52|11.54|10.05|4.51|14.52|11.33
375,90.23,263,0,0,6,0,169,60|46|39|13|60|45,14.52|11.54|10.05|4.51|14.52|11.33
379,90.23,263,0,0,6,0,169,60|46|39|13|60|45,14.52|11.54|10.05|4.51|14.52|11.33
383,90.23,263,0,0,6,0,169,60|46|39|13|60|45,14.52|11.54|10.05|4.51|14.52|11.33
387,90.23,263,0,0,6,0,169,60|46|39|13|60|45,14.52|11.54|10.05|4.51|14.52|11.33
391,90.23,263,0,0,6,0,169,60|46|39|13|60|45,14.52|11.54|10.05|4.51|14.52|11.33
395,90.23,263,0,0,6,0,169,60|46|39|13|60|45,14.52|11.54|10.05|4.51|14.52|11.33
399,90.23,263,0,0,6,0,169,60|46|39|13|60|45,14.52|11.54|10.05|4.51|14.52|11.33
403,90.23,263,0,0,6,0,169,60|46|39|13|60|45,14.52|11.54|10.05|4.51|14.52|11.33
406,80.64,218,0,0,6,0,169,37|46|39|13|38|45,9.63|11.54|10.05|4.51|9.84|11.33
410,80.64,218,0,0,6,0,169,37|46|39|13|38|45,9.63|11.54|10.05|4.51|9.84|11.33
414,80.64,218,0,0,6,0,169,37|46|39|13|38|45,9.63|11.54|10.05|4.51|9.84|11.33
417,81.92,224,0,0,6,0,169,43|46|39|13|38|45,10.90|11.54|10.05|4.51|9.84|11.33
421,87.67,251,0,0,6,0,169,43|46|51|13|38|60,10.90|11.54|12.61|4.51|9.84|14.52
425,90.01,262,0,0,6,0,169,43|46|60|15|38|60,10.90|11.54|14.52|4.94|9.84|14.52
428,90.01,262,0,0,6,0,169,43|46|60|15|38|60,10.90|11.54|14.52|4.94|9.84|14.52
432,90.01,262,0,0,6,0,169,43|46|60|15|38|60,10.90|11.54|14.52|4.94|9.84|14.52
435,90.01,262,0,0,6,0,169,43|46|60|15|38|60,10.90|11.54|14.52|4.94|9.84|14.52
439,90.14,262,0,0,6,0,170,43|46|60|15|38|60,10.90|11.54|14.52|4.94|9.84|14.52
443,90.14,262,0,0,6,0,170,43|46|60|15|38|60,10.90|11.54|14.52|4.94|9.84|14.52
446,90.14,262,0,0,6,0,170,43|46|60|15|38|60,10.90|11.54|14.52|4.94|9.84|14.52
450,89.93,261,0,0,6,0,170,42|46|60|15|38|60,10.69|11.54|14.52|4.94|9.84|14.52
453,89.93,261,0,0,6,0,170,42|46|60|15|38|60,10.69|11.54|14.52|4.94|9.84|14.52
457,89.93,261,0,0,6,0,170,42|47|59|15|38|60,10.69|11.75|14.31|4.94|9.84|14.52
461,89.93,261,0,0,6,0,170,43|47|59|15|38|59,10.90|11.75|14.31|4.94|9.84|14.31
465,89.97,260,0,0,6,0,172,43|47|59|15|37|59,10.90|11.75|14.31|4.94|9.63|14.31
469,90.23,260,0,0,6,0,174,43|47|59|15|37|59,10.90|11.75|14.31|4.94|9.63|14.31
473,90.14,259,0,0,6,0,175,43|47|59|14|37|59,10.90|11.75|14.31|4.73|9.63|14.31
477,90.27,259,0,0,6,0,176,43|47|59|14|37|59,10.90|11.75|14.31|4.73|9.63|14.31
482,90.27,259,0,0,6,0,176,43|47|59|14|37|59,10.90|11.75|14.31|4.73|9.63|14.31
486,90.27,259,0,0,6,0,176,43|47|59|14|37|59,10.90|11.75|14.31|4.73|9.63|14.31
490,90.27,259,0,0,6,0,176,43|47|59|14|37|59,10.90|11.75|14.31|4.73|9.63|14.31
494,90.27,259,0,0,6,0,176,43|47|59|14|37|59,10.90|11.75|14.31|4.73|9.63|14.31
498,86.39,212,0,0,6,0,224,28|47|43|14|37|43,7.71|11.75|10.90|4.73|9.63|10.90
502,83.54,177,0,0,6,0,260,28|47|43|14|2|43,7.71|11.75|10.90|4.73|2.17|10.90
506,85.16,184,0,0,6,0,261,28|59|43|2|9|43,7.71|14.31|10.90|2.17|3.66|10.90
511,90.48,209,0,0,6,0,261,28|60|43|2|33|43,7.71|14.52|10.90|2.17|8.77|10.90
515,90.91,211,0,0,6,0,261,28|60|43|2|33|45,7.71|14.52|10.90|2.17|8.77|11.33
518,90.91,211,0,0,6,0,261,28|60|43|2|33|45,7.71|14.52|10.90|2.17|8.77|11.33
522,90.91,211,0,0,6,0,261,28|60|43|2|33|45,7.71|14.52|10.90|2.17|8.77|11.33
526,90.91,211,0,0,6,0,261,28|60|43|2|33|45,7.71|14.52|10.90|2.17|8.77|11.33
530,91.04,211,0,0,6,0,262,28|60|43|2|33|45,7.71|14.52|10.90|2.17|8.77|11.33
534,91.04,211,0,0,6,0,262,28|60|43|2|33|45,7.71|14.52|10.90|2.17|8.77|11.33
538,91.04,211,0,0,6,0,262,28|60|43|2|33|45,7.71|14.52|10.90|2.17|8.77|11.33
542,91.04,211,0,0,6,0,262,28|60|43|2|33|45,7.71|14.52|10.90|2.17|8.77|11.33
546,90.61,209,0,0,6,0,262,28|59|43|2|33|44,7.71|14.31|10.90|2.17|8.77|11.12
550,90.61,209,0,0,6,0,262,28|59|43|2|33|44,7.71|14.31|10.90|2.17|8.77|11.12
554,90.57,207,0,0,6,0,265,28|59|43|2|31|44,7.71|14.31|10.90|2.17|8.35|11.12
558,91.08,207,0,0,6,0,269,28|59|43|2|31|44,7.71|14.31|10.90|2.17|8.35|11.12
563,91.08,207,0,0,6,0,269,28|59|43|2|31|44,7.71|14.31|10.90|2.17|8.35|11.12
567,91.08,207,0,0,6,0,269,28|59|43|2|31|44,7.71|14.31|10.90|2.17|8.35|11.12
571,91.08,207,0,0,6,0,269,28|59|43|2|31|44,7.71|14.31|10.90|2.17|8.35|11.12
574,91.08,207,0,0,6,0,269,28|59|43|2|31|44,7.71|14.31|10.90|2.17|8.35|11.12
579,91.08,207,0,0,6,0,269,28|59|43|2|31|44,7.71|14.31|10.90|2.17|8.35|11.12
583,91.08,207,0,0,6,0,269,28|59|43|2|31|44,7.71|14.31|10.90|2.17|8.35|11.12
587,85.97,183,0,0,6,0,269,28|51|43|2|23|36,7.71|12.61|10.90|2.17|6.64|9.41
592,91.46,183,0,0,6,0,312,28|51|43|2|23|36,7.71|12.61|10.90|2.17|6.64|9.41
595,91.46,183,0,0,6,0,312,28|51|43|2|23|36,7.71|12.61|10.90|2.17|6.64|9.41
599,91.46,183,0,0,6,0,312,28|51|43|2|23|36,7.71|12.61|10.90|2.17|6.64|9.41
603,91.46,183,0,0,6,0,312,28|51|43|2|23|36,7.71|12.61|10.90|2.17|6.64|9.41
607,91.46,183,0,0,6,0,312,28|51|43|2|23|36,7.71|12.61|10.90|2.17|6.64|9.41
611,91.46,183,0,0,6,0,312,28|51|43|2|23|36,7.71|12.61|10.90|2.17|6.64|9.41
615,91.46,183,0,0,6,0,312,28|51|43|2|23|36,7.71|12.61|10.90|2.17|6.64|9.41
619,91.46,183,0,0,6,0,312,28|51|43|2|23|36,7.71|12.61|10.90|2.17|6.64|9.41
623,89.67,141,0,0,6,0,368,28|51|43|2|2|15,7.71|12.61|10.90|2.17|2.17|4.94
627,90.95,141,0,0,6,0,378,28|51|43|2|2|15,7.71|12.61|10.90|2.17|2.17|4.94
631,87.33,124,0,0,6,0,378,28|34|43|2|2|15,7.71|8.99|10.90|2.17|2.17|4.94
635,85.20,114,0,0,6,0,378,29|9|45|4|7|20,7.92|3.66|11.33|2.60|3.24|6.01
639,90.95,141,0,0,6,0,378,30|9|45|17|20|20,8.13|3.66|11.33|5.37|6.01|6.01
642,90.95,141,0,0,6,0,378,30|9|45|17|20|20,8.13|3.66|11.33|5.37|6.01|6.01
646,90.95,141,0,0,6,0,378,30|9|45|17|20|20,8.13|3.66|11.33|5.37|6.01|6.01
650,90.95,141,0,0,6,0,378,30|9|45|17|20|20,8.13|3.66|11.33|5.37|6.01|6.01
654,90.95,141,0,0,6,0,378,30|9|45|17|20|20,8.13|3.66|11.33|5.37|6.01|6.01
658,90.95,141,0,0,6,0,378,30|9|45|17|20|20,8.13|3.66|11.33|5.37|6.01|6.01
662,90.95,141,0,0,6,0,378,30|9|45|17|20|20,8.13|3.66|11.33|5.37|6.01|6.01
666,90.95,141,0,0,6,0,378,30|9|45|17|20|20,8.13|3.66|11.33|5.37|6.01|6.01
671,90.95,141,0,0,6,0,378,30|9|45|17|20|20,8.13|3.66|11.33|5.37|6.01|6.01
675,84.77,112,0,0,6,0,378,30|2|45|6|9|20,8.13|2.17|11.33|3.02|3.66|6.01
679,87.76,126,0,0,6,0,378,30|2|45|20|9|20,8.13|2.17|11.33|6.01|3.66|6.01
684,90.44,132,0,0,6,0,389,30|2|45|23|12|20,8.13|2.17|11.33|6.64|4.30|6.01
688,90.44,132,0,0,6,0,389,30|2|45|23|12|20,8.13|2.17|11.33|6.64|4.30|6.01
692,90.44,132,0,0,6,0,389,30|2|45|23|12|20,8.13|2.17|11.33|6.64|4.30|6.01
695,81.88,132,0,0,6,0,322,30|2|45|23|12|20,8.13|2.17|11.33|6.64|4.30|6.01
699,73.19,132,0,0,6,0,254,30|2|45|23|12|20,8.13|2.17|11.33|6.64|4.30|6.01
702,65.40,132,0,0,6,0,193,30|2|45|23|12|20,8.13|2.17|11.33|6.64|4.30|6.01
705,57.86,132,0,0,6,0,134,30|2|45|23|12|20,8.13|2.17|11.33|6.64|4.30|6.01
707,43.89,102,0,0,5,1,80,0|2|45|23|12|20,1.06|2.17|11.33|6.64|4.30|6.01
709,35.33,100,0,0,4,1,23,0|0|45|23|12|20,0.38|1.58|11.33|6.64|4.30|6.01
711,28.98,78,0,0,4,1,14,0|0|23|23|12|20,0.38|1.06|6.64|6.64|4.30|6.01
713,20.38,49,0,0,3,2,10,0|0|0|17|12|20,0.17|0.89|0.21|5.37|4.30|6.01
715,15.35,32,0,0,2,3,3,0|0|0|0|12|20,0.17|0.72|0.21|1.41|4.30|6.01
716,10.41,20,0,0,1,3,1,0|0|0|0|0|20,0.00|0.34|0.04|0.00|1.75|6.01
718,8.54,20,0,0,1,3,0,0|0|0|0|0|20,0.00|0.00|0.04|0.00|0.34|6.01
719,3.94,1,0,0,1,2,0,0|0|0|0|0|1,0.00|0.00|0.00|0.00|0.00|1.79
721,3.00,0,0,0,0,3,0,0|0|0|0|0|0,0.00|0.00|0.00|0.00|0.00|0.85
722,2.83,0,0,0,0,2,0,0|0|0|0|0|0,0.00|0.00|0.00|0.00|0.00|0.68
723,2.66,0,0,0,0,1,0,0|0|0|0|0|0,0.00|0.00|0.00|0.00|0.00|0.51
724,2.49,0,0,0,0,0,0,0|0|0|0|0|0,0.00|0.00|0.00|0.00|0.00|0.34
